2024-05-19 12:19:18,191 : kivy : Factory: 186 symbols loaded
2024-05-19 12:19:18,298 : kivy : ImageLoaderFFPy: Using ffpyplayer 4.3.2
2024-05-19 12:19:18,298 : kivy : Image: Providers: img_tex, img_dds, img_sdl2, img_pil, img_ffpyplayer 
2024-05-19 12:19:18,313 : kivy : VideoFFPy: Using ffpyplayer 4.3.2
2024-05-19 12:19:18,313 : kivy : Video: Provider: ffpyplayer(['video_ffmpeg'] ignored)
2024-05-19 12:19:18,425 : kivy : Loading MPF-MC controller
2024-05-19 12:19:18,427 : YamlMultifileConfigLoader : Machine config file #1: config
2024-05-19 12:19:18,427 : ConfigProcessor : Config file in cache changed: /home/mpfuser/pinball/Futurama34/config/config
2024-05-19 12:19:18,427 : ConfigProcessor : Loading config from file /usr/local/lib/python3.7/dist-packages/mpfmc/mcconfig.yaml.
2024-05-19 12:19:18,458 : ConfigProcessor : Loading config: /usr/local/lib/python3.7/dist-packages/mpfmc/mcconfig.yaml
2024-05-19 12:19:18,458 : ConfigProcessor : Loading config from file /home/mpfuser/pinball/Futurama34/config/config.
2024-05-19 12:19:18,581 : ConfigProcessor : Loading config: /home/mpfuser/pinball/Futurama34/config/config
2024-05-19 12:19:18,582 : ConfigProcessor : Config file cache created: /tmp/b624659100f7e3be095e0e2cef41a06f.mpf_cache
2024-05-19 12:19:18,582 : ConfigProcessor : Loading config from cache: /tmp/fe71e392613673d9d3357950779c7123.mpf_cache
2024-05-19 12:19:18,583 : ConfigProcessor : Loading config from cache: /tmp/7559345efe69122f4d6fb5f65214b482.mpf_cache
2024-05-19 12:19:18,583 : ConfigProcessor : Loading config from cache: /tmp/6a69c4465e21725e3f8685a4d3753cc4.mpf_cache
2024-05-19 12:19:18,583 : ConfigProcessor : Loading config from cache: /tmp/50e83c0050a4a566a69a14c571796e91.mpf_cache
2024-05-19 12:19:18,583 : mpfmc : Mission Pinball Framework Media Controller v0.55.0
2024-05-19 12:19:18,583 : mpfmc : Mission Pinball Framework Game Engine v0.55.0
2024-05-19 12:19:18,583 : mpfmc : Machine path: /home/mpfuser/pinball/Futurama34
2024-05-19 12:19:18,583 : mpfmc : Starting clock at 60.0Hz
2024-05-19 12:19:18,588 : kivy : Text: Provider: sdl2
2024-05-19 12:19:18,606 : kivy : Window: Provider: sdl2
2024-05-19 12:19:18,675 : kivy : GL: Using the "OpenGL" graphics system
2024-05-19 12:19:18,676 : kivy : GL: Backend used <sdl2>
2024-05-19 12:19:18,676 : kivy : GL: OpenGL version <b'3.0 Mesa 18.3.6'>
2024-05-19 12:19:18,676 : kivy : GL: OpenGL vendor <b'Intel Open Source Technology Center'>
2024-05-19 12:19:18,676 : kivy : GL: OpenGL renderer <b'Mesa DRI Intel(R) UHD Graphics 610 (Coffeelake 2x6 GT1) '>
2024-05-19 12:19:18,676 : kivy : GL: OpenGL parsed version: 3, 0
2024-05-19 12:19:18,678 : kivy : GL: Shading version <b'1.30'>
2024-05-19 12:19:18,678 : kivy : GL: Texture max size <16384>
2024-05-19 12:19:18,678 : kivy : GL: Texture max units <32>
2024-05-19 12:19:18,697 : kivy : Window: auto add sdl2 input provider
2024-05-19 12:19:18,698 : kivy : Window: virtual keyboard not allowed, single mode, not docked
2024-05-19 12:19:18,701 : AudioInterface : NOTE: You may experience noise and other undesirable sound artifacts when you set your buffer at 1024 or smaller.
2024-05-19 12:19:18,942 : AudioInterface : Initialized
2024-05-19 12:19:18,942 : AudioInterface : Loaded SDL 2.0.9
2024-05-19 12:19:18,942 : AudioInterface : Loaded SDL_Mixer 2.0.4
2024-05-19 12:19:18,942 : AudioInterface : Loaded GStreamer 1.14.4.0
2024-05-19 12:19:18,942 : AudioInterface : Loaded GLib 2.58.3
2024-05-19 12:19:18,942 : AudioInterface : Settings requested - rate: 44100, channels: 1, buffer: 1024 samples
2024-05-19 12:19:18,942 : AudioInterface : Settings in use - rate: 44100, channels: 1, buffer: 1024 samples (2048 bytes @ 2 bytes per sample)
2024-05-19 12:19:18,942 : SoundSystem : Setting master volume to 0.0
2024-05-19 12:19:18,942 : SoundSystem : master_volume in sound_system is deprecated and will be removed in the future.
2024-05-19 12:19:18,942 : AudioInterface : Enabling audio playback
2024-05-19 12:19:18,948 : kivy : Base: Start application main loop
2024-05-19 12:19:18,949 : EventManager : Event: ======'display_window_initialized'====== Args={}
2024-05-19 12:19:18,961 : mpfmc : Display: Setting 'window' as default display
2024-05-19 12:19:18,967 : mpfmc : ASPECT RATIO MISMATCH: The on-screen window is not the same aspect ratio as the display called 'window'. The logical display will be scaled from 1920x1080 to the window size 800x600, and a black bar will make up the difference
2024-05-19 12:19:18,968 : EventManager : Event: ======'displays_initialized'====== Args={}
2024-05-19 12:19:18,969 : EventManager : Event: ======'slide_window_blank_created'====== Args={}
2024-05-19 12:19:18,969 : EventManager : Event: ======'display_window_ready'====== Args={}
2024-05-19 12:19:18,973 : EventManager : Event: ======'init_phase_1'====== Args={}
2024-05-19 12:19:18,980 : EventManager : Event: ======'mc_ready'====== Args={}
2024-05-19 12:19:18,980 : EventManager : Event: ======'init_phase_2'====== Args={}
2024-05-19 12:19:18,989 : EventManager : Event: ======'init_phase_3'====== Args={}
2024-05-19 12:19:18,995 : EventManager : Event: ======'init_phase_4'====== Args={}
2024-05-19 12:19:18,995 : EventManager : Event: ======'init_phase_5'====== Args={}
2024-05-19 12:19:19,031 : kivy : GL: NPOT texture support is available
2024-05-19 12:19:19,110 : EventManager : Event: ======'loading_assets'====== Args={'total': 20, 'loaded': 1, 'remaining': 19, 'percent': 5}
2024-05-19 12:19:19,111 : AssetManager : Loading assets: 1/20 (5%)
2024-05-19 12:19:19,563 : EventManager : Event: ======'loading_assets'====== Args={'total': 20, 'loaded': 14, 'remaining': 6, 'percent': 70}
2024-05-19 12:19:19,563 : AssetManager : Loading assets: 14/20 (70%)
2024-05-19 12:19:19,599 : EventManager : Event: ======'loading_assets'====== Args={'total': 20, 'loaded': 20, 'remaining': 0, 'percent': 100}
2024-05-19 12:19:19,599 : AssetManager : Asset loading took: 0.6563694477081299
2024-05-19 12:19:19,599 : EventManager : Event: ======'asset_loading_complete'====== Args={}
2024-05-19 12:19:19,599 : AssetManager : Loading assets: 20/20 (100%)
2024-05-19 12:19:19,599 : EventManager : Event: ======'init_done'====== Args={}
2024-05-19 12:19:19,599 : MPF-MC BCP Server : Starting up on localhost port 5050
2024-05-19 12:19:19,600 : MPF-MC BCP Server : Waiting for a connection...
2024-05-19 12:19:19,600 : mpfmc : SlidePlayer: Play called with settings={'slides': {welcome_slide-None-None: {'priority': None, 'target': None, 'background_color': [0.0, 0.0, 0.0, 1.0], 'show': True, 'force': False, 'expire': None, 'slide': None, 'tokens': {}, 'action': 'play', 'transition': None, 'transition_out': None}}}
2024-05-19 12:19:19,604 : EventManager : Event: ======'slide_welcome_slide_created'====== Args={}
2024-05-19 12:19:19,605 : EventManager : Event: ======'slide_welcome_slide_active'====== Args={}
2024-05-19 12:19:19,608 : EventManager : Event: ======'client_disconnected'====== Args={'host': '127.0.0.1', 'port': 5050}
2024-05-19 12:19:19,658 : MPF-MC BCP Server : Received connection from: 127.0.0.1:39360
2024-05-19 12:19:19,669 : EventManager : Event: ======'client_connected'====== Args={'host': '127.0.0.1', 'port': 39360}
2024-05-19 12:19:19,706 : EventManager : Event: ======'machine_var_p_roc_version'====== Args={'value': 2, 'prev_value': None, 'change': True}
2024-05-19 12:19:19,707 : EventManager : Event: ======'machine_var_p_roc_revision'====== Args={'value': 14, 'prev_value': None, 'change': True}
2024-05-19 12:19:19,707 : EventManager : Event: ======'machine_var_p_roc_hardware_version'====== Args={'value': 1, 'prev_value': None, 'change': True}
2024-05-19 12:19:19,707 : EventManager : Event: ======'machine_var_credits_string'====== Args={'value': 'FREE PLAY', 'prev_value': None, 'change': True}
2024-05-19 12:19:19,707 : EventManager : Event: ======'machine_var_master_volume'====== Args={'value': 0.9, 'prev_value': None, 'change': True}
2024-05-19 12:19:19,707 : EventManager : Event: ======'machine_var_player1_score'====== Args={'value': 3376, 'prev_value': None, 'change': True}
2024-05-19 12:19:19,707 : EventManager : Event: ======'machine_var_mpf_version'====== Args={'value': 'MPF v0.55.0', 'prev_value': None, 'change': True}
2024-05-19 12:19:19,707 : EventManager : Event: ======'machine_var_mpf_extended_version'====== Args={'value': 'MPF v0.55.0, Config version:5, Show version: 5, BCP version:1.1', 'prev_value': None, 'change': True}
2024-05-19 12:19:19,707 : EventManager : Event: ======'machine_var_python_version'====== Args={'value': '3.7.3', 'prev_value': None, 'change': True}
2024-05-19 12:19:19,707 : EventManager : Event: ======'machine_var_platform'====== Args={'value': 'Linux-4.19.0-20-amd64-x86_64-with-debian-10.12', 'prev_value': None, 'change': True}
2024-05-19 12:19:19,707 : EventManager : Event: ======'machine_var_platform_system'====== Args={'value': 'Linux', 'prev_value': None, 'change': True}
2024-05-19 12:19:19,708 : EventManager : Event: ======'machine_var_platform_release'====== Args={'value': '4.19.0-20-amd64', 'prev_value': None, 'change': True}
2024-05-19 12:19:19,708 : EventManager : Event: ======'machine_var_platform_version'====== Args={'value': '#1 SMP Debian 4.19.235-1 (2022-03-17)', 'prev_value': None, 'change': True}
2024-05-19 12:19:19,708 : EventManager : Event: ======'machine_var_platform_machine'====== Args={'value': 'x86_64', 'prev_value': None, 'change': True}
2024-05-19 12:19:19,708 : EventManager : Event: ======'machine_var_mc_version'====== Args={'value': 'MPF-MC v0.55.0', 'prev_value': None, 'change': True}
2024-05-19 12:19:19,708 : EventManager : Event: ======'machine_var_mc_extended_version'====== Args={'value': 'MPF-MC v0.55.0 (config_version=5, BCP v1.1, Requires MPF v0.55.0-dev.49)', 'prev_value': None, 'change': True}
2024-05-19 12:19:19,708 : SoundSystem : Setting master volume to 0.9
2024-05-19 12:19:19,719 : EventManager : Event: ======'machine_var_audits_events_game_ended'====== Args={'value': 0, 'prev_value': None, 'change': True}
2024-05-19 12:19:19,719 : EventManager : Event: ======'machine_var_audits_events_game_started'====== Args={'value': 0, 'prev_value': None, 'change': True}
2024-05-19 12:19:19,719 : EventManager : Event: ======'machine_var_audits_player_score'====== Args={'value': {'average': 3376.0, 'top': [3376], 'total': 1}, 'prev_value': None, 'change': True}
2024-05-19 12:19:19,719 : EventManager : Event: ======'machine_var_audits_switches_s_VUK'====== Args={'value': 0, 'prev_value': None, 'change': True}
2024-05-19 12:19:19,719 : EventManager : Event: ======'machine_var_audits_switches_s_cap1'====== Args={'value': 3, 'prev_value': None, 'change': True}
2024-05-19 12:19:19,719 : EventManager : Event: ======'machine_var_audits_switches_s_cap2'====== Args={'value': 1, 'prev_value': None, 'change': True}
2024-05-19 12:19:19,719 : EventManager : Event: ======'machine_var_audits_switches_s_cap3'====== Args={'value': 6, 'prev_value': None, 'change': True}
2024-05-19 12:19:19,719 : EventManager : Event: ======'machine_var_audits_switches_s_cap4'====== Args={'value': 1, 'prev_value': None, 'change': True}
2024-05-19 12:19:19,720 : EventManager : Event: ======'machine_var_audits_switches_s_dt_amy'====== Args={'value': 1, 'prev_value': None, 'change': True}
2024-05-19 12:19:19,720 : EventManager : Event: ======'machine_var_audits_switches_s_dt_hermes'====== Args={'value': 3, 'prev_value': None, 'change': True}
2024-05-19 12:19:19,720 : EventManager : Event: ======'machine_var_audits_switches_s_dt_nibbler'====== Args={'value': 0, 'prev_value': None, 'change': True}
2024-05-19 12:19:19,720 : EventManager : Event: ======'machine_var_audits_switches_s_dt_professor'====== Args={'value': 0, 'prev_value': None, 'change': True}
2024-05-19 12:19:19,720 : EventManager : Event: ======'machine_var_audits_switches_s_dt_zoidberg'====== Args={'value': 1, 'prev_value': None, 'change': True}
2024-05-19 12:19:19,720 : EventManager : Event: ======'machine_var_audits_switches_s_hedonism_bot'====== Args={'value': 0, 'prev_value': None, 'change': True}
2024-05-19 12:19:19,720 : EventManager : Event: ======'machine_var_audits_switches_s_left_flipper'====== Args={'value': 13, 'prev_value': None, 'change': True}
2024-05-19 12:19:19,720 : EventManager : Event: ======'machine_var_audits_switches_s_left_inlane'====== Args={'value': 1, 'prev_value': None, 'change': True}
2024-05-19 12:19:19,720 : EventManager : Event: ======'machine_var_audits_switches_s_left_loop'====== Args={'value': 22, 'prev_value': None, 'change': True}
2024-05-19 12:19:19,720 : EventManager : Event: ======'machine_var_audits_switches_s_left_outlane'====== Args={'value': 0, 'prev_value': None, 'change': True}
2024-05-19 12:19:19,720 : EventManager : Event: ======'machine_var_audits_switches_s_left_ramp'====== Args={'value': 1, 'prev_value': None, 'change': True}
2024-05-19 12:19:19,720 : EventManager : Event: ======'machine_var_audits_switches_s_left_sling'====== Args={'value': 5, 'prev_value': None, 'change': True}
2024-05-19 12:19:19,720 : EventManager : Event: ======'machine_var_audits_switches_s_mag_button'====== Args={'value': 7, 'prev_value': None, 'change': True}
2024-05-19 12:19:19,720 : EventManager : Event: ======'machine_var_audits_switches_s_pe_platter'====== Args={'value': 68, 'prev_value': None, 'change': True}
2024-05-19 12:19:19,721 : EventManager : Event: ======'machine_var_audits_switches_s_pop_bumper'====== Args={'value': 5, 'prev_value': None, 'change': True}
2024-05-19 12:19:19,721 : EventManager : Event: ======'machine_var_audits_switches_s_r_orbit'====== Args={'value': 3, 'prev_value': None, 'change': True}
2024-05-19 12:19:19,721 : EventManager : Event: ======'machine_var_audits_switches_s_r_outlane'====== Args={'value': 2, 'prev_value': None, 'change': True}
2024-05-19 12:19:19,721 : EventManager : Event: ======'machine_var_audits_switches_s_right_flipper'====== Args={'value': 16, 'prev_value': None, 'change': True}
2024-05-19 12:19:19,721 : EventManager : Event: ======'machine_var_audits_switches_s_right_loop'====== Args={'value': 18, 'prev_value': None, 'change': True}
2024-05-19 12:19:19,721 : EventManager : Event: ======'machine_var_audits_switches_s_right_ramp'====== Args={'value': 0, 'prev_value': None, 'change': True}
2024-05-19 12:19:19,721 : EventManager : Event: ======'machine_var_audits_switches_s_right_sling'====== Args={'value': 6, 'prev_value': None, 'change': True}
2024-05-19 12:19:19,721 : EventManager : Event: ======'machine_var_audits_switches_s_shooter_lane'====== Args={'value': 12, 'prev_value': None, 'change': True}
2024-05-19 12:19:19,721 : EventManager : Event: ======'machine_var_audits_switches_s_start'====== Args={'value': 0, 'prev_value': None, 'change': True}
2024-05-19 12:19:19,721 : EventManager : Event: ======'machine_var_audits_switches_s_t_bender'====== Args={'value': 7, 'prev_value': None, 'change': True}
2024-05-19 12:19:19,721 : EventManager : Event: ======'machine_var_audits_switches_s_t_fry'====== Args={'value': 6, 'prev_value': None, 'change': True}
2024-05-19 12:19:19,721 : EventManager : Event: ======'machine_var_audits_switches_s_t_leela'====== Args={'value': 11, 'prev_value': None, 'change': True}
2024-05-19 12:19:19,721 : EventManager : Event: ======'machine_var_audits_switches_s_trough1'====== Args={'value': 10, 'prev_value': None, 'change': True}
2024-05-19 12:19:19,721 : EventManager : Event: ======'machine_var_audits_switches_s_trough2'====== Args={'value': 6, 'prev_value': None, 'change': True}
2024-05-19 12:19:19,721 : EventManager : Event: ======'machine_var_audits_switches_s_trough3'====== Args={'value': 7, 'prev_value': None, 'change': True}
2024-05-19 12:19:19,721 : EventManager : Event: ======'machine_var_audits_switches_s_trough_jam'====== Args={'value': 10, 'prev_value': None, 'change': True}
2024-05-19 12:19:19,731 : EventManager : Event: ======'slides_play'====== Args={'settings': {'welcome_slide': {'target': None, 'background_color': [0.0, 0.0, 0.0, 1.0], 'priority': None, 'show': True, 'force': False, 'expire': None, 'slide': None, 'tokens': {}, 'action': 'play'}}, 'context': '_global', 'calling_context': 'init_done', 'priority': 0}
2024-05-19 12:19:19,731 : EventManager : Event: ======'mc_reset_phase_1'====== Args={}
2024-05-19 12:19:19,731 : mpfmc : SlidePlayer: Play called with settings={'welcome_slide': {'target': None, 'background_color': [0.0, 0.0, 0.0, 1.0], 'priority': None, 'show': True, 'force': False, 'expire': None, 'slide': None, 'tokens': {}, 'action': 'play'}}
2024-05-19 12:19:19,731 : EventManager : Event: ======'slide_welcome_slide_removed'====== Args={}
2024-05-19 12:19:19,734 : EventManager : Event: ======'slide_welcome_slide_created'====== Args={}
2024-05-19 12:19:19,734 : EventManager : Event: ======'mc_reset_phase_2'====== Args={}
2024-05-19 12:19:19,734 : EventManager : Event: ======'mc_reset_phase_3'====== Args={}
2024-05-19 12:19:19,734 : EventManager : Event: ======'mc_reset_complete'====== Args={}
2024-05-19 12:19:19,734 : EventManager : Event: ======'slide_welcome_slide_active'====== Args={}
2024-05-19 12:19:19,793 : EventManager : Event: ======'slides_play'====== Args={'settings': {'attract_started': {'target': None, 'background_color': [0.0, 0.0, 0.0, 1.0], 'priority': None, 'show': True, 'force': False, 'expire': None, 'slide': None, 'tokens': {}, 'action': 'play'}}, 'context': '_global', 'calling_context': 'mode_attract_started', 'priority': 0}
2024-05-19 12:19:19,793 : mpfmc : SlidePlayer: Play called with settings={'attract_started': {'target': None, 'background_color': [0.0, 0.0, 0.0, 1.0], 'priority': None, 'show': True, 'force': False, 'expire': None, 'slide': None, 'tokens': {}, 'action': 'play'}}
2024-05-19 12:19:19,795 : EventManager : Event: ======'slide_attract_started_created'====== Args={}
2024-05-19 12:19:19,796 : EventManager : Event: ======'slide_attract_started_active'====== Args={}
2024-05-19 12:19:28,347 : EventManager : Event: ======'game_started'====== Args={}
2024-05-19 12:19:28,347 : EventManager : Event: ======'player_added'====== Args={'player': <Player 1>, 'num': 1}
2024-05-19 12:19:28,347 : EventManager : Event: ======'player_index'====== Args={'value': 0, 'prev_value': 0, 'change': 0, 'player_num': 1}
2024-05-19 12:19:28,347 : EventManager : Event: ======'player_number'====== Args={'value': 1, 'prev_value': 1, 'change': 0, 'player_num': 1}
2024-05-19 12:19:28,347 : EventManager : Event: ======'player_score'====== Args={'value': 0, 'prev_value': 0, 'change': 0, 'player_num': 1}
2024-05-19 12:19:28,347 : EventManager : Event: ======'player_leela_level'====== Args={'value': 0, 'prev_value': 0, 'change': 0, 'player_num': 1}
2024-05-19 12:19:28,347 : EventManager : Event: ======'player_leela_xp'====== Args={'value': 0, 'prev_value': 0, 'change': 0, 'player_num': 1}
2024-05-19 12:19:28,348 : EventManager : Event: ======'player_leela_multiplier'====== Args={'value': 1, 'prev_value': 0, 'change': 1, 'player_num': 1}
2024-05-19 12:19:28,348 : EventManager : Event: ======'player_fry_level'====== Args={'value': 0, 'prev_value': 0, 'change': 0, 'player_num': 1}
2024-05-19 12:19:28,348 : EventManager : Event: ======'player_fry_xp'====== Args={'value': 0, 'prev_value': 0, 'change': 0, 'player_num': 1}
2024-05-19 12:19:28,348 : EventManager : Event: ======'player_fry_multiplier'====== Args={'value': 1, 'prev_value': 0, 'change': 1, 'player_num': 1}
2024-05-19 12:19:28,348 : EventManager : Event: ======'player_bender_level'====== Args={'value': 0, 'prev_value': 0, 'change': 0, 'player_num': 1}
2024-05-19 12:19:28,348 : EventManager : Event: ======'player_bender_xp'====== Args={'value': 0, 'prev_value': 0, 'change': 0, 'player_num': 1}
2024-05-19 12:19:28,348 : EventManager : Event: ======'player_bender_multiplier'====== Args={'value': 1, 'prev_value': 0, 'change': 1, 'player_num': 1}
2024-05-19 12:19:28,348 : EventManager : Event: ======'player_amy_level'====== Args={'value': 0, 'prev_value': 0, 'change': 0, 'player_num': 1}
2024-05-19 12:19:28,348 : EventManager : Event: ======'player_amy_xp'====== Args={'value': 0, 'prev_value': 0, 'change': 0, 'player_num': 1}
2024-05-19 12:19:28,348 : EventManager : Event: ======'player_amy_multiplier'====== Args={'value': 1, 'prev_value': 0, 'change': 1, 'player_num': 1}
2024-05-19 12:19:28,348 : EventManager : Event: ======'player_hermes_level'====== Args={'value': 0, 'prev_value': 0, 'change': 0, 'player_num': 1}
2024-05-19 12:19:28,348 : EventManager : Event: ======'player_hermes_xp'====== Args={'value': 0, 'prev_value': 0, 'change': 0, 'player_num': 1}
2024-05-19 12:19:28,349 : EventManager : Event: ======'player_hermes_multiplier'====== Args={'value': 1, 'prev_value': 0, 'change': 1, 'player_num': 1}
2024-05-19 12:19:28,349 : EventManager : Event: ======'player_zoidberg_level'====== Args={'value': 0, 'prev_value': 0, 'change': 0, 'player_num': 1}
2024-05-19 12:19:28,349 : EventManager : Event: ======'player_zoidberg_xp'====== Args={'value': 0, 'prev_value': 0, 'change': 0, 'player_num': 1}
2024-05-19 12:19:28,349 : EventManager : Event: ======'player_zoidberg_multiplier'====== Args={'value': 1, 'prev_value': 0, 'change': 1, 'player_num': 1}
2024-05-19 12:19:28,349 : EventManager : Event: ======'player_nibbler_level'====== Args={'value': 0, 'prev_value': 0, 'change': 0, 'player_num': 1}
2024-05-19 12:19:28,349 : EventManager : Event: ======'player_nibbler_xp'====== Args={'value': 0, 'prev_value': 0, 'change': 0, 'player_num': 1}
2024-05-19 12:19:28,349 : EventManager : Event: ======'player_nibbler_multiplier'====== Args={'value': 1, 'prev_value': 0, 'change': 1, 'player_num': 1}
2024-05-19 12:19:28,349 : EventManager : Event: ======'player_professor_level'====== Args={'value': 0, 'prev_value': 0, 'change': 0, 'player_num': 1}
2024-05-19 12:19:28,349 : EventManager : Event: ======'player_professor_xp'====== Args={'value': 0, 'prev_value': 0, 'change': 0, 'player_num': 1}
2024-05-19 12:19:28,349 : EventManager : Event: ======'player_professor_multiplier'====== Args={'value': 1, 'prev_value': 0, 'change': 1, 'player_num': 1}
2024-05-19 12:19:28,349 : EventManager : Event: ======'player_dark_matter'====== Args={'value': 1, 'prev_value': 0, 'change': 1, 'player_num': 1}
2024-05-19 12:19:28,359 : EventManager : Event: ======'player_crew_multiplier'====== Args={'value': 1, 'prev_value': 0, 'change': 1, 'player_num': 1}
2024-05-19 12:19:28,359 : EventManager : Event: ======'player_platter_long_counter'====== Args={'value': 1, 'prev_value': 0, 'change': 1, 'player_num': 1}
2024-05-19 12:19:28,359 : EventManager : Event: ======'player_platter_short_counter'====== Args={'value': 1, 'prev_value': 0, 'change': 1, 'player_num': 1}
2024-05-19 12:19:28,359 : EventManager : Event: ======'player_slurm_caps'====== Args={'value': 0, 'prev_value': 0, 'change': 0, 'player_num': 1}
2024-05-19 12:19:28,359 : EventManager : Event: ======'player_pop_bumper_hits'====== Args={'value': 1, 'prev_value': 0, 'change': 1, 'player_num': 1}
2024-05-19 12:19:28,359 : EventManager : Event: ======'player_fuel_level'====== Args={'value': 'empty_gauge', 'prev_value': 0, 'change': True, 'player_num': 1}
2024-05-19 12:19:28,359 : EventManager : Event: ======'player_hypnotoad_saves'====== Args={'value': 0, 'prev_value': 0, 'change': 0, 'player_num': 1}
2024-05-19 12:19:28,359 : EventManager : Event: ======'player_whaler_shots'====== Args={'value': 0, 'prev_value': 0, 'change': 0, 'player_num': 1}
2024-05-19 12:19:28,360 : EventManager : Event: ======'player_moon_delivery_status'====== Args={'value': 'ready', 'prev_value': 0, 'change': True, 'player_num': 1}
2024-05-19 12:19:28,360 : EventManager : Event: ======'player_ball'====== Args={'value': 1, 'prev_value': 0, 'change': 1, 'player_num': 1}
2024-05-19 12:19:28,360 : EventManager : Event: ======'player_turn_start'====== Args={'number': 1, 'player': <Player 1>}
2024-05-19 12:19:28,371 : EventManager : Event: ======'player_shot_ship_spinning_enabled'====== Args={'value': True, 'prev_value': 0, 'change': 1, 'player_num': 1}
2024-05-19 12:19:28,387 : EventManager : Event: ======'player_platter_short_counter'====== Args={'value': 0, 'prev_value': 1, 'change': -1, 'player_num': 1}
2024-05-19 12:19:28,387 : EventManager : Event: ======'slides_play'====== Args={'settings': {'base_slide': {'target': None, 'background_color': [0.0, 0.0, 0.0, 1.0], 'priority': None, 'show': True, 'force': False, 'expire': None, 'slide': None, 'tokens': {}, 'action': 'play'}}, 'context': 'base', 'calling_context': 'mode_base_started', 'priority': 100, 'player': 1, 'ball': 1, 'balls_remaining': 2, 'is_extra_ball': False}
2024-05-19 12:19:28,387 : EventManager : Event: ======'sounds_play'====== Args={'settings': {'theme_full': {'action': 'play', 'priority': None, 'block': False, 'delay': None, 'track': None, 'volume': None, 'pan': None, 'loops': None, 'start_at': None, 'fade_in': None, 'fade_out': None, 'about_to_finish_time': -1.0, 'max_queue_time': -1.0, 'events_when_played': ['use_sound_setting'], 'events_when_stopped': ['use_sound_setting'], 'events_when_looping': ['use_sound_setting'], 'events_when_about_to_finish': ['use_sound_setting'], 'mode_end_action': 'use_sound_setting', 'key': 'use_sound_setting'}}, 'context': 'base', 'calling_context': 'mode_base_started', 'priority': 100, 'player': 1, 'ball': 1, 'balls_remaining': 2, 'is_extra_ball': False}
2024-05-19 12:19:28,387 : EventManager : Event: ======'widgets_play'====== Args={'settings': {'empty_gauge': {'slide': 'base_slide', 'priority': 0, 'action': 'add', 'key': None, 'target': None}}, 'context': 'base', 'calling_context': 'mode_base_started', 'priority': 100, 'player': 1, 'ball': 1, 'balls_remaining': 2, 'is_extra_ball': False}
2024-05-19 12:19:28,387 : mpfmc : SlidePlayer: Play called with settings={'base_slide': {'target': None, 'background_color': [0.0, 0.0, 0.0, 1.0], 'priority': None, 'show': True, 'force': False, 'expire': None, 'slide': None, 'tokens': {}, 'action': 'play'}}
2024-05-19 12:19:28,405 : EventManager : Event: ======'slide_base_slide_created'====== Args={}
2024-05-19 12:19:28,436 : EventManager : Event: ======'slide_base_slide_active'====== Args={}
2024-05-19 12:19:28,439 : EventManager : Event: ======'machine_var_audits_switches_s_trough_jam'====== Args={'value': 11, 'prev_value': 10, 'change': 1}
2024-05-19 12:19:28,440 : EventManager : Event: ======'loading_assets'====== Args={'total': 1, 'loaded': 1, 'remaining': 0, 'percent': 100}
2024-05-19 12:19:28,440 : AssetManager : Asset loading took: 9.497181177139282
2024-05-19 12:19:28,440 : EventManager : Event: ======'asset_loading_complete'====== Args={}
2024-05-19 12:19:28,440 : AssetManager : Loading assets: 1/1 (100%)
2024-05-19 12:19:28,760 : EventManager : Event: ======'machine_var_audits_switches_s_shooter_lane'====== Args={'value': 13, 'prev_value': 12, 'change': 1}
2024-05-19 12:19:30,775 : EventManager : Event: ======'machine_var_audits_switches_s_right_flipper'====== Args={'value': 17, 'prev_value': 16, 'change': 1}
2024-05-19 12:19:30,836 : EventManager : Event: ======'machine_var_audits_switches_s_right_flipper'====== Args={'value': 18, 'prev_value': 17, 'change': 1}
2024-05-19 12:19:30,873 : EventManager : Event: ======'machine_var_audits_switches_s_right_flipper'====== Args={'value': 19, 'prev_value': 18, 'change': 1}
2024-05-19 12:19:31,972 : EventManager : Event: ======'machine_var_audits_switches_s_cap4'====== Args={'value': 2, 'prev_value': 1, 'change': 1}
2024-05-19 12:19:31,973 : EventManager : Event: ======'player_score'====== Args={'value': 10, 'prev_value': 0, 'change': 10, 'player_num': 1}
2024-05-19 12:19:31,973 : EventManager : Event: ======'player_slurm_caps'====== Args={'value': 1, 'prev_value': 0, 'change': 1, 'player_num': 1}
2024-05-19 12:19:32,689 : EventManager : Event: ======'machine_var_audits_switches_s_right_flipper'====== Args={'value': 20, 'prev_value': 19, 'change': 1}
2024-05-19 12:19:32,788 : EventManager : Event: ======'machine_var_audits_switches_s_left_sling'====== Args={'value': 6, 'prev_value': 5, 'change': 1}
2024-05-19 12:19:32,973 : EventManager : Event: ======'player_base_left_loop_lock_hurry_tick'====== Args={'value': 7, 'prev_value': 0, 'change': 7, 'player_num': 1}
2024-05-19 12:19:33,974 : EventManager : Event: ======'player_base_left_loop_lock_hurry_tick'====== Args={'value': 6, 'prev_value': 7, 'change': -1, 'player_num': 1}
2024-05-19 12:19:34,394 : EventManager : Event: ======'machine_var_audits_switches_s_right_flipper'====== Args={'value': 21, 'prev_value': 20, 'change': 1}
2024-05-19 12:19:34,653 : EventManager : Event: ======'machine_var_audits_switches_s_dt_zoidberg'====== Args={'value': 2, 'prev_value': 1, 'change': 1}
2024-05-19 12:19:34,653 : EventManager : Event: ======'player_score'====== Args={'value': 510, 'prev_value': 10, 'change': 500, 'player_num': 1}
2024-05-19 12:19:34,653 : EventManager : Event: ======'player_zoidberg_xp'====== Args={'value': 1, 'prev_value': 0, 'change': 1, 'player_num': 1}
2024-05-19 12:19:34,653 : EventManager : Event: ======'sounds_play'====== Args={'settings': {'zoidberg_short': {'action': 'play', 'priority': None, 'block': False, 'delay': None, 'track': None, 'volume': None, 'pan': None, 'loops': None, 'start_at': None, 'fade_in': None, 'fade_out': None, 'about_to_finish_time': -1.0, 'max_queue_time': -1.0, 'events_when_played': ['use_sound_setting'], 'events_when_stopped': ['use_sound_setting'], 'events_when_looping': ['use_sound_setting'], 'events_when_about_to_finish': ['use_sound_setting'], 'mode_end_action': 'use_sound_setting', 'key': 'use_sound_setting'}}, 'context': 'base', 'calling_context': 's_dt_zoidberg_active', 'priority': 100}
2024-05-19 12:19:34,665 : EventManager : Event: ======'loading_assets'====== Args={'total': 1, 'loaded': 1, 'remaining': 0, 'percent': 100}
2024-05-19 12:19:34,665 : AssetManager : Asset loading took: 15.72278118133545
2024-05-19 12:19:34,665 : EventManager : Event: ======'asset_loading_complete'====== Args={}
2024-05-19 12:19:34,665 : AssetManager : Loading assets: 1/1 (100%)
2024-05-19 12:19:34,974 : EventManager : Event: ======'player_base_left_loop_lock_hurry_tick'====== Args={'value': 5, 'prev_value': 6, 'change': -1, 'player_num': 1}
2024-05-19 12:19:35,035 : EventManager : Event: ======'machine_var_audits_switches_s_cap3'====== Args={'value': 7, 'prev_value': 6, 'change': 1}
2024-05-19 12:19:35,036 : EventManager : Event: ======'player_score'====== Args={'value': 560, 'prev_value': 510, 'change': 50, 'player_num': 1}
2024-05-19 12:19:35,036 : EventManager : Event: ======'player_slurm_caps'====== Args={'value': 2, 'prev_value': 1, 'change': 1, 'player_num': 1}
2024-05-19 12:19:35,406 : EventManager : Event: ======'machine_var_audits_switches_s_left_flipper'====== Args={'value': 14, 'prev_value': 13, 'change': 1}
2024-05-19 12:19:35,974 : EventManager : Event: ======'player_base_left_loop_lock_hurry_tick'====== Args={'value': 4, 'prev_value': 5, 'change': -1, 'player_num': 1}
2024-05-19 12:19:35,986 : EventManager : Event: ======'machine_var_audits_switches_s_right_flipper'====== Args={'value': 22, 'prev_value': 21, 'change': 1}
2024-05-19 12:19:36,171 : EventManager : Event: ======'machine_var_audits_switches_s_right_flipper'====== Args={'value': 23, 'prev_value': 22, 'change': 1}
2024-05-19 12:19:36,974 : EventManager : Event: ======'player_base_left_loop_lock_hurry_tick'====== Args={'value': 3, 'prev_value': 4, 'change': -1, 'player_num': 1}
2024-05-19 12:19:37,431 : EventManager : Event: ======'machine_var_audits_switches_s_right_flipper'====== Args={'value': 24, 'prev_value': 23, 'change': 1}
2024-05-19 12:19:37,975 : EventManager : Event: ======'player_base_left_loop_lock_hurry_tick'====== Args={'value': 2, 'prev_value': 3, 'change': -1, 'player_num': 1}
2024-05-19 12:19:38,098 : EventManager : Event: ======'machine_var_audits_switches_s_left_ramp'====== Args={'value': 2, 'prev_value': 1, 'change': 1}
2024-05-19 12:19:38,098 : EventManager : Event: ======'player_score'====== Args={'value': 585, 'prev_value': 560, 'change': 25, 'player_num': 1}
2024-05-19 12:19:38,098 : EventManager : Event: ======'sounds_play'====== Args={'settings': {'people_tubes': {'action': 'play', 'priority': None, 'block': False, 'delay': None, 'track': None, 'volume': None, 'pan': None, 'loops': None, 'start_at': None, 'fade_in': None, 'fade_out': None, 'about_to_finish_time': -1.0, 'max_queue_time': -1.0, 'events_when_played': ['use_sound_setting'], 'events_when_stopped': ['use_sound_setting'], 'events_when_looping': ['use_sound_setting'], 'events_when_about_to_finish': ['use_sound_setting'], 'mode_end_action': 'use_sound_setting', 'key': 'use_sound_setting'}}, 'context': 'base', 'calling_context': 's_left_ramp_active', 'priority': 100}
2024-05-19 12:19:38,111 : EventManager : Event: ======'loading_assets'====== Args={'total': 1, 'loaded': 1, 'remaining': 0, 'percent': 100}
2024-05-19 12:19:38,111 : AssetManager : Asset loading took: 19.168259382247925
2024-05-19 12:19:38,111 : EventManager : Event: ======'asset_loading_complete'====== Args={}
2024-05-19 12:19:38,111 : AssetManager : Loading assets: 1/1 (100%)
2024-05-19 12:19:38,964 : EventManager : Event: ======'player_base_left_loop_lock_hurry_tick'====== Args={'value': 1, 'prev_value': 2, 'change': -1, 'player_num': 1}
2024-05-19 12:19:39,704 : EventManager : Event: ======'machine_var_audits_switches_s_left_flipper'====== Args={'value': 15, 'prev_value': 14, 'change': 1}
2024-05-19 12:19:39,964 : EventManager : Event: ======'player_base_left_loop_lock_hurry_tick'====== Args={'value': 0, 'prev_value': 1, 'change': -1, 'player_num': 1}
2024-05-19 12:19:41,459 : EventManager : Event: ======'machine_var_audits_switches_s_left_sling'====== Args={'value': 7, 'prev_value': 6, 'change': 1}
2024-05-19 12:19:42,139 : EventManager : Event: ======'machine_var_audits_switches_s_left_sling'====== Args={'value': 8, 'prev_value': 7, 'change': 1}
2024-05-19 12:19:42,349 : EventManager : Event: ======'machine_var_audits_switches_s_cap3'====== Args={'value': 8, 'prev_value': 7, 'change': 1}
2024-05-19 12:19:42,349 : EventManager : Event: ======'player_score'====== Args={'value': 635, 'prev_value': 585, 'change': 50, 'player_num': 1}
2024-05-19 12:19:42,350 : EventManager : Event: ======'player_slurm_caps'====== Args={'value': 3, 'prev_value': 2, 'change': 1, 'player_num': 1}
2024-05-19 12:19:43,461 : EventManager : Event: ======'machine_var_audits_switches_s_left_sling'====== Args={'value': 9, 'prev_value': 8, 'change': 1}
2024-05-19 12:19:44,017 : EventManager : Event: ======'machine_var_audits_switches_s_right_flipper'====== Args={'value': 25, 'prev_value': 24, 'change': 1}
2024-05-19 12:19:44,042 : EventManager : Event: ======'machine_var_audits_switches_s_right_flipper'====== Args={'value': 26, 'prev_value': 25, 'change': 1}
2024-05-19 12:19:44,585 : EventManager : Event: ======'machine_var_audits_switches_s_right_flipper'====== Args={'value': 27, 'prev_value': 26, 'change': 1}
2024-05-19 12:19:44,720 : EventManager : Event: ======'machine_var_audits_switches_s_right_flipper'====== Args={'value': 28, 'prev_value': 27, 'change': 1}
2024-05-19 12:19:46,191 : EventManager : Event: ======'machine_var_audits_switches_s_right_flipper'====== Args={'value': 29, 'prev_value': 28, 'change': 1}
2024-05-19 12:19:46,339 : EventManager : Event: ======'machine_var_audits_switches_s_left_sling'====== Args={'value': 10, 'prev_value': 9, 'change': 1}
2024-05-19 12:19:47,785 : EventManager : Event: ======'machine_var_audits_switches_s_right_flipper'====== Args={'value': 30, 'prev_value': 29, 'change': 1}
2024-05-19 12:19:48,304 : EventManager : Event: ======'machine_var_audits_switches_s_left_flipper'====== Args={'value': 16, 'prev_value': 15, 'change': 1}
2024-05-19 12:19:48,761 : EventManager : Event: ======'machine_var_audits_switches_s_trough3'====== Args={'value': 8, 'prev_value': 7, 'change': 1}
2024-05-19 12:19:48,848 : EventManager : Event: ======'machine_var_audits_switches_s_trough2'====== Args={'value': 7, 'prev_value': 6, 'change': 1}
2024-05-19 12:19:48,910 : EventManager : Event: ======'machine_var_audits_switches_s_trough1'====== Args={'value': 11, 'prev_value': 10, 'change': 1}
2024-05-19 12:19:49,416 : EventManager : Event: ======'sounds_play'====== Args={'settings': {'theme_full': {'action': 'stop', 'priority': None, 'block': False, 'delay': None, 'track': None, 'volume': None, 'pan': None, 'loops': None, 'start_at': None, 'fade_in': None, 'fade_out': None, 'about_to_finish_time': -1.0, 'max_queue_time': -1.0, 'events_when_played': ['use_sound_setting'], 'events_when_stopped': ['use_sound_setting'], 'events_when_looping': ['use_sound_setting'], 'events_when_about_to_finish': ['use_sound_setting'], 'mode_end_action': 'use_sound_setting', 'key': 'use_sound_setting'}, 'drain_sounds': {'action': 'play', 'priority': None, 'block': False, 'delay': None, 'track': None, 'volume': None, 'pan': None, 'loops': None, 'start_at': None, 'fade_in': None, 'fade_out': None, 'about_to_finish_time': -1.0, 'max_queue_time': -1.0, 'events_when_played': ['use_sound_setting'], 'events_when_stopped': ['use_sound_setting'], 'events_when_looping': ['use_sound_setting'], 'events_when_about_to_finish': ['use_sound_setting'], 'mode_end_action': 'use_sound_setting', 'key': 'use_sound_setting'}}, 'context': 'base', 'calling_context': 'ball_will_end', 'priority': 100}
2024-05-19 12:19:49,417 : EventManager : Event: ======'slides_play'====== Args={'settings': {'bonus_start_slide': {'target': None, 'background_color': [0.0, 0.0, 0.0, 1.0], 'priority': None, 'show': True, 'force': False, 'expire': None, 'slide': None, 'tokens': {}, 'action': 'play'}}, 'context': 'bonus', 'calling_context': 'mode_bonus_started', 'priority': 500, 'queue': '<QueuedEvent>'}
2024-05-19 12:19:49,417 : mpfmc : SlidePlayer: Play called with settings={'bonus_start_slide': {'target': None, 'background_color': [0.0, 0.0, 0.0, 1.0], 'priority': None, 'show': True, 'force': False, 'expire': None, 'slide': None, 'tokens': {}, 'action': 'play'}}
2024-05-19 12:19:49,420 : EventManager : Event: ======'slide_bonus_start_slide_created'====== Args={}
2024-05-19 12:19:49,421 : EventManager : Event: ======'slide_bonus_start_slide_active'====== Args={}
2024-05-19 12:19:49,429 : EventManager : Event: ======'loading_assets'====== Args={'total': 1, 'loaded': 1, 'remaining': 0, 'percent': 100}
2024-05-19 12:19:49,429 : AssetManager : Asset loading took: 30.48610496520996
2024-05-19 12:19:49,429 : EventManager : Event: ======'asset_loading_complete'====== Args={}
2024-05-19 12:19:49,429 : AssetManager : Loading assets: 1/1 (100%)
2024-05-19 12:19:50,917 : EventManager : Event: ======'slides_play'====== Args={'settings': {'slurm_bonus': {'target': None, 'background_color': [0.0, 0.0, 0.0, 1.0], 'priority': None, 'show': True, 'force': False, 'expire': None, 'slide': None, 'tokens': {}, 'action': 'play'}}, 'context': 'bonus', 'calling_context': 'bonus_caps', 'priority': 500, 'score': 3, 'bonus_score': 3, 'hits': 1}
2024-05-19 12:19:50,917 : mpfmc : SlidePlayer: Play called with settings={'slurm_bonus': {'target': None, 'background_color': [0.0, 0.0, 0.0, 1.0], 'priority': None, 'show': True, 'force': False, 'expire': None, 'slide': None, 'tokens': {}, 'action': 'play'}}
2024-05-19 12:19:50,921 : EventManager : Event: ======'slide_slurm_bonus_created'====== Args={}
2024-05-19 12:19:50,921 : EventManager : Event: ======'slide_slurm_bonus_active'====== Args={}
2024-05-19 12:19:52,425 : EventManager : Event: ======'slides_play'====== Args={'settings': {'dark_matter_bonus': {'target': None, 'background_color': [0.0, 0.0, 0.0, 1.0], 'priority': None, 'show': True, 'force': False, 'expire': None, 'slide': None, 'tokens': {}, 'action': 'play'}}, 'context': 'bonus', 'calling_context': 'bonus_dark_matter', 'priority': 500, 'score': 1, 'bonus_score': 4, 'hits': 1}
2024-05-19 12:19:52,425 : mpfmc : SlidePlayer: Play called with settings={'dark_matter_bonus': {'target': None, 'background_color': [0.0, 0.0, 0.0, 1.0], 'priority': None, 'show': True, 'force': False, 'expire': None, 'slide': None, 'tokens': {}, 'action': 'play'}}
2024-05-19 12:19:52,430 : EventManager : Event: ======'slide_dark_matter_bonus_created'====== Args={}
2024-05-19 12:19:52,431 : EventManager : Event: ======'slide_dark_matter_bonus_active'====== Args={}
2024-05-19 12:19:53,926 : EventManager : Event: ======'player_score'====== Args={'value': 639, 'prev_value': 635, 'change': 4, 'player_num': 1}
2024-05-19 12:19:53,926 : EventManager : Event: ======'slides_play'====== Args={'settings': {'bonus_total_slide': {'target': None, 'background_color': [0.0, 0.0, 0.0, 1.0], 'priority': None, 'show': True, 'force': False, 'expire': None, 'slide': None, 'tokens': {}, 'action': 'play'}}, 'context': 'bonus', 'calling_context': 'bonus_total', 'priority': 500, 'score': 4}
2024-05-19 12:19:53,927 : mpfmc : SlidePlayer: Play called with settings={'bonus_total_slide': {'target': None, 'background_color': [0.0, 0.0, 0.0, 1.0], 'priority': None, 'show': True, 'force': False, 'expire': None, 'slide': None, 'tokens': {}, 'action': 'play'}}
2024-05-19 12:19:53,931 : EventManager : Event: ======'slide_bonus_total_slide_created'====== Args={}
2024-05-19 12:19:53,932 : EventManager : Event: ======'slide_bonus_total_slide_active'====== Args={}
2024-05-19 12:19:55,430 : EventManager : Event: ======'player_bonus_multiplier'====== Args={'value': 1, 'prev_value': 0, 'change': 1, 'player_num': 1}
2024-05-19 12:19:55,430 : EventManager : Event: ======'slides_clear'====== Args={'context': 'bonus'}
2024-05-19 12:19:55,430 : EventManager : Event: ======'slide_bonus_start_slide_removed'====== Args={}
2024-05-19 12:19:55,431 : EventManager : Event: ======'slide_slurm_bonus_removed'====== Args={}
2024-05-19 12:19:55,431 : EventManager : Event: ======'slide_dark_matter_bonus_removed'====== Args={}
2024-05-19 12:19:55,431 : EventManager : Event: ======'slide_bonus_total_slide_removed'====== Args={}
2024-05-19 12:19:55,432 : EventManager : Event: ======'slides_clear'====== Args={'context': 'base'}
2024-05-19 12:19:55,432 : EventManager : Event: ======'sounds_clear'====== Args={'context': 'base'}
2024-05-19 12:19:55,432 : EventManager : Event: ======'widgets_clear'====== Args={'context': 'base'}
2024-05-19 12:19:55,433 : EventManager : Event: ======'slide_base_slide_removed'====== Args={}
2024-05-19 12:19:55,434 : EventManager : Event: ======'slide_attract_started_active'====== Args={}
2024-05-19 12:19:55,442 : EventManager : Event: ======'player_ball'====== Args={'value': 2, 'prev_value': 1, 'change': 1, 'player_num': 1}
2024-05-19 12:19:55,467 : EventManager : Event: ======'player_base_left_loop_lock_hurry_tick'====== Args={'value': 8, 'prev_value': 0, 'change': 8, 'player_num': 1}
2024-05-19 12:19:55,482 : EventManager : Event: ======'slides_play'====== Args={'settings': {'base_slide': {'target': None, 'background_color': [0.0, 0.0, 0.0, 1.0], 'priority': None, 'show': True, 'force': False, 'expire': None, 'slide': None, 'tokens': {}, 'action': 'play'}}, 'context': 'base', 'calling_context': 'mode_base_started', 'priority': 100, 'player': 1, 'ball': 2, 'balls_remaining': 1, 'is_extra_ball': False}
2024-05-19 12:19:55,482 : EventManager : Event: ======'sounds_play'====== Args={'settings': {'theme_full': {'action': 'play', 'priority': None, 'block': False, 'delay': None, 'track': None, 'volume': None, 'pan': None, 'loops': None, 'start_at': None, 'fade_in': None, 'fade_out': None, 'about_to_finish_time': -1.0, 'max_queue_time': -1.0, 'events_when_played': ['use_sound_setting'], 'events_when_stopped': ['use_sound_setting'], 'events_when_looping': ['use_sound_setting'], 'events_when_about_to_finish': ['use_sound_setting'], 'mode_end_action': 'use_sound_setting', 'key': 'use_sound_setting'}}, 'context': 'base', 'calling_context': 'mode_base_started', 'priority': 100, 'player': 1, 'ball': 2, 'balls_remaining': 1, 'is_extra_ball': False}
2024-05-19 12:19:55,482 : EventManager : Event: ======'widgets_play'====== Args={'settings': {'empty_gauge': {'slide': 'base_slide', 'priority': 0, 'action': 'add', 'key': None, 'target': None}}, 'context': 'base', 'calling_context': 'mode_base_started', 'priority': 100, 'player': 1, 'ball': 2, 'balls_remaining': 1, 'is_extra_ball': False}
2024-05-19 12:19:55,482 : mpfmc : SlidePlayer: Play called with settings={'base_slide': {'target': None, 'background_color': [0.0, 0.0, 0.0, 1.0], 'priority': None, 'show': True, 'force': False, 'expire': None, 'slide': None, 'tokens': {}, 'action': 'play'}}
2024-05-19 12:19:55,497 : EventManager : Event: ======'slide_base_slide_created'====== Args={}
2024-05-19 12:19:55,503 : EventManager : Event: ======'slide_base_slide_active'====== Args={}
2024-05-19 12:19:55,545 : EventManager : Event: ======'machine_var_audits_switches_s_trough_jam'====== Args={'value': 12, 'prev_value': 11, 'change': 1}
2024-05-19 12:19:55,545 : EventManager : Event: ======'machine_var_audits_switches_s_trough1'====== Args={'value': 12, 'prev_value': 11, 'change': 1}
2024-05-19 12:19:55,989 : EventManager : Event: ======'machine_var_audits_switches_s_shooter_lane'====== Args={'value': 14, 'prev_value': 13, 'change': 1}
2024-05-19 12:19:57,472 : EventManager : Event: ======'machine_var_audits_switches_s_cap3'====== Args={'value': 9, 'prev_value': 8, 'change': 1}
2024-05-19 12:19:57,472 : EventManager : Event: ======'player_score'====== Args={'value': 689, 'prev_value': 639, 'change': 50, 'player_num': 1}
2024-05-19 12:19:57,472 : EventManager : Event: ======'player_slurm_caps'====== Args={'value': 4, 'prev_value': 3, 'change': 1, 'player_num': 1}
2024-05-19 12:19:58,139 : EventManager : Event: ======'machine_var_audits_switches_s_right_flipper'====== Args={'value': 31, 'prev_value': 30, 'change': 1}
2024-05-19 12:19:59,153 : EventManager : Event: ======'machine_var_audits_switches_s_left_ramp'====== Args={'value': 3, 'prev_value': 2, 'change': 1}
2024-05-19 12:19:59,153 : EventManager : Event: ======'player_score'====== Args={'value': 714, 'prev_value': 689, 'change': 25, 'player_num': 1}
2024-05-19 12:19:59,153 : EventManager : Event: ======'sounds_play'====== Args={'settings': {'people_tubes': {'action': 'play', 'priority': None, 'block': False, 'delay': None, 'track': None, 'volume': None, 'pan': None, 'loops': None, 'start_at': None, 'fade_in': None, 'fade_out': None, 'about_to_finish_time': -1.0, 'max_queue_time': -1.0, 'events_when_played': ['use_sound_setting'], 'events_when_stopped': ['use_sound_setting'], 'events_when_looping': ['use_sound_setting'], 'events_when_about_to_finish': ['use_sound_setting'], 'mode_end_action': 'use_sound_setting', 'key': 'use_sound_setting'}}, 'context': 'base', 'calling_context': 's_left_ramp_active', 'priority': 100}
2024-05-19 12:19:59,165 : EventManager : Event: ======'loading_assets'====== Args={'total': 1, 'loaded': 1, 'remaining': 0, 'percent': 100}
2024-05-19 12:19:59,165 : AssetManager : Asset loading took: 40.22266912460327
2024-05-19 12:19:59,165 : EventManager : Event: ======'asset_loading_complete'====== Args={}
2024-05-19 12:19:59,165 : AssetManager : Loading assets: 1/1 (100%)
2024-05-19 12:20:00,969 : EventManager : Event: ======'machine_var_audits_switches_s_left_flipper'====== Args={'value': 17, 'prev_value': 16, 'change': 1}
2024-05-19 12:20:02,428 : EventManager : Event: ======'machine_var_audits_switches_s_right_flipper'====== Args={'value': 32, 'prev_value': 31, 'change': 1}
2024-05-19 12:20:02,749 : EventManager : Event: ======'machine_var_audits_switches_s_left_loop'====== Args={'value': 23, 'prev_value': 22, 'change': 1}
2024-05-19 12:20:02,749 : EventManager : Event: ======'sounds_play'====== Args={'settings': {'crew_whoa2': {'action': 'play', 'priority': None, 'block': False, 'delay': None, 'track': None, 'volume': None, 'pan': None, 'loops': None, 'start_at': None, 'fade_in': None, 'fade_out': None, 'about_to_finish_time': -1.0, 'max_queue_time': -1.0, 'events_when_played': ['use_sound_setting'], 'events_when_stopped': ['use_sound_setting'], 'events_when_looping': ['use_sound_setting'], 'events_when_about_to_finish': ['use_sound_setting'], 'mode_end_action': 'use_sound_setting', 'key': 'use_sound_setting'}}, 'context': 'base', 'calling_context': 's_left_loop_active', 'priority': 100}
2024-05-19 12:20:02,762 : EventManager : Event: ======'loading_assets'====== Args={'total': 1, 'loaded': 1, 'remaining': 0, 'percent': 100}
2024-05-19 12:20:02,762 : AssetManager : Asset loading took: 43.81904864311218
2024-05-19 12:20:02,762 : EventManager : Event: ======'asset_loading_complete'====== Args={}
2024-05-19 12:20:02,762 : AssetManager : Loading assets: 1/1 (100%)
2024-05-19 12:20:03,095 : EventManager : Event: ======'machine_var_audits_switches_s_right_loop'====== Args={'value': 19, 'prev_value': 18, 'change': 1}
2024-05-19 12:20:03,095 : EventManager : Event: ======'sounds_play'====== Args={'settings': {'crew_whoa1': {'action': 'play', 'priority': None, 'block': False, 'delay': None, 'track': None, 'volume': None, 'pan': None, 'loops': None, 'start_at': None, 'fade_in': None, 'fade_out': None, 'about_to_finish_time': -1.0, 'max_queue_time': -1.0, 'events_when_played': ['use_sound_setting'], 'events_when_stopped': ['use_sound_setting'], 'events_when_looping': ['use_sound_setting'], 'events_when_about_to_finish': ['use_sound_setting'], 'mode_end_action': 'use_sound_setting', 'key': 'use_sound_setting'}}, 'context': 'base', 'calling_context': 's_right_loop_active', 'priority': 100}
2024-05-19 12:20:03,095 : EventManager : Event: ======'player_score'====== Args={'value': 864, 'prev_value': 714, 'change': 150, 'player_num': 1}
2024-05-19 12:20:03,107 : EventManager : Event: ======'loading_assets'====== Args={'total': 1, 'loaded': 1, 'remaining': 0, 'percent': 100}
2024-05-19 12:20:03,107 : AssetManager : Asset loading took: 44.164501905441284
2024-05-19 12:20:03,107 : EventManager : Event: ======'asset_loading_complete'====== Args={}
2024-05-19 12:20:03,107 : AssetManager : Loading assets: 1/1 (100%)
2024-05-19 12:20:04,478 : EventManager : Event: ======'machine_var_audits_switches_s_left_flipper'====== Args={'value': 18, 'prev_value': 17, 'change': 1}
2024-05-19 12:20:05,825 : EventManager : Event: ======'machine_var_audits_switches_s_trough3'====== Args={'value': 9, 'prev_value': 8, 'change': 1}
2024-05-19 12:20:05,911 : EventManager : Event: ======'machine_var_audits_switches_s_trough2'====== Args={'value': 8, 'prev_value': 7, 'change': 1}
2024-05-19 12:20:05,961 : EventManager : Event: ======'machine_var_audits_switches_s_trough1'====== Args={'value': 13, 'prev_value': 12, 'change': 1}
2024-05-19 12:20:06,480 : EventManager : Event: ======'sounds_play'====== Args={'settings': {'ball_save_sounds': {'action': 'play', 'priority': None, 'block': False, 'delay': None, 'track': None, 'volume': None, 'pan': None, 'loops': None, 'start_at': None, 'fade_in': None, 'fade_out': None, 'about_to_finish_time': -1.0, 'max_queue_time': -1.0, 'events_when_played': ['use_sound_setting'], 'events_when_stopped': ['use_sound_setting'], 'events_when_looping': ['use_sound_setting'], 'events_when_about_to_finish': ['use_sound_setting'], 'mode_end_action': 'use_sound_setting', 'key': 'use_sound_setting'}}, 'context': 'base', 'calling_context': 'ball_save_ball_start_ball_save_saving_ball', 'priority': 100, 'balls': 1, 'early_save': False}
2024-05-19 12:20:06,492 : EventManager : Event: ======'loading_assets'====== Args={'total': 1, 'loaded': 1, 'remaining': 0, 'percent': 100}
2024-05-19 12:20:06,492 : AssetManager : Asset loading took: 47.54959845542908
2024-05-19 12:20:06,492 : EventManager : Event: ======'asset_loading_complete'====== Args={}
2024-05-19 12:20:06,492 : AssetManager : Loading assets: 1/1 (100%)
2024-05-19 12:20:06,529 : EventManager : Event: ======'machine_var_audits_switches_s_trough_jam'====== Args={'value': 13, 'prev_value': 12, 'change': 1}
2024-05-19 12:20:06,887 : EventManager : Event: ======'machine_var_audits_switches_s_shooter_lane'====== Args={'value': 15, 'prev_value': 14, 'change': 1}
2024-05-19 12:20:08,259 : EventManager : Event: ======'machine_var_audits_switches_s_right_flipper'====== Args={'value': 33, 'prev_value': 32, 'change': 1}
2024-05-19 12:20:08,457 : EventManager : Event: ======'machine_var_audits_switches_s_left_flipper'====== Args={'value': 19, 'prev_value': 18, 'change': 1}
2024-05-19 12:20:08,494 : EventManager : Event: ======'machine_var_audits_switches_s_right_flipper'====== Args={'value': 34, 'prev_value': 33, 'change': 1}
2024-05-19 12:20:08,506 : EventManager : Event: ======'machine_var_audits_switches_s_right_flipper'====== Args={'value': 35, 'prev_value': 34, 'change': 1}
2024-05-19 12:20:09,853 : EventManager : Event: ======'machine_var_audits_switches_s_left_flipper'====== Args={'value': 20, 'prev_value': 19, 'change': 1}
2024-05-19 12:20:10,026 : EventManager : Event: ======'machine_var_audits_switches_s_pe_platter'====== Args={'value': 69, 'prev_value': 68, 'change': 1}
2024-05-19 12:20:10,026 : EventManager : Event: ======'player_shot_ship_spinning'====== Args={'value': 1, 'prev_value': 0, 'change': 1, 'player_num': 1}
2024-05-19 12:20:10,026 : EventManager : Event: ======'machine_var_audits_shots_ship_spinning'====== Args={'value': 1, 'prev_value': None, 'change': True}
2024-05-19 12:20:10,026 : EventManager : Event: ======'player_score'====== Args={'value': 897, 'prev_value': 864, 'change': 33, 'player_num': 1}
2024-05-19 12:20:10,026 : EventManager : Event: ======'player_platter_short_counter'====== Args={'value': 1, 'prev_value': 0, 'change': 1, 'player_num': 1}
2024-05-19 12:20:10,026 : EventManager : Event: ======'player_platter_long_counter'====== Args={'value': 2, 'prev_value': 1, 'change': 1, 'player_num': 1}
2024-05-19 12:20:10,026 : EventManager : Event: ======'sounds_play'====== Args={'settings': {'ship_short': {'action': 'play', 'priority': None, 'block': False, 'delay': None, 'track': None, 'volume': None, 'pan': None, 'loops': None, 'start_at': None, 'fade_in': None, 'fade_out': None, 'about_to_finish_time': -1.0, 'max_queue_time': -1.0, 'events_when_played': ['use_sound_setting'], 'events_when_stopped': ['use_sound_setting'], 'events_when_looping': ['use_sound_setting'], 'events_when_about_to_finish': ['use_sound_setting'], 'mode_end_action': 'use_sound_setting', 'key': 'use_sound_setting'}}, 'context': 'base', 'calling_context': 's_pe_platter_active', 'priority': 100}
2024-05-19 12:20:10,038 : EventManager : Event: ======'loading_assets'====== Args={'total': 1, 'loaded': 1, 'remaining': 0, 'percent': 100}
2024-05-19 12:20:10,038 : AssetManager : Asset loading took: 51.095566272735596
2024-05-19 12:20:10,038 : EventManager : Event: ======'asset_loading_complete'====== Args={}
2024-05-19 12:20:10,038 : AssetManager : Loading assets: 1/1 (100%)
2024-05-19 12:20:11,335 : EventManager : Event: ======'machine_var_audits_switches_s_right_flipper'====== Args={'value': 36, 'prev_value': 35, 'change': 1}
2024-05-19 12:20:11,742 : EventManager : Event: ======'machine_var_audits_switches_s_left_flipper'====== Args={'value': 21, 'prev_value': 20, 'change': 1}
2024-05-19 12:20:11,841 : EventManager : Event: ======'machine_var_audits_switches_s_right_flipper'====== Args={'value': 37, 'prev_value': 36, 'change': 1}
2024-05-19 12:20:12,200 : EventManager : Event: ======'machine_var_audits_switches_s_trough3'====== Args={'value': 10, 'prev_value': 9, 'change': 1}
2024-05-19 12:20:12,261 : EventManager : Event: ======'machine_var_audits_switches_s_trough2'====== Args={'value': 9, 'prev_value': 8, 'change': 1}
2024-05-19 12:20:12,311 : EventManager : Event: ======'machine_var_audits_switches_s_trough1'====== Args={'value': 14, 'prev_value': 13, 'change': 1}
2024-05-19 12:20:12,817 : EventManager : Event: ======'sounds_play'====== Args={'settings': {'theme_full': {'action': 'stop', 'priority': None, 'block': False, 'delay': None, 'track': None, 'volume': None, 'pan': None, 'loops': None, 'start_at': None, 'fade_in': None, 'fade_out': None, 'about_to_finish_time': -1.0, 'max_queue_time': -1.0, 'events_when_played': ['use_sound_setting'], 'events_when_stopped': ['use_sound_setting'], 'events_when_looping': ['use_sound_setting'], 'events_when_about_to_finish': ['use_sound_setting'], 'mode_end_action': 'use_sound_setting', 'key': 'use_sound_setting'}, 'drain_sounds': {'action': 'play', 'priority': None, 'block': False, 'delay': None, 'track': None, 'volume': None, 'pan': None, 'loops': None, 'start_at': None, 'fade_in': None, 'fade_out': None, 'about_to_finish_time': -1.0, 'max_queue_time': -1.0, 'events_when_played': ['use_sound_setting'], 'events_when_stopped': ['use_sound_setting'], 'events_when_looping': ['use_sound_setting'], 'events_when_about_to_finish': ['use_sound_setting'], 'mode_end_action': 'use_sound_setting', 'key': 'use_sound_setting'}}, 'context': 'base', 'calling_context': 'ball_will_end', 'priority': 100}
2024-05-19 12:20:12,818 : EventManager : Event: ======'slides_play'====== Args={'settings': {'bonus_start_slide': {'target': None, 'background_color': [0.0, 0.0, 0.0, 1.0], 'priority': None, 'show': True, 'force': False, 'expire': None, 'slide': None, 'tokens': {}, 'action': 'play'}}, 'context': 'bonus', 'calling_context': 'mode_bonus_started', 'priority': 500, 'queue': '<QueuedEvent>'}
2024-05-19 12:20:12,818 : mpfmc : SlidePlayer: Play called with settings={'bonus_start_slide': {'target': None, 'background_color': [0.0, 0.0, 0.0, 1.0], 'priority': None, 'show': True, 'force': False, 'expire': None, 'slide': None, 'tokens': {}, 'action': 'play'}}
2024-05-19 12:20:12,823 : EventManager : Event: ======'slide_bonus_start_slide_created'====== Args={}
2024-05-19 12:20:12,824 : EventManager : Event: ======'slide_bonus_start_slide_active'====== Args={}
2024-05-19 12:20:12,825 : EventManager : Event: ======'loading_assets'====== Args={'total': 1, 'loaded': 1, 'remaining': 0, 'percent': 100}
2024-05-19 12:20:12,825 : AssetManager : Asset loading took: 53.88264989852905
2024-05-19 12:20:12,825 : EventManager : Event: ======'asset_loading_complete'====== Args={}
2024-05-19 12:20:12,825 : AssetManager : Loading assets: 1/1 (100%)
2024-05-19 12:20:14,321 : EventManager : Event: ======'slides_play'====== Args={'settings': {'slurm_bonus': {'target': None, 'background_color': [0.0, 0.0, 0.0, 1.0], 'priority': None, 'show': True, 'force': False, 'expire': None, 'slide': None, 'tokens': {}, 'action': 'play'}}, 'context': 'bonus', 'calling_context': 'bonus_caps', 'priority': 500, 'score': 4, 'bonus_score': 4, 'hits': 1}
2024-05-19 12:20:14,321 : mpfmc : SlidePlayer: Play called with settings={'slurm_bonus': {'target': None, 'background_color': [0.0, 0.0, 0.0, 1.0], 'priority': None, 'show': True, 'force': False, 'expire': None, 'slide': None, 'tokens': {}, 'action': 'play'}}
2024-05-19 12:20:14,326 : EventManager : Event: ======'slide_slurm_bonus_created'====== Args={}
2024-05-19 12:20:14,328 : EventManager : Event: ======'slide_slurm_bonus_active'====== Args={}
2024-05-19 12:20:15,824 : EventManager : Event: ======'slides_play'====== Args={'settings': {'dark_matter_bonus': {'target': None, 'background_color': [0.0, 0.0, 0.0, 1.0], 'priority': None, 'show': True, 'force': False, 'expire': None, 'slide': None, 'tokens': {}, 'action': 'play'}}, 'context': 'bonus', 'calling_context': 'bonus_dark_matter', 'priority': 500, 'score': 1, 'bonus_score': 5, 'hits': 1}
2024-05-19 12:20:15,824 : mpfmc : SlidePlayer: Play called with settings={'dark_matter_bonus': {'target': None, 'background_color': [0.0, 0.0, 0.0, 1.0], 'priority': None, 'show': True, 'force': False, 'expire': None, 'slide': None, 'tokens': {}, 'action': 'play'}}
2024-05-19 12:20:15,829 : EventManager : Event: ======'slide_dark_matter_bonus_created'====== Args={}
2024-05-19 12:20:15,830 : EventManager : Event: ======'slide_dark_matter_bonus_active'====== Args={}
2024-05-19 12:20:17,326 : EventManager : Event: ======'player_score'====== Args={'value': 902, 'prev_value': 897, 'change': 5, 'player_num': 1}
2024-05-19 12:20:17,326 : EventManager : Event: ======'slides_play'====== Args={'settings': {'bonus_total_slide': {'target': None, 'background_color': [0.0, 0.0, 0.0, 1.0], 'priority': None, 'show': True, 'force': False, 'expire': None, 'slide': None, 'tokens': {}, 'action': 'play'}}, 'context': 'bonus', 'calling_context': 'bonus_total', 'priority': 500, 'score': 5}
2024-05-19 12:20:17,326 : mpfmc : SlidePlayer: Play called with settings={'bonus_total_slide': {'target': None, 'background_color': [0.0, 0.0, 0.0, 1.0], 'priority': None, 'show': True, 'force': False, 'expire': None, 'slide': None, 'tokens': {}, 'action': 'play'}}
2024-05-19 12:20:17,329 : EventManager : Event: ======'slide_bonus_total_slide_created'====== Args={}
2024-05-19 12:20:17,330 : EventManager : Event: ======'slide_bonus_total_slide_active'====== Args={}
2024-05-19 12:20:18,833 : EventManager : Event: ======'slides_clear'====== Args={'context': 'bonus'}
2024-05-19 12:20:18,833 : EventManager : Event: ======'slide_bonus_start_slide_removed'====== Args={}
2024-05-19 12:20:18,833 : EventManager : Event: ======'slide_slurm_bonus_removed'====== Args={}
2024-05-19 12:20:18,834 : EventManager : Event: ======'slide_dark_matter_bonus_removed'====== Args={}
2024-05-19 12:20:18,834 : EventManager : Event: ======'slide_bonus_total_slide_removed'====== Args={}
2024-05-19 12:20:18,834 : EventManager : Event: ======'slides_clear'====== Args={'context': 'base'}
2024-05-19 12:20:18,835 : EventManager : Event: ======'sounds_clear'====== Args={'context': 'base'}
2024-05-19 12:20:18,835 : EventManager : Event: ======'widgets_clear'====== Args={'context': 'base'}
2024-05-19 12:20:18,835 : EventManager : Event: ======'slide_base_slide_removed'====== Args={}
2024-05-19 12:20:18,836 : EventManager : Event: ======'player_ball'====== Args={'value': 3, 'prev_value': 2, 'change': 1, 'player_num': 1}
2024-05-19 12:20:18,836 : EventManager : Event: ======'slide_attract_started_active'====== Args={}
2024-05-19 12:20:18,859 : EventManager : Event: ======'player_platter_short_counter'====== Args={'value': 0, 'prev_value': 1, 'change': -1, 'player_num': 1}
2024-05-19 12:20:18,860 : EventManager : Event: ======'slides_play'====== Args={'settings': {'base_slide': {'target': None, 'background_color': [0.0, 0.0, 0.0, 1.0], 'priority': None, 'show': True, 'force': False, 'expire': None, 'slide': None, 'tokens': {}, 'action': 'play'}}, 'context': 'base', 'calling_context': 'mode_base_started', 'priority': 100, 'player': 1, 'ball': 3, 'balls_remaining': 0, 'is_extra_ball': False}
2024-05-19 12:20:18,860 : EventManager : Event: ======'sounds_play'====== Args={'settings': {'theme_full': {'action': 'play', 'priority': None, 'block': False, 'delay': None, 'track': None, 'volume': None, 'pan': None, 'loops': None, 'start_at': None, 'fade_in': None, 'fade_out': None, 'about_to_finish_time': -1.0, 'max_queue_time': -1.0, 'events_when_played': ['use_sound_setting'], 'events_when_stopped': ['use_sound_setting'], 'events_when_looping': ['use_sound_setting'], 'events_when_about_to_finish': ['use_sound_setting'], 'mode_end_action': 'use_sound_setting', 'key': 'use_sound_setting'}}, 'context': 'base', 'calling_context': 'mode_base_started', 'priority': 100, 'player': 1, 'ball': 3, 'balls_remaining': 0, 'is_extra_ball': False}
2024-05-19 12:20:18,860 : EventManager : Event: ======'widgets_play'====== Args={'settings': {'empty_gauge': {'slide': 'base_slide', 'priority': 0, 'action': 'add', 'key': None, 'target': None}}, 'context': 'base', 'calling_context': 'mode_base_started', 'priority': 100, 'player': 1, 'ball': 3, 'balls_remaining': 0, 'is_extra_ball': False}
2024-05-19 12:20:18,860 : mpfmc : SlidePlayer: Play called with settings={'base_slide': {'target': None, 'background_color': [0.0, 0.0, 0.0, 1.0], 'priority': None, 'show': True, 'force': False, 'expire': None, 'slide': None, 'tokens': {}, 'action': 'play'}}
2024-05-19 12:20:18,875 : EventManager : Event: ======'slide_base_slide_created'====== Args={}
2024-05-19 12:20:18,881 : EventManager : Event: ======'slide_base_slide_active'====== Args={}
2024-05-19 12:20:18,910 : EventManager : Event: ======'machine_var_audits_switches_s_trough_jam'====== Args={'value': 14, 'prev_value': 13, 'change': 1}
2024-05-19 12:20:19,416 : EventManager : Event: ======'machine_var_audits_switches_s_shooter_lane'====== Args={'value': 16, 'prev_value': 15, 'change': 1}
2024-05-19 12:20:20,862 : EventManager : Event: ======'machine_var_audits_switches_s_r_orbit'====== Args={'value': 4, 'prev_value': 3, 'change': 1}
2024-05-19 12:20:22,270 : EventManager : Event: ======'machine_var_audits_switches_s_right_loop'====== Args={'value': 20, 'prev_value': 19, 'change': 1}
2024-05-19 12:20:22,270 : EventManager : Event: ======'sounds_play'====== Args={'settings': {'crew_whoa1': {'action': 'play', 'priority': None, 'block': False, 'delay': None, 'track': None, 'volume': None, 'pan': None, 'loops': None, 'start_at': None, 'fade_in': None, 'fade_out': None, 'about_to_finish_time': -1.0, 'max_queue_time': -1.0, 'events_when_played': ['use_sound_setting'], 'events_when_stopped': ['use_sound_setting'], 'events_when_looping': ['use_sound_setting'], 'events_when_about_to_finish': ['use_sound_setting'], 'mode_end_action': 'use_sound_setting', 'key': 'use_sound_setting'}}, 'context': 'base', 'calling_context': 's_right_loop_active', 'priority': 100}
2024-05-19 12:20:23,283 : EventManager : Event: ======'machine_var_audits_switches_s_left_flipper'====== Args={'value': 22, 'prev_value': 21, 'change': 1}
2024-05-19 12:20:23,764 : EventManager : Event: ======'machine_var_audits_switches_s_right_ramp'====== Args={'value': 1, 'prev_value': 0, 'change': 1}
2024-05-19 12:20:23,765 : EventManager : Event: ======'player_dark_matter'====== Args={'value': 2, 'prev_value': 1, 'change': 1, 'player_num': 1}
2024-05-19 12:20:23,765 : EventManager : Event: ======'sounds_play'====== Args={'settings': {'ding': {'action': 'play', 'priority': None, 'block': False, 'delay': None, 'track': None, 'volume': None, 'pan': None, 'loops': None, 'start_at': None, 'fade_in': None, 'fade_out': None, 'about_to_finish_time': -1.0, 'max_queue_time': -1.0, 'events_when_played': ['use_sound_setting'], 'events_when_stopped': ['use_sound_setting'], 'events_when_looping': ['use_sound_setting'], 'events_when_about_to_finish': ['use_sound_setting'], 'mode_end_action': 'use_sound_setting', 'key': 'use_sound_setting'}}, 'context': 'base', 'calling_context': 'quarter_tank', 'priority': 100}
2024-05-19 12:20:23,765 : EventManager : Event: ======'widgets_play'====== Args={'settings': {'quarter_gauge': {'slide': 'base_slide', 'priority': 0, 'action': 'add', 'key': None, 'target': None}}, 'context': 'base', 'calling_context': 'quarter_tank', 'priority': 100}
2024-05-19 12:20:23,765 : EventManager : Unordered handler for class McConfigPlayer.widgets on event slide_base_slide_created with priority 0. Handlers: [RegisteredHandler(callback=<bound method McWidgetPlayer._add_widget_to_slide_when_active of McConfigPlayer.widgets>, priority=0, kwargs={'slide_name': 'base_slide', 'widget': 'empty_gauge', 's': {'slide': 'base_slide', 'key': 'base-empty_gauge', 'target': None}, 'play_kwargs': {'player': 1, 'ball': 3, 'balls_remaining': 0, 'is_extra_ball': False}}, key=UUID('3daeb0b1-a2d4-416e-b66c-c8ffbac1abc3'), condition=None, blocking_facility=None), RegisteredHandler(callback=<bound method McWidgetPlayer._add_widget_to_slide_when_active of McConfigPlayer.widgets>, priority=0, kwargs={'slide_name': 'base_slide', 'widget': 'quarter_gauge', 's': {'slide': 'base_slide', 'key': 'base-quarter_gauge', 'target': None}, 'play_kwargs': {}}, key=UUID('49bc6326-ec97-4c56-ab58-74e030d84f30'), condition=None, blocking_facility=None)]. The order of those handlers is not defined and they will be executed in random order. This might lead to race conditions and potential bugs.
2024-05-19 12:20:23,777 : EventManager : Event: ======'loading_assets'====== Args={'total': 1, 'loaded': 1, 'remaining': 0, 'percent': 100}
2024-05-19 12:20:23,777 : AssetManager : Asset loading took: 64.83458352088928
2024-05-19 12:20:23,777 : EventManager : Event: ======'asset_loading_complete'====== Args={}
2024-05-19 12:20:23,777 : AssetManager : Loading assets: 1/1 (100%)
2024-05-19 12:20:23,900 : EventManager : Event: ======'machine_var_audits_switches_s_right_loop'====== Args={'value': 21, 'prev_value': 20, 'change': 1}
2024-05-19 12:20:23,901 : EventManager : Event: ======'sounds_play'====== Args={'settings': {'crew_whoa1': {'action': 'play', 'priority': None, 'block': False, 'delay': None, 'track': None, 'volume': None, 'pan': None, 'loops': None, 'start_at': None, 'fade_in': None, 'fade_out': None, 'about_to_finish_time': -1.0, 'max_queue_time': -1.0, 'events_when_played': ['use_sound_setting'], 'events_when_stopped': ['use_sound_setting'], 'events_when_looping': ['use_sound_setting'], 'events_when_about_to_finish': ['use_sound_setting'], 'mode_end_action': 'use_sound_setting', 'key': 'use_sound_setting'}}, 'context': 'base', 'calling_context': 's_right_loop_active', 'priority': 100}
2024-05-19 12:20:24,592 : EventManager : Event: ======'machine_var_audits_switches_s_pe_platter'====== Args={'value': 70, 'prev_value': 69, 'change': 1}
2024-05-19 12:20:24,593 : EventManager : Event: ======'machine_var_audits_shots_ship_spinning'====== Args={'value': 2, 'prev_value': 1, 'change': 1}
2024-05-19 12:20:24,593 : EventManager : Event: ======'player_score'====== Args={'value': 935, 'prev_value': 902, 'change': 33, 'player_num': 1}
2024-05-19 12:20:24,593 : EventManager : Event: ======'player_platter_short_counter'====== Args={'value': 1, 'prev_value': 0, 'change': 1, 'player_num': 1}
2024-05-19 12:20:24,593 : EventManager : Event: ======'player_platter_long_counter'====== Args={'value': 3, 'prev_value': 2, 'change': 1, 'player_num': 1}
2024-05-19 12:20:24,593 : EventManager : Event: ======'sounds_play'====== Args={'settings': {'ship_short': {'action': 'play', 'priority': None, 'block': False, 'delay': None, 'track': None, 'volume': None, 'pan': None, 'loops': None, 'start_at': None, 'fade_in': None, 'fade_out': None, 'about_to_finish_time': -1.0, 'max_queue_time': -1.0, 'events_when_played': ['use_sound_setting'], 'events_when_stopped': ['use_sound_setting'], 'events_when_looping': ['use_sound_setting'], 'events_when_about_to_finish': ['use_sound_setting'], 'mode_end_action': 'use_sound_setting', 'key': 'use_sound_setting'}}, 'context': 'base', 'calling_context': 's_pe_platter_active', 'priority': 100}
2024-05-19 12:20:24,605 : EventManager : Event: ======'loading_assets'====== Args={'total': 1, 'loaded': 1, 'remaining': 0, 'percent': 100}
2024-05-19 12:20:24,605 : AssetManager : Asset loading took: 65.66230797767639
2024-05-19 12:20:24,605 : EventManager : Event: ======'asset_loading_complete'====== Args={}
2024-05-19 12:20:24,605 : AssetManager : Loading assets: 1/1 (100%)
2024-05-19 12:20:24,827 : EventManager : Event: ======'machine_var_audits_switches_s_left_flipper'====== Args={'value': 23, 'prev_value': 22, 'change': 1}
2024-05-19 12:20:25,247 : EventManager : Event: ======'machine_var_audits_switches_s_left_flipper'====== Args={'value': 24, 'prev_value': 23, 'change': 1}
2024-05-19 12:20:25,791 : EventManager : Event: ======'machine_var_audits_switches_s_right_flipper'====== Args={'value': 38, 'prev_value': 37, 'change': 1}
2024-05-19 12:20:27,706 : EventManager : Event: ======'machine_var_audits_switches_s_right_flipper'====== Args={'value': 39, 'prev_value': 38, 'change': 1}
2024-05-19 12:20:27,940 : EventManager : Event: ======'machine_var_audits_switches_s_dt_nibbler'====== Args={'value': 1, 'prev_value': 0, 'change': 1}
2024-05-19 12:20:27,940 : EventManager : Event: ======'machine_var_audits_switches_s_dt_professor'====== Args={'value': 1, 'prev_value': 0, 'change': 1}
2024-05-19 12:20:27,941 : EventManager : Event: ======'player_score'====== Args={'value': 1435, 'prev_value': 935, 'change': 500, 'player_num': 1}
2024-05-19 12:20:27,941 : EventManager : Event: ======'player_nibbler_xp'====== Args={'value': 1, 'prev_value': 0, 'change': 1, 'player_num': 1}
2024-05-19 12:20:27,941 : EventManager : Event: ======'sounds_play'====== Args={'settings': {'nibbler_short': {'action': 'play', 'priority': None, 'block': False, 'delay': None, 'track': None, 'volume': None, 'pan': None, 'loops': None, 'start_at': None, 'fade_in': None, 'fade_out': None, 'about_to_finish_time': -1.0, 'max_queue_time': -1.0, 'events_when_played': ['use_sound_setting'], 'events_when_stopped': ['use_sound_setting'], 'events_when_looping': ['use_sound_setting'], 'events_when_about_to_finish': ['use_sound_setting'], 'mode_end_action': 'use_sound_setting', 'key': 'use_sound_setting'}}, 'context': 'base', 'calling_context': 's_dt_nibbler_active', 'priority': 100}
2024-05-19 12:20:27,941 : EventManager : Event: ======'player_score'====== Args={'value': 1935, 'prev_value': 1435, 'change': 500, 'player_num': 1}
2024-05-19 12:20:27,941 : EventManager : Event: ======'player_professor_xp'====== Args={'value': 1, 'prev_value': 0, 'change': 1, 'player_num': 1}
2024-05-19 12:20:27,941 : EventManager : Event: ======'sounds_play'====== Args={'settings': {'professor_short': {'action': 'play', 'priority': None, 'block': False, 'delay': None, 'track': None, 'volume': None, 'pan': None, 'loops': None, 'start_at': None, 'fade_in': None, 'fade_out': None, 'about_to_finish_time': -1.0, 'max_queue_time': -1.0, 'events_when_played': ['use_sound_setting'], 'events_when_stopped': ['use_sound_setting'], 'events_when_looping': ['use_sound_setting'], 'events_when_about_to_finish': ['use_sound_setting'], 'mode_end_action': 'use_sound_setting', 'key': 'use_sound_setting'}}, 'context': 'base', 'calling_context': 's_dt_professor_active', 'priority': 100}
2024-05-19 12:20:27,953 : EventManager : Event: ======'loading_assets'====== Args={'total': 2, 'loaded': 1, 'remaining': 1, 'percent': 50}
2024-05-19 12:20:27,953 : AssetManager : Loading assets: 1/2 (50%)
2024-05-19 12:20:27,953 : EventManager : Event: ======'loading_assets'====== Args={'total': 2, 'loaded': 2, 'remaining': 0, 'percent': 100}
2024-05-19 12:20:27,953 : AssetManager : Asset loading took: 69.01044511795044
2024-05-19 12:20:27,953 : EventManager : Event: ======'asset_loading_complete'====== Args={}
2024-05-19 12:20:27,953 : AssetManager : Loading assets: 2/2 (100%)
2024-05-19 12:20:27,965 : EventManager : Event: ======'machine_var_audits_switches_s_dt_amy'====== Args={'value': 2, 'prev_value': 1, 'change': 1}
2024-05-19 12:20:27,965 : EventManager : Event: ======'player_score'====== Args={'value': 2435, 'prev_value': 1935, 'change': 500, 'player_num': 1}
2024-05-19 12:20:27,965 : EventManager : Event: ======'player_amy_xp'====== Args={'value': 1, 'prev_value': 0, 'change': 1, 'player_num': 1}
2024-05-19 12:20:27,965 : EventManager : Event: ======'sounds_play'====== Args={'settings': {'amy_short': {'action': 'play', 'priority': None, 'block': False, 'delay': None, 'track': None, 'volume': None, 'pan': None, 'loops': None, 'start_at': None, 'fade_in': None, 'fade_out': None, 'about_to_finish_time': -1.0, 'max_queue_time': -1.0, 'events_when_played': ['use_sound_setting'], 'events_when_stopped': ['use_sound_setting'], 'events_when_looping': ['use_sound_setting'], 'events_when_about_to_finish': ['use_sound_setting'], 'mode_end_action': 'use_sound_setting', 'key': 'use_sound_setting'}}, 'context': 'base', 'calling_context': 's_dt_amy_active', 'priority': 100}
2024-05-19 12:20:27,977 : EventManager : Event: ======'loading_assets'====== Args={'total': 1, 'loaded': 1, 'remaining': 0, 'percent': 100}
2024-05-19 12:20:27,978 : AssetManager : Asset loading took: 69.0349485874176
2024-05-19 12:20:27,978 : EventManager : Event: ======'asset_loading_complete'====== Args={}
2024-05-19 12:20:27,978 : AssetManager : Loading assets: 1/1 (100%)
2024-05-19 12:20:28,200 : EventManager : Event: ======'machine_var_audits_switches_s_t_fry'====== Args={'value': 7, 'prev_value': 6, 'change': 1}
2024-05-19 12:20:28,200 : EventManager : Event: ======'machine_var_audits_switches_s_t_bender'====== Args={'value': 8, 'prev_value': 7, 'change': 1}
2024-05-19 12:20:28,200 : EventManager : Event: ======'player_score'====== Args={'value': 2535, 'prev_value': 2435, 'change': 100, 'player_num': 1}
2024-05-19 12:20:28,200 : EventManager : Event: ======'player_fry_xp'====== Args={'value': 1, 'prev_value': 0, 'change': 1, 'player_num': 1}
2024-05-19 12:20:28,200 : EventManager : Event: ======'sounds_play'====== Args={'settings': {'fry_short': {'action': 'play', 'priority': None, 'block': False, 'delay': None, 'track': None, 'volume': None, 'pan': None, 'loops': None, 'start_at': None, 'fade_in': None, 'fade_out': None, 'about_to_finish_time': -1.0, 'max_queue_time': -1.0, 'events_when_played': ['use_sound_setting'], 'events_when_stopped': ['use_sound_setting'], 'events_when_looping': ['use_sound_setting'], 'events_when_about_to_finish': ['use_sound_setting'], 'mode_end_action': 'use_sound_setting', 'key': 'use_sound_setting'}}, 'context': 'base', 'calling_context': 's_t_fry_active', 'priority': 100}
2024-05-19 12:20:28,200 : EventManager : Event: ======'player_score'====== Args={'value': 2635, 'prev_value': 2535, 'change': 100, 'player_num': 1}
2024-05-19 12:20:28,201 : EventManager : Event: ======'player_bender_xp'====== Args={'value': 1, 'prev_value': 0, 'change': 1, 'player_num': 1}
2024-05-19 12:20:28,201 : EventManager : Event: ======'sounds_play'====== Args={'settings': {'bender_short': {'action': 'play', 'priority': None, 'block': False, 'delay': None, 'track': None, 'volume': None, 'pan': None, 'loops': None, 'start_at': None, 'fade_in': None, 'fade_out': None, 'about_to_finish_time': -1.0, 'max_queue_time': -1.0, 'events_when_played': ['use_sound_setting'], 'events_when_stopped': ['use_sound_setting'], 'events_when_looping': ['use_sound_setting'], 'events_when_about_to_finish': ['use_sound_setting'], 'mode_end_action': 'use_sound_setting', 'key': 'use_sound_setting'}}, 'context': 'base', 'calling_context': 's_t_bender_active', 'priority': 100}
2024-05-19 12:20:28,212 : EventManager : Event: ======'loading_assets'====== Args={'total': 2, 'loaded': 1, 'remaining': 1, 'percent': 50}
2024-05-19 12:20:28,212 : AssetManager : Loading assets: 1/2 (50%)
2024-05-19 12:20:28,212 : EventManager : Event: ======'loading_assets'====== Args={'total': 2, 'loaded': 2, 'remaining': 0, 'percent': 100}
2024-05-19 12:20:28,212 : AssetManager : Asset loading took: 69.26972532272339
2024-05-19 12:20:28,212 : EventManager : Event: ======'asset_loading_complete'====== Args={}
2024-05-19 12:20:28,212 : AssetManager : Loading assets: 2/2 (100%)
2024-05-19 12:20:29,485 : EventManager : Event: ======'machine_var_audits_switches_s_left_inlane'====== Args={'value': 2, 'prev_value': 1, 'change': 1}
2024-05-19 12:20:29,510 : EventManager : Event: ======'machine_var_audits_switches_s_left_flipper'====== Args={'value': 25, 'prev_value': 24, 'change': 1}
2024-05-19 12:20:29,843 : EventManager : Event: ======'machine_var_audits_switches_s_left_flipper'====== Args={'value': 26, 'prev_value': 25, 'change': 1}
2024-05-19 12:20:32,042 : EventManager : Event: ======'machine_var_audits_switches_s_left_flipper'====== Args={'value': 27, 'prev_value': 26, 'change': 1}
2024-05-19 12:20:32,276 : EventManager : Event: ======'machine_var_audits_switches_s_right_flipper'====== Args={'value': 40, 'prev_value': 39, 'change': 1}
2024-05-19 12:20:32,289 : EventManager : Event: ======'machine_var_audits_switches_s_right_flipper'====== Args={'value': 41, 'prev_value': 40, 'change': 1}
2024-05-19 12:20:32,597 : EventManager : Event: ======'machine_var_audits_switches_s_right_flipper'====== Args={'value': 42, 'prev_value': 41, 'change': 1}
2024-05-19 12:20:32,684 : EventManager : Event: ======'machine_var_audits_switches_s_right_flipper'====== Args={'value': 43, 'prev_value': 42, 'change': 1}
2024-05-19 12:20:32,696 : EventManager : Event: ======'machine_var_audits_switches_s_right_flipper'====== Args={'value': 44, 'prev_value': 43, 'change': 1}
2024-05-19 12:20:33,042 : EventManager : Event: ======'machine_var_audits_switches_s_trough3'====== Args={'value': 11, 'prev_value': 10, 'change': 1}
2024-05-19 12:20:33,116 : EventManager : Event: ======'machine_var_audits_switches_s_trough2'====== Args={'value': 10, 'prev_value': 9, 'change': 1}
2024-05-19 12:20:33,178 : EventManager : Event: ======'machine_var_audits_switches_s_trough1'====== Args={'value': 15, 'prev_value': 14, 'change': 1}
2024-05-19 12:20:33,252 : EventManager : Event: ======'machine_var_audits_switches_s_right_flipper'====== Args={'value': 45, 'prev_value': 44, 'change': 1}
2024-05-19 12:20:33,672 : EventManager : Event: ======'sounds_play'====== Args={'settings': {'theme_full': {'action': 'stop', 'priority': None, 'block': False, 'delay': None, 'track': None, 'volume': None, 'pan': None, 'loops': None, 'start_at': None, 'fade_in': None, 'fade_out': None, 'about_to_finish_time': -1.0, 'max_queue_time': -1.0, 'events_when_played': ['use_sound_setting'], 'events_when_stopped': ['use_sound_setting'], 'events_when_looping': ['use_sound_setting'], 'events_when_about_to_finish': ['use_sound_setting'], 'mode_end_action': 'use_sound_setting', 'key': 'use_sound_setting'}, 'drain_sounds': {'action': 'play', 'priority': None, 'block': False, 'delay': None, 'track': None, 'volume': None, 'pan': None, 'loops': None, 'start_at': None, 'fade_in': None, 'fade_out': None, 'about_to_finish_time': -1.0, 'max_queue_time': -1.0, 'events_when_played': ['use_sound_setting'], 'events_when_stopped': ['use_sound_setting'], 'events_when_looping': ['use_sound_setting'], 'events_when_about_to_finish': ['use_sound_setting'], 'mode_end_action': 'use_sound_setting', 'key': 'use_sound_setting'}}, 'context': 'base', 'calling_context': 'ball_will_end', 'priority': 100}
2024-05-19 12:20:33,685 : EventManager : Event: ======'slides_play'====== Args={'settings': {'bonus_start_slide': {'target': None, 'background_color': [0.0, 0.0, 0.0, 1.0], 'priority': None, 'show': True, 'force': False, 'expire': None, 'slide': None, 'tokens': {}, 'action': 'play'}}, 'context': 'bonus', 'calling_context': 'mode_bonus_started', 'priority': 500, 'queue': '<QueuedEvent>'}
2024-05-19 12:20:33,686 : mpfmc : SlidePlayer: Play called with settings={'bonus_start_slide': {'target': None, 'background_color': [0.0, 0.0, 0.0, 1.0], 'priority': None, 'show': True, 'force': False, 'expire': None, 'slide': None, 'tokens': {}, 'action': 'play'}}
2024-05-19 12:20:33,689 : EventManager : Event: ======'slide_bonus_start_slide_created'====== Args={}
2024-05-19 12:20:33,690 : EventManager : Event: ======'loading_assets'====== Args={'total': 1, 'loaded': 1, 'remaining': 0, 'percent': 100}
2024-05-19 12:20:33,690 : AssetManager : Asset loading took: 74.74727201461792
2024-05-19 12:20:33,690 : EventManager : Event: ======'asset_loading_complete'====== Args={}
2024-05-19 12:20:33,690 : AssetManager : Loading assets: 1/1 (100%)
2024-05-19 12:20:33,691 : EventManager : Event: ======'slide_bonus_start_slide_active'====== Args={}
2024-05-19 12:20:33,717 : EventManager : Event: ======'machine_var_audits_switches_s_right_flipper'====== Args={'value': 46, 'prev_value': 45, 'change': 1}
2024-05-19 12:20:33,965 : EventManager : Event: ======'machine_var_audits_switches_s_right_flipper'====== Args={'value': 47, 'prev_value': 46, 'change': 1}
2024-05-19 12:20:35,187 : EventManager : Event: ======'slides_play'====== Args={'settings': {'slurm_bonus': {'target': None, 'background_color': [0.0, 0.0, 0.0, 1.0], 'priority': None, 'show': True, 'force': False, 'expire': None, 'slide': None, 'tokens': {}, 'action': 'play'}}, 'context': 'bonus', 'calling_context': 'bonus_caps', 'priority': 500, 'score': 4, 'bonus_score': 4, 'hits': 1}
2024-05-19 12:20:35,187 : mpfmc : SlidePlayer: Play called with settings={'slurm_bonus': {'target': None, 'background_color': [0.0, 0.0, 0.0, 1.0], 'priority': None, 'show': True, 'force': False, 'expire': None, 'slide': None, 'tokens': {}, 'action': 'play'}}
2024-05-19 12:20:35,191 : EventManager : Event: ======'slide_slurm_bonus_created'====== Args={}
2024-05-19 12:20:35,192 : EventManager : Event: ======'slide_slurm_bonus_active'====== Args={}
2024-05-19 12:20:36,689 : EventManager : Event: ======'slides_play'====== Args={'settings': {'dark_matter_bonus': {'target': None, 'background_color': [0.0, 0.0, 0.0, 1.0], 'priority': None, 'show': True, 'force': False, 'expire': None, 'slide': None, 'tokens': {}, 'action': 'play'}}, 'context': 'bonus', 'calling_context': 'bonus_dark_matter', 'priority': 500, 'score': 2, 'bonus_score': 6, 'hits': 1}
2024-05-19 12:20:36,689 : mpfmc : SlidePlayer: Play called with settings={'dark_matter_bonus': {'target': None, 'background_color': [0.0, 0.0, 0.0, 1.0], 'priority': None, 'show': True, 'force': False, 'expire': None, 'slide': None, 'tokens': {}, 'action': 'play'}}
2024-05-19 12:20:36,694 : EventManager : Event: ======'slide_dark_matter_bonus_created'====== Args={}
2024-05-19 12:20:36,696 : EventManager : Event: ======'slide_dark_matter_bonus_active'====== Args={}
2024-05-19 12:20:38,205 : EventManager : Event: ======'player_score'====== Args={'value': 2641, 'prev_value': 2635, 'change': 6, 'player_num': 1}
2024-05-19 12:20:38,205 : EventManager : Event: ======'slides_play'====== Args={'settings': {'bonus_total_slide': {'target': None, 'background_color': [0.0, 0.0, 0.0, 1.0], 'priority': None, 'show': True, 'force': False, 'expire': None, 'slide': None, 'tokens': {}, 'action': 'play'}}, 'context': 'bonus', 'calling_context': 'bonus_total', 'priority': 500, 'score': 6}
2024-05-19 12:20:38,205 : mpfmc : SlidePlayer: Play called with settings={'bonus_total_slide': {'target': None, 'background_color': [0.0, 0.0, 0.0, 1.0], 'priority': None, 'show': True, 'force': False, 'expire': None, 'slide': None, 'tokens': {}, 'action': 'play'}}
2024-05-19 12:20:38,210 : EventManager : Event: ======'slide_bonus_total_slide_created'====== Args={}
2024-05-19 12:20:38,212 : EventManager : Event: ======'slide_bonus_total_slide_active'====== Args={}
2024-05-19 12:20:39,708 : EventManager : Event: ======'slides_clear'====== Args={'context': 'bonus'}
2024-05-19 12:20:39,708 : EventManager : Event: ======'slide_bonus_start_slide_removed'====== Args={}
2024-05-19 12:20:39,709 : EventManager : Event: ======'slide_slurm_bonus_removed'====== Args={}
2024-05-19 12:20:39,709 : EventManager : Event: ======'slide_dark_matter_bonus_removed'====== Args={}
2024-05-19 12:20:39,710 : EventManager : Event: ======'slide_bonus_total_slide_removed'====== Args={}
2024-05-19 12:20:39,710 : EventManager : Event: ======'slides_clear'====== Args={'context': 'base'}
2024-05-19 12:20:39,710 : EventManager : Event: ======'sounds_clear'====== Args={'context': 'base'}
2024-05-19 12:20:39,710 : EventManager : Event: ======'widgets_clear'====== Args={'context': 'base'}
2024-05-19 12:20:39,712 : EventManager : Event: ======'slide_base_slide_removed'====== Args={}
2024-05-19 12:20:39,712 : EventManager : Event: ======'slides_play'====== Args={'settings': {'final_score_slide': {'expire': 30.0, 'target': None, 'background_color': [0.0, 0.0, 0.0, 1.0], 'priority': None, 'show': True, 'force': False, 'slide': None, 'tokens': {}, 'action': 'play'}}, 'context': '_global', 'calling_context': 'game_ending', 'priority': 0, 'queue': '<QueuedEvent>'}
2024-05-19 12:20:39,713 : mpfmc : SlidePlayer: Play called with settings={'final_score_slide': {'expire': 30.0, 'target': None, 'background_color': [0.0, 0.0, 0.0, 1.0], 'priority': None, 'show': True, 'force': False, 'slide': None, 'tokens': {}, 'action': 'play'}}
2024-05-19 12:20:39,717 : EventManager : Event: ======'slide_final_score_slide_created'====== Args={}
2024-05-19 12:20:39,718 : EventManager : Event: ======'slide_final_score_slide_active'====== Args={}
2024-05-19 12:20:39,720 : EventManager : Event: ======'machine_var_player1_score'====== Args={'value': 2641, 'prev_value': 3376, 'change': -735}
2024-05-19 12:20:39,732 : EventManager : Event: ======'slides_play'====== Args={'settings': {'attract_started': {'target': None, 'background_color': [0.0, 0.0, 0.0, 1.0], 'priority': None, 'show': True, 'force': False, 'expire': None, 'slide': None, 'tokens': {}, 'action': 'play'}}, 'context': '_global', 'calling_context': 'mode_attract_started', 'priority': 0}
2024-05-19 12:20:39,732 : EventManager : Event: ======'game_ended'====== Args={}
2024-05-19 12:20:39,732 : mpfmc : SlidePlayer: Play called with settings={'attract_started': {'target': None, 'background_color': [0.0, 0.0, 0.0, 1.0], 'priority': None, 'show': True, 'force': False, 'expire': None, 'slide': None, 'tokens': {}, 'action': 'play'}}
2024-05-19 12:20:39,733 : EventManager : Event: ======'slide_attract_started_removed'====== Args={}
2024-05-19 12:20:39,734 : EventManager : Event: ======'slide_attract_started_created'====== Args={}
2024-05-19 12:20:39,734 : EventManager : Event: ======'slide_attract_started_active'====== Args={}
2024-05-19 12:20:50,332 : kivy : Base: Leaving application in progress...
2024-05-19 12:20:50,375 : mpfmc : Stopping...
2024-05-19 12:20:50,375 : EventManager : Event: ======'shutdown'====== Args={}
2024-05-19 12:20:50,375 : AudioInterface : Disabling audio playback
2024-05-19 12:20:50,415 : mpfmc : Loop rate 80.36 Hz
2024-05-19 12:20:50,416 : kivy : MC run loop ended.
2024-05-19 12:20:50,416 : kivy : Stopping child threads... (3 remaining)
2024-05-19 12:20:51,102 : mpfmc : Stopping...
2024-05-19 12:20:51,103 : EventManager : Event: ======'shutdown'====== Args={}
2024-05-19 12:20:51,103 : mpfmc : Loop rate 79.76 Hz
2024-05-19 12:20:51,110 : MPF-MC BCP Server : Stopping BCP sending thread
2024-05-19 12:20:51,120 : kivy : All child threads stopped.
