2024-05-19 12:16:15,860 : kivy : Factory: 186 symbols loaded
2024-05-19 12:16:15,939 : kivy : ImageLoaderFFPy: Using ffpyplayer 4.3.2
2024-05-19 12:16:15,939 : kivy : Image: Providers: img_tex, img_dds, img_sdl2, img_pil, img_ffpyplayer 
2024-05-19 12:16:15,953 : kivy : VideoFFPy: Using ffpyplayer 4.3.2
2024-05-19 12:16:15,953 : kivy : Video: Provider: ffpyplayer(['video_ffmpeg'] ignored)
2024-05-19 12:16:16,054 : kivy : Loading MPF-MC controller
2024-05-19 12:16:16,056 : YamlMultifileConfigLoader : Machine config file #1: config
2024-05-19 12:16:16,056 : ConfigProcessor : Config file in cache changed: /home/mpfuser/pinball/Futurama34/config/config
2024-05-19 12:16:16,056 : ConfigProcessor : Loading config from file /usr/local/lib/python3.7/dist-packages/mpfmc/mcconfig.yaml.
2024-05-19 12:16:16,081 : ConfigProcessor : Loading config: /usr/local/lib/python3.7/dist-packages/mpfmc/mcconfig.yaml
2024-05-19 12:16:16,082 : ConfigProcessor : Loading config from file /home/mpfuser/pinball/Futurama34/config/config.
2024-05-19 12:16:16,220 : ConfigProcessor : Loading config: /home/mpfuser/pinball/Futurama34/config/config
2024-05-19 12:16:16,223 : ConfigProcessor : Config file cache created: /tmp/b624659100f7e3be095e0e2cef41a06f.mpf_cache
2024-05-19 12:16:16,223 : ConfigProcessor : Loading config from cache: /tmp/fe71e392613673d9d3357950779c7123.mpf_cache
2024-05-19 12:16:16,223 : ConfigProcessor : Loading config from cache: /tmp/7559345efe69122f4d6fb5f65214b482.mpf_cache
2024-05-19 12:16:16,223 : ConfigProcessor : Loading config from cache: /tmp/6a69c4465e21725e3f8685a4d3753cc4.mpf_cache
2024-05-19 12:16:16,224 : ConfigProcessor : Loading config from cache: /tmp/50e83c0050a4a566a69a14c571796e91.mpf_cache
2024-05-19 12:16:16,224 : mpfmc : Mission Pinball Framework Media Controller v0.55.0
2024-05-19 12:16:16,224 : mpfmc : Mission Pinball Framework Game Engine v0.55.0
2024-05-19 12:16:16,224 : mpfmc : Machine path: /home/mpfuser/pinball/Futurama34
2024-05-19 12:16:16,224 : mpfmc : Starting clock at 60.0Hz
2024-05-19 12:16:16,230 : kivy : Text: Provider: sdl2
2024-05-19 12:16:16,248 : kivy : Window: Provider: sdl2
2024-05-19 12:16:16,321 : kivy : GL: Using the "OpenGL" graphics system
2024-05-19 12:16:16,321 : kivy : GL: Backend used <sdl2>
2024-05-19 12:16:16,321 : kivy : GL: OpenGL version <b'3.0 Mesa 18.3.6'>
2024-05-19 12:16:16,321 : kivy : GL: OpenGL vendor <b'Intel Open Source Technology Center'>
2024-05-19 12:16:16,321 : kivy : GL: OpenGL renderer <b'Mesa DRI Intel(R) UHD Graphics 610 (Coffeelake 2x6 GT1) '>
2024-05-19 12:16:16,322 : kivy : GL: OpenGL parsed version: 3, 0
2024-05-19 12:16:16,323 : kivy : GL: Shading version <b'1.30'>
2024-05-19 12:16:16,324 : kivy : GL: Texture max size <16384>
2024-05-19 12:16:16,324 : kivy : GL: Texture max units <32>
2024-05-19 12:16:16,345 : kivy : Window: auto add sdl2 input provider
2024-05-19 12:16:16,345 : kivy : Window: virtual keyboard not allowed, single mode, not docked
2024-05-19 12:16:16,352 : AudioInterface : NOTE: You may experience noise and other undesirable sound artifacts when you set your buffer at 1024 or smaller.
2024-05-19 12:16:16,600 : AudioInterface : Initialized
2024-05-19 12:16:16,600 : AudioInterface : Loaded SDL 2.0.9
2024-05-19 12:16:16,600 : AudioInterface : Loaded SDL_Mixer 2.0.4
2024-05-19 12:16:16,600 : AudioInterface : Loaded GStreamer 1.14.4.0
2024-05-19 12:16:16,600 : AudioInterface : Loaded GLib 2.58.3
2024-05-19 12:16:16,600 : AudioInterface : Settings requested - rate: 44100, channels: 1, buffer: 1024 samples
2024-05-19 12:16:16,600 : AudioInterface : Settings in use - rate: 44100, channels: 1, buffer: 1024 samples (2048 bytes @ 2 bytes per sample)
2024-05-19 12:16:16,600 : SoundSystem : Setting master volume to 0.0
2024-05-19 12:16:16,600 : SoundSystem : master_volume in sound_system is deprecated and will be removed in the future.
2024-05-19 12:16:16,601 : AudioInterface : Enabling audio playback
2024-05-19 12:16:16,607 : kivy : Base: Start application main loop
2024-05-19 12:16:16,607 : EventManager : Event: ======'display_window_initialized'====== Args={}
2024-05-19 12:16:16,620 : mpfmc : Display: Setting 'window' as default display
2024-05-19 12:16:16,624 : mpfmc : ASPECT RATIO MISMATCH: The on-screen window is not the same aspect ratio as the display called 'window'. The logical display will be scaled from 1920x1080 to the window size 800x600, and a black bar will make up the difference
2024-05-19 12:16:16,625 : EventManager : Event: ======'displays_initialized'====== Args={}
2024-05-19 12:16:16,626 : EventManager : Event: ======'slide_window_blank_created'====== Args={}
2024-05-19 12:16:16,626 : EventManager : Event: ======'display_window_ready'====== Args={}
2024-05-19 12:16:16,631 : EventManager : Event: ======'init_phase_1'====== Args={}
2024-05-19 12:16:16,639 : EventManager : Event: ======'mc_ready'====== Args={}
2024-05-19 12:16:16,639 : EventManager : Event: ======'init_phase_2'====== Args={}
2024-05-19 12:16:16,643 : EventManager : Event: ======'init_phase_3'====== Args={}
2024-05-19 12:16:16,648 : EventManager : Event: ======'init_phase_4'====== Args={}
2024-05-19 12:16:16,648 : EventManager : Event: ======'init_phase_5'====== Args={}
2024-05-19 12:16:16,684 : kivy : GL: NPOT texture support is available
2024-05-19 12:16:16,760 : EventManager : Event: ======'loading_assets'====== Args={'total': 20, 'loaded': 1, 'remaining': 19, 'percent': 5}
2024-05-19 12:16:16,761 : AssetManager : Loading assets: 1/20 (5%)
2024-05-19 12:16:17,238 : EventManager : Event: ======'loading_assets'====== Args={'total': 20, 'loaded': 14, 'remaining': 6, 'percent': 70}
2024-05-19 12:16:17,238 : AssetManager : Loading assets: 14/20 (70%)
2024-05-19 12:16:17,278 : EventManager : Event: ======'loading_assets'====== Args={'total': 20, 'loaded': 20, 'remaining': 0, 'percent': 100}
2024-05-19 12:16:17,278 : AssetManager : Asset loading took: 0.6767535209655762
2024-05-19 12:16:17,278 : EventManager : Event: ======'asset_loading_complete'====== Args={}
2024-05-19 12:16:17,278 : AssetManager : Loading assets: 20/20 (100%)
2024-05-19 12:16:17,278 : EventManager : Event: ======'init_done'====== Args={}
2024-05-19 12:16:17,278 : MPF-MC BCP Server : Starting up on localhost port 5050
2024-05-19 12:16:17,278 : MPF-MC BCP Server : Waiting for a connection...
2024-05-19 12:16:17,279 : mpfmc : SlidePlayer: Play called with settings={'slides': {welcome_slide-None-None: {'priority': None, 'target': None, 'background_color': [0.0, 0.0, 0.0, 1.0], 'show': True, 'force': False, 'expire': None, 'slide': None, 'tokens': {}, 'action': 'play', 'transition': None, 'transition_out': None}}}
2024-05-19 12:16:17,284 : EventManager : Event: ======'slide_welcome_slide_created'====== Args={}
2024-05-19 12:16:17,285 : EventManager : Event: ======'slide_welcome_slide_active'====== Args={}
2024-05-19 12:16:17,288 : EventManager : Event: ======'client_disconnected'====== Args={'host': '127.0.0.1', 'port': 5050}
2024-05-19 12:16:17,325 : MPF-MC BCP Server : Received connection from: 127.0.0.1:39304
2024-05-19 12:16:17,337 : EventManager : Event: ======'client_connected'====== Args={'host': '127.0.0.1', 'port': 39304}
2024-05-19 12:16:17,399 : EventManager : Event: ======'machine_var_p_roc_version'====== Args={'value': 2, 'prev_value': None, 'change': True}
2024-05-19 12:16:17,399 : EventManager : Event: ======'machine_var_p_roc_revision'====== Args={'value': 14, 'prev_value': None, 'change': True}
2024-05-19 12:16:17,399 : EventManager : Event: ======'machine_var_p_roc_hardware_version'====== Args={'value': 1, 'prev_value': None, 'change': True}
2024-05-19 12:16:17,399 : EventManager : Event: ======'machine_var_credits_string'====== Args={'value': 'FREE PLAY', 'prev_value': None, 'change': True}
2024-05-19 12:16:17,399 : EventManager : Event: ======'machine_var_master_volume'====== Args={'value': 0.9, 'prev_value': None, 'change': True}
2024-05-19 12:16:17,399 : EventManager : Event: ======'machine_var_player1_score'====== Args={'value': 3376, 'prev_value': None, 'change': True}
2024-05-19 12:16:17,399 : EventManager : Event: ======'machine_var_mpf_version'====== Args={'value': 'MPF v0.55.0', 'prev_value': None, 'change': True}
2024-05-19 12:16:17,399 : EventManager : Event: ======'machine_var_mpf_extended_version'====== Args={'value': 'MPF v0.55.0, Config version:5, Show version: 5, BCP version:1.1', 'prev_value': None, 'change': True}
2024-05-19 12:16:17,399 : EventManager : Event: ======'machine_var_python_version'====== Args={'value': '3.7.3', 'prev_value': None, 'change': True}
2024-05-19 12:16:17,399 : EventManager : Event: ======'machine_var_platform'====== Args={'value': 'Linux-4.19.0-20-amd64-x86_64-with-debian-10.12', 'prev_value': None, 'change': True}
2024-05-19 12:16:17,399 : EventManager : Event: ======'machine_var_platform_system'====== Args={'value': 'Linux', 'prev_value': None, 'change': True}
2024-05-19 12:16:17,399 : EventManager : Event: ======'machine_var_platform_release'====== Args={'value': '4.19.0-20-amd64', 'prev_value': None, 'change': True}
2024-05-19 12:16:17,399 : EventManager : Event: ======'machine_var_platform_version'====== Args={'value': '#1 SMP Debian 4.19.235-1 (2022-03-17)', 'prev_value': None, 'change': True}
2024-05-19 12:16:17,400 : EventManager : Event: ======'machine_var_platform_machine'====== Args={'value': 'x86_64', 'prev_value': None, 'change': True}
2024-05-19 12:16:17,400 : EventManager : Event: ======'machine_var_mc_version'====== Args={'value': 'MPF-MC v0.55.0', 'prev_value': None, 'change': True}
2024-05-19 12:16:17,400 : EventManager : Event: ======'machine_var_mc_extended_version'====== Args={'value': 'MPF-MC v0.55.0 (config_version=5, BCP v1.1, Requires MPF v0.55.0-dev.49)', 'prev_value': None, 'change': True}
2024-05-19 12:16:17,400 : EventManager : Event: ======'machine_var_audits_events_game_ended'====== Args={'value': 0, 'prev_value': None, 'change': True}
2024-05-19 12:16:17,400 : EventManager : Event: ======'machine_var_audits_events_game_started'====== Args={'value': 0, 'prev_value': None, 'change': True}
2024-05-19 12:16:17,400 : EventManager : Event: ======'machine_var_audits_player_score'====== Args={'value': {'average': 3376.0, 'top': [3376], 'total': 1}, 'prev_value': None, 'change': True}
2024-05-19 12:16:17,400 : EventManager : Event: ======'machine_var_audits_switches_s_VUK'====== Args={'value': 0, 'prev_value': None, 'change': True}
2024-05-19 12:16:17,400 : EventManager : Event: ======'machine_var_audits_switches_s_cap1'====== Args={'value': 3, 'prev_value': None, 'change': True}
2024-05-19 12:16:17,400 : SoundSystem : Setting master volume to 0.9
2024-05-19 12:16:17,411 : EventManager : Event: ======'machine_var_audits_switches_s_cap2'====== Args={'value': 1, 'prev_value': None, 'change': True}
2024-05-19 12:16:17,411 : EventManager : Event: ======'machine_var_audits_switches_s_cap3'====== Args={'value': 6, 'prev_value': None, 'change': True}
2024-05-19 12:16:17,411 : EventManager : Event: ======'machine_var_audits_switches_s_cap4'====== Args={'value': 1, 'prev_value': None, 'change': True}
2024-05-19 12:16:17,411 : EventManager : Event: ======'machine_var_audits_switches_s_dt_amy'====== Args={'value': 1, 'prev_value': None, 'change': True}
2024-05-19 12:16:17,411 : EventManager : Event: ======'machine_var_audits_switches_s_dt_hermes'====== Args={'value': 3, 'prev_value': None, 'change': True}
2024-05-19 12:16:17,411 : EventManager : Event: ======'machine_var_audits_switches_s_dt_nibbler'====== Args={'value': 0, 'prev_value': None, 'change': True}
2024-05-19 12:16:17,411 : EventManager : Event: ======'machine_var_audits_switches_s_dt_professor'====== Args={'value': 0, 'prev_value': None, 'change': True}
2024-05-19 12:16:17,411 : EventManager : Event: ======'machine_var_audits_switches_s_dt_zoidberg'====== Args={'value': 1, 'prev_value': None, 'change': True}
2024-05-19 12:16:17,411 : EventManager : Event: ======'machine_var_audits_switches_s_hedonism_bot'====== Args={'value': 0, 'prev_value': None, 'change': True}
2024-05-19 12:16:17,411 : EventManager : Event: ======'machine_var_audits_switches_s_left_flipper'====== Args={'value': 13, 'prev_value': None, 'change': True}
2024-05-19 12:16:17,411 : EventManager : Event: ======'machine_var_audits_switches_s_left_inlane'====== Args={'value': 1, 'prev_value': None, 'change': True}
2024-05-19 12:16:17,411 : EventManager : Event: ======'machine_var_audits_switches_s_left_loop'====== Args={'value': 22, 'prev_value': None, 'change': True}
2024-05-19 12:16:17,411 : EventManager : Event: ======'machine_var_audits_switches_s_left_outlane'====== Args={'value': 0, 'prev_value': None, 'change': True}
2024-05-19 12:16:17,411 : EventManager : Event: ======'machine_var_audits_switches_s_left_ramp'====== Args={'value': 1, 'prev_value': None, 'change': True}
2024-05-19 12:16:17,412 : EventManager : Event: ======'machine_var_audits_switches_s_left_sling'====== Args={'value': 5, 'prev_value': None, 'change': True}
2024-05-19 12:16:17,412 : EventManager : Event: ======'machine_var_audits_switches_s_mag_button'====== Args={'value': 7, 'prev_value': None, 'change': True}
2024-05-19 12:16:17,412 : EventManager : Event: ======'machine_var_audits_switches_s_pe_platter'====== Args={'value': 68, 'prev_value': None, 'change': True}
2024-05-19 12:16:17,412 : EventManager : Event: ======'machine_var_audits_switches_s_pop_bumper'====== Args={'value': 5, 'prev_value': None, 'change': True}
2024-05-19 12:16:17,412 : EventManager : Event: ======'machine_var_audits_switches_s_r_orbit'====== Args={'value': 3, 'prev_value': None, 'change': True}
2024-05-19 12:16:17,412 : EventManager : Event: ======'machine_var_audits_switches_s_r_outlane'====== Args={'value': 2, 'prev_value': None, 'change': True}
2024-05-19 12:16:17,412 : EventManager : Event: ======'machine_var_audits_switches_s_right_flipper'====== Args={'value': 16, 'prev_value': None, 'change': True}
2024-05-19 12:16:17,412 : EventManager : Event: ======'machine_var_audits_switches_s_right_loop'====== Args={'value': 18, 'prev_value': None, 'change': True}
2024-05-19 12:16:17,412 : EventManager : Event: ======'machine_var_audits_switches_s_right_ramp'====== Args={'value': 0, 'prev_value': None, 'change': True}
2024-05-19 12:16:17,412 : EventManager : Event: ======'machine_var_audits_switches_s_right_sling'====== Args={'value': 6, 'prev_value': None, 'change': True}
2024-05-19 12:16:17,412 : EventManager : Event: ======'machine_var_audits_switches_s_shooter_lane'====== Args={'value': 12, 'prev_value': None, 'change': True}
2024-05-19 12:16:17,412 : EventManager : Event: ======'machine_var_audits_switches_s_start'====== Args={'value': 0, 'prev_value': None, 'change': True}
2024-05-19 12:16:17,412 : EventManager : Event: ======'machine_var_audits_switches_s_t_bender'====== Args={'value': 7, 'prev_value': None, 'change': True}
2024-05-19 12:16:17,412 : EventManager : Event: ======'machine_var_audits_switches_s_t_fry'====== Args={'value': 6, 'prev_value': None, 'change': True}
2024-05-19 12:16:17,412 : EventManager : Event: ======'machine_var_audits_switches_s_t_leela'====== Args={'value': 11, 'prev_value': None, 'change': True}
2024-05-19 12:16:17,412 : EventManager : Event: ======'machine_var_audits_switches_s_trough1'====== Args={'value': 10, 'prev_value': None, 'change': True}
2024-05-19 12:16:17,412 : EventManager : Event: ======'machine_var_audits_switches_s_trough2'====== Args={'value': 6, 'prev_value': None, 'change': True}
2024-05-19 12:16:17,413 : EventManager : Event: ======'machine_var_audits_switches_s_trough3'====== Args={'value': 7, 'prev_value': None, 'change': True}
2024-05-19 12:16:17,413 : EventManager : Event: ======'machine_var_audits_switches_s_trough_jam'====== Args={'value': 10, 'prev_value': None, 'change': True}
2024-05-19 12:16:17,423 : EventManager : Event: ======'slides_play'====== Args={'settings': {'welcome_slide': {'target': None, 'background_color': [0.0, 0.0, 0.0, 1.0], 'priority': None, 'show': True, 'force': False, 'expire': None, 'slide': None, 'tokens': {}, 'action': 'play'}}, 'context': '_global', 'calling_context': 'init_done', 'priority': 0}
2024-05-19 12:16:17,423 : EventManager : Event: ======'mc_reset_phase_1'====== Args={}
2024-05-19 12:16:17,423 : mpfmc : SlidePlayer: Play called with settings={'welcome_slide': {'target': None, 'background_color': [0.0, 0.0, 0.0, 1.0], 'priority': None, 'show': True, 'force': False, 'expire': None, 'slide': None, 'tokens': {}, 'action': 'play'}}
2024-05-19 12:16:17,424 : EventManager : Event: ======'slide_welcome_slide_removed'====== Args={}
2024-05-19 12:16:17,426 : EventManager : Event: ======'slide_welcome_slide_created'====== Args={}
2024-05-19 12:16:17,427 : EventManager : Event: ======'mc_reset_phase_2'====== Args={}
2024-05-19 12:16:17,427 : EventManager : Event: ======'mc_reset_phase_3'====== Args={}
2024-05-19 12:16:17,427 : EventManager : Event: ======'mc_reset_complete'====== Args={}
2024-05-19 12:16:17,427 : EventManager : Event: ======'slide_welcome_slide_active'====== Args={}
2024-05-19 12:16:17,448 : EventManager : Event: ======'slides_play'====== Args={'settings': {'attract_started': {'target': None, 'background_color': [0.0, 0.0, 0.0, 1.0], 'priority': None, 'show': True, 'force': False, 'expire': None, 'slide': None, 'tokens': {}, 'action': 'play'}}, 'context': '_global', 'calling_context': 'mode_attract_started', 'priority': 0}
2024-05-19 12:16:17,448 : mpfmc : SlidePlayer: Play called with settings={'attract_started': {'target': None, 'background_color': [0.0, 0.0, 0.0, 1.0], 'priority': None, 'show': True, 'force': False, 'expire': None, 'slide': None, 'tokens': {}, 'action': 'play'}}
2024-05-19 12:16:17,452 : EventManager : Event: ======'slide_attract_started_created'====== Args={}
2024-05-19 12:16:17,452 : EventManager : Event: ======'slide_attract_started_active'====== Args={}
2024-05-19 12:16:35,554 : kivy : Base: Leaving application in progress...
2024-05-19 12:16:35,554 : mpfmc : Stopping...
2024-05-19 12:16:35,555 : EventManager : Event: ======'shutdown'====== Args={}
2024-05-19 12:16:35,555 : AudioInterface : Disabling audio playback
2024-05-19 12:16:35,600 : mpfmc : Loop rate 78.28 Hz
2024-05-19 12:16:35,600 : kivy : MC run loop ended.
2024-05-19 12:16:35,600 : kivy : Stopping child threads... (3 remaining)
2024-05-19 12:16:35,874 : mpfmc : Stopping...
2024-05-19 12:16:35,874 : EventManager : Event: ======'shutdown'====== Args={}
2024-05-19 12:16:35,874 : mpfmc : Loop rate 77.16 Hz
2024-05-19 12:16:35,886 : MPF-MC BCP Server : Stopping BCP sending thread
2024-05-19 12:16:36,304 : kivy : All child threads stopped.
