2024-05-19 12:12:50,839 : kivy : Factory: 186 symbols loaded
2024-05-19 12:12:50,911 : kivy : ImageLoaderFFPy: Using ffpyplayer 4.3.2
2024-05-19 12:12:50,911 : kivy : Image: Providers: img_tex, img_dds, img_sdl2, img_pil, img_ffpyplayer 
2024-05-19 12:12:50,924 : kivy : VideoFFPy: Using ffpyplayer 4.3.2
2024-05-19 12:12:50,925 : kivy : Video: Provider: ffpyplayer(['video_ffmpeg'] ignored)
2024-05-19 12:12:51,025 : kivy : Loading MPF-MC controller
2024-05-19 12:12:51,026 : YamlMultifileConfigLoader : Machine config file #1: config
2024-05-19 12:12:51,026 : ConfigProcessor : Config file in cache changed: /home/mpfuser/pinball/Futurama34/config/config
2024-05-19 12:12:51,026 : ConfigProcessor : Loading config from file /usr/local/lib/python3.7/dist-packages/mpfmc/mcconfig.yaml.
2024-05-19 12:12:51,052 : ConfigProcessor : Loading config: /usr/local/lib/python3.7/dist-packages/mpfmc/mcconfig.yaml
2024-05-19 12:12:51,052 : ConfigProcessor : Loading config from file /home/mpfuser/pinball/Futurama34/config/config.
2024-05-19 12:12:51,158 : ConfigProcessor : Loading config: /home/mpfuser/pinball/Futurama34/config/config
2024-05-19 12:12:51,159 : ConfigProcessor : Config file cache created: /tmp/b624659100f7e3be095e0e2cef41a06f.mpf_cache
2024-05-19 12:12:51,160 : ConfigProcessor : Loading config from cache: /tmp/fe71e392613673d9d3357950779c7123.mpf_cache
2024-05-19 12:12:51,160 : ConfigProcessor : Loading config from cache: /tmp/7559345efe69122f4d6fb5f65214b482.mpf_cache
2024-05-19 12:12:51,160 : ConfigProcessor : Loading config from cache: /tmp/6a69c4465e21725e3f8685a4d3753cc4.mpf_cache
2024-05-19 12:12:51,160 : ConfigProcessor : Loading config from cache: /tmp/50e83c0050a4a566a69a14c571796e91.mpf_cache
2024-05-19 12:12:51,160 : mpfmc : Mission Pinball Framework Media Controller v0.55.0
2024-05-19 12:12:51,160 : mpfmc : Mission Pinball Framework Game Engine v0.55.0
2024-05-19 12:12:51,160 : mpfmc : Machine path: /home/mpfuser/pinball/Futurama34
2024-05-19 12:12:51,160 : mpfmc : Starting clock at 60.0Hz
2024-05-19 12:12:51,164 : kivy : Text: Provider: sdl2
2024-05-19 12:12:51,179 : kivy : Window: Provider: sdl2
2024-05-19 12:12:51,246 : kivy : GL: Using the "OpenGL" graphics system
2024-05-19 12:12:51,247 : kivy : GL: Backend used <sdl2>
2024-05-19 12:12:51,247 : kivy : GL: OpenGL version <b'3.0 Mesa 18.3.6'>
2024-05-19 12:12:51,247 : kivy : GL: OpenGL vendor <b'Intel Open Source Technology Center'>
2024-05-19 12:12:51,247 : kivy : GL: OpenGL renderer <b'Mesa DRI Intel(R) UHD Graphics 610 (Coffeelake 2x6 GT1) '>
2024-05-19 12:12:51,247 : kivy : GL: OpenGL parsed version: 3, 0
2024-05-19 12:12:51,247 : kivy : GL: Shading version <b'1.30'>
2024-05-19 12:12:51,247 : kivy : GL: Texture max size <16384>
2024-05-19 12:12:51,247 : kivy : GL: Texture max units <32>
2024-05-19 12:12:51,264 : kivy : Window: auto add sdl2 input provider
2024-05-19 12:12:51,264 : kivy : Window: virtual keyboard not allowed, single mode, not docked
2024-05-19 12:12:51,266 : AudioInterface : NOTE: You may experience noise and other undesirable sound artifacts when you set your buffer at 1024 or smaller.
2024-05-19 12:12:51,534 : AudioInterface : Initialized
2024-05-19 12:12:51,534 : AudioInterface : Loaded SDL 2.0.9
2024-05-19 12:12:51,534 : AudioInterface : Loaded SDL_Mixer 2.0.4
2024-05-19 12:12:51,534 : AudioInterface : Loaded GStreamer 1.14.4.0
2024-05-19 12:12:51,534 : AudioInterface : Loaded GLib 2.58.3
2024-05-19 12:12:51,534 : AudioInterface : Settings requested - rate: 44100, channels: 1, buffer: 1024 samples
2024-05-19 12:12:51,534 : AudioInterface : Settings in use - rate: 44100, channels: 1, buffer: 1024 samples (2048 bytes @ 2 bytes per sample)
2024-05-19 12:12:51,535 : SoundSystem : Setting master volume to 0.0
2024-05-19 12:12:51,535 : SoundSystem : master_volume in sound_system is deprecated and will be removed in the future.
2024-05-19 12:12:51,535 : AudioInterface : Enabling audio playback
2024-05-19 12:12:51,542 : kivy : Base: Start application main loop
2024-05-19 12:12:51,542 : EventManager : Event: ======'display_window_initialized'====== Args={}
2024-05-19 12:12:51,554 : mpfmc : Display: Setting 'window' as default display
2024-05-19 12:12:51,559 : mpfmc : ASPECT RATIO MISMATCH: The on-screen window is not the same aspect ratio as the display called 'window'. The logical display will be scaled from 1920x1080 to the window size 800x600, and a black bar will make up the difference
2024-05-19 12:12:51,560 : EventManager : Event: ======'displays_initialized'====== Args={}
2024-05-19 12:12:51,561 : EventManager : Event: ======'slide_window_blank_created'====== Args={}
2024-05-19 12:12:51,561 : EventManager : Event: ======'display_window_ready'====== Args={}
2024-05-19 12:12:51,565 : EventManager : Event: ======'init_phase_1'====== Args={}
2024-05-19 12:12:51,570 : EventManager : Event: ======'mc_ready'====== Args={}
2024-05-19 12:12:51,570 : EventManager : Event: ======'init_phase_2'====== Args={}
2024-05-19 12:12:51,574 : EventManager : Event: ======'init_phase_3'====== Args={}
2024-05-19 12:12:51,579 : EventManager : Event: ======'init_phase_4'====== Args={}
2024-05-19 12:12:51,579 : EventManager : Event: ======'init_phase_5'====== Args={}
2024-05-19 12:12:51,654 : kivy : GL: NPOT texture support is available
2024-05-19 12:12:51,705 : EventManager : Event: ======'loading_assets'====== Args={'total': 20, 'loaded': 1, 'remaining': 19, 'percent': 5}
2024-05-19 12:12:51,705 : AssetManager : Loading assets: 1/20 (5%)
2024-05-19 12:12:52,088 : EventManager : Event: ======'loading_assets'====== Args={'total': 20, 'loaded': 14, 'remaining': 6, 'percent': 70}
2024-05-19 12:12:52,088 : AssetManager : Loading assets: 14/20 (70%)
2024-05-19 12:12:52,121 : EventManager : Event: ======'loading_assets'====== Args={'total': 20, 'loaded': 20, 'remaining': 0, 'percent': 100}
2024-05-19 12:12:52,121 : AssetManager : Asset loading took: 0.5859441757202148
2024-05-19 12:12:52,121 : EventManager : Event: ======'asset_loading_complete'====== Args={}
2024-05-19 12:12:52,121 : AssetManager : Loading assets: 20/20 (100%)
2024-05-19 12:12:52,121 : EventManager : Event: ======'init_done'====== Args={}
2024-05-19 12:12:52,121 : MPF-MC BCP Server : Starting up on localhost port 5050
2024-05-19 12:12:52,122 : MPF-MC BCP Server : Waiting for a connection...
2024-05-19 12:12:52,122 : mpfmc : SlidePlayer: Play called with settings={'slides': {welcome_slide-None-None: {'priority': None, 'target': None, 'background_color': [0.0, 0.0, 0.0, 1.0], 'show': True, 'force': False, 'expire': None, 'slide': None, 'tokens': {}, 'action': 'play', 'transition': None, 'transition_out': None}}}
2024-05-19 12:12:52,127 : EventManager : Event: ======'slide_welcome_slide_created'====== Args={}
2024-05-19 12:12:52,127 : EventManager : Event: ======'slide_welcome_slide_active'====== Args={}
2024-05-19 12:12:52,130 : EventManager : Event: ======'client_disconnected'====== Args={'host': '127.0.0.1', 'port': 5050}
