2024-05-19 12:16:15,723 : INFO : root : Loading config.
2024-05-19 12:16:15,725 : INFO : YamlMultifileConfigLoader : Machine config file #1: config.yaml
2024-05-19 12:16:15,725 : INFO : ConfigProcessor : Loading config from cache: /tmp/1fb8672a7b1f574d2a68cc1fd7061d4e.mpf_cache
2024-05-19 12:16:15,752 : INFO : ConfigProcessor : Loading config from cache: /tmp/fe71e392613673d9d3357950779c7123.mpf_cache
2024-05-19 12:16:15,752 : INFO : ConfigProcessor : Loading config from cache: /tmp/7559345efe69122f4d6fb5f65214b482.mpf_cache
2024-05-19 12:16:15,752 : INFO : ConfigProcessor : Loading config from cache: /tmp/6a69c4465e21725e3f8685a4d3753cc4.mpf_cache
2024-05-19 12:16:15,752 : INFO : ConfigProcessor : Loading config from cache: /tmp/50e83c0050a4a566a69a14c571796e91.mpf_cache
2024-05-19 12:16:15,753 : WARNING : ConfigProcessor : Config file in cache changed: /home/mpfuser/pinball/Futurama34/shows/./hypnotoad_light_pulse_show.yaml
2024-05-19 12:16:15,753 : INFO : ConfigProcessor : Loading config from file /home/mpfuser/pinball/Futurama34/shows/./hypnotoad_light_pulse_show.yaml.
2024-05-19 12:16:15,754 : INFO : ConfigProcessor : Loading config: /home/mpfuser/pinball/Futurama34/shows/./hypnotoad_light_pulse_show.yaml
2024-05-19 12:16:15,754 : INFO : ConfigProcessor : Config file cache created: /tmp/e03e7c37e48607d19a80cfced003c39b.mpf_cache
2024-05-19 12:16:15,755 : INFO : ConfigProcessor : Loading config from cache: /tmp/bef5b941d62667d3683d1d5627db689f.mpf_cache
2024-05-19 12:16:15,755 : INFO : ConfigProcessor : Loading config from cache: /tmp/ee9aee9b7d367fedcc24d98326938135.mpf_cache
2024-05-19 12:16:15,755 : INFO : ConfigProcessor : Loading config from cache: /tmp/402eafd352fad3269e441185f5b29865.mpf_cache
2024-05-19 12:16:15,755 : INFO : ConfigProcessor : Loading config from cache: /tmp/86836c98c4783c9760f5f2c4553fe6fa.mpf_cache
2024-05-19 12:16:15,755 : INFO : ConfigProcessor : Loading config from cache: /tmp/c3e478d404a2fe64015a60a388a1a284.mpf_cache
2024-05-19 12:16:15,755 : INFO : ConfigProcessor : Loading config from cache: /tmp/c47e6174fc3c00c0eaaf586b3220bf04.mpf_cache
2024-05-19 12:16:15,756 : INFO : ConfigProcessor : Loading config from cache: /tmp/6d235cc25b27dc28cd3523766f817d81.mpf_cache
2024-05-19 12:16:15,756 : INFO : ConfigProcessor : Loading config from cache: /tmp/4672cf996ad6aac44cea2925a22a9fbf.mpf_cache
2024-05-19 12:16:15,756 : INFO : ConfigProcessor : Loading config from cache: /tmp/120ee016af294cf230aa86f0167a8cac.mpf_cache
2024-05-19 12:16:15,756 : INFO : ConfigProcessor : Loading config from file /home/mpfuser/pinball/Futurama34/shows/./leela_level_up_show.yaml.
2024-05-19 12:16:15,760 : INFO : ConfigProcessor : Loading config: /home/mpfuser/pinball/Futurama34/shows/./leela_level_up_show.yaml
2024-05-19 12:16:15,760 : INFO : ConfigProcessor : Config file cache created: /tmp/7e3d9d350eeffa97926c6f40050d8db7.mpf_cache
2024-05-19 12:16:15,760 : INFO : ConfigProcessor : Loading config from file /home/mpfuser/pinball/Futurama34/shows/./fry_level_up_show.yaml.
2024-05-19 12:16:15,764 : INFO : ConfigProcessor : Loading config: /home/mpfuser/pinball/Futurama34/shows/./fry_level_up_show.yaml
2024-05-19 12:16:15,764 : INFO : ConfigProcessor : Config file cache created: /tmp/f724b0068a982ad5043ac7cb4d867f66.mpf_cache
2024-05-19 12:16:15,765 : INFO : ConfigProcessor : Loading config from file /home/mpfuser/pinball/Futurama34/modes/attract/shows/./attract_loop_show.yaml.
2024-05-19 12:16:15,838 : INFO : ConfigProcessor : Loading config: /home/mpfuser/pinball/Futurama34/modes/attract/shows/./attract_loop_show.yaml
2024-05-19 12:16:15,838 : INFO : ConfigProcessor : Config file cache created: /tmp/6a046a5868020f99cd9cb9687d3b5b3d.mpf_cache
2024-05-19 12:16:15,838 : INFO : Machine : Mission Pinball Framework Core Engine v0.55.0
2024-05-19 12:16:15,838 : INFO : Machine : Command line arguments: {'no_load_cache': False, 'create_config_cache': True, 'bcp': True, 'configfile': ['config.yaml'], 'force_assets_load': False, 'jsonlogging': False, 'logfile': 'logs/2024-05-19-12-16-15-mpf-futurama.log', 'pause': False, 'production': False, 'text_ui': True, 'loglevel': 15, 'consoleloglevel': 20, 'force_platform': None, 'syslog_address': None, 'mc_file_name': None, 'no_sound': False}
2024-05-19 12:16:15,838 : INFO : Machine : MPF path: /usr/local/lib/python3.7/dist-packages/mpf
2024-05-19 12:16:15,838 : INFO : Machine : Machine path: /home/mpfuser/pinball/Futurama34
2024-05-19 12:16:15,838 : INFO : Machine : Platform: linux
2024-05-19 12:16:15,838 : INFO : Machine : Python executable location: /usr/bin/python3
2024-05-19 12:16:15,838 : INFO : Machine : Python version: 3.7.3 (64-bit)
2024-05-19 12:16:15,839 : INFO : Machine : Initialise MPF.
2024-05-19 12:16:15,881 : INFO : P-Roc : Connecting to P-ROC
2024-05-19 12:16:16,138 : INFO : P-Roc : Successfully connected to P-ROC/P3-ROC. Firmware Version: 2. Firmware Revision: 14. Hardware Board ID: 1
2024-05-19 12:16:16,143 : INFO : EventManager : Event: ======'machine_var_p_roc_version'====== Args={'value': 2, 'prev_value': None, 'change': True}
2024-05-19 12:16:16,143 : INFO : EventManager : Event: ======'machine_var_p_roc_revision'====== Args={'value': 14, 'prev_value': None, 'change': True}
2024-05-19 12:16:16,144 : INFO : EventManager : Event: ======'machine_var_p_roc_hardware_version'====== Args={'value': 1, 'prev_value': None, 'change': True}
2024-05-19 12:16:16,144 : INFO : EventManager : Event: ======'machine_var_credits_string'====== Args={'value': 'FREE PLAY', 'prev_value': None, 'change': True}
2024-05-19 12:16:16,182 : INFO : EventManager : Event: ======'machine_var_master_volume'====== Args={'value': 0.9, 'prev_value': None, 'change': True}
2024-05-19 12:16:16,182 : INFO : EventManager : Event: ======'machine_var_player1_score'====== Args={'value': 3376, 'prev_value': None, 'change': True}
2024-05-19 12:16:16,183 : INFO : EventManager : Event: ======'machine_var_mpf_version'====== Args={'value': 'MPF v0.55.0', 'prev_value': None, 'change': True}
2024-05-19 12:16:16,183 : INFO : EventManager : Event: ======'machine_var_mpf_extended_version'====== Args={'value': 'MPF v0.55.0, Config version:5, Show version: 5, BCP version:1.1', 'prev_value': None, 'change': True}
2024-05-19 12:16:16,183 : INFO : EventManager : Event: ======'machine_var_python_version'====== Args={'value': '3.7.3', 'prev_value': None, 'change': True}
2024-05-19 12:16:16,183 : INFO : EventManager : Event: ======'machine_var_platform'====== Args={'value': 'Linux-4.19.0-20-amd64-x86_64-with-debian-10.12', 'prev_value': None, 'change': True}
2024-05-19 12:16:16,184 : INFO : EventManager : Event: ======'machine_var_platform_system'====== Args={'value': 'Linux', 'prev_value': None, 'change': True}
2024-05-19 12:16:16,184 : INFO : EventManager : Event: ======'machine_var_platform_release'====== Args={'value': '4.19.0-20-amd64', 'prev_value': None, 'change': True}
2024-05-19 12:16:16,184 : INFO : EventManager : Event: ======'machine_var_platform_version'====== Args={'value': '#1 SMP Debian 4.19.235-1 (2022-03-17)', 'prev_value': None, 'change': True}
2024-05-19 12:16:16,184 : INFO : EventManager : Event: ======'machine_var_platform_machine'====== Args={'value': 'x86_64', 'prev_value': None, 'change': True}
2024-05-19 12:16:16,184 : INFO : EventManager : Event: ======'init_phase_1'====== Args={}
2024-05-19 12:16:16,231 : INFO : EventManager : Event: ======'drop_target_bank_crew_bank_up'====== Args={}
2024-05-19 12:16:16,253 : INFO : EventManager : Event: ======'init_phase_2'====== Args={}
2024-05-19 12:16:16,271 : INFO : SwitchController : Found active switch: (30, <Platform.P3-ROC>) <switch.s_trough1>
2024-05-19 12:16:16,271 : INFO : SwitchController : Found active switch: (22, <Platform.P3-ROC>) <switch.s_dt_zoidberg>
2024-05-19 12:16:16,271 : INFO : SwitchController : Found active switch: (20, <Platform.P3-ROC>) <switch.s_dt_hermes>
2024-05-19 12:16:16,287 : INFO : EventManager : Event: ======'bcp_connection_attempt'====== Args={'name': 'local_display', 'host': 'localhost', 'port': 5050}
2024-05-19 12:16:16,291 : INFO : BCPClientSocket : Connecting BCP to 'local_display' at localhost:5050...
2024-05-19 12:16:17,325 : INFO : BCPClientSocket : Connected BCP to 'local_display' localhost:5050
2024-05-19 12:16:17,325 : INFO : EventManager : Event: ======'bcp_clients_connected'====== Args={}
2024-05-19 12:16:17,326 : INFO : ball_device.bd_trough : BCH: Initial count: 1
2024-05-19 12:16:17,326 : INFO : ball_device.bd_trough : State: idle
2024-05-19 12:16:17,327 : INFO : ball_device.bd_plunger : BCH: Initial count: 0
2024-05-19 12:16:17,327 : INFO : ball_device.bd_plunger : State: idle
2024-05-19 12:16:17,327 : INFO : ball_device.bd_VUK : BCH: Initial count: 0
2024-05-19 12:16:17,327 : INFO : ball_device.bd_VUK : State: idle
2024-05-19 12:16:17,327 : INFO : ball_device.bd_left_post : BCH: Initial count: 0
2024-05-19 12:16:17,327 : INFO : ball_device.bd_left_post : State: idle
2024-05-19 12:16:17,328 : INFO : ball_device.bd_right_post : BCH: Initial count: 0
2024-05-19 12:16:17,328 : INFO : ball_device.bd_right_post : State: idle
2024-05-19 12:16:17,365 : INFO : EventManager : Event: ======'init_phase_3'====== Args={}
2024-05-19 12:16:17,392 : INFO : EventManager : Event: ======'machine_var_mc_version'====== Args={'value': 'MPF-MC v0.55.0', 'prev_value': None, 'change': True}
2024-05-19 12:16:17,392 : INFO : EventManager : Event: ======'machine_var_mc_extended_version'====== Args={'value': 'MPF-MC v0.55.0 (config_version=5, BCP v1.1, Requires MPF v0.55.0-dev.49)', 'prev_value': None, 'change': True}
2024-05-19 12:16:17,394 : INFO : stepper.zoidberg_stepper : Homing stepper using hardware homing.
2024-05-19 12:16:17,394 : INFO : EventManager : Event: ======'init_phase_4'====== Args={}
2024-05-19 12:16:17,394 : INFO : EventManager : Event: ======'playfield_active'====== Args={}
2024-05-19 12:16:17,394 : INFO : EventManager : Event: ======'unexpected_ball_on_playfield'====== Args={}
2024-05-19 12:16:17,394 : INFO : EventManager : Event: ======'playfield_active'====== Args={}
2024-05-19 12:16:17,394 : INFO : EventManager : Event: ======'unexpected_ball_on_playfield'====== Args={}
2024-05-19 12:16:17,394 : INFO : EventManager : Event: ======'playfield_active'====== Args={}
2024-05-19 12:16:17,394 : INFO : EventManager : Event: ======'unexpected_ball_on_playfield'====== Args={}
2024-05-19 12:16:17,394 : INFO : EventManager : Event: ======'playfield_active'====== Args={}
2024-05-19 12:16:17,394 : INFO : EventManager : Event: ======'unexpected_ball_on_playfield'====== Args={}
2024-05-19 12:16:17,394 : INFO : EventManager : Event: ======'drop_target_hermes_down'====== Args={'device': <drop_target.hermes>}
2024-05-19 12:16:17,394 : INFO : EventManager : Event: ======'drop_target_bank_crew_bank_mixed'====== Args={'prev_value': <DropTargetBankState.UP: 'up'>, 'down': 1}
2024-05-19 12:16:17,394 : INFO : EventManager : Event: ======'playfield_active'====== Args={}
2024-05-19 12:16:17,394 : INFO : EventManager : Event: ======'unexpected_ball_on_playfield'====== Args={}
2024-05-19 12:16:17,394 : INFO : EventManager : Event: ======'drop_target_zoidberg_down'====== Args={'device': <drop_target.zoidberg>}
2024-05-19 12:16:17,395 : INFO : EventManager : Event: ======'drop_target_bank_crew_bank_mixed'====== Args={'prev_value': <DropTargetBankState.MIXED: 'mixed'>, 'down': 2}
2024-05-19 12:16:17,395 : INFO : BallController : Initial balls found: 1
2024-05-19 12:16:17,395 : INFO : EventManager : Event: ======'machine_var_audits_events_game_ended'====== Args={'value': 0, 'prev_value': None, 'change': True}
2024-05-19 12:16:17,396 : INFO : EventManager : Event: ======'machine_var_audits_events_game_started'====== Args={'value': 0, 'prev_value': None, 'change': True}
2024-05-19 12:16:17,396 : INFO : EventManager : Event: ======'machine_var_audits_player_score'====== Args={'value': {'average': 3376.0, 'top': [3376], 'total': 1}, 'prev_value': None, 'change': True}
2024-05-19 12:16:17,396 : INFO : EventManager : Event: ======'machine_var_audits_switches_s_VUK'====== Args={'value': 0, 'prev_value': None, 'change': True}
2024-05-19 12:16:17,396 : INFO : EventManager : Event: ======'machine_var_audits_switches_s_cap1'====== Args={'value': 3, 'prev_value': None, 'change': True}
2024-05-19 12:16:17,398 : INFO : EventManager : Event: ======'machine_var_audits_switches_s_cap2'====== Args={'value': 1, 'prev_value': None, 'change': True}
2024-05-19 12:16:17,399 : INFO : EventManager : Event: ======'machine_var_audits_switches_s_cap3'====== Args={'value': 6, 'prev_value': None, 'change': True}
2024-05-19 12:16:17,399 : INFO : EventManager : Event: ======'machine_var_audits_switches_s_cap4'====== Args={'value': 1, 'prev_value': None, 'change': True}
2024-05-19 12:16:17,400 : INFO : EventManager : Event: ======'machine_var_audits_switches_s_dt_amy'====== Args={'value': 1, 'prev_value': None, 'change': True}
2024-05-19 12:16:17,400 : INFO : EventManager : Event: ======'machine_var_audits_switches_s_dt_hermes'====== Args={'value': 3, 'prev_value': None, 'change': True}
2024-05-19 12:16:17,400 : INFO : EventManager : Event: ======'machine_var_audits_switches_s_dt_nibbler'====== Args={'value': 0, 'prev_value': None, 'change': True}
2024-05-19 12:16:17,401 : INFO : EventManager : Event: ======'machine_var_audits_switches_s_dt_professor'====== Args={'value': 0, 'prev_value': None, 'change': True}
2024-05-19 12:16:17,401 : INFO : EventManager : Event: ======'machine_var_audits_switches_s_dt_zoidberg'====== Args={'value': 1, 'prev_value': None, 'change': True}
2024-05-19 12:16:17,401 : INFO : EventManager : Event: ======'machine_var_audits_switches_s_hedonism_bot'====== Args={'value': 0, 'prev_value': None, 'change': True}
2024-05-19 12:16:17,401 : INFO : EventManager : Event: ======'machine_var_audits_switches_s_left_flipper'====== Args={'value': 13, 'prev_value': None, 'change': True}
2024-05-19 12:16:17,402 : INFO : EventManager : Event: ======'machine_var_audits_switches_s_left_inlane'====== Args={'value': 1, 'prev_value': None, 'change': True}
2024-05-19 12:16:17,402 : INFO : EventManager : Event: ======'machine_var_audits_switches_s_left_loop'====== Args={'value': 22, 'prev_value': None, 'change': True}
2024-05-19 12:16:17,402 : INFO : EventManager : Event: ======'machine_var_audits_switches_s_left_outlane'====== Args={'value': 0, 'prev_value': None, 'change': True}
2024-05-19 12:16:17,402 : INFO : EventManager : Event: ======'machine_var_audits_switches_s_left_ramp'====== Args={'value': 1, 'prev_value': None, 'change': True}
2024-05-19 12:16:17,402 : INFO : EventManager : Event: ======'machine_var_audits_switches_s_left_sling'====== Args={'value': 5, 'prev_value': None, 'change': True}
2024-05-19 12:16:17,403 : INFO : EventManager : Event: ======'machine_var_audits_switches_s_mag_button'====== Args={'value': 7, 'prev_value': None, 'change': True}
2024-05-19 12:16:17,403 : INFO : EventManager : Event: ======'machine_var_audits_switches_s_pe_platter'====== Args={'value': 68, 'prev_value': None, 'change': True}
2024-05-19 12:16:17,403 : INFO : EventManager : Event: ======'machine_var_audits_switches_s_pop_bumper'====== Args={'value': 5, 'prev_value': None, 'change': True}
2024-05-19 12:16:17,403 : INFO : EventManager : Event: ======'machine_var_audits_switches_s_r_orbit'====== Args={'value': 3, 'prev_value': None, 'change': True}
2024-05-19 12:16:17,404 : INFO : EventManager : Event: ======'machine_var_audits_switches_s_r_outlane'====== Args={'value': 2, 'prev_value': None, 'change': True}
2024-05-19 12:16:17,404 : INFO : EventManager : Event: ======'machine_var_audits_switches_s_right_flipper'====== Args={'value': 16, 'prev_value': None, 'change': True}
2024-05-19 12:16:17,404 : INFO : EventManager : Event: ======'machine_var_audits_switches_s_right_loop'====== Args={'value': 18, 'prev_value': None, 'change': True}
2024-05-19 12:16:17,405 : INFO : EventManager : Event: ======'machine_var_audits_switches_s_right_ramp'====== Args={'value': 0, 'prev_value': None, 'change': True}
2024-05-19 12:16:17,405 : INFO : EventManager : Event: ======'machine_var_audits_switches_s_right_sling'====== Args={'value': 6, 'prev_value': None, 'change': True}
2024-05-19 12:16:17,405 : INFO : EventManager : Event: ======'machine_var_audits_switches_s_shooter_lane'====== Args={'value': 12, 'prev_value': None, 'change': True}
2024-05-19 12:16:17,405 : INFO : EventManager : Event: ======'machine_var_audits_switches_s_start'====== Args={'value': 0, 'prev_value': None, 'change': True}
2024-05-19 12:16:17,406 : INFO : EventManager : Event: ======'machine_var_audits_switches_s_t_bender'====== Args={'value': 7, 'prev_value': None, 'change': True}
2024-05-19 12:16:17,406 : INFO : EventManager : Event: ======'machine_var_audits_switches_s_t_fry'====== Args={'value': 6, 'prev_value': None, 'change': True}
2024-05-19 12:16:17,406 : INFO : EventManager : Event: ======'machine_var_audits_switches_s_t_leela'====== Args={'value': 11, 'prev_value': None, 'change': True}
2024-05-19 12:16:17,408 : INFO : EventManager : Event: ======'machine_var_audits_switches_s_trough1'====== Args={'value': 10, 'prev_value': None, 'change': True}
2024-05-19 12:16:17,409 : INFO : EventManager : Event: ======'machine_var_audits_switches_s_trough2'====== Args={'value': 6, 'prev_value': None, 'change': True}
2024-05-19 12:16:17,409 : INFO : EventManager : Event: ======'machine_var_audits_switches_s_trough3'====== Args={'value': 7, 'prev_value': None, 'change': True}
2024-05-19 12:16:17,410 : INFO : EventManager : Event: ======'machine_var_audits_switches_s_trough_jam'====== Args={'value': 10, 'prev_value': None, 'change': True}
2024-05-19 12:16:17,411 : INFO : EventManager : Event: ======'init_phase_5'====== Args={}
2024-05-19 12:16:17,416 : INFO : EventManager : Event: ======'init_done'====== Args={}
2024-05-19 12:16:17,416 : INFO : EventManager : Event: ======'machine_reset_phase_1'====== Args={}
2024-05-19 12:16:17,424 : INFO : EventManager : Event: ======'slide_welcome_slide_removed'====== Args={'_from_bcp': True}
2024-05-19 12:16:17,426 : INFO : EventManager : Event: ======'slide_welcome_slide_created'====== Args={'_from_bcp': True}
2024-05-19 12:16:17,435 : INFO : stepper.zoidberg_stepper : Stepper reached home.
2024-05-19 12:16:17,435 : INFO : EventManager : Event: ======'stepper_zoidberg_stepper_ready'====== Args={'position': 0}
2024-05-19 12:16:17,435 : INFO : EventManager : Event: ======'slide_welcome_slide_active'====== Args={'_from_bcp': True}
2024-05-19 12:16:17,435 : INFO : EventManager : Event: ======'machine_reset_phase_2'====== Args={}
2024-05-19 12:16:17,435 : INFO : EventManager : Event: ======'machine_reset_phase_3'====== Args={}
2024-05-19 12:16:17,435 : INFO : drop_target_bank.crew_bank : 2 targets are down. Will reset those.
2024-05-19 12:16:17,436 : INFO : coil.c_dt_reset : Pulsing Driver for 20ms (1.0 pulse_power)
2024-05-19 12:16:17,436 : INFO : EventManager : Event: ======'diverter_post_left_deactivating'====== Args={}
2024-05-19 12:16:17,436 : INFO : coil.c_post_left : Disabling Driver
2024-05-19 12:16:17,436 : INFO : EventManager : Event: ======'diverter_post_right_deactivating'====== Args={}
2024-05-19 12:16:17,436 : INFO : coil.c_post_right : Disabling Driver
2024-05-19 12:16:17,436 : INFO : EventManager : Event: ======'reset_complete'====== Args={}
2024-05-19 12:16:17,436 : INFO : EventManager : Event: ======'mode_attract_will_start'====== Args={}
2024-05-19 12:16:17,437 : INFO : EventManager : Event: ======'mode_attract_starting'====== Args={}
2024-05-19 12:16:17,437 : INFO : Mode.attract : Started. Priority: 10
2024-05-19 12:16:17,437 : INFO : EventManager : Event: ======'modes_active_modes_changed'====== Args={}
2024-05-19 12:16:17,437 : INFO : EventManager : Event: ======'mode_attract_started'====== Args={}
2024-05-19 12:16:17,439 : INFO : EventManager : Event: ======'zoidberg_reset'====== Args={'priority': 0}
2024-05-19 12:16:17,439 : INFO : EventManager : Event: ======'collecting_balls_complete'====== Args={}
2024-05-19 12:16:17,440 : INFO : EventManager : Event: ======'stepper_zoidberg_stepper_ready'====== Args={'position': 0}
2024-05-19 12:16:17,440 : INFO : Machine : Starting the main run loop.
2024-05-19 12:16:17,453 : INFO : EventManager : Event: ======'slide_attract_started_created'====== Args={'_from_bcp': True}
2024-05-19 12:16:17,466 : INFO : SwitchController : <<<<<<< 's_dt_hermes' inactive >>>>>>>
2024-05-19 12:16:17,467 : INFO : SwitchController : <<<<<<< 's_dt_zoidberg' inactive >>>>>>>
2024-05-19 12:16:17,497 : INFO : EventManager : Event: ======'slide_attract_started_active'====== Args={'_from_bcp': True}
2024-05-19 12:16:17,941 : INFO : EventManager : Event: ======'drop_target_hermes_up'====== Args={'device': <drop_target.hermes>}
2024-05-19 12:16:17,941 : INFO : EventManager : Event: ======'drop_target_zoidberg_up'====== Args={'device': <drop_target.zoidberg>}
2024-05-19 12:16:17,942 : INFO : EventManager : Event: ======'drop_target_bank_crew_bank_up'====== Args={}
2024-05-19 12:16:35,874 : INFO : Machine : Shutting down...
2024-05-19 12:16:35,874 : INFO : EventManager : Event: ======'shutdown'====== Args={}
2024-05-19 12:16:35,902 : INFO : root : MPF run loop ended.
