2024-05-13 09:34:18,422 : INFO : root : Loading config.
2024-05-13 09:34:18,425 : INFO : YamlMultifileConfigLoader : Machine config file #1: config.yaml
2024-05-13 09:34:18,425 : INFO : ConfigProcessor : Loading config from cache: /tmp/a1ac3a016f6424d80551e58412719826.mpf_cache
2024-05-13 09:34:18,453 : INFO : ConfigProcessor : Loading config from cache: /tmp/d2309f45f00263c22cb8c5b4ec4cc881.mpf_cache
2024-05-13 09:34:18,453 : INFO : ConfigProcessor : Loading config from cache: /tmp/7559345efe69122f4d6fb5f65214b482.mpf_cache
2024-05-13 09:34:18,454 : INFO : ConfigProcessor : Loading config from cache: /tmp/1705bafe70d7ed166ffa6fbc6eff32b6.mpf_cache
2024-05-13 09:34:18,454 : INFO : ConfigProcessor : Loading config from cache: /tmp/f4afb52e5a81c0586c038bffbccda3a8.mpf_cache
2024-05-13 09:34:18,454 : INFO : ConfigProcessor : Loading config from cache: /tmp/e673d636849e9b65d988aeeaedcc2308.mpf_cache
2024-05-13 09:34:18,454 : INFO : ConfigProcessor : Loading config from cache: /tmp/1fd3fa5a2a3cce4d2f903ebd1f33b613.mpf_cache
2024-05-13 09:34:18,455 : INFO : ConfigProcessor : Loading config from file /home/mpfuser/pinball/Futurama337/shows/./ball_save_indicator_show.yaml.
2024-05-13 09:34:18,457 : INFO : ConfigProcessor : Loading config: /home/mpfuser/pinball/Futurama337/shows/./ball_save_indicator_show.yaml
2024-05-13 09:34:18,458 : INFO : ConfigProcessor : Config file cache created: /tmp/4b27dcbdbd307c56d596c9f5bdcb38f6.mpf_cache
2024-05-13 09:34:18,458 : INFO : ConfigProcessor : Loading config from cache: /tmp/443b0f17029558a07eb16f1a5797ce25.mpf_cache
2024-05-13 09:34:18,458 : INFO : ConfigProcessor : Loading config from cache: /tmp/2eca5affb57b5e78fb2953eb996a3c84.mpf_cache
2024-05-13 09:34:18,458 : INFO : ConfigProcessor : Loading config from cache: /tmp/1addde10c9588a5a3f6d737fdd11a11e.mpf_cache
2024-05-13 09:34:18,458 : INFO : ConfigProcessor : Loading config from cache: /tmp/1876950c274b9e7ea6a8c45d76a940cb.mpf_cache
2024-05-13 09:34:18,459 : INFO : ConfigProcessor : Loading config from cache: /tmp/8f7509494fc9fc6e1004eca749828db1.mpf_cache
2024-05-13 09:34:18,459 : INFO : ConfigProcessor : Loading config from cache: /tmp/cefc2bc6f058ed166b4a689d4941d80b.mpf_cache
2024-05-13 09:34:18,459 : INFO : ConfigProcessor : Loading config from cache: /tmp/41a5583746daef48401a23ecf1a259ba.mpf_cache
2024-05-13 09:34:18,459 : INFO : ConfigProcessor : Loading config from cache: /tmp/b23f0d2198bd0eb0d6e1b1a9a4c546b0.mpf_cache
2024-05-13 09:34:18,459 : INFO : ConfigProcessor : Loading config from cache: /tmp/8b80e358850df47ca9876a78861d2157.mpf_cache
2024-05-13 09:34:18,460 : INFO : Machine : Mission Pinball Framework Core Engine v0.55.0
2024-05-13 09:34:18,460 : INFO : Machine : Command line arguments: {'no_load_cache': False, 'create_config_cache': True, 'bcp': True, 'configfile': ['config.yaml'], 'force_assets_load': False, 'jsonlogging': False, 'logfile': 'logs/2024-05-13-09-34-18-mpf-futurama.log', 'pause': False, 'production': False, 'text_ui': True, 'loglevel': 15, 'consoleloglevel': 20, 'force_platform': None, 'syslog_address': None, 'mc_file_name': None, 'no_sound': False}
2024-05-13 09:34:18,460 : INFO : Machine : MPF path: /usr/local/lib/python3.7/dist-packages/mpf
2024-05-13 09:34:18,460 : INFO : Machine : Machine path: /home/mpfuser/pinball/Futurama337
2024-05-13 09:34:18,460 : INFO : Machine : Platform: linux
2024-05-13 09:34:18,460 : INFO : Machine : Python executable location: /usr/bin/python3
2024-05-13 09:34:18,460 : INFO : Machine : Python version: 3.7.3 (64-bit)
2024-05-13 09:34:18,461 : INFO : Machine : Initialise MPF.
2024-05-13 09:34:18,487 : INFO : P-Roc : Connecting to P-ROC
2024-05-13 09:34:18,541 : INFO : P-Roc : Successfully connected to P-ROC/P3-ROC. Firmware Version: 2. Firmware Revision: 14. Hardware Board ID: 1
2024-05-13 09:34:18,549 : INFO : EventManager : Event: ======'machine_var_p_roc_version'====== Args={'value': 2, 'prev_value': None, 'change': True}
2024-05-13 09:34:18,549 : INFO : EventManager : Event: ======'machine_var_p_roc_revision'====== Args={'value': 14, 'prev_value': None, 'change': True}
2024-05-13 09:34:18,549 : INFO : EventManager : Event: ======'machine_var_p_roc_hardware_version'====== Args={'value': 1, 'prev_value': None, 'change': True}
2024-05-13 09:34:18,549 : INFO : EventManager : Event: ======'machine_var_credits_string'====== Args={'value': 'FREE PLAY', 'prev_value': None, 'change': True}
2024-05-13 09:34:18,574 : INFO : EventManager : Event: ======'machine_var_master_volume'====== Args={'value': 0.9, 'prev_value': None, 'change': True}
2024-05-13 09:34:18,575 : INFO : EventManager : Event: ======'machine_var_player1_score'====== Args={'value': 3376, 'prev_value': None, 'change': True}
2024-05-13 09:34:18,575 : INFO : EventManager : Event: ======'machine_var_mpf_version'====== Args={'value': 'MPF v0.55.0', 'prev_value': None, 'change': True}
2024-05-13 09:34:18,575 : INFO : EventManager : Event: ======'machine_var_mpf_extended_version'====== Args={'value': 'MPF v0.55.0, Config version:5, Show version: 5, BCP version:1.1', 'prev_value': None, 'change': True}
2024-05-13 09:34:18,575 : INFO : EventManager : Event: ======'machine_var_python_version'====== Args={'value': '3.7.3', 'prev_value': None, 'change': True}
2024-05-13 09:34:18,575 : INFO : EventManager : Event: ======'machine_var_platform'====== Args={'value': 'Linux-4.19.0-20-amd64-x86_64-with-debian-10.12', 'prev_value': None, 'change': True}
2024-05-13 09:34:18,575 : INFO : EventManager : Event: ======'machine_var_platform_system'====== Args={'value': 'Linux', 'prev_value': None, 'change': True}
2024-05-13 09:34:18,575 : INFO : EventManager : Event: ======'machine_var_platform_release'====== Args={'value': '4.19.0-20-amd64', 'prev_value': None, 'change': True}
2024-05-13 09:34:18,575 : INFO : EventManager : Event: ======'machine_var_platform_version'====== Args={'value': '#1 SMP Debian 4.19.235-1 (2022-03-17)', 'prev_value': None, 'change': True}
2024-05-13 09:34:18,575 : INFO : EventManager : Event: ======'machine_var_platform_machine'====== Args={'value': 'x86_64', 'prev_value': None, 'change': True}
2024-05-13 09:34:18,576 : INFO : EventManager : Event: ======'init_phase_1'====== Args={}
2024-05-13 09:34:18,599 : INFO : EventManager : Event: ======'drop_target_bank_crew_bank_up'====== Args={}
2024-05-13 09:34:18,626 : INFO : EventManager : Event: ======'init_phase_2'====== Args={}
2024-05-13 09:34:18,643 : INFO : SwitchController : Found active switch: (30, <Platform.P3-ROC>) <switch.s_trough1>
2024-05-13 09:34:18,643 : INFO : SwitchController : Found active switch: (28, <Platform.P3-ROC>) <switch.s_pe_platter>
2024-05-13 09:34:18,655 : INFO : EventManager : Event: ======'bcp_connection_attempt'====== Args={'name': 'local_display', 'host': 'localhost', 'port': 5050}
2024-05-13 09:34:18,658 : INFO : BCPClientSocket : Connecting BCP to 'local_display' at localhost:5050...
2024-05-13 09:34:19,891 : INFO : BCPClientSocket : Connected BCP to 'local_display' localhost:5050
2024-05-13 09:34:19,892 : INFO : EventManager : Event: ======'bcp_clients_connected'====== Args={}
2024-05-13 09:34:19,892 : INFO : ball_device.bd_trough : BCH: Initial count: 1
2024-05-13 09:34:19,893 : INFO : ball_device.bd_trough : State: idle
2024-05-13 09:34:19,893 : INFO : EventManager : Event: ======'machine_var_mc_version'====== Args={'value': 'MPF-MC v0.55.0', 'prev_value': None, 'change': True}
2024-05-13 09:34:19,893 : INFO : EventManager : Event: ======'machine_var_mc_extended_version'====== Args={'value': 'MPF-MC v0.55.0 (config_version=5, BCP v1.1, Requires MPF v0.55.0-dev.49)', 'prev_value': None, 'change': True}
2024-05-13 09:34:19,895 : INFO : ball_device.bd_plunger : BCH: Initial count: 0
2024-05-13 09:34:19,895 : INFO : ball_device.bd_plunger : State: idle
2024-05-13 09:34:19,896 : INFO : ball_device.bd_VUK : BCH: Initial count: 0
2024-05-13 09:34:19,896 : INFO : ball_device.bd_VUK : State: idle
2024-05-13 09:34:19,896 : INFO : ball_device.bd_left_post : BCH: Initial count: 0
2024-05-13 09:34:19,896 : INFO : ball_device.bd_left_post : State: idle
2024-05-13 09:34:19,896 : INFO : ball_device.bd_right_post : BCH: Initial count: 0
2024-05-13 09:34:19,896 : INFO : ball_device.bd_right_post : State: idle
2024-05-13 09:34:19,919 : INFO : EventManager : Event: ======'init_phase_3'====== Args={}
2024-05-13 09:34:19,940 : INFO : stepper.zoidberg_stepper : Homing stepper using hardware homing.
2024-05-13 09:34:19,940 : INFO : EventManager : Event: ======'init_phase_4'====== Args={}
2024-05-13 09:34:19,940 : INFO : EventManager : Event: ======'playfield_active'====== Args={}
2024-05-13 09:34:19,940 : INFO : EventManager : Event: ======'unexpected_ball_on_playfield'====== Args={}
2024-05-13 09:34:19,940 : INFO : EventManager : Event: ======'playfield_active'====== Args={}
2024-05-13 09:34:19,940 : INFO : EventManager : Event: ======'unexpected_ball_on_playfield'====== Args={}
2024-05-13 09:34:19,940 : INFO : EventManager : Event: ======'playfield_active'====== Args={}
2024-05-13 09:34:19,940 : INFO : EventManager : Event: ======'unexpected_ball_on_playfield'====== Args={}
2024-05-13 09:34:19,940 : INFO : EventManager : Event: ======'playfield_active'====== Args={}
2024-05-13 09:34:19,940 : INFO : EventManager : Event: ======'unexpected_ball_on_playfield'====== Args={}
2024-05-13 09:34:19,940 : INFO : EventManager : Event: ======'playfield_active'====== Args={}
2024-05-13 09:34:19,940 : INFO : EventManager : Event: ======'unexpected_ball_on_playfield'====== Args={}
2024-05-13 09:34:19,941 : INFO : BallController : Initial balls found: 1
2024-05-13 09:34:19,943 : INFO : EventManager : Event: ======'machine_var_audits_events_game_ended'====== Args={'value': 0, 'prev_value': None, 'change': True}
2024-05-13 09:34:19,944 : INFO : EventManager : Event: ======'machine_var_audits_events_game_started'====== Args={'value': 0, 'prev_value': None, 'change': True}
2024-05-13 09:34:19,944 : INFO : EventManager : Event: ======'machine_var_audits_player_score'====== Args={'value': {'average': 3376.0, 'top': [3376], 'total': 1}, 'prev_value': None, 'change': True}
2024-05-13 09:34:19,944 : INFO : EventManager : Event: ======'machine_var_audits_switches_s_VUK'====== Args={'value': 0, 'prev_value': None, 'change': True}
2024-05-13 09:34:19,945 : INFO : EventManager : Event: ======'machine_var_audits_switches_s_cap1'====== Args={'value': 3, 'prev_value': None, 'change': True}
2024-05-13 09:34:19,945 : INFO : EventManager : Event: ======'machine_var_audits_switches_s_cap2'====== Args={'value': 1, 'prev_value': None, 'change': True}
2024-05-13 09:34:19,945 : INFO : EventManager : Event: ======'machine_var_audits_switches_s_cap3'====== Args={'value': 4, 'prev_value': None, 'change': True}
2024-05-13 09:34:19,945 : INFO : EventManager : Event: ======'machine_var_audits_switches_s_cap4'====== Args={'value': 0, 'prev_value': None, 'change': True}
2024-05-13 09:34:19,945 : INFO : EventManager : Event: ======'machine_var_audits_switches_s_dt_amy'====== Args={'value': 1, 'prev_value': None, 'change': True}
2024-05-13 09:34:19,946 : INFO : EventManager : Event: ======'machine_var_audits_switches_s_dt_hermes'====== Args={'value': 3, 'prev_value': None, 'change': True}
2024-05-13 09:34:19,946 : INFO : EventManager : Event: ======'machine_var_audits_switches_s_dt_nibbler'====== Args={'value': 0, 'prev_value': None, 'change': True}
2024-05-13 09:34:19,946 : INFO : EventManager : Event: ======'machine_var_audits_switches_s_dt_professor'====== Args={'value': 0, 'prev_value': None, 'change': True}
2024-05-13 09:34:19,946 : INFO : EventManager : Event: ======'machine_var_audits_switches_s_dt_zoidberg'====== Args={'value': 1, 'prev_value': None, 'change': True}
2024-05-13 09:34:19,947 : INFO : EventManager : Event: ======'machine_var_audits_switches_s_hedonism_bot'====== Args={'value': 0, 'prev_value': None, 'change': True}
2024-05-13 09:34:19,947 : INFO : EventManager : Event: ======'machine_var_audits_switches_s_left_flipper'====== Args={'value': 13, 'prev_value': None, 'change': True}
2024-05-13 09:34:19,947 : INFO : EventManager : Event: ======'machine_var_audits_switches_s_left_inlane'====== Args={'value': 1, 'prev_value': None, 'change': True}
2024-05-13 09:34:19,947 : INFO : EventManager : Event: ======'machine_var_audits_switches_s_left_loop'====== Args={'value': 22, 'prev_value': None, 'change': True}
2024-05-13 09:34:19,948 : INFO : EventManager : Event: ======'machine_var_audits_switches_s_left_outlane'====== Args={'value': 0, 'prev_value': None, 'change': True}
2024-05-13 09:34:19,948 : INFO : EventManager : Event: ======'machine_var_audits_switches_s_left_ramp'====== Args={'value': 0, 'prev_value': None, 'change': True}
2024-05-13 09:34:19,948 : INFO : EventManager : Event: ======'machine_var_audits_switches_s_left_sling'====== Args={'value': 5, 'prev_value': None, 'change': True}
2024-05-13 09:34:19,949 : INFO : EventManager : Event: ======'machine_var_audits_switches_s_mag_button'====== Args={'value': 0, 'prev_value': None, 'change': True}
2024-05-13 09:34:19,949 : INFO : EventManager : Event: ======'machine_var_audits_switches_s_pe_platter'====== Args={'value': 68, 'prev_value': None, 'change': True}
2024-05-13 09:34:19,949 : INFO : EventManager : Event: ======'machine_var_audits_switches_s_pop_bumper'====== Args={'value': 5, 'prev_value': None, 'change': True}
2024-05-13 09:34:19,950 : INFO : EventManager : Event: ======'machine_var_audits_switches_s_r_orbit'====== Args={'value': 3, 'prev_value': None, 'change': True}
2024-05-13 09:34:19,950 : INFO : EventManager : Event: ======'machine_var_audits_switches_s_r_outlane'====== Args={'value': 2, 'prev_value': None, 'change': True}
2024-05-13 09:34:19,951 : INFO : EventManager : Event: ======'machine_var_audits_switches_s_right_flipper'====== Args={'value': 16, 'prev_value': None, 'change': True}
2024-05-13 09:34:19,951 : INFO : EventManager : Event: ======'machine_var_audits_switches_s_right_loop'====== Args={'value': 18, 'prev_value': None, 'change': True}
2024-05-13 09:34:19,951 : INFO : EventManager : Event: ======'machine_var_audits_switches_s_right_ramp'====== Args={'value': 0, 'prev_value': None, 'change': True}
2024-05-13 09:34:19,951 : INFO : EventManager : Event: ======'machine_var_audits_switches_s_right_sling'====== Args={'value': 6, 'prev_value': None, 'change': True}
2024-05-13 09:34:19,952 : INFO : EventManager : Event: ======'machine_var_audits_switches_s_shooter_lane'====== Args={'value': 10, 'prev_value': None, 'change': True}
2024-05-13 09:34:19,953 : INFO : EventManager : Event: ======'machine_var_audits_switches_s_start'====== Args={'value': 0, 'prev_value': None, 'change': True}
2024-05-13 09:34:19,954 : INFO : EventManager : Event: ======'machine_var_audits_switches_s_t_bender'====== Args={'value': 2, 'prev_value': None, 'change': True}
2024-05-13 09:34:19,955 : INFO : EventManager : Event: ======'machine_var_audits_switches_s_t_fry'====== Args={'value': 1, 'prev_value': None, 'change': True}
2024-05-13 09:34:19,955 : INFO : EventManager : Event: ======'machine_var_audits_switches_s_t_leela'====== Args={'value': 6, 'prev_value': None, 'change': True}
2024-05-13 09:34:19,955 : INFO : EventManager : Event: ======'machine_var_audits_switches_s_trough1'====== Args={'value': 8, 'prev_value': None, 'change': True}
2024-05-13 09:34:19,956 : INFO : EventManager : Event: ======'machine_var_audits_switches_s_trough2'====== Args={'value': 5, 'prev_value': None, 'change': True}
2024-05-13 09:34:19,956 : INFO : EventManager : Event: ======'machine_var_audits_switches_s_trough3'====== Args={'value': 6, 'prev_value': None, 'change': True}
2024-05-13 09:34:19,956 : INFO : EventManager : Event: ======'machine_var_audits_switches_s_trough_jam'====== Args={'value': 8, 'prev_value': None, 'change': True}
2024-05-13 09:34:19,958 : INFO : EventManager : Event: ======'init_phase_5'====== Args={}
2024-05-13 09:34:19,963 : INFO : EventManager : Event: ======'init_done'====== Args={}
2024-05-13 09:34:19,963 : INFO : EventManager : Event: ======'machine_reset_phase_1'====== Args={}
2024-05-13 09:34:19,968 : INFO : EventManager : Event: ======'slide_welcome_slide_removed'====== Args={'_from_bcp': True}
2024-05-13 09:34:20,015 : INFO : EventManager : Event: ======'slide_welcome_slide_created'====== Args={'_from_bcp': True}
2024-05-13 09:34:20,015 : INFO : EventManager : Event: ======'slide_welcome_slide_active'====== Args={'_from_bcp': True}
2024-05-13 09:34:20,015 : INFO : EventManager : Event: ======'machine_reset_phase_2'====== Args={}
2024-05-13 09:34:20,015 : INFO : EventManager : Event: ======'machine_reset_phase_3'====== Args={}
2024-05-13 09:34:20,015 : INFO : drop_target_bank.crew_bank : All targets are already up. Will not reset bank.
2024-05-13 09:34:20,015 : INFO : EventManager : Event: ======'diverter_post_left_deactivating'====== Args={}
2024-05-13 09:34:20,015 : INFO : coil.c_post_left : Disabling Driver
2024-05-13 09:34:20,016 : INFO : EventManager : Event: ======'diverter_post_right_deactivating'====== Args={}
2024-05-13 09:34:20,016 : INFO : coil.c_post_right : Disabling Driver
2024-05-13 09:34:20,016 : INFO : EventManager : Event: ======'reset_complete'====== Args={}
2024-05-13 09:34:20,016 : INFO : EventManager : Event: ======'mode_attract_will_start'====== Args={}
2024-05-13 09:34:20,016 : INFO : EventManager : Event: ======'mode_attract_starting'====== Args={}
2024-05-13 09:34:20,016 : INFO : Mode.attract : Started. Priority: 10
2024-05-13 09:34:20,016 : INFO : EventManager : Event: ======'modes_active_modes_changed'====== Args={}
2024-05-13 09:34:20,016 : INFO : EventManager : Event: ======'mode_attract_started'====== Args={}
2024-05-13 09:34:20,019 : INFO : EventManager : Event: ======'zoidberg_reset'====== Args={'priority': 0}
2024-05-13 09:34:20,019 : INFO : EventManager : Event: ======'collecting_balls_complete'====== Args={}
2024-05-13 09:34:20,019 : INFO : Machine : Starting the main run loop.
2024-05-13 09:34:20,033 : INFO : EventManager : Event: ======'slide_attract_started_created'====== Args={'_from_bcp': True}
2024-05-13 09:34:20,071 : INFO : EventManager : Event: ======'slide_attract_started_active'====== Args={'_from_bcp': True}
2024-05-13 09:34:30,013 : INFO : SwitchController : <<<<<<< 's_start' active >>>>>>>
2024-05-13 09:34:30,102 : INFO : SwitchController : <<<<<<< 's_start' inactive >>>>>>>
2024-05-13 09:34:30,103 : INFO : EventManager : Event: ======'request_to_start_game'====== Args={}
2024-05-13 09:34:30,103 : INFO : EventManager : Event: ======'game_start'====== Args={'buttons': [], 'hold_time': 0.08896483299997726}
2024-05-13 09:34:30,103 : INFO : EventManager : Event: ======'mode_game_will_start'====== Args={'buttons': [], 'hold_time': 0.08896483299997726}
2024-05-13 09:34:30,104 : INFO : EventManager : Event: ======'mode_game_starting'====== Args={'buttons': [], 'hold_time': 0.08896483299997726}
2024-05-13 09:34:30,104 : INFO : EventManager : Event: ======'mode_attract_will_stop'====== Args={}
2024-05-13 09:34:30,104 : INFO : EventManager : Event: ======'mode_attract_stopping'====== Args={}
2024-05-13 09:34:30,105 : INFO : Mode.attract : Stopped.
2024-05-13 09:34:30,105 : INFO : EventManager : Event: ======'modes_active_modes_changed'====== Args={}
2024-05-13 09:34:30,109 : INFO : EventManager : Event: ======'mode_attract_stopped'====== Args={}
2024-05-13 09:34:30,109 : INFO : EventManager : Event: ======'clear'====== Args={'key': 'attract'}
2024-05-13 09:34:30,109 : INFO : Mode.game : Started. Priority: 20
2024-05-13 09:34:30,109 : INFO : EventManager : Event: ======'modes_active_modes_changed'====== Args={}
2024-05-13 09:34:30,109 : INFO : EventManager : Event: ======'mode_game_started'====== Args={'buttons': [], 'hold_time': 0.08896483299997726}
2024-05-13 09:34:30,112 : INFO : EventManager : Event: ======'game_will_start'====== Args={}
2024-05-13 09:34:30,112 : INFO : EventManager : Event: ======'game_starting'====== Args={'game': <Mode.game>}
2024-05-13 09:34:30,113 : INFO : EventManager : Event: ======'player_add_request'====== Args={}
2024-05-13 09:34:30,117 : INFO : EventManager : Event: ======'player_will_add'====== Args={'number': 1}
2024-05-13 09:34:30,118 : INFO : EventManager : Event: ======'player_adding'====== Args={'player': <Player 1>, 'number': 1}
2024-05-13 09:34:30,118 : INFO : EventManager : Event: ======'player_added'====== Args={'player': <Player 1>, 'num': 1}
2024-05-13 09:34:30,118 : INFO : Mode.game : Player added successfully. Total players: 1
2024-05-13 09:34:30,120 : INFO : EventManager : Event: ======'player_index'====== Args={'value': 0, 'prev_value': 0, 'change': 0, 'player_num': 1}
2024-05-13 09:34:30,121 : INFO : EventManager : Event: ======'player_number'====== Args={'value': 1, 'prev_value': 1, 'change': 0, 'player_num': 1}
2024-05-13 09:34:30,121 : INFO : EventManager : Event: ======'player_leela_level'====== Args={'value': 0, 'prev_value': 0, 'change': 0, 'player_num': 1}
2024-05-13 09:34:30,121 : INFO : EventManager : Event: ======'player_leela_xp'====== Args={'value': 0, 'prev_value': 0, 'change': 0, 'player_num': 1}
2024-05-13 09:34:30,121 : INFO : EventManager : Event: ======'player_leela_multiplier'====== Args={'value': 1, 'prev_value': 1, 'change': 0, 'player_num': 1}
2024-05-13 09:34:30,121 : INFO : EventManager : Event: ======'player_fry_level'====== Args={'value': 0, 'prev_value': 0, 'change': 0, 'player_num': 1}
2024-05-13 09:34:30,121 : INFO : EventManager : Event: ======'player_fry_xp'====== Args={'value': 0, 'prev_value': 0, 'change': 0, 'player_num': 1}
2024-05-13 09:34:30,122 : INFO : EventManager : Event: ======'player_fry_multiplier'====== Args={'value': 1, 'prev_value': 1, 'change': 0, 'player_num': 1}
2024-05-13 09:34:30,122 : INFO : EventManager : Event: ======'player_bender_level'====== Args={'value': 0, 'prev_value': 0, 'change': 0, 'player_num': 1}
2024-05-13 09:34:30,122 : INFO : EventManager : Event: ======'player_bender_xp'====== Args={'value': 0, 'prev_value': 0, 'change': 0, 'player_num': 1}
2024-05-13 09:34:30,123 : INFO : EventManager : Event: ======'player_bender_multiplier'====== Args={'value': 1, 'prev_value': 1, 'change': 0, 'player_num': 1}
2024-05-13 09:34:30,123 : INFO : EventManager : Event: ======'player_amy_level'====== Args={'value': 0, 'prev_value': 0, 'change': 0, 'player_num': 1}
2024-05-13 09:34:30,123 : INFO : EventManager : Event: ======'player_amy_xp'====== Args={'value': 0, 'prev_value': 0, 'change': 0, 'player_num': 1}
2024-05-13 09:34:30,123 : INFO : EventManager : Event: ======'player_amy_multiplier'====== Args={'value': 1, 'prev_value': 1, 'change': 0, 'player_num': 1}
2024-05-13 09:34:30,124 : INFO : EventManager : Event: ======'player_hermes_level'====== Args={'value': 0, 'prev_value': 0, 'change': 0, 'player_num': 1}
2024-05-13 09:34:30,124 : INFO : EventManager : Event: ======'player_hermes_xp'====== Args={'value': 0, 'prev_value': 0, 'change': 0, 'player_num': 1}
2024-05-13 09:34:30,124 : INFO : EventManager : Event: ======'player_hermes_multiplier'====== Args={'value': 1, 'prev_value': 1, 'change': 0, 'player_num': 1}
2024-05-13 09:34:30,124 : INFO : EventManager : Event: ======'player_zoidberg_level'====== Args={'value': 0, 'prev_value': 0, 'change': 0, 'player_num': 1}
2024-05-13 09:34:30,125 : INFO : EventManager : Event: ======'player_zoidberg_xp'====== Args={'value': 0, 'prev_value': 0, 'change': 0, 'player_num': 1}
2024-05-13 09:34:30,125 : INFO : EventManager : Event: ======'player_zoidberg_multiplier'====== Args={'value': 1, 'prev_value': 1, 'change': 0, 'player_num': 1}
2024-05-13 09:34:30,125 : INFO : EventManager : Event: ======'player_nibbler_level'====== Args={'value': 0, 'prev_value': 0, 'change': 0, 'player_num': 1}
2024-05-13 09:34:30,125 : INFO : EventManager : Event: ======'player_nibbler_xp'====== Args={'value': 0, 'prev_value': 0, 'change': 0, 'player_num': 1}
2024-05-13 09:34:30,125 : INFO : EventManager : Event: ======'player_nibbler_multiplier'====== Args={'value': 1, 'prev_value': 1, 'change': 0, 'player_num': 1}
2024-05-13 09:34:30,126 : INFO : EventManager : Event: ======'player_professor_level'====== Args={'value': 0, 'prev_value': 0, 'change': 0, 'player_num': 1}
2024-05-13 09:34:30,126 : INFO : EventManager : Event: ======'player_professor_xp'====== Args={'value': 0, 'prev_value': 0, 'change': 0, 'player_num': 1}
2024-05-13 09:34:30,126 : INFO : EventManager : Event: ======'player_professor_multiplier'====== Args={'value': 1, 'prev_value': 1, 'change': 0, 'player_num': 1}
2024-05-13 09:34:30,126 : INFO : EventManager : Event: ======'player_dark_matter'====== Args={'value': 1, 'prev_value': 1, 'change': 0, 'player_num': 1}
2024-05-13 09:34:30,126 : INFO : EventManager : Event: ======'player_crew_multiplier'====== Args={'value': 1, 'prev_value': 1, 'change': 0, 'player_num': 1}
2024-05-13 09:34:30,127 : INFO : EventManager : Event: ======'player_platter_long_counter'====== Args={'value': 1, 'prev_value': 1, 'change': 0, 'player_num': 1}
2024-05-13 09:34:30,127 : INFO : EventManager : Event: ======'player_platter_short_counter'====== Args={'value': 1, 'prev_value': 1, 'change': 0, 'player_num': 1}
2024-05-13 09:34:30,127 : INFO : EventManager : Event: ======'player_slurm_caps'====== Args={'value': 0, 'prev_value': 0, 'change': 0, 'player_num': 1}
2024-05-13 09:34:30,127 : INFO : EventManager : Event: ======'player_pop_bumper_hits'====== Args={'value': 1, 'prev_value': 1, 'change': 0, 'player_num': 1}
2024-05-13 09:34:30,128 : INFO : EventManager : Event: ======'player_fuel_level'====== Args={'value': 'empty_gauge', 'prev_value': 'empty_gauge', 'change': False, 'player_num': 1}
2024-05-13 09:34:30,128 : INFO : EventManager : Event: ======'player_hypnotoad_saves'====== Args={'value': 0, 'prev_value': 0, 'change': 0, 'player_num': 1}
2024-05-13 09:34:30,128 : INFO : EventManager : Event: ======'player_score'====== Args={'value': 0, 'prev_value': 0, 'change': 0, 'player_num': 1}
2024-05-13 09:34:30,129 : INFO : EventManager : Event: ======'game_started'====== Args={}
2024-05-13 09:34:30,132 : INFO : EventManager : Event: ======'player_turn_will_start'====== Args={'player': <Player 1>, 'number': 1}
2024-05-13 09:34:30,132 : INFO : EventManager : Event: ======'player_turn_starting'====== Args={'player': <Player 1>, 'number': 1}
2024-05-13 09:34:30,132 : INFO : EventManager : Event: ======'player_ball'====== Args={'value': 1, 'prev_value': 0, 'change': 1, 'player_num': 1}
2024-05-13 09:34:30,133 : INFO : EventManager : Event: ======'player_turn_started'====== Args={'player': <Player 1>, 'number': 1}
2024-05-13 09:34:30,133 : INFO : EventManager : Event: ======'ball_will_start'====== Args={'player': 1, 'ball': 1, 'balls_remaining': 2, 'is_extra_ball': False}
2024-05-13 09:34:30,133 : INFO : EventManager : Event: ======'ball_starting'====== Args={'player': 1, 'ball': 1, 'balls_remaining': 2, 'is_extra_ball': False}
2024-05-13 09:34:30,133 : INFO : drop_target_bank.crew_bank : All targets are already up. Will not reset bank.
2024-05-13 09:34:30,134 : INFO : EventManager : Event: ======'balls_in_play'====== Args={'balls': 1}
2024-05-13 09:34:30,134 : INFO : EventManager : Event: ======'ball_started'====== Args={'player': 1, 'ball': 1, 'balls_remaining': 2, 'is_extra_ball': False}
2024-05-13 09:34:30,134 : INFO : EventManager : Event: ======'mode_base_will_start'====== Args={'player': 1, 'ball': 1, 'balls_remaining': 2, 'is_extra_ball': False}
2024-05-13 09:34:30,134 : INFO : EventManager : Event: ======'empty_tank'====== Args={}
2024-05-13 09:34:30,145 : INFO : EventManager : Event: ======'mode_base_starting'====== Args={'player': 1, 'ball': 1, 'balls_remaining': 2, 'is_extra_ball': False}
2024-05-13 09:34:30,147 : INFO : Mode.base : Started. Priority: 100
2024-05-13 09:34:30,147 : INFO : EventManager : Event: ======'modes_active_modes_changed'====== Args={}
2024-05-13 09:34:30,147 : INFO : EventManager : Event: ======'mode_base_started'====== Args={'player': 1, 'ball': 1, 'balls_remaining': 2, 'is_extra_ball': False}
2024-05-13 09:34:30,147 : INFO : EventManager : Event: ======'ball_save_ball_start_ball_save_enabled'====== Args={}
2024-05-13 09:34:30,148 : INFO : EventManager : Event: ======'zoidberg_l1'====== Args={'priority': 0}
2024-05-13 09:34:30,148 : INFO : EventManager : Event: ======'player_platter_short_counter'====== Args={'value': 0, 'prev_value': 1, 'change': -1, 'player_num': 1}
2024-05-13 09:34:30,150 : INFO : EventManager : Event: ======'single_player_ball_started'====== Args={}
2024-05-13 09:34:30,161 : INFO : EventManager : Event: ======'ball_start_target'====== Args={'target': 'playfield'}
2024-05-13 09:34:30,161 : INFO : ball_device.bd_plunger : Setting up player-controlled eject. Balls: 1, Target: <playfield.playfield>, player_controlled_eject_event: None
2024-05-13 09:34:30,161 : INFO : EventManager : Event: ======'balldevice_balls_available'====== Args={}
2024-05-13 09:34:30,162 : INFO : ball_device.bd_trough : State: waiting_for_target_ready
2024-05-13 09:34:30,162 : INFO : EventManager : Event: ======'balldevice_bd_trough_ball_eject_attempt'====== Args={'balls': 1, 'target': <ball_device.bd_plunger>, 'source': <ball_device.bd_trough>, 'mechanical_eject': True, 'num_attempts': 0}
2024-05-13 09:34:30,162 : INFO : ball_device.bd_plunger : State: waiting_for_ball
2024-05-13 09:34:30,162 : INFO : ball_device.bd_trough : State: ejecting
2024-05-13 09:34:30,162 : INFO : ball_device.bd_trough : Ejecting ball to <ball_device.bd_plunger>
2024-05-13 09:34:30,162 : INFO : EventManager : Event: ======'balldevice_bd_trough_ejecting_ball'====== Args={'balls': 1, 'target': <ball_device.bd_plunger>, 'source': <ball_device.bd_trough>, 'mechanical_eject': True, 'num_attempts': 0}
2024-05-13 09:34:30,162 : INFO : ball_device.bd_trough : Wait for ball to leave device
2024-05-13 09:34:30,163 : INFO : coil.c_trough_eject : Pulsing Driver for 15ms (1.0 pulse_power)
2024-05-13 09:34:30,175 : INFO : EventManager : Event: ======'slide_base_slide_created'====== Args={'_from_bcp': True}
2024-05-13 09:34:30,199 : INFO : SwitchController : <<<<<<< 's_trough_jam' active >>>>>>>
2024-05-13 09:34:30,199 : INFO : EventManager : Event: ======'machine_var_audits_switches_s_trough_jam'====== Args={'value': 9, 'prev_value': 8, 'change': 1}
2024-05-13 09:34:30,200 : WARNING : SwitchController : Received duplicate switch state 1 for switch s_trough1 from the platform interface. Log Code: Log-SwitchController-1 (https://docs.missionpinball.org/en/0.55/logs/Log-SwitchController-1.html)
2024-05-13 09:34:30,205 : INFO : EventManager : Event: ======'slide_base_slide_active'====== Args={'_from_bcp': True}
2024-05-13 09:34:30,216 : INFO : SwitchController : <<<<<<< 's_trough1' inactive >>>>>>>
2024-05-13 09:34:30,216 : INFO : SwitchController : <<<<<<< 's_trough_jam' inactive >>>>>>>
2024-05-13 09:34:30,216 : WARNING : SwitchController : Received duplicate switch state 0 for switch s_trough1 from the platform interface. Log Code: Log-SwitchController-1 (https://docs.missionpinball.org/en/0.55/logs/Log-SwitchController-1.html)
2024-05-13 09:34:30,217 : INFO : ball_device.bd_trough : State: ball_left
2024-05-13 09:34:30,217 : INFO : ball_device.bd_trough : Ball left
2024-05-13 09:34:30,217 : INFO : ball_device.bd_trough : Wait for confirm with timeout 3.0
2024-05-13 09:34:30,443 : INFO : SwitchController : <<<<<<< 's_shooter_lane' active >>>>>>>
2024-05-13 09:34:30,443 : INFO : EventManager : Event: ======'s_shooter_lane_active'====== Args={}
2024-05-13 09:34:30,443 : INFO : EventManager : Event: ======'machine_var_audits_switches_s_shooter_lane'====== Args={'value': 11, 'prev_value': 10, 'change': 1}
2024-05-13 09:34:30,947 : INFO : ball_device.bd_plunger : Received ball from <ball_device.bd_trough>
2024-05-13 09:34:30,948 : INFO : EventManager : Event: ======'balldevice_bd_plunger_ball_enter'====== Args={'new_balls': 1, 'unclaimed_balls': 0, 'new_available_balls': 0, 'device': <ball_device.bd_plunger>}
2024-05-13 09:34:30,949 : INFO : EventManager : Event: ======'balldevice_bd_plunger_ball_entered'====== Args={'new_balls': 0, 'device': <ball_device.bd_plunger>}
2024-05-13 09:34:30,949 : INFO : EventManager : Event: ======'balldevice_bd_plunger_ball_count_changed'====== Args={'balls': 1}
2024-05-13 09:34:30,949 : INFO : ball_device.bd_trough : Got eject confirm
2024-05-13 09:34:30,949 : INFO : ball_device.bd_trough : Eject successful
2024-05-13 09:34:30,949 : INFO : EventManager : Event: ======'balldevice_bd_trough_ball_eject_success'====== Args={'balls': 1, 'target': <ball_device.bd_plunger>}
2024-05-13 09:34:30,949 : INFO : ball_device.bd_plunger : State: waiting_for_target_ready
2024-05-13 09:34:30,949 : INFO : EventManager : Event: ======'balldevice_bd_plunger_ball_eject_attempt'====== Args={'balls': 1, 'target': <playfield.playfield>, 'source': <ball_device.bd_plunger>, 'mechanical_eject': True, 'num_attempts': 0}
2024-05-13 09:34:30,950 : INFO : EventManager : Event: ======'balldevice_bd_trough_ball_count_changed'====== Args={'balls': 0}
2024-05-13 09:34:30,950 : INFO : ball_device.bd_trough : State: idle
2024-05-13 09:34:30,950 : INFO : ball_device.bd_plunger : State: ejecting
2024-05-13 09:34:30,950 : INFO : ball_device.bd_plunger : Ejecting ball to <playfield.playfield>
2024-05-13 09:34:30,951 : INFO : EventManager : Event: ======'balldevice_bd_plunger_ejecting_ball'====== Args={'balls': 1, 'target': <playfield.playfield>, 'source': <ball_device.bd_plunger>, 'mechanical_eject': True, 'num_attempts': 0}
2024-05-13 09:34:30,951 : INFO : ball_device.bd_plunger : Wait for ball to leave device
2024-05-13 09:34:31,545 : INFO : SwitchController : <<<<<<< 's_shooter_lane' inactive >>>>>>>
2024-05-13 09:34:31,545 : INFO : EventManager : Event: ======'s_shooter_lane_inactive'====== Args={}
2024-05-13 09:34:31,546 : INFO : EventManager : Event: ======'ball_save_ball_start_ball_save_timer_start'====== Args={}
2024-05-13 09:34:31,547 : INFO : ball_device.bd_plunger : State: ball_left
2024-05-13 09:34:31,547 : INFO : ball_device.bd_plunger : Ball left
2024-05-13 09:34:31,547 : INFO : ball_device.bd_plunger : Wait for confirm with timeout 3.0
2024-05-13 09:34:32,254 : INFO : SwitchController : <<<<<<< 's_cap3' active >>>>>>>
2024-05-13 09:34:32,255 : INFO : EventManager : Event: ======'s_cap3_active'====== Args={}
2024-05-13 09:34:32,255 : INFO : EventManager : Event: ======'sw_playfield_active'====== Args={}
2024-05-13 09:34:32,255 : INFO : EventManager : Event: ======'machine_var_audits_switches_s_cap3'====== Args={'value': 5, 'prev_value': 4, 'change': 1}
2024-05-13 09:34:32,256 : INFO : EventManager : Event: ======'player_score'====== Args={'value': 50, 'prev_value': 0, 'change': 50, 'player_num': 1}
2024-05-13 09:34:32,262 : INFO : EventManager : Event: ======'player_slurm_caps'====== Args={'value': 1, 'prev_value': 0, 'change': 1, 'player_num': 1}
2024-05-13 09:34:32,263 : INFO : EventManager : Event: ======'playfield_active'====== Args={}
2024-05-13 09:34:32,263 : INFO : ball_device.bd_plunger : Got eject confirm
2024-05-13 09:34:32,263 : INFO : ball_device.bd_plunger : Eject successful
2024-05-13 09:34:32,263 : INFO : EventManager : Event: ======'balldevice_bd_plunger_ball_eject_success'====== Args={'balls': 1, 'target': <playfield.playfield>}
2024-05-13 09:34:32,263 : INFO : EventManager : Event: ======'balldevice_playfield_ball_enter'====== Args={'new_balls': 1, 'unclaimed_balls': 1, 'device': <playfield.playfield>}
2024-05-13 09:34:32,263 : INFO : EventManager : Event: ======'playfield_ball_count_change'====== Args={'balls': 1, 'change': 1}
2024-05-13 09:34:32,264 : INFO : EventManager : Event: ======'balldevice_bd_plunger_ball_count_changed'====== Args={'balls': 0}
2024-05-13 09:34:32,264 : INFO : ball_device.bd_plunger : State: idle
2024-05-13 09:34:32,286 : INFO : SwitchController : <<<<<<< 's_cap3' inactive >>>>>>>
2024-05-13 09:34:34,641 : WARNING : SwitchController : Received duplicate switch state 0 for switch s_trough3 from the platform interface. Log Code: Log-SwitchController-1 (https://docs.missionpinball.org/en/0.55/logs/Log-SwitchController-1.html)
2024-05-13 09:34:35,022 : INFO : SwitchController : <<<<<<< 's_trough3' active >>>>>>>
2024-05-13 09:34:35,022 : INFO : EventManager : Event: ======'machine_var_audits_switches_s_trough3'====== Args={'value': 7, 'prev_value': 6, 'change': 1}
2024-05-13 09:34:35,073 : INFO : SwitchController : <<<<<<< 's_trough3' inactive >>>>>>>
2024-05-13 09:34:35,111 : INFO : SwitchController : <<<<<<< 's_trough2' active >>>>>>>
2024-05-13 09:34:35,112 : INFO : EventManager : Event: ======'machine_var_audits_switches_s_trough2'====== Args={'value': 6, 'prev_value': 5, 'change': 1}
2024-05-13 09:34:35,138 : INFO : SwitchController : <<<<<<< 's_trough2' inactive >>>>>>>
2024-05-13 09:34:35,165 : INFO : SwitchController : <<<<<<< 's_trough1' active >>>>>>>
2024-05-13 09:34:35,165 : INFO : EventManager : Event: ======'machine_var_audits_switches_s_trough1'====== Args={'value': 9, 'prev_value': 8, 'change': 1}
2024-05-13 09:34:35,547 : INFO : EventManager : Event: ======'ball_save_ball_start_ball_save_hurry_up'====== Args={}
2024-05-13 09:34:35,666 : INFO : EventManager : Event: ======'balldevice_bd_trough_ball_count_changed'====== Args={'balls': 1}
2024-05-13 09:34:35,667 : INFO : ball_device.bd_trough : Received unexpected ball
2024-05-13 09:34:35,667 : INFO : EventManager : Event: ======'balldevice_captured_from_playfield'====== Args={'balls': 1}
2024-05-13 09:34:35,667 : INFO : EventManager : Event: ======'sw_playfield_active'====== Args={'balls': 1}
2024-05-13 09:34:35,667 : INFO : EventManager : Event: ======'playfield_ball_count_change'====== Args={'balls': 0, 'change': -1}
2024-05-13 09:34:35,668 : INFO : EventManager : Event: ======'balldevice_bd_trough_ball_enter'====== Args={'new_balls': 1, 'unclaimed_balls': 1, 'new_available_balls': 1, 'device': <ball_device.bd_trough>}
2024-05-13 09:34:35,668 : INFO : EventManager : Event: ======'ball_drain'====== Args={'device': <ball_device.bd_trough>, 'balls': 1}
2024-05-13 09:34:35,668 : INFO : EventManager : Event: ======'ball_save_ball_start_ball_save_saving_ball'====== Args={'balls': 1, 'early_save': False}
2024-05-13 09:34:35,668 : INFO : ball_device.bd_plunger : Adding 1 ball(s) to the eject_queue with target <playfield.playfield>.
2024-05-13 09:34:35,669 : INFO : EventManager : Event: ======'ball_save_ball_start_ball_save_disabled'====== Args={}
2024-05-13 09:34:35,672 : INFO : EventManager : Event: ======'balldevice_balls_available'====== Args={}
2024-05-13 09:34:35,672 : INFO : EventManager : Event: ======'balldevice_bd_trough_ball_entered'====== Args={'new_balls': 1, 'device': <ball_device.bd_trough>}
2024-05-13 09:34:35,673 : INFO : EventManager : Event: ======'balldevice_balls_available'====== Args={}
2024-05-13 09:34:35,674 : INFO : ball_device.bd_trough : State: waiting_for_target_ready
2024-05-13 09:34:35,674 : INFO : EventManager : Event: ======'balldevice_bd_trough_ball_eject_attempt'====== Args={'balls': 1, 'target': <ball_device.bd_plunger>, 'source': <ball_device.bd_trough>, 'mechanical_eject': False, 'num_attempts': 0}
2024-05-13 09:34:35,674 : INFO : ball_device.bd_plunger : State: waiting_for_ball
2024-05-13 09:34:35,674 : INFO : ball_device.bd_trough : State: ejecting
2024-05-13 09:34:35,675 : INFO : ball_device.bd_trough : Ejecting ball to <ball_device.bd_plunger>
2024-05-13 09:34:35,675 : INFO : EventManager : Event: ======'balldevice_bd_trough_ejecting_ball'====== Args={'balls': 1, 'target': <ball_device.bd_plunger>, 'source': <ball_device.bd_trough>, 'mechanical_eject': False, 'num_attempts': 0}
2024-05-13 09:34:35,675 : INFO : ball_device.bd_trough : Wait for ball to leave device
2024-05-13 09:34:35,675 : INFO : coil.c_trough_eject : Pulsing Driver for 15ms (1.0 pulse_power)
2024-05-13 09:34:35,713 : INFO : SwitchController : <<<<<<< 's_trough1' inactive >>>>>>>
2024-05-13 09:34:35,715 : INFO : SwitchController : <<<<<<< 's_trough_jam' active >>>>>>>
2024-05-13 09:34:35,715 : INFO : EventManager : Event: ======'machine_var_audits_switches_s_trough_jam'====== Args={'value': 10, 'prev_value': 9, 'change': 1}
2024-05-13 09:34:35,719 : INFO : ball_device.bd_trough : State: ball_left
2024-05-13 09:34:35,719 : INFO : ball_device.bd_trough : Ball left
2024-05-13 09:34:35,719 : INFO : ball_device.bd_trough : Wait for confirm with timeout 3.0
2024-05-13 09:34:35,746 : INFO : SwitchController : <<<<<<< 's_trough1' active >>>>>>>
2024-05-13 09:34:35,746 : INFO : EventManager : Event: ======'machine_var_audits_switches_s_trough1'====== Args={'value': 10, 'prev_value': 9, 'change': 1}
2024-05-13 09:34:35,747 : INFO : SwitchController : <<<<<<< 's_trough_jam' inactive >>>>>>>
2024-05-13 09:34:35,747 : INFO : SwitchController : <<<<<<< 's_trough1' inactive >>>>>>>
2024-05-13 09:34:35,982 : INFO : SwitchController : <<<<<<< 's_shooter_lane' active >>>>>>>
2024-05-13 09:34:35,982 : INFO : EventManager : Event: ======'s_shooter_lane_active'====== Args={}
2024-05-13 09:34:35,983 : INFO : EventManager : Event: ======'machine_var_audits_switches_s_shooter_lane'====== Args={'value': 12, 'prev_value': 11, 'change': 1}
2024-05-13 09:34:36,482 : INFO : ball_device.bd_plunger : Received ball from <ball_device.bd_trough>
2024-05-13 09:34:36,482 : INFO : EventManager : Event: ======'balldevice_bd_plunger_ball_enter'====== Args={'new_balls': 1, 'unclaimed_balls': 0, 'new_available_balls': 0, 'device': <ball_device.bd_plunger>}
2024-05-13 09:34:36,483 : INFO : EventManager : Event: ======'balldevice_bd_plunger_ball_entered'====== Args={'new_balls': 0, 'device': <ball_device.bd_plunger>}
2024-05-13 09:34:36,483 : INFO : EventManager : Event: ======'balldevice_bd_plunger_ball_count_changed'====== Args={'balls': 1}
2024-05-13 09:34:36,483 : INFO : ball_device.bd_trough : Got eject confirm
2024-05-13 09:34:36,483 : INFO : ball_device.bd_trough : Eject successful
2024-05-13 09:34:36,483 : INFO : EventManager : Event: ======'balldevice_bd_trough_ball_eject_success'====== Args={'balls': 1, 'target': <ball_device.bd_plunger>}
2024-05-13 09:34:36,483 : INFO : ball_device.bd_plunger : State: waiting_for_target_ready
2024-05-13 09:34:36,483 : INFO : EventManager : Event: ======'balldevice_bd_plunger_ball_eject_attempt'====== Args={'balls': 1, 'target': <playfield.playfield>, 'source': <ball_device.bd_plunger>, 'mechanical_eject': False, 'num_attempts': 0}
2024-05-13 09:34:36,483 : INFO : EventManager : Event: ======'balldevice_bd_trough_ball_count_changed'====== Args={'balls': 0}
2024-05-13 09:34:36,483 : INFO : ball_device.bd_trough : State: idle
2024-05-13 09:34:36,484 : INFO : ball_device.bd_plunger : State: ejecting
2024-05-13 09:34:36,484 : INFO : ball_device.bd_plunger : Ejecting ball to <playfield.playfield>
2024-05-13 09:34:36,484 : INFO : EventManager : Event: ======'balldevice_bd_plunger_ejecting_ball'====== Args={'balls': 1, 'target': <playfield.playfield>, 'source': <ball_device.bd_plunger>, 'mechanical_eject': False, 'num_attempts': 0}
2024-05-13 09:34:36,485 : INFO : ball_device.bd_plunger : Wait for ball to leave device
2024-05-13 09:34:36,485 : INFO : coil.c_plunger : Pulsing Driver for 20ms (1.0 pulse_power)
2024-05-13 09:34:36,512 : INFO : SwitchController : <<<<<<< 's_shooter_lane' inactive >>>>>>>
2024-05-13 09:34:36,513 : INFO : EventManager : Event: ======'s_shooter_lane_inactive'====== Args={}
2024-05-13 09:34:36,514 : INFO : ball_device.bd_plunger : State: ball_left
2024-05-13 09:34:36,514 : INFO : ball_device.bd_plunger : Ball left
2024-05-13 09:34:36,514 : INFO : ball_device.bd_plunger : Wait for confirm with timeout 3.0
2024-05-13 09:34:37,003 : INFO : SwitchController : <<<<<<< 's_cap3' active >>>>>>>
2024-05-13 09:34:37,003 : INFO : EventManager : Event: ======'s_cap3_active'====== Args={}
2024-05-13 09:34:37,003 : INFO : EventManager : Event: ======'sw_playfield_active'====== Args={}
2024-05-13 09:34:37,003 : INFO : EventManager : Event: ======'machine_var_audits_switches_s_cap3'====== Args={'value': 6, 'prev_value': 5, 'change': 1}
2024-05-13 09:34:37,004 : INFO : SwitchController : <<<<<<< 's_cap3' inactive >>>>>>>
2024-05-13 09:34:37,004 : INFO : EventManager : Event: ======'player_score'====== Args={'value': 100, 'prev_value': 50, 'change': 50, 'player_num': 1}
2024-05-13 09:34:37,004 : INFO : EventManager : Event: ======'player_slurm_caps'====== Args={'value': 2, 'prev_value': 1, 'change': 1, 'player_num': 1}
2024-05-13 09:34:37,005 : INFO : EventManager : Event: ======'playfield_active'====== Args={}
2024-05-13 09:34:37,005 : INFO : ball_device.bd_plunger : Got eject confirm
2024-05-13 09:34:37,005 : INFO : ball_device.bd_plunger : Eject successful
2024-05-13 09:34:37,005 : INFO : EventManager : Event: ======'balldevice_bd_plunger_ball_eject_success'====== Args={'balls': 1, 'target': <playfield.playfield>}
2024-05-13 09:34:37,005 : INFO : EventManager : Event: ======'balldevice_playfield_ball_enter'====== Args={'new_balls': 1, 'unclaimed_balls': 1, 'device': <playfield.playfield>}
2024-05-13 09:34:37,005 : INFO : EventManager : Event: ======'playfield_ball_count_change'====== Args={'balls': 1, 'change': 1}
2024-05-13 09:34:37,005 : INFO : EventManager : Event: ======'balldevice_bd_plunger_ball_count_changed'====== Args={'balls': 0}
2024-05-13 09:34:37,005 : INFO : ball_device.bd_plunger : State: idle
2024-05-13 09:34:40,149 : INFO : EventManager : Event: ======'zoidberg_r1'====== Args={'priority': 0}
2024-05-13 09:34:41,106 : INFO : SwitchController : <<<<<<< 's_cap4' active >>>>>>>
2024-05-13 09:34:41,106 : INFO : EventManager : Event: ======'s_cap4_active'====== Args={}
2024-05-13 09:34:41,106 : INFO : EventManager : Event: ======'sw_playfield_active'====== Args={}
2024-05-13 09:34:41,106 : INFO : EventManager : Event: ======'machine_var_audits_switches_s_cap4'====== Args={'value': 1, 'prev_value': 0, 'change': 1}
2024-05-13 09:34:41,111 : INFO : EventManager : Event: ======'player_score'====== Args={'value': 110, 'prev_value': 100, 'change': 10, 'player_num': 1}
2024-05-13 09:34:41,112 : INFO : EventManager : Event: ======'player_slurm_caps'====== Args={'value': 3, 'prev_value': 2, 'change': 1, 'player_num': 1}
2024-05-13 09:34:41,130 : WARNING : SwitchController : Received duplicate switch state 1 for switch s_cap4 from the platform interface. Log Code: Log-SwitchController-1 (https://docs.missionpinball.org/en/0.55/logs/Log-SwitchController-1.html)
2024-05-13 09:34:41,162 : INFO : SwitchController : <<<<<<< 's_cap4' inactive >>>>>>>
2024-05-13 09:34:43,906 : INFO : SwitchController : <<<<<<< 's_t_leela' active >>>>>>>
2024-05-13 09:34:43,907 : INFO : EventManager : Event: ======'s_t_leela_active'====== Args={}
2024-05-13 09:34:43,907 : INFO : EventManager : Event: ======'sw_playfield_active'====== Args={}
2024-05-13 09:34:43,907 : INFO : EventManager : Event: ======'machine_var_audits_switches_s_t_leela'====== Args={'value': 7, 'prev_value': 6, 'change': 1}
2024-05-13 09:34:43,908 : INFO : EventManager : Event: ======'player_score'====== Args={'value': 210, 'prev_value': 110, 'change': 100, 'player_num': 1}
2024-05-13 09:34:43,914 : INFO : EventManager : Event: ======'player_leela_xp'====== Args={'value': 1, 'prev_value': 0, 'change': 1, 'player_num': 1}
2024-05-13 09:34:43,992 : INFO : SwitchController : <<<<<<< 's_t_leela' inactive >>>>>>>
2024-05-13 09:34:44,008 : INFO : SwitchController : <<<<<<< 's_t_leela' active >>>>>>>
2024-05-13 09:34:44,008 : INFO : EventManager : Event: ======'s_t_leela_active'====== Args={}
2024-05-13 09:34:44,008 : INFO : EventManager : Event: ======'sw_playfield_active'====== Args={}
2024-05-13 09:34:44,008 : INFO : EventManager : Event: ======'machine_var_audits_switches_s_t_leela'====== Args={'value': 8, 'prev_value': 7, 'change': 1}
2024-05-13 09:34:44,009 : INFO : EventManager : Event: ======'player_score'====== Args={'value': 310, 'prev_value': 210, 'change': 100, 'player_num': 1}
2024-05-13 09:34:44,009 : INFO : EventManager : Event: ======'player_leela_xp'====== Args={'value': 2, 'prev_value': 1, 'change': 1, 'player_num': 1}
2024-05-13 09:34:44,030 : INFO : SwitchController : <<<<<<< 's_t_leela' inactive >>>>>>>
2024-05-13 09:34:44,965 : INFO : SwitchController : <<<<<<< 's_t_leela' active >>>>>>>
2024-05-13 09:34:44,966 : INFO : EventManager : Event: ======'s_t_leela_active'====== Args={}
2024-05-13 09:34:44,966 : INFO : EventManager : Event: ======'sw_playfield_active'====== Args={}
2024-05-13 09:34:44,967 : INFO : EventManager : Event: ======'machine_var_audits_switches_s_t_leela'====== Args={'value': 9, 'prev_value': 8, 'change': 1}
2024-05-13 09:34:44,969 : INFO : EventManager : Event: ======'player_score'====== Args={'value': 410, 'prev_value': 310, 'change': 100, 'player_num': 1}
2024-05-13 09:34:44,969 : INFO : EventManager : Event: ======'player_leela_xp'====== Args={'value': 3, 'prev_value': 2, 'change': 1, 'player_num': 1}
2024-05-13 09:34:45,102 : INFO : SwitchController : <<<<<<< 's_t_leela' inactive >>>>>>>
2024-05-13 09:34:46,035 : INFO : SwitchController : <<<<<<< 's_t_leela' active >>>>>>>
2024-05-13 09:34:46,035 : INFO : EventManager : Event: ======'s_t_leela_active'====== Args={}
2024-05-13 09:34:46,035 : INFO : EventManager : Event: ======'sw_playfield_active'====== Args={}
2024-05-13 09:34:46,036 : INFO : EventManager : Event: ======'machine_var_audits_switches_s_t_leela'====== Args={'value': 10, 'prev_value': 9, 'change': 1}
2024-05-13 09:34:46,037 : INFO : EventManager : Event: ======'player_score'====== Args={'value': 510, 'prev_value': 410, 'change': 100, 'player_num': 1}
2024-05-13 09:34:46,037 : INFO : EventManager : Event: ======'player_leela_xp'====== Args={'value': 4, 'prev_value': 3, 'change': 1, 'player_num': 1}
2024-05-13 09:34:46,195 : INFO : SwitchController : <<<<<<< 's_t_leela' inactive >>>>>>>
2024-05-13 09:34:47,412 : INFO : SwitchController : <<<<<<< 's_t_leela' active >>>>>>>
2024-05-13 09:34:47,412 : INFO : EventManager : Event: ======'s_t_leela_active'====== Args={}
2024-05-13 09:34:47,413 : INFO : EventManager : Event: ======'sw_playfield_active'====== Args={}
2024-05-13 09:34:47,413 : INFO : EventManager : Event: ======'machine_var_audits_switches_s_t_leela'====== Args={'value': 11, 'prev_value': 10, 'change': 1}
2024-05-13 09:34:47,414 : INFO : EventManager : Event: ======'leela_level1'====== Args={'priority': 0}
2024-05-13 09:34:47,414 : INFO : EventManager : Event: ======'player_score'====== Args={'value': 610, 'prev_value': 510, 'change': 100, 'player_num': 1}
2024-05-13 09:34:47,414 : INFO : EventManager : Event: ======'player_leela_xp'====== Args={'value': 5, 'prev_value': 4, 'change': 1, 'player_num': 1}
2024-05-13 09:34:47,415 : INFO : EventManager : Event: ======'player_leela_level'====== Args={'value': 1, 'prev_value': 0, 'change': 1, 'player_num': 1}
2024-05-13 09:34:47,416 : INFO : EventManager : Event: ======'player_leela_multiplier'====== Args={'value': 2, 'prev_value': 1, 'change': 1, 'player_num': 1}
2024-05-13 09:34:47,589 : INFO : SwitchController : <<<<<<< 's_t_leela' inactive >>>>>>>
2024-05-13 09:35:00,149 : INFO : EventManager : Event: ======'zoidberg_reset'====== Args={'priority': 0}
2024-05-13 09:35:00,456 : INFO : SwitchController : <<<<<<< 's_t_fry' active >>>>>>>
2024-05-13 09:35:00,457 : INFO : EventManager : Event: ======'s_t_fry_active'====== Args={}
2024-05-13 09:35:00,457 : INFO : EventManager : Event: ======'sw_playfield_active'====== Args={}
2024-05-13 09:35:00,457 : INFO : EventManager : Event: ======'machine_var_audits_switches_s_t_fry'====== Args={'value': 2, 'prev_value': 1, 'change': 1}
2024-05-13 09:35:00,458 : INFO : EventManager : Event: ======'player_score'====== Args={'value': 710, 'prev_value': 610, 'change': 100, 'player_num': 1}
2024-05-13 09:35:00,463 : INFO : EventManager : Event: ======'player_fry_xp'====== Args={'value': 1, 'prev_value': 0, 'change': 1, 'player_num': 1}
2024-05-13 09:35:00,672 : INFO : SwitchController : <<<<<<< 's_t_fry' inactive >>>>>>>
2024-05-13 09:35:01,508 : INFO : SwitchController : <<<<<<< 's_t_fry' active >>>>>>>
2024-05-13 09:35:01,508 : INFO : EventManager : Event: ======'s_t_fry_active'====== Args={}
2024-05-13 09:35:01,508 : INFO : EventManager : Event: ======'sw_playfield_active'====== Args={}
2024-05-13 09:35:01,509 : INFO : EventManager : Event: ======'machine_var_audits_switches_s_t_fry'====== Args={'value': 3, 'prev_value': 2, 'change': 1}
2024-05-13 09:35:01,509 : INFO : EventManager : Event: ======'player_score'====== Args={'value': 810, 'prev_value': 710, 'change': 100, 'player_num': 1}
2024-05-13 09:35:01,509 : INFO : EventManager : Event: ======'player_fry_xp'====== Args={'value': 2, 'prev_value': 1, 'change': 1, 'player_num': 1}
2024-05-13 09:35:01,664 : INFO : SwitchController : <<<<<<< 's_t_fry' inactive >>>>>>>
2024-05-13 09:35:02,451 : INFO : SwitchController : <<<<<<< 's_t_fry' active >>>>>>>
2024-05-13 09:35:02,451 : INFO : EventManager : Event: ======'s_t_fry_active'====== Args={}
2024-05-13 09:35:02,451 : INFO : EventManager : Event: ======'sw_playfield_active'====== Args={}
2024-05-13 09:35:02,452 : INFO : EventManager : Event: ======'machine_var_audits_switches_s_t_fry'====== Args={'value': 4, 'prev_value': 3, 'change': 1}
2024-05-13 09:35:02,453 : INFO : EventManager : Event: ======'player_score'====== Args={'value': 910, 'prev_value': 810, 'change': 100, 'player_num': 1}
2024-05-13 09:35:02,453 : INFO : EventManager : Event: ======'player_fry_xp'====== Args={'value': 3, 'prev_value': 2, 'change': 1, 'player_num': 1}
2024-05-13 09:35:02,605 : INFO : SwitchController : <<<<<<< 's_t_fry' inactive >>>>>>>
2024-05-13 09:35:03,449 : INFO : SwitchController : <<<<<<< 's_t_fry' active >>>>>>>
2024-05-13 09:35:03,449 : INFO : EventManager : Event: ======'s_t_fry_active'====== Args={}
2024-05-13 09:35:03,449 : INFO : EventManager : Event: ======'sw_playfield_active'====== Args={}
2024-05-13 09:35:03,450 : INFO : EventManager : Event: ======'machine_var_audits_switches_s_t_fry'====== Args={'value': 5, 'prev_value': 4, 'change': 1}
2024-05-13 09:35:03,451 : INFO : EventManager : Event: ======'player_score'====== Args={'value': 1010, 'prev_value': 910, 'change': 100, 'player_num': 1}
2024-05-13 09:35:03,451 : INFO : EventManager : Event: ======'player_fry_xp'====== Args={'value': 4, 'prev_value': 3, 'change': 1, 'player_num': 1}
2024-05-13 09:35:03,629 : INFO : SwitchController : <<<<<<< 's_t_fry' inactive >>>>>>>
2024-05-13 09:35:05,075 : INFO : SwitchController : <<<<<<< 's_t_fry' active >>>>>>>
2024-05-13 09:35:05,075 : INFO : EventManager : Event: ======'s_t_fry_active'====== Args={}
2024-05-13 09:35:05,075 : INFO : EventManager : Event: ======'sw_playfield_active'====== Args={}
2024-05-13 09:35:05,076 : INFO : EventManager : Event: ======'machine_var_audits_switches_s_t_fry'====== Args={'value': 6, 'prev_value': 5, 'change': 1}
2024-05-13 09:35:05,083 : INFO : EventManager : Event: ======'fry_level1'====== Args={'priority': 0}
2024-05-13 09:35:05,083 : INFO : EventManager : Event: ======'player_score'====== Args={'value': 1110, 'prev_value': 1010, 'change': 100, 'player_num': 1}
2024-05-13 09:35:05,083 : INFO : EventManager : Event: ======'player_fry_xp'====== Args={'value': 5, 'prev_value': 4, 'change': 1, 'player_num': 1}
2024-05-13 09:35:05,090 : INFO : EventManager : Event: ======'player_fry_level'====== Args={'value': 1, 'prev_value': 0, 'change': 1, 'player_num': 1}
2024-05-13 09:35:05,090 : INFO : EventManager : Event: ======'player_fry_multiplier'====== Args={'value': 2, 'prev_value': 1, 'change': 1, 'player_num': 1}
2024-05-13 09:35:05,228 : INFO : SwitchController : <<<<<<< 's_t_fry' inactive >>>>>>>
2024-05-13 09:35:09,451 : INFO : SwitchController : <<<<<<< 's_t_bender' active >>>>>>>
2024-05-13 09:35:09,451 : INFO : EventManager : Event: ======'s_t_bender_active'====== Args={}
2024-05-13 09:35:09,451 : INFO : EventManager : Event: ======'sw_playfield_active'====== Args={}
2024-05-13 09:35:09,451 : INFO : EventManager : Event: ======'machine_var_audits_switches_s_t_bender'====== Args={'value': 3, 'prev_value': 2, 'change': 1}
2024-05-13 09:35:09,452 : INFO : EventManager : Event: ======'player_score'====== Args={'value': 1210, 'prev_value': 1110, 'change': 100, 'player_num': 1}
2024-05-13 09:35:09,456 : INFO : EventManager : Event: ======'player_bender_xp'====== Args={'value': 1, 'prev_value': 0, 'change': 1, 'player_num': 1}
2024-05-13 09:35:09,739 : INFO : SwitchController : <<<<<<< 's_t_bender' inactive >>>>>>>
2024-05-13 09:35:10,149 : INFO : EventManager : Event: ======'zoidberg_l1'====== Args={'priority': 0}
2024-05-13 09:35:10,487 : INFO : SwitchController : <<<<<<< 's_t_bender' active >>>>>>>
2024-05-13 09:35:10,488 : INFO : EventManager : Event: ======'s_t_bender_active'====== Args={}
2024-05-13 09:35:10,488 : INFO : EventManager : Event: ======'sw_playfield_active'====== Args={}
2024-05-13 09:35:10,488 : INFO : EventManager : Event: ======'machine_var_audits_switches_s_t_bender'====== Args={'value': 4, 'prev_value': 3, 'change': 1}
2024-05-13 09:35:10,489 : INFO : EventManager : Event: ======'player_score'====== Args={'value': 1310, 'prev_value': 1210, 'change': 100, 'player_num': 1}
2024-05-13 09:35:10,492 : INFO : EventManager : Event: ======'player_bender_xp'====== Args={'value': 2, 'prev_value': 1, 'change': 1, 'player_num': 1}
2024-05-13 09:35:10,664 : INFO : SwitchController : <<<<<<< 's_t_bender' inactive >>>>>>>
2024-05-13 09:35:11,390 : INFO : SwitchController : <<<<<<< 's_t_bender' active >>>>>>>
2024-05-13 09:35:11,390 : INFO : EventManager : Event: ======'s_t_bender_active'====== Args={}
2024-05-13 09:35:11,390 : INFO : EventManager : Event: ======'sw_playfield_active'====== Args={}
2024-05-13 09:35:11,390 : INFO : EventManager : Event: ======'machine_var_audits_switches_s_t_bender'====== Args={'value': 5, 'prev_value': 4, 'change': 1}
2024-05-13 09:35:11,391 : INFO : EventManager : Event: ======'player_score'====== Args={'value': 1410, 'prev_value': 1310, 'change': 100, 'player_num': 1}
2024-05-13 09:35:11,391 : INFO : EventManager : Event: ======'player_bender_xp'====== Args={'value': 3, 'prev_value': 2, 'change': 1, 'player_num': 1}
2024-05-13 09:35:11,563 : INFO : SwitchController : <<<<<<< 's_t_bender' inactive >>>>>>>
2024-05-13 09:35:12,235 : INFO : SwitchController : <<<<<<< 's_t_bender' active >>>>>>>
2024-05-13 09:35:12,235 : INFO : EventManager : Event: ======'s_t_bender_active'====== Args={}
2024-05-13 09:35:12,235 : INFO : EventManager : Event: ======'sw_playfield_active'====== Args={}
2024-05-13 09:35:12,235 : INFO : EventManager : Event: ======'machine_var_audits_switches_s_t_bender'====== Args={'value': 6, 'prev_value': 5, 'change': 1}
2024-05-13 09:35:12,237 : INFO : EventManager : Event: ======'player_score'====== Args={'value': 1510, 'prev_value': 1410, 'change': 100, 'player_num': 1}
2024-05-13 09:35:12,237 : INFO : EventManager : Event: ======'player_bender_xp'====== Args={'value': 4, 'prev_value': 3, 'change': 1, 'player_num': 1}
2024-05-13 09:35:12,412 : INFO : SwitchController : <<<<<<< 's_t_bender' inactive >>>>>>>
2024-05-13 09:35:13,019 : INFO : SwitchController : <<<<<<< 's_t_bender' active >>>>>>>
2024-05-13 09:35:13,020 : INFO : EventManager : Event: ======'s_t_bender_active'====== Args={}
2024-05-13 09:35:13,020 : INFO : EventManager : Event: ======'sw_playfield_active'====== Args={}
2024-05-13 09:35:13,020 : INFO : EventManager : Event: ======'machine_var_audits_switches_s_t_bender'====== Args={'value': 7, 'prev_value': 6, 'change': 1}
2024-05-13 09:35:13,021 : INFO : EventManager : Event: ======'bender_level1'====== Args={'priority': 0}
2024-05-13 09:35:13,021 : INFO : EventManager : Event: ======'player_score'====== Args={'value': 1610, 'prev_value': 1510, 'change': 100, 'player_num': 1}
2024-05-13 09:35:13,022 : INFO : EventManager : Event: ======'player_bender_xp'====== Args={'value': 5, 'prev_value': 4, 'change': 1, 'player_num': 1}
2024-05-13 09:35:13,022 : INFO : EventManager : Event: ======'player_bender_level'====== Args={'value': 1, 'prev_value': 0, 'change': 1, 'player_num': 1}
2024-05-13 09:35:13,022 : INFO : EventManager : Event: ======'player_bender_multiplier'====== Args={'value': 2, 'prev_value': 1, 'change': 1, 'player_num': 1}
2024-05-13 09:35:13,198 : INFO : SwitchController : <<<<<<< 's_t_bender' inactive >>>>>>>
2024-05-13 09:35:17,394 : INFO : SwitchController : <<<<<<< 's_mag_button' active >>>>>>>
2024-05-13 09:35:17,395 : INFO : EventManager : Event: ======'s_mag_button_active'====== Args={}
2024-05-13 09:35:17,395 : INFO : EventManager : Event: ======'machine_var_audits_switches_s_mag_button'====== Args={'value': 1, 'prev_value': 0, 'change': 1}
2024-05-13 09:35:17,754 : INFO : SwitchController : <<<<<<< 's_mag_button' inactive >>>>>>>
2024-05-13 09:35:17,754 : INFO : EventManager : Event: ======'s_mag_button_inactive'====== Args={}
2024-05-13 09:35:17,962 : INFO : SwitchController : <<<<<<< 's_mag_button' active >>>>>>>
2024-05-13 09:35:17,963 : INFO : EventManager : Event: ======'s_mag_button_active'====== Args={}
2024-05-13 09:35:17,963 : INFO : EventManager : Event: ======'machine_var_audits_switches_s_mag_button'====== Args={'value': 2, 'prev_value': 1, 'change': 1}
2024-05-13 09:35:18,613 : INFO : SwitchController : <<<<<<< 's_mag_button' inactive >>>>>>>
2024-05-13 09:35:18,613 : INFO : EventManager : Event: ======'s_mag_button_inactive'====== Args={}
2024-05-13 09:35:18,793 : INFO : SwitchController : <<<<<<< 's_mag_button' active >>>>>>>
2024-05-13 09:35:18,793 : INFO : EventManager : Event: ======'s_mag_button_active'====== Args={}
2024-05-13 09:35:18,794 : INFO : EventManager : Event: ======'machine_var_audits_switches_s_mag_button'====== Args={'value': 3, 'prev_value': 2, 'change': 1}
2024-05-13 09:35:19,369 : INFO : SwitchController : <<<<<<< 's_mag_button' inactive >>>>>>>
2024-05-13 09:35:19,369 : INFO : EventManager : Event: ======'s_mag_button_inactive'====== Args={}
2024-05-13 09:35:19,701 : INFO : SwitchController : <<<<<<< 's_mag_button' active >>>>>>>
2024-05-13 09:35:19,702 : INFO : EventManager : Event: ======'s_mag_button_active'====== Args={}
2024-05-13 09:35:19,702 : INFO : EventManager : Event: ======'machine_var_audits_switches_s_mag_button'====== Args={'value': 4, 'prev_value': 3, 'change': 1}
2024-05-13 09:35:20,149 : INFO : EventManager : Event: ======'zoidberg_r1'====== Args={'priority': 0}
2024-05-13 09:35:20,314 : INFO : SwitchController : <<<<<<< 's_mag_button' inactive >>>>>>>
2024-05-13 09:35:20,316 : INFO : EventManager : Event: ======'s_mag_button_inactive'====== Args={}
2024-05-13 09:35:21,855 : INFO : SwitchController : <<<<<<< 's_mag_button' active >>>>>>>
2024-05-13 09:35:21,855 : INFO : EventManager : Event: ======'s_mag_button_active'====== Args={}
2024-05-13 09:35:21,855 : INFO : EventManager : Event: ======'machine_var_audits_switches_s_mag_button'====== Args={'value': 5, 'prev_value': 4, 'change': 1}
2024-05-13 09:35:22,401 : INFO : EventManager : Event: ======'hypnotoad_save_timeout'====== Args={}
2024-05-13 09:35:22,965 : INFO : EventManager : Event: ======'hypnotoad_save_timeout'====== Args={}
2024-05-13 09:35:23,099 : INFO : SwitchController : <<<<<<< 's_mag_button' inactive >>>>>>>
2024-05-13 09:35:23,100 : INFO : EventManager : Event: ======'s_mag_button_inactive'====== Args={}
2024-05-13 09:35:23,797 : INFO : EventManager : Event: ======'hypnotoad_save_timeout'====== Args={}
2024-05-13 09:35:24,704 : INFO : EventManager : Event: ======'hypnotoad_save_timeout'====== Args={}
2024-05-13 09:35:24,716 : INFO : SwitchController : <<<<<<< 's_mag_button' active >>>>>>>
2024-05-13 09:35:24,716 : INFO : EventManager : Event: ======'s_mag_button_active'====== Args={}
2024-05-13 09:35:24,716 : INFO : EventManager : Event: ======'machine_var_audits_switches_s_mag_button'====== Args={'value': 6, 'prev_value': 5, 'change': 1}
2024-05-13 09:35:25,591 : INFO : SwitchController : <<<<<<< 's_mag_button' inactive >>>>>>>
2024-05-13 09:35:25,591 : INFO : EventManager : Event: ======'s_mag_button_inactive'====== Args={}
2024-05-13 09:35:26,866 : INFO : EventManager : Event: ======'hypnotoad_save_timeout'====== Args={}
2024-05-13 09:35:27,546 : INFO : SwitchController : <<<<<<< 's_mag_button' active >>>>>>>
2024-05-13 09:35:27,546 : INFO : EventManager : Event: ======'s_mag_button_active'====== Args={}
2024-05-13 09:35:27,547 : INFO : EventManager : Event: ======'machine_var_audits_switches_s_mag_button'====== Args={'value': 7, 'prev_value': 6, 'change': 1}
2024-05-13 09:35:28,594 : INFO : SwitchController : <<<<<<< 's_mag_button' inactive >>>>>>>
2024-05-13 09:35:28,595 : INFO : EventManager : Event: ======'s_mag_button_inactive'====== Args={}
2024-05-13 09:35:29,718 : INFO : EventManager : Event: ======'hypnotoad_save_timeout'====== Args={}
2024-05-13 09:35:32,559 : INFO : EventManager : Event: ======'hypnotoad_save_timeout'====== Args={}
2024-05-13 09:35:40,152 : INFO : EventManager : Event: ======'zoidberg_reset'====== Args={'priority': 0}
2024-05-13 09:35:50,149 : INFO : EventManager : Event: ======'zoidberg_l1'====== Args={'priority': 0}
2024-05-13 09:36:00,148 : INFO : EventManager : Event: ======'zoidberg_r1'====== Args={'priority': 0}
2024-05-13 09:36:08,824 : INFO : SwitchController : <<<<<<< 's_left_ramp' active >>>>>>>
2024-05-13 09:36:08,825 : INFO : EventManager : Event: ======'s_left_ramp_active'====== Args={}
2024-05-13 09:36:08,825 : INFO : EventManager : Event: ======'sw_playfield_active'====== Args={}
2024-05-13 09:36:08,825 : INFO : EventManager : Event: ======'machine_var_audits_switches_s_left_ramp'====== Args={'value': 1, 'prev_value': 0, 'change': 1}
2024-05-13 09:36:08,828 : INFO : EventManager : Event: ======'player_score'====== Args={'value': 1810, 'prev_value': 1610, 'change': 200, 'player_num': 1}
2024-05-13 09:36:08,852 : INFO : SwitchController : <<<<<<< 's_left_ramp' inactive >>>>>>>
2024-05-13 09:36:20,149 : INFO : EventManager : Event: ======'zoidberg_reset'====== Args={'priority': 0}
2024-05-13 09:36:30,149 : INFO : EventManager : Event: ======'zoidberg_l1'====== Args={'priority': 0}
2024-05-13 09:36:32,485 : INFO : Machine : Shutting down...
2024-05-13 09:36:32,486 : INFO : EventManager : Event: ======'shutdown'====== Args={}
2024-05-13 09:36:32,510 : INFO : root : MPF run loop ended.
