2024-04-23 20:38:05,382 : INFO : root : Loading config.
2024-04-23 20:38:05,385 : INFO : YamlMultifileConfigLoader : Machine config file #1: config.yaml
2024-04-23 20:38:05,385 : WARNING : ConfigProcessor : Config file in cache changed: /home/mpfuser/pinball/Futurama31/config/config.yaml
2024-04-23 20:38:05,385 : INFO : ConfigProcessor : Loading config from file /usr/local/lib/python3.7/dist-packages/mpf/mpfconfig.yaml.
2024-04-23 20:38:05,455 : INFO : ConfigProcessor : Loading config: /usr/local/lib/python3.7/dist-packages/mpf/mpfconfig.yaml
2024-04-23 20:38:05,455 : INFO : ConfigProcessor : Loading config from file /home/mpfuser/pinball/Futurama31/config/config.yaml.
2024-04-23 20:38:05,619 : INFO : ConfigProcessor : Loading config: /home/mpfuser/pinball/Futurama31/config/config.yaml
2024-04-23 20:38:05,621 : INFO : ConfigProcessor : Config file cache created: /tmp/9f2098f750e45235613be58ba15b9646.mpf_cache
2024-04-23 20:38:05,647 : INFO : ConfigProcessor : Loading config from cache: /tmp/0488c24d6cb11f71168a087186f8afaf.mpf_cache
2024-04-23 20:38:05,647 : INFO : ConfigProcessor : Loading config from cache: /tmp/7559345efe69122f4d6fb5f65214b482.mpf_cache
2024-04-23 20:38:05,647 : INFO : ConfigProcessor : Loading config from cache: /tmp/ea6b25128768fa7bfd9e42011d34475f.mpf_cache
2024-04-23 20:38:05,647 : INFO : ConfigProcessor : Loading config from cache: /tmp/fecad1d527faf1d03547df1920e5db10.mpf_cache
2024-04-23 20:38:05,648 : INFO : ConfigProcessor : Loading config from cache: /tmp/fcc4c9d209c9a032c06d4f66ec129faa.mpf_cache
2024-04-23 20:38:05,648 : INFO : ConfigProcessor : Loading config from cache: /tmp/1589a8837fa04fabe2b0cb060c0683ab.mpf_cache
2024-04-23 20:38:05,648 : INFO : Machine : Mission Pinball Framework Core Engine v0.55.0
2024-04-23 20:38:05,648 : INFO : Machine : Command line arguments: {'no_load_cache': False, 'create_config_cache': True, 'bcp': True, 'configfile': ['config.yaml'], 'force_assets_load': False, 'jsonlogging': False, 'logfile': 'logs/2024-04-23-20-38-05-mpf-futurama.log', 'pause': False, 'production': False, 'text_ui': True, 'loglevel': 15, 'consoleloglevel': 20, 'force_platform': None, 'syslog_address': None, 'mc_file_name': None, 'no_sound': False}
2024-04-23 20:38:05,648 : INFO : Machine : MPF path: /usr/local/lib/python3.7/dist-packages/mpf
2024-04-23 20:38:05,648 : INFO : Machine : Machine path: /home/mpfuser/pinball/Futurama31
2024-04-23 20:38:05,648 : INFO : Machine : Platform: linux
2024-04-23 20:38:05,648 : INFO : Machine : Python executable location: /usr/bin/python3
2024-04-23 20:38:05,648 : INFO : Machine : Python version: 3.7.3 (64-bit)
2024-04-23 20:38:05,649 : INFO : Machine : Initialise MPF.
2024-04-23 20:38:05,676 : INFO : P-Roc : Connecting to P-ROC
2024-04-23 20:38:05,731 : INFO : P-Roc : Successfully connected to P-ROC/P3-ROC. Firmware Version: 2. Firmware Revision: 14. Hardware Board ID: 1
2024-04-23 20:38:05,741 : INFO : EventManager : Event: ======'machine_var_p_roc_version'====== Args={'value': 2, 'prev_value': None, 'change': True}
2024-04-23 20:38:05,741 : INFO : EventManager : Event: ======'machine_var_p_roc_revision'====== Args={'value': 14, 'prev_value': None, 'change': True}
2024-04-23 20:38:05,741 : INFO : EventManager : Event: ======'machine_var_p_roc_hardware_version'====== Args={'value': 1, 'prev_value': None, 'change': True}
2024-04-23 20:38:05,741 : INFO : EventManager : Event: ======'machine_var_credits_string'====== Args={'value': 'FREE PLAY', 'prev_value': None, 'change': True}
2024-04-23 20:38:05,770 : INFO : EventManager : Event: ======'machine_var_master_volume'====== Args={'value': 0.9, 'prev_value': None, 'change': True}
2024-04-23 20:38:05,771 : INFO : EventManager : Event: ======'machine_var_player1_score'====== Args={'value': 3376, 'prev_value': None, 'change': True}
2024-04-23 20:38:05,771 : INFO : EventManager : Event: ======'machine_var_mpf_version'====== Args={'value': 'MPF v0.55.0', 'prev_value': None, 'change': True}
2024-04-23 20:38:05,771 : INFO : EventManager : Event: ======'machine_var_mpf_extended_version'====== Args={'value': 'MPF v0.55.0, Config version:5, Show version: 5, BCP version:1.1', 'prev_value': None, 'change': True}
2024-04-23 20:38:05,771 : INFO : EventManager : Event: ======'machine_var_python_version'====== Args={'value': '3.7.3', 'prev_value': None, 'change': True}
2024-04-23 20:38:05,771 : INFO : EventManager : Event: ======'machine_var_platform'====== Args={'value': 'Linux-4.19.0-20-amd64-x86_64-with-debian-10.12', 'prev_value': None, 'change': True}
2024-04-23 20:38:05,772 : INFO : EventManager : Event: ======'machine_var_platform_system'====== Args={'value': 'Linux', 'prev_value': None, 'change': True}
2024-04-23 20:38:05,772 : INFO : EventManager : Event: ======'machine_var_platform_release'====== Args={'value': '4.19.0-20-amd64', 'prev_value': None, 'change': True}
2024-04-23 20:38:05,772 : INFO : EventManager : Event: ======'machine_var_platform_version'====== Args={'value': '#1 SMP Debian 4.19.235-1 (2022-03-17)', 'prev_value': None, 'change': True}
2024-04-23 20:38:05,772 : INFO : EventManager : Event: ======'machine_var_platform_machine'====== Args={'value': 'x86_64', 'prev_value': None, 'change': True}
2024-04-23 20:38:05,772 : INFO : EventManager : Event: ======'init_phase_1'====== Args={}
2024-04-23 20:38:05,789 : INFO : EventManager : Event: ======'drop_target_bank_crew_bank_up'====== Args={}
2024-04-23 20:38:05,818 : INFO : EventManager : Event: ======'init_phase_2'====== Args={}
2024-04-23 20:38:05,834 : INFO : SwitchController : Found active switch: (30, <Platform.P3-ROC>) <switch.s_trough1>
2024-04-23 20:38:05,834 : INFO : SwitchController : Found active switch: (28, <Platform.P3-ROC>) <switch.s_pe_platter>
2024-04-23 20:38:05,834 : INFO : SwitchController : Found active switch: (23, <Platform.P3-ROC>) <switch.s_dt_nibbler>
2024-04-23 20:38:05,849 : INFO : EventManager : Event: ======'bcp_connection_attempt'====== Args={'name': 'local_display', 'host': 'localhost', 'port': 5050}
2024-04-23 20:38:05,850 : INFO : BCPClientSocket : Connecting BCP to 'local_display' at localhost:5050...
2024-04-23 20:38:06,896 : INFO : BCPClientSocket : Connected BCP to 'local_display' localhost:5050
2024-04-23 20:38:06,897 : INFO : EventManager : Event: ======'bcp_clients_connected'====== Args={}
2024-04-23 20:38:06,898 : INFO : ball_device.bd_right_post : BCH: Initial count: 0
2024-04-23 20:38:06,899 : INFO : ball_device.bd_right_post : State: idle
2024-04-23 20:38:06,899 : INFO : ball_device.bd_left_post : BCH: Initial count: 0
2024-04-23 20:38:06,900 : INFO : ball_device.bd_left_post : State: idle
2024-04-23 20:38:06,900 : INFO : ball_device.bd_VUK : BCH: Initial count: 0
2024-04-23 20:38:06,901 : INFO : ball_device.bd_VUK : State: idle
2024-04-23 20:38:06,901 : INFO : ball_device.bd_plunger : BCH: Initial count: 0
2024-04-23 20:38:06,901 : INFO : ball_device.bd_plunger : State: idle
2024-04-23 20:38:06,902 : INFO : ball_device.bd_trough : BCH: Initial count: 1
2024-04-23 20:38:06,902 : INFO : ball_device.bd_trough : State: idle
2024-04-23 20:38:06,928 : INFO : EventManager : Event: ======'init_phase_3'====== Args={}
2024-04-23 20:38:06,944 : INFO : EventManager : Event: ======'machine_var_mc_version'====== Args={'value': 'MPF-MC v0.55.0', 'prev_value': None, 'change': True}
2024-04-23 20:38:06,944 : INFO : EventManager : Event: ======'machine_var_mc_extended_version'====== Args={'value': 'MPF-MC v0.55.0 (config_version=5, BCP v1.1, Requires MPF v0.55.0-dev.49)', 'prev_value': None, 'change': True}
2024-04-23 20:38:06,945 : INFO : stepper.zoidberg_stepper : Homing stepper using hardware homing.
2024-04-23 20:38:06,946 : INFO : EventManager : Event: ======'init_phase_4'====== Args={}
2024-04-23 20:38:06,946 : INFO : EventManager : Event: ======'playfield_active'====== Args={}
2024-04-23 20:38:06,946 : INFO : EventManager : Event: ======'unexpected_ball_on_playfield'====== Args={}
2024-04-23 20:38:06,946 : INFO : EventManager : Event: ======'playfield_active'====== Args={}
2024-04-23 20:38:06,946 : INFO : EventManager : Event: ======'unexpected_ball_on_playfield'====== Args={}
2024-04-23 20:38:06,946 : INFO : EventManager : Event: ======'playfield_active'====== Args={}
2024-04-23 20:38:06,946 : INFO : EventManager : Event: ======'unexpected_ball_on_playfield'====== Args={}
2024-04-23 20:38:06,946 : INFO : EventManager : Event: ======'playfield_active'====== Args={}
2024-04-23 20:38:06,946 : INFO : EventManager : Event: ======'unexpected_ball_on_playfield'====== Args={}
2024-04-23 20:38:06,946 : INFO : EventManager : Event: ======'playfield_active'====== Args={}
2024-04-23 20:38:06,946 : INFO : EventManager : Event: ======'unexpected_ball_on_playfield'====== Args={}
2024-04-23 20:38:06,946 : INFO : EventManager : Event: ======'drop_target_nibbler_down'====== Args={'device': <drop_target.nibbler>}
2024-04-23 20:38:06,946 : INFO : EventManager : Event: ======'drop_target_bank_crew_bank_mixed'====== Args={'prev_value': <DropTargetBankState.UP: 'up'>, 'down': 1}
2024-04-23 20:38:06,946 : INFO : BallController : Initial balls found: 1
2024-04-23 20:38:06,967 : INFO : EventManager : Event: ======'machine_var_audits_events_game_ended'====== Args={'value': 0, 'prev_value': None, 'change': True}
2024-04-23 20:38:06,967 : INFO : EventManager : Event: ======'machine_var_audits_events_game_started'====== Args={'value': 0, 'prev_value': None, 'change': True}
2024-04-23 20:38:06,967 : INFO : EventManager : Event: ======'machine_var_audits_player_score'====== Args={'value': {'average': 3376.0, 'top': [3376], 'total': 1}, 'prev_value': None, 'change': True}
2024-04-23 20:38:06,968 : INFO : EventManager : Event: ======'machine_var_audits_switches_s_VUK'====== Args={'value': 0, 'prev_value': None, 'change': True}
2024-04-23 20:38:06,968 : INFO : EventManager : Event: ======'machine_var_audits_switches_s_cap1'====== Args={'value': 0, 'prev_value': None, 'change': True}
2024-04-23 20:38:06,968 : INFO : EventManager : Event: ======'machine_var_audits_switches_s_cap2'====== Args={'value': 1, 'prev_value': None, 'change': True}
2024-04-23 20:38:06,968 : INFO : EventManager : Event: ======'machine_var_audits_switches_s_cap3'====== Args={'value': 2, 'prev_value': None, 'change': True}
2024-04-23 20:38:06,969 : INFO : EventManager : Event: ======'machine_var_audits_switches_s_cap4'====== Args={'value': 0, 'prev_value': None, 'change': True}
2024-04-23 20:38:06,969 : INFO : EventManager : Event: ======'machine_var_audits_switches_s_dt_amy'====== Args={'value': 1, 'prev_value': None, 'change': True}
2024-04-23 20:38:06,969 : INFO : EventManager : Event: ======'machine_var_audits_switches_s_dt_hermes'====== Args={'value': 3, 'prev_value': None, 'change': True}
2024-04-23 20:38:06,969 : INFO : EventManager : Event: ======'machine_var_audits_switches_s_dt_nibbler'====== Args={'value': 0, 'prev_value': None, 'change': True}
2024-04-23 20:38:06,969 : INFO : EventManager : Event: ======'machine_var_audits_switches_s_dt_professor'====== Args={'value': 0, 'prev_value': None, 'change': True}
2024-04-23 20:38:06,970 : INFO : EventManager : Event: ======'machine_var_audits_switches_s_dt_zoidberg'====== Args={'value': 1, 'prev_value': None, 'change': True}
2024-04-23 20:38:06,970 : INFO : EventManager : Event: ======'machine_var_audits_switches_s_hedonism_bot'====== Args={'value': 0, 'prev_value': None, 'change': True}
2024-04-23 20:38:06,970 : INFO : EventManager : Event: ======'machine_var_audits_switches_s_left_flipper'====== Args={'value': 12, 'prev_value': None, 'change': True}
2024-04-23 20:38:06,970 : INFO : EventManager : Event: ======'machine_var_audits_switches_s_left_inlane'====== Args={'value': 1, 'prev_value': None, 'change': True}
2024-04-23 20:38:06,971 : INFO : EventManager : Event: ======'machine_var_audits_switches_s_left_loop'====== Args={'value': 3, 'prev_value': None, 'change': True}
2024-04-23 20:38:06,971 : INFO : EventManager : Event: ======'machine_var_audits_switches_s_left_outlane'====== Args={'value': 0, 'prev_value': None, 'change': True}
2024-04-23 20:38:06,971 : INFO : EventManager : Event: ======'machine_var_audits_switches_s_left_ramp'====== Args={'value': 0, 'prev_value': None, 'change': True}
2024-04-23 20:38:06,972 : INFO : EventManager : Event: ======'machine_var_audits_switches_s_left_sling'====== Args={'value': 5, 'prev_value': None, 'change': True}
2024-04-23 20:38:06,972 : INFO : EventManager : Event: ======'machine_var_audits_switches_s_mag_button'====== Args={'value': 0, 'prev_value': None, 'change': True}
2024-04-23 20:38:06,973 : INFO : EventManager : Event: ======'machine_var_audits_switches_s_pe_platter'====== Args={'value': 49, 'prev_value': None, 'change': True}
2024-04-23 20:38:06,973 : INFO : EventManager : Event: ======'machine_var_audits_switches_s_pop_bumper'====== Args={'value': 3, 'prev_value': None, 'change': True}
2024-04-23 20:38:06,973 : INFO : EventManager : Event: ======'machine_var_audits_switches_s_r_orbit'====== Args={'value': 3, 'prev_value': None, 'change': True}
2024-04-23 20:38:06,973 : INFO : EventManager : Event: ======'machine_var_audits_switches_s_r_outlane'====== Args={'value': 2, 'prev_value': None, 'change': True}
2024-04-23 20:38:06,973 : INFO : EventManager : Event: ======'machine_var_audits_switches_s_right_flipper'====== Args={'value': 14, 'prev_value': None, 'change': True}
2024-04-23 20:38:06,974 : INFO : EventManager : Event: ======'machine_var_audits_switches_s_right_loop'====== Args={'value': 3, 'prev_value': None, 'change': True}
2024-04-23 20:38:06,974 : INFO : EventManager : Event: ======'machine_var_audits_switches_s_right_ramp'====== Args={'value': 0, 'prev_value': None, 'change': True}
2024-04-23 20:38:06,974 : INFO : EventManager : Event: ======'machine_var_audits_switches_s_right_sling'====== Args={'value': 6, 'prev_value': None, 'change': True}
2024-04-23 20:38:06,974 : INFO : EventManager : Event: ======'machine_var_audits_switches_s_shooter_lane'====== Args={'value': 6, 'prev_value': None, 'change': True}
2024-04-23 20:38:06,976 : INFO : EventManager : Event: ======'machine_var_audits_switches_s_start'====== Args={'value': 0, 'prev_value': None, 'change': True}
2024-04-23 20:38:06,977 : INFO : EventManager : Event: ======'machine_var_audits_switches_s_t_bender'====== Args={'value': 0, 'prev_value': None, 'change': True}
2024-04-23 20:38:06,977 : INFO : EventManager : Event: ======'machine_var_audits_switches_s_t_fry'====== Args={'value': 1, 'prev_value': None, 'change': True}
2024-04-23 20:38:06,978 : INFO : EventManager : Event: ======'machine_var_audits_switches_s_t_leela'====== Args={'value': 6, 'prev_value': None, 'change': True}
2024-04-23 20:38:06,978 : INFO : EventManager : Event: ======'machine_var_audits_switches_s_trough1'====== Args={'value': 4, 'prev_value': None, 'change': True}
2024-04-23 20:38:06,978 : INFO : EventManager : Event: ======'machine_var_audits_switches_s_trough2'====== Args={'value': 4, 'prev_value': None, 'change': True}
2024-04-23 20:38:06,979 : INFO : EventManager : Event: ======'machine_var_audits_switches_s_trough3'====== Args={'value': 4, 'prev_value': None, 'change': True}
2024-04-23 20:38:06,979 : INFO : EventManager : Event: ======'machine_var_audits_switches_s_trough_jam'====== Args={'value': 4, 'prev_value': None, 'change': True}
2024-04-23 20:38:06,980 : INFO : EventManager : Event: ======'init_phase_5'====== Args={}
2024-04-23 20:38:06,985 : INFO : EventManager : Event: ======'init_done'====== Args={}
2024-04-23 20:38:06,986 : INFO : EventManager : Event: ======'machine_reset_phase_1'====== Args={}
2024-04-23 20:38:06,991 : INFO : EventManager : Event: ======'slide_welcome_slide_removed'====== Args={'_from_bcp': True}
2024-04-23 20:38:07,004 : INFO : stepper.zoidberg_stepper : Stepper reached home.
2024-04-23 20:38:07,004 : INFO : EventManager : Event: ======'stepper_zoidberg_stepper_ready'====== Args={'position': 0}
2024-04-23 20:38:07,039 : INFO : EventManager : Event: ======'slide_welcome_slide_created'====== Args={'_from_bcp': True}
2024-04-23 20:38:07,039 : INFO : EventManager : Event: ======'slide_welcome_slide_active'====== Args={'_from_bcp': True}
2024-04-23 20:38:07,039 : INFO : EventManager : Event: ======'machine_reset_phase_2'====== Args={}
2024-04-23 20:38:07,039 : INFO : EventManager : Event: ======'machine_reset_phase_3'====== Args={}
2024-04-23 20:38:07,039 : INFO : drop_target_bank.crew_bank : 1 targets are down. Will reset those.
2024-04-23 20:38:07,040 : INFO : coil.c_dt_reset : Pulsing Driver for 25ms (1.0 pulse_power)
2024-04-23 20:38:07,040 : INFO : EventManager : Event: ======'diverter_post_left_deactivating'====== Args={}
2024-04-23 20:38:07,040 : INFO : coil.c_post_left : Disabling Driver
2024-04-23 20:38:07,040 : INFO : EventManager : Event: ======'diverter_post_right_deactivating'====== Args={}
2024-04-23 20:38:07,040 : INFO : coil.c_post_right : Disabling Driver
2024-04-23 20:38:07,040 : INFO : EventManager : Event: ======'stepper_zoidberg_stepper_ready'====== Args={'position': 0}
2024-04-23 20:38:07,040 : INFO : EventManager : Event: ======'reset_complete'====== Args={}
2024-04-23 20:38:07,040 : INFO : EventManager : Event: ======'mode_attract_will_start'====== Args={}
2024-04-23 20:38:07,041 : INFO : EventManager : Event: ======'mode_attract_starting'====== Args={}
2024-04-23 20:38:07,041 : INFO : Mode.attract : Started. Priority: 10
2024-04-23 20:38:07,041 : INFO : EventManager : Event: ======'modes_active_modes_changed'====== Args={}
2024-04-23 20:38:07,041 : INFO : EventManager : Event: ======'mode_attract_started'====== Args={}
2024-04-23 20:38:07,042 : INFO : EventManager : Event: ======'collecting_balls_complete'====== Args={}
2024-04-23 20:38:07,042 : INFO : Machine : Starting the main run loop.
2024-04-23 20:38:07,057 : INFO : EventManager : Event: ======'slide_attract_started_created'====== Args={'_from_bcp': True}
2024-04-23 20:38:07,069 : INFO : SwitchController : <<<<<<< 's_dt_nibbler' inactive >>>>>>>
2024-04-23 20:38:07,102 : INFO : EventManager : Event: ======'slide_attract_started_active'====== Args={'_from_bcp': True}
2024-04-23 20:38:07,540 : INFO : EventManager : Event: ======'drop_target_nibbler_up'====== Args={'device': <drop_target.nibbler>}
2024-04-23 20:38:07,541 : INFO : EventManager : Event: ======'drop_target_bank_crew_bank_up'====== Args={}
2024-04-23 20:38:22,334 : INFO : SwitchController : <<<<<<< 's_start' active >>>>>>>
2024-04-23 20:38:22,423 : INFO : SwitchController : <<<<<<< 's_start' inactive >>>>>>>
2024-04-23 20:38:22,424 : INFO : EventManager : Event: ======'request_to_start_game'====== Args={}
2024-04-23 20:38:22,424 : INFO : EventManager : Event: ======'game_start'====== Args={'buttons': [], 'hold_time': 0.08912825099992006}
2024-04-23 20:38:22,424 : INFO : EventManager : Event: ======'mode_game_will_start'====== Args={'buttons': [], 'hold_time': 0.08912825099992006}
2024-04-23 20:38:22,424 : INFO : EventManager : Event: ======'mode_game_starting'====== Args={'buttons': [], 'hold_time': 0.08912825099992006}
2024-04-23 20:38:22,424 : INFO : EventManager : Event: ======'mode_attract_will_stop'====== Args={}
2024-04-23 20:38:22,425 : INFO : EventManager : Event: ======'mode_attract_stopping'====== Args={}
2024-04-23 20:38:22,425 : INFO : Mode.attract : Stopped.
2024-04-23 20:38:22,425 : INFO : EventManager : Event: ======'modes_active_modes_changed'====== Args={}
2024-04-23 20:38:22,425 : INFO : EventManager : Event: ======'mode_attract_stopped'====== Args={}
2024-04-23 20:38:22,425 : INFO : EventManager : Event: ======'clear'====== Args={'key': 'attract'}
2024-04-23 20:38:22,425 : INFO : Mode.game : Started. Priority: 20
2024-04-23 20:38:22,425 : INFO : EventManager : Event: ======'modes_active_modes_changed'====== Args={}
2024-04-23 20:38:22,425 : INFO : EventManager : Event: ======'mode_game_started'====== Args={'buttons': [], 'hold_time': 0.08912825099992006}
2024-04-23 20:38:22,426 : INFO : EventManager : Event: ======'game_will_start'====== Args={}
2024-04-23 20:38:22,426 : INFO : EventManager : Event: ======'game_starting'====== Args={'game': <Mode.game>}
2024-04-23 20:38:22,426 : INFO : EventManager : Event: ======'player_add_request'====== Args={}
2024-04-23 20:38:22,426 : INFO : EventManager : Event: ======'player_will_add'====== Args={'number': 1}
2024-04-23 20:38:22,427 : INFO : EventManager : Event: ======'player_adding'====== Args={'player': <Player 1>, 'number': 1}
2024-04-23 20:38:22,427 : INFO : EventManager : Event: ======'player_added'====== Args={'player': <Player 1>, 'num': 1}
2024-04-23 20:38:22,427 : INFO : Mode.game : Player added successfully. Total players: 1
2024-04-23 20:38:22,427 : INFO : EventManager : Event: ======'player_index'====== Args={'value': 0, 'prev_value': 0, 'change': 0, 'player_num': 1}
2024-04-23 20:38:22,427 : INFO : EventManager : Event: ======'player_number'====== Args={'value': 1, 'prev_value': 1, 'change': 0, 'player_num': 1}
2024-04-23 20:38:22,427 : INFO : EventManager : Event: ======'player_leela_level'====== Args={'value': 0, 'prev_value': 0, 'change': 0, 'player_num': 1}
2024-04-23 20:38:22,427 : INFO : EventManager : Event: ======'player_leela_xp'====== Args={'value': 0, 'prev_value': 0, 'change': 0, 'player_num': 1}
2024-04-23 20:38:22,428 : INFO : EventManager : Event: ======'player_leela_multiplier'====== Args={'value': 1, 'prev_value': 1, 'change': 0, 'player_num': 1}
2024-04-23 20:38:22,428 : INFO : EventManager : Event: ======'player_fry_level'====== Args={'value': 0, 'prev_value': 0, 'change': 0, 'player_num': 1}
2024-04-23 20:38:22,428 : INFO : EventManager : Event: ======'player_fry_xp'====== Args={'value': 0, 'prev_value': 0, 'change': 0, 'player_num': 1}
2024-04-23 20:38:22,428 : INFO : EventManager : Event: ======'player_fry_multiplier'====== Args={'value': 1, 'prev_value': 1, 'change': 0, 'player_num': 1}
2024-04-23 20:38:22,428 : INFO : EventManager : Event: ======'player_bender_level'====== Args={'value': 0, 'prev_value': 0, 'change': 0, 'player_num': 1}
2024-04-23 20:38:22,428 : INFO : EventManager : Event: ======'player_bender_xp'====== Args={'value': 0, 'prev_value': 0, 'change': 0, 'player_num': 1}
2024-04-23 20:38:22,428 : INFO : EventManager : Event: ======'player_bender_multiplier'====== Args={'value': 1, 'prev_value': 1, 'change': 0, 'player_num': 1}
2024-04-23 20:38:22,428 : INFO : EventManager : Event: ======'player_amy_level'====== Args={'value': 0, 'prev_value': 0, 'change': 0, 'player_num': 1}
2024-04-23 20:38:22,429 : INFO : EventManager : Event: ======'player_amy_xp'====== Args={'value': 0, 'prev_value': 0, 'change': 0, 'player_num': 1}
2024-04-23 20:38:22,429 : INFO : EventManager : Event: ======'player_amy_multiplier'====== Args={'value': 1, 'prev_value': 1, 'change': 0, 'player_num': 1}
2024-04-23 20:38:22,429 : INFO : EventManager : Event: ======'player_hermes_level'====== Args={'value': 0, 'prev_value': 0, 'change': 0, 'player_num': 1}
2024-04-23 20:38:22,429 : INFO : EventManager : Event: ======'player_hermes_xp'====== Args={'value': 0, 'prev_value': 0, 'change': 0, 'player_num': 1}
2024-04-23 20:38:22,429 : INFO : EventManager : Event: ======'player_hermes_multiplier'====== Args={'value': 1, 'prev_value': 1, 'change': 0, 'player_num': 1}
2024-04-23 20:38:22,429 : INFO : EventManager : Event: ======'player_zoidberg_level'====== Args={'value': 0, 'prev_value': 0, 'change': 0, 'player_num': 1}
2024-04-23 20:38:22,429 : INFO : EventManager : Event: ======'player_zoidberg_xp'====== Args={'value': 0, 'prev_value': 0, 'change': 0, 'player_num': 1}
2024-04-23 20:38:22,429 : INFO : EventManager : Event: ======'player_zoidberg_multiplier'====== Args={'value': 1, 'prev_value': 1, 'change': 0, 'player_num': 1}
2024-04-23 20:38:22,429 : INFO : EventManager : Event: ======'player_nibbler_level'====== Args={'value': 0, 'prev_value': 0, 'change': 0, 'player_num': 1}
2024-04-23 20:38:22,430 : INFO : EventManager : Event: ======'player_nibbler_xp'====== Args={'value': 0, 'prev_value': 0, 'change': 0, 'player_num': 1}
2024-04-23 20:38:22,430 : INFO : EventManager : Event: ======'player_nibbler_multiplier'====== Args={'value': 1, 'prev_value': 1, 'change': 0, 'player_num': 1}
2024-04-23 20:38:22,430 : INFO : EventManager : Event: ======'player_professor_level'====== Args={'value': 0, 'prev_value': 0, 'change': 0, 'player_num': 1}
2024-04-23 20:38:22,430 : INFO : EventManager : Event: ======'player_professor_xp'====== Args={'value': 0, 'prev_value': 0, 'change': 0, 'player_num': 1}
2024-04-23 20:38:22,430 : INFO : EventManager : Event: ======'player_professor_multiplier'====== Args={'value': 1, 'prev_value': 1, 'change': 0, 'player_num': 1}
2024-04-23 20:38:22,430 : INFO : EventManager : Event: ======'player_dark_matter'====== Args={'value': 1, 'prev_value': 1, 'change': 0, 'player_num': 1}
2024-04-23 20:38:22,430 : INFO : EventManager : Event: ======'player_crew_multiplier'====== Args={'value': 1, 'prev_value': 1, 'change': 0, 'player_num': 1}
2024-04-23 20:38:22,430 : INFO : EventManager : Event: ======'player_platter_long_counter'====== Args={'value': 1, 'prev_value': 1, 'change': 0, 'player_num': 1}
2024-04-23 20:38:22,430 : INFO : EventManager : Event: ======'player_platter_short_counter'====== Args={'value': 1, 'prev_value': 1, 'change': 0, 'player_num': 1}
2024-04-23 20:38:22,431 : INFO : EventManager : Event: ======'player_slurm_caps'====== Args={'value': 0, 'prev_value': 0, 'change': 0, 'player_num': 1}
2024-04-23 20:38:22,431 : INFO : EventManager : Event: ======'player_pop_bumper_hits'====== Args={'value': 1, 'prev_value': 1, 'change': 0, 'player_num': 1}
2024-04-23 20:38:22,431 : INFO : EventManager : Event: ======'player_fuel_level'====== Args={'value': 'empty_gauge', 'prev_value': 'empty_gauge', 'change': False, 'player_num': 1}
2024-04-23 20:38:22,431 : INFO : EventManager : Event: ======'player_hypnotoad_saves'====== Args={'value': 0, 'prev_value': 0, 'change': 0, 'player_num': 1}
2024-04-23 20:38:22,431 : INFO : EventManager : Event: ======'player_score'====== Args={'value': 0, 'prev_value': 0, 'change': 0, 'player_num': 1}
2024-04-23 20:38:22,431 : INFO : EventManager : Event: ======'game_started'====== Args={}
2024-04-23 20:38:22,431 : INFO : EventManager : Event: ======'player_turn_will_start'====== Args={'player': <Player 1>, 'number': 1}
2024-04-23 20:38:22,438 : INFO : EventManager : Event: ======'player_turn_starting'====== Args={'player': <Player 1>, 'number': 1}
2024-04-23 20:38:22,438 : INFO : EventManager : Event: ======'player_ball'====== Args={'value': 1, 'prev_value': 0, 'change': 1, 'player_num': 1}
2024-04-23 20:38:22,438 : INFO : EventManager : Event: ======'player_turn_started'====== Args={'player': <Player 1>, 'number': 1}
2024-04-23 20:38:22,439 : INFO : EventManager : Event: ======'ball_will_start'====== Args={'player': 1, 'ball': 1, 'balls_remaining': 2, 'is_extra_ball': False}
2024-04-23 20:38:22,439 : INFO : EventManager : Event: ======'ball_starting'====== Args={'player': 1, 'ball': 1, 'balls_remaining': 2, 'is_extra_ball': False}
2024-04-23 20:38:22,439 : INFO : drop_target_bank.crew_bank : All targets are already up. Will not reset bank.
2024-04-23 20:38:22,439 : INFO : EventManager : Event: ======'stepper_zoidberg_stepper_ready'====== Args={'position': 0}
2024-04-23 20:38:22,439 : INFO : EventManager : Event: ======'balls_in_play'====== Args={'balls': 1}
2024-04-23 20:38:22,439 : INFO : EventManager : Event: ======'ball_started'====== Args={'player': 1, 'ball': 1, 'balls_remaining': 2, 'is_extra_ball': False}
2024-04-23 20:38:22,439 : INFO : EventManager : Event: ======'mode_base_will_start'====== Args={'player': 1, 'ball': 1, 'balls_remaining': 2, 'is_extra_ball': False}
2024-04-23 20:38:22,439 : INFO : EventManager : Event: ======'empty_tank'====== Args={}
2024-04-23 20:38:22,453 : INFO : EventManager : Event: ======'mode_base_starting'====== Args={'player': 1, 'ball': 1, 'balls_remaining': 2, 'is_extra_ball': False}
2024-04-23 20:38:22,456 : INFO : Mode.base : Started. Priority: 100
2024-04-23 20:38:22,456 : INFO : EventManager : Event: ======'modes_active_modes_changed'====== Args={}
2024-04-23 20:38:22,456 : INFO : EventManager : Event: ======'mode_base_started'====== Args={'player': 1, 'ball': 1, 'balls_remaining': 2, 'is_extra_ball': False}
2024-04-23 20:38:22,456 : INFO : EventManager : Event: ======'ball_save_ball_start_ball_save_enabled'====== Args={}
2024-04-23 20:38:22,456 : INFO : EventManager : Event: ======'zoidberg_left'====== Args={'priority': 0}
2024-04-23 20:38:22,456 : INFO : EventManager : Event: ======'player_platter_short_counter'====== Args={'value': 0, 'prev_value': 1, 'change': -1, 'player_num': 1}
2024-04-23 20:38:22,457 : INFO : EventManager : Event: ======'single_player_ball_started'====== Args={}
2024-04-23 20:38:22,468 : INFO : EventManager : Event: ======'ball_start_target'====== Args={'target': 'playfield'}
2024-04-23 20:38:22,469 : INFO : ball_device.bd_plunger : Setting up player-controlled eject. Balls: 1, Target: <playfield.playfield>, player_controlled_eject_event: None
2024-04-23 20:38:22,469 : INFO : EventManager : Event: ======'balldevice_balls_available'====== Args={}
2024-04-23 20:38:22,469 : INFO : ball_device.bd_trough : State: waiting_for_target_ready
2024-04-23 20:38:22,469 : INFO : EventManager : Event: ======'balldevice_bd_trough_ball_eject_attempt'====== Args={'balls': 1, 'target': <ball_device.bd_plunger>, 'source': <ball_device.bd_trough>, 'mechanical_eject': True, 'num_attempts': 0}
2024-04-23 20:38:22,469 : INFO : ball_device.bd_plunger : State: waiting_for_ball
2024-04-23 20:38:22,470 : INFO : ball_device.bd_trough : State: ejecting
2024-04-23 20:38:22,470 : INFO : ball_device.bd_trough : Ejecting ball to <ball_device.bd_plunger>
2024-04-23 20:38:22,470 : INFO : EventManager : Event: ======'balldevice_bd_trough_ejecting_ball'====== Args={'balls': 1, 'target': <ball_device.bd_plunger>, 'source': <ball_device.bd_trough>, 'mechanical_eject': True, 'num_attempts': 0}
2024-04-23 20:38:22,470 : INFO : ball_device.bd_trough : Wait for ball to leave device
2024-04-23 20:38:22,472 : INFO : coil.c_trough_eject : Pulsing Driver for 15ms (1.0 pulse_power)
2024-04-23 20:38:22,478 : INFO : EventManager : Event: ======'slide_base_slide_created'====== Args={'_from_bcp': True}
2024-04-23 20:38:22,508 : INFO : EventManager : Event: ======'slide_base_slide_active'====== Args={'_from_bcp': True}
2024-04-23 20:38:22,518 : INFO : SwitchController : <<<<<<< 's_trough1' inactive >>>>>>>
2024-04-23 20:38:22,518 : INFO : SwitchController : <<<<<<< 's_trough_jam' active >>>>>>>
2024-04-23 20:38:22,518 : INFO : EventManager : Event: ======'machine_var_audits_switches_s_trough_jam'====== Args={'value': 5, 'prev_value': 4, 'change': 1}
2024-04-23 20:38:22,519 : INFO : SwitchController : <<<<<<< 's_trough1' active >>>>>>>
2024-04-23 20:38:22,519 : INFO : EventManager : Event: ======'machine_var_audits_switches_s_trough1'====== Args={'value': 5, 'prev_value': 4, 'change': 1}
2024-04-23 20:38:22,519 : WARNING : SwitchController : Received duplicate switch state 0 for switch s_trough3 from the platform interface. Log Code: Log-SwitchController-1 (https://docs.missionpinball.org/en/0.55/logs/Log-SwitchController-1.html)
2024-04-23 20:38:22,519 : INFO : SwitchController : <<<<<<< 's_trough1' inactive >>>>>>>
2024-04-23 20:38:22,520 : INFO : SwitchController : <<<<<<< 's_trough_jam' inactive >>>>>>>
2024-04-23 20:38:22,520 : INFO : ball_device.bd_trough : State: ball_left
2024-04-23 20:38:22,520 : INFO : ball_device.bd_trough : Ball left
2024-04-23 20:38:22,520 : INFO : ball_device.bd_trough : Wait for confirm with timeout 3.0
2024-04-23 20:38:22,991 : INFO : SwitchController : <<<<<<< 's_shooter_lane' active >>>>>>>
2024-04-23 20:38:22,991 : INFO : EventManager : Event: ======'machine_var_audits_switches_s_shooter_lane'====== Args={'value': 7, 'prev_value': 6, 'change': 1}
2024-04-23 20:38:23,491 : INFO : ball_device.bd_plunger : Received ball from <ball_device.bd_trough>
2024-04-23 20:38:23,492 : INFO : EventManager : Event: ======'balldevice_bd_plunger_ball_enter'====== Args={'new_balls': 1, 'unclaimed_balls': 0, 'new_available_balls': 0, 'device': <ball_device.bd_plunger>}
2024-04-23 20:38:23,492 : INFO : EventManager : Event: ======'balldevice_bd_plunger_ball_entered'====== Args={'new_balls': 0, 'device': <ball_device.bd_plunger>}
2024-04-23 20:38:23,492 : INFO : EventManager : Event: ======'balldevice_bd_plunger_ball_count_changed'====== Args={'balls': 1}
2024-04-23 20:38:23,492 : INFO : ball_device.bd_trough : Got eject confirm
2024-04-23 20:38:23,492 : INFO : ball_device.bd_trough : Eject successful
2024-04-23 20:38:23,493 : INFO : EventManager : Event: ======'balldevice_bd_trough_ball_eject_success'====== Args={'balls': 1, 'target': <ball_device.bd_plunger>}
2024-04-23 20:38:23,493 : INFO : ball_device.bd_plunger : State: waiting_for_target_ready
2024-04-23 20:38:23,493 : INFO : EventManager : Event: ======'balldevice_bd_plunger_ball_eject_attempt'====== Args={'balls': 1, 'target': <playfield.playfield>, 'source': <ball_device.bd_plunger>, 'mechanical_eject': True, 'num_attempts': 0}
2024-04-23 20:38:23,493 : INFO : EventManager : Event: ======'balldevice_bd_trough_ball_count_changed'====== Args={'balls': 0}
2024-04-23 20:38:23,493 : INFO : ball_device.bd_trough : State: idle
2024-04-23 20:38:23,493 : INFO : ball_device.bd_plunger : State: ejecting
2024-04-23 20:38:23,493 : INFO : ball_device.bd_plunger : Ejecting ball to <playfield.playfield>
2024-04-23 20:38:23,493 : INFO : EventManager : Event: ======'balldevice_bd_plunger_ejecting_ball'====== Args={'balls': 1, 'target': <playfield.playfield>, 'source': <ball_device.bd_plunger>, 'mechanical_eject': True, 'num_attempts': 0}
2024-04-23 20:38:23,494 : INFO : ball_device.bd_plunger : Wait for ball to leave device
2024-04-23 20:38:26,450 : INFO : SwitchController : <<<<<<< 's_shooter_lane' inactive >>>>>>>
2024-04-23 20:38:26,451 : INFO : EventManager : Event: ======'s_shooter_lane_inactive'====== Args={}
2024-04-23 20:38:26,451 : INFO : EventManager : Event: ======'ball_save_ball_start_ball_save_timer_start'====== Args={}
2024-04-23 20:38:26,452 : INFO : ball_device.bd_plunger : State: ball_left
2024-04-23 20:38:26,452 : INFO : ball_device.bd_plunger : Ball left
2024-04-23 20:38:26,452 : INFO : ball_device.bd_plunger : Wait for confirm with timeout 3.0
2024-04-23 20:38:27,457 : INFO : EventManager : Event: ======'zoidberg_right'====== Args={'priority': 0}
2024-04-23 20:38:28,174 : INFO : SwitchController : <<<<<<< 's_cap1' active >>>>>>>
2024-04-23 20:38:28,174 : INFO : EventManager : Event: ======'s_cap1_active'====== Args={}
2024-04-23 20:38:28,174 : INFO : EventManager : Event: ======'sw_playfield_active'====== Args={}
2024-04-23 20:38:28,174 : INFO : EventManager : Event: ======'machine_var_audits_switches_s_cap1'====== Args={'value': 1, 'prev_value': 0, 'change': 1}
2024-04-23 20:38:28,175 : INFO : EventManager : Event: ======'player_score'====== Args={'value': 50, 'prev_value': 0, 'change': 50, 'player_num': 1}
2024-04-23 20:38:28,176 : INFO : EventManager : Event: ======'player_slurm_caps'====== Args={'value': 1, 'prev_value': 0, 'change': 1, 'player_num': 1}
2024-04-23 20:38:28,176 : INFO : EventManager : Event: ======'playfield_active'====== Args={}
2024-04-23 20:38:28,176 : INFO : ball_device.bd_plunger : Got eject confirm
2024-04-23 20:38:28,176 : INFO : ball_device.bd_plunger : Eject successful
2024-04-23 20:38:28,176 : INFO : EventManager : Event: ======'balldevice_bd_plunger_ball_eject_success'====== Args={'balls': 1, 'target': <playfield.playfield>}
2024-04-23 20:38:28,176 : INFO : EventManager : Event: ======'balldevice_playfield_ball_enter'====== Args={'new_balls': 1, 'unclaimed_balls': 1, 'device': <playfield.playfield>}
2024-04-23 20:38:28,176 : INFO : EventManager : Event: ======'playfield_ball_count_change'====== Args={'balls': 1, 'change': 1}
2024-04-23 20:38:28,177 : INFO : EventManager : Event: ======'balldevice_bd_plunger_ball_count_changed'====== Args={'balls': 0}
2024-04-23 20:38:28,177 : INFO : ball_device.bd_plunger : State: idle
2024-04-23 20:38:28,201 : INFO : SwitchController : <<<<<<< 's_pop_bumper' active >>>>>>>
2024-04-23 20:38:28,201 : INFO : EventManager : Event: ======'s_pop_bumper_active'====== Args={}
2024-04-23 20:38:28,201 : INFO : EventManager : Event: ======'machine_var_audits_switches_s_pop_bumper'====== Args={'value': 4, 'prev_value': 3, 'change': 1}
2024-04-23 20:38:28,202 : WARNING : SwitchController : Received duplicate switch state 1 for switch s_cap1 from the platform interface. Log Code: Log-SwitchController-1 (https://docs.missionpinball.org/en/0.55/logs/Log-SwitchController-1.html)
2024-04-23 20:38:28,202 : INFO : SwitchController : <<<<<<< 's_pop_bumper' inactive >>>>>>>
2024-04-23 20:38:28,202 : INFO : SwitchController : <<<<<<< 's_cap1' inactive >>>>>>>
2024-04-23 20:38:28,202 : INFO : EventManager : Event: ======'player_score'====== Args={'value': 100, 'prev_value': 50, 'change': 50, 'player_num': 1}
2024-04-23 20:38:28,203 : INFO : EventManager : Event: ======'player_pop_bumper_hits'====== Args={'value': 2, 'prev_value': 1, 'change': 1, 'player_num': 1}
2024-04-23 20:38:28,289 : INFO : SwitchController : <<<<<<< 's_pe_platter' inactive >>>>>>>
2024-04-23 20:38:28,335 : INFO : SwitchController : <<<<<<< 's_cap1' active >>>>>>>
2024-04-23 20:38:28,336 : INFO : EventManager : Event: ======'s_cap1_active'====== Args={}
2024-04-23 20:38:28,336 : INFO : EventManager : Event: ======'sw_playfield_active'====== Args={}
2024-04-23 20:38:28,336 : INFO : EventManager : Event: ======'machine_var_audits_switches_s_cap1'====== Args={'value': 2, 'prev_value': 1, 'change': 1}
2024-04-23 20:38:28,337 : INFO : EventManager : Event: ======'player_score'====== Args={'value': 150, 'prev_value': 100, 'change': 50, 'player_num': 1}
2024-04-23 20:38:28,337 : INFO : EventManager : Event: ======'player_slurm_caps'====== Args={'value': 2, 'prev_value': 1, 'change': 1, 'player_num': 1}
2024-04-23 20:38:28,355 : INFO : SwitchController : <<<<<<< 's_cap1' inactive >>>>>>>
2024-04-23 20:38:28,409 : INFO : SwitchController : <<<<<<< 's_pe_platter' active >>>>>>>
2024-04-23 20:38:28,410 : INFO : EventManager : Event: ======'s_pe_platter_active'====== Args={}
2024-04-23 20:38:28,410 : INFO : EventManager : Event: ======'sw_playfield_active'====== Args={}
2024-04-23 20:38:28,410 : INFO : EventManager : Event: ======'machine_var_audits_switches_s_pe_platter'====== Args={'value': 50, 'prev_value': 49, 'change': 1}
2024-04-23 20:38:28,411 : INFO : EventManager : Event: ======'player_score'====== Args={'value': 183, 'prev_value': 150, 'change': 33, 'player_num': 1}
2024-04-23 20:38:28,411 : INFO : EventManager : Event: ======'player_platter_short_counter'====== Args={'value': 1, 'prev_value': 0, 'change': 1, 'player_num': 1}
2024-04-23 20:38:28,411 : INFO : EventManager : Event: ======'player_platter_long_counter'====== Args={'value': 2, 'prev_value': 1, 'change': 1, 'player_num': 1}
2024-04-23 20:38:28,600 : INFO : SwitchController : <<<<<<< 's_pe_platter' inactive >>>>>>>
2024-04-23 20:38:28,797 : INFO : SwitchController : <<<<<<< 's_pe_platter' active >>>>>>>
2024-04-23 20:38:28,798 : INFO : EventManager : Event: ======'s_pe_platter_active'====== Args={}
2024-04-23 20:38:28,799 : INFO : EventManager : Event: ======'sw_playfield_active'====== Args={}
2024-04-23 20:38:28,800 : INFO : EventManager : Event: ======'machine_var_audits_switches_s_pe_platter'====== Args={'value': 51, 'prev_value': 50, 'change': 1}
2024-04-23 20:38:28,804 : INFO : EventManager : Event: ======'player_score'====== Args={'value': 216, 'prev_value': 183, 'change': 33, 'player_num': 1}
2024-04-23 20:38:28,805 : INFO : EventManager : Event: ======'player_platter_short_counter'====== Args={'value': 2, 'prev_value': 1, 'change': 1, 'player_num': 1}
2024-04-23 20:38:28,806 : INFO : EventManager : Event: ======'player_platter_long_counter'====== Args={'value': 3, 'prev_value': 2, 'change': 1, 'player_num': 1}
2024-04-23 20:38:29,170 : INFO : SwitchController : <<<<<<< 's_pe_platter' inactive >>>>>>>
2024-04-23 20:38:30,452 : INFO : EventManager : Event: ======'ball_save_ball_start_ball_save_hurry_up'====== Args={}
2024-04-23 20:38:32,458 : INFO : EventManager : Event: ======'zoidberg_left'====== Args={'priority': 0}
2024-04-23 20:38:33,487 : INFO : SwitchController : <<<<<<< 's_pe_platter' active >>>>>>>
2024-04-23 20:38:33,488 : INFO : EventManager : Event: ======'s_pe_platter_active'====== Args={}
2024-04-23 20:38:33,488 : INFO : EventManager : Event: ======'sw_playfield_active'====== Args={}
2024-04-23 20:38:33,488 : INFO : EventManager : Event: ======'machine_var_audits_switches_s_pe_platter'====== Args={'value': 52, 'prev_value': 51, 'change': 1}
2024-04-23 20:38:33,489 : INFO : EventManager : Event: ======'player_score'====== Args={'value': 249, 'prev_value': 216, 'change': 33, 'player_num': 1}
2024-04-23 20:38:33,494 : INFO : EventManager : Event: ======'player_platter_short_counter'====== Args={'value': 3, 'prev_value': 2, 'change': 1, 'player_num': 1}
2024-04-23 20:38:33,495 : INFO : EventManager : Event: ======'player_platter_long_counter'====== Args={'value': 4, 'prev_value': 3, 'change': 1, 'player_num': 1}
2024-04-23 20:38:34,110 : INFO : SwitchController : <<<<<<< 's_left_loop' active >>>>>>>
2024-04-23 20:38:34,110 : INFO : EventManager : Event: ======'s_left_loop_active'====== Args={}
2024-04-23 20:38:34,111 : INFO : EventManager : Event: ======'machine_var_audits_switches_s_left_loop'====== Args={'value': 4, 'prev_value': 3, 'change': 1}
2024-04-23 20:38:34,133 : INFO : SwitchController : <<<<<<< 's_left_loop' inactive >>>>>>>
2024-04-23 20:38:34,409 : INFO : SwitchController : <<<<<<< 's_pe_platter' inactive >>>>>>>
2024-04-23 20:38:34,565 : INFO : SwitchController : <<<<<<< 's_right_loop' active >>>>>>>
2024-04-23 20:38:34,566 : INFO : EventManager : Event: ======'s_right_loop_active'====== Args={}
2024-04-23 20:38:34,566 : INFO : EventManager : Event: ======'machine_var_audits_switches_s_right_loop'====== Args={'value': 4, 'prev_value': 3, 'change': 1}
2024-04-23 20:38:34,567 : INFO : EventManager : Event: ======'left_loop_hit'====== Args={}
2024-04-23 20:38:34,567 : INFO : EventManager : Event: ======'player_score'====== Args={'value': 399, 'prev_value': 249, 'change': 150, 'player_num': 1}
2024-04-23 20:38:34,589 : INFO : SwitchController : <<<<<<< 's_right_loop' inactive >>>>>>>
2024-04-23 20:38:36,453 : INFO : EventManager : Event: ======'ball_save_ball_start_ball_save_disabled'====== Args={}
2024-04-23 20:38:36,719 : INFO : SwitchController : <<<<<<< 's_pe_platter' active >>>>>>>
2024-04-23 20:38:36,720 : INFO : EventManager : Event: ======'s_pe_platter_active'====== Args={}
2024-04-23 20:38:36,720 : INFO : EventManager : Event: ======'sw_playfield_active'====== Args={}
2024-04-23 20:38:36,720 : INFO : EventManager : Event: ======'machine_var_audits_switches_s_pe_platter'====== Args={'value': 53, 'prev_value': 52, 'change': 1}
2024-04-23 20:38:36,721 : INFO : EventManager : Event: ======'player_score'====== Args={'value': 432, 'prev_value': 399, 'change': 33, 'player_num': 1}
2024-04-23 20:38:36,726 : INFO : EventManager : Event: ======'player_platter_short_counter'====== Args={'value': 4, 'prev_value': 3, 'change': 1, 'player_num': 1}
2024-04-23 20:38:36,729 : INFO : EventManager : Event: ======'player_platter_long_counter'====== Args={'value': 5, 'prev_value': 4, 'change': 1, 'player_num': 1}
2024-04-23 20:38:37,458 : INFO : EventManager : Event: ======'zoidberg_right'====== Args={'priority': 0}
2024-04-23 20:38:37,481 : INFO : SwitchController : <<<<<<< 's_left_loop' active >>>>>>>
2024-04-23 20:38:37,481 : INFO : EventManager : Event: ======'s_left_loop_active'====== Args={}
2024-04-23 20:38:37,481 : INFO : EventManager : Event: ======'machine_var_audits_switches_s_left_loop'====== Args={'value': 5, 'prev_value': 4, 'change': 1}
2024-04-23 20:38:37,482 : INFO : EventManager : Event: ======'right_loop_hit'====== Args={}
2024-04-23 20:38:37,482 : INFO : EventManager : Event: ======'player_score'====== Args={'value': 582, 'prev_value': 432, 'change': 150, 'player_num': 1}
2024-04-23 20:38:37,482 : INFO : EventManager : Event: ======'left_right_double_loop_hit'====== Args={}
2024-04-23 20:38:37,483 : INFO : EventManager : Event: ======'player_score'====== Args={'value': 1082, 'prev_value': 582, 'change': 500, 'player_num': 1}
2024-04-23 20:38:37,499 : INFO : SwitchController : <<<<<<< 's_left_loop' inactive >>>>>>>
2024-04-23 20:38:37,901 : INFO : SwitchController : <<<<<<< 's_pe_platter' inactive >>>>>>>
2024-04-23 20:38:38,079 : INFO : SwitchController : <<<<<<< 's_right_loop' active >>>>>>>
2024-04-23 20:38:38,079 : INFO : EventManager : Event: ======'s_right_loop_active'====== Args={}
2024-04-23 20:38:38,079 : INFO : EventManager : Event: ======'machine_var_audits_switches_s_right_loop'====== Args={'value': 5, 'prev_value': 4, 'change': 1}
2024-04-23 20:38:38,081 : INFO : EventManager : Event: ======'left_loop_hit'====== Args={}
2024-04-23 20:38:38,081 : INFO : EventManager : Event: ======'player_score'====== Args={'value': 1232, 'prev_value': 1082, 'change': 150, 'player_num': 1}
2024-04-23 20:38:38,082 : INFO : EventManager : Event: ======'right_left_double_loop_hit'====== Args={}
2024-04-23 20:38:38,082 : INFO : EventManager : Event: ======'player_score'====== Args={'value': 1732, 'prev_value': 1232, 'change': 500, 'player_num': 1}
2024-04-23 20:38:38,106 : INFO : SwitchController : <<<<<<< 's_right_loop' inactive >>>>>>>
2024-04-23 20:38:38,738 : INFO : SwitchController : <<<<<<< 's_pe_platter' active >>>>>>>
2024-04-23 20:38:38,738 : INFO : EventManager : Event: ======'s_pe_platter_active'====== Args={}
2024-04-23 20:38:38,738 : INFO : EventManager : Event: ======'sw_playfield_active'====== Args={}
2024-04-23 20:38:38,738 : INFO : EventManager : Event: ======'machine_var_audits_switches_s_pe_platter'====== Args={'value': 54, 'prev_value': 53, 'change': 1}
2024-04-23 20:38:38,739 : INFO : EventManager : Event: ======'player_score'====== Args={'value': 1765, 'prev_value': 1732, 'change': 33, 'player_num': 1}
2024-04-23 20:38:38,739 : INFO : EventManager : Event: ======'player_platter_short_counter'====== Args={'value': 5, 'prev_value': 4, 'change': 1, 'player_num': 1}
2024-04-23 20:38:38,743 : INFO : EventManager : Event: ======'player_platter_long_counter'====== Args={'value': 6, 'prev_value': 5, 'change': 1, 'player_num': 1}
2024-04-23 20:38:39,568 : INFO : EventManager : Event: ======'double_left_loop_timeout'====== Args={}
2024-04-23 20:38:39,600 : INFO : SwitchController : <<<<<<< 's_pe_platter' inactive >>>>>>>
2024-04-23 20:38:39,910 : INFO : SwitchController : <<<<<<< 's_pe_platter' active >>>>>>>
2024-04-23 20:38:39,911 : INFO : EventManager : Event: ======'s_pe_platter_active'====== Args={}
2024-04-23 20:38:39,911 : INFO : EventManager : Event: ======'sw_playfield_active'====== Args={}
2024-04-23 20:38:39,911 : INFO : EventManager : Event: ======'machine_var_audits_switches_s_pe_platter'====== Args={'value': 55, 'prev_value': 54, 'change': 1}
2024-04-23 20:38:39,912 : INFO : EventManager : Event: ======'player_score'====== Args={'value': 1798, 'prev_value': 1765, 'change': 33, 'player_num': 1}
2024-04-23 20:38:39,912 : INFO : EventManager : Event: ======'player_platter_short_counter'====== Args={'value': 6, 'prev_value': 5, 'change': 1, 'player_num': 1}
2024-04-23 20:38:39,912 : INFO : EventManager : Event: ======'player_platter_long_counter'====== Args={'value': 7, 'prev_value': 6, 'change': 1, 'player_num': 1}
2024-04-23 20:38:41,082 : INFO : EventManager : Event: ======'right_loop_timeout'====== Args={}
2024-04-23 20:38:41,378 : INFO : SwitchController : <<<<<<< 's_left_loop' active >>>>>>>
2024-04-23 20:38:41,378 : INFO : EventManager : Event: ======'s_left_loop_active'====== Args={}
2024-04-23 20:38:41,378 : INFO : EventManager : Event: ======'machine_var_audits_switches_s_left_loop'====== Args={'value': 6, 'prev_value': 5, 'change': 1}
2024-04-23 20:38:41,492 : INFO : SwitchController : <<<<<<< 's_left_loop' inactive >>>>>>>
2024-04-23 20:38:41,810 : INFO : SwitchController : <<<<<<< 's_left_loop' active >>>>>>>
2024-04-23 20:38:41,810 : INFO : EventManager : Event: ======'s_left_loop_active'====== Args={}
2024-04-23 20:38:41,811 : INFO : EventManager : Event: ======'machine_var_audits_switches_s_left_loop'====== Args={'value': 7, 'prev_value': 6, 'change': 1}
2024-04-23 20:38:41,942 : INFO : SwitchController : <<<<<<< 's_left_loop' inactive >>>>>>>
2024-04-23 20:38:42,457 : INFO : EventManager : Event: ======'zoidberg_left'====== Args={'priority': 0}
2024-04-23 20:38:42,483 : INFO : EventManager : Event: ======'double_right_loop_timeout'====== Args={}
2024-04-23 20:38:43,083 : INFO : EventManager : Event: ======'left_right_double_loop_timeout'====== Args={}
2024-04-23 20:38:43,083 : INFO : EventManager : Event: ======'double_left_loop_timeout'====== Args={}
2024-04-23 20:38:43,269 : INFO : SwitchController : <<<<<<< 's_left_loop' active >>>>>>>
2024-04-23 20:38:43,269 : INFO : EventManager : Event: ======'s_left_loop_active'====== Args={}
2024-04-23 20:38:43,269 : INFO : EventManager : Event: ======'machine_var_audits_switches_s_left_loop'====== Args={'value': 8, 'prev_value': 7, 'change': 1}
2024-04-23 20:38:43,289 : INFO : SwitchController : <<<<<<< 's_left_loop' inactive >>>>>>>
2024-04-23 20:38:44,380 : INFO : EventManager : Event: ======'left_loop_timeout'====== Args={}
2024-04-23 20:38:44,638 : INFO : SwitchController : <<<<<<< 's_right_loop' active >>>>>>>
2024-04-23 20:38:44,638 : INFO : EventManager : Event: ======'s_right_loop_active'====== Args={}
2024-04-23 20:38:44,639 : INFO : EventManager : Event: ======'machine_var_audits_switches_s_right_loop'====== Args={'value': 6, 'prev_value': 5, 'change': 1}
2024-04-23 20:38:44,644 : INFO : EventManager : Event: ======'left_loop_hit'====== Args={}
2024-04-23 20:38:44,644 : INFO : EventManager : Event: ======'player_score'====== Args={'value': 1948, 'prev_value': 1798, 'change': 150, 'player_num': 1}
2024-04-23 20:38:44,692 : INFO : SwitchController : <<<<<<< 's_right_loop' inactive >>>>>>>
2024-04-23 20:38:46,272 : INFO : EventManager : Event: ======'left_loop_timeout'====== Args={}
2024-04-23 20:38:47,457 : INFO : EventManager : Event: ======'zoidberg_right'====== Args={'priority': 0}
2024-04-23 20:38:47,651 : INFO : EventManager : Event: ======'right_loop_timeout'====== Args={}
2024-04-23 20:38:49,646 : INFO : EventManager : Event: ======'left_right_double_loop_timeout'====== Args={}
2024-04-23 20:38:49,646 : INFO : EventManager : Event: ======'double_left_loop_timeout'====== Args={}
2024-04-23 20:38:52,457 : INFO : EventManager : Event: ======'zoidberg_left'====== Args={'priority': 0}
2024-04-23 20:38:57,457 : INFO : EventManager : Event: ======'zoidberg_right'====== Args={'priority': 0}
2024-04-23 20:39:02,464 : INFO : EventManager : Event: ======'zoidberg_left'====== Args={'priority': 0}
2024-04-23 20:39:07,457 : INFO : EventManager : Event: ======'zoidberg_right'====== Args={'priority': 0}
2024-04-23 20:39:12,457 : INFO : EventManager : Event: ======'zoidberg_left'====== Args={'priority': 0}
2024-04-23 20:39:17,457 : INFO : EventManager : Event: ======'zoidberg_right'====== Args={'priority': 0}
2024-04-23 20:39:22,457 : INFO : EventManager : Event: ======'zoidberg_left'====== Args={'priority': 0}
2024-04-23 20:39:27,458 : INFO : EventManager : Event: ======'zoidberg_right'====== Args={'priority': 0}
2024-04-23 20:39:32,457 : INFO : EventManager : Event: ======'zoidberg_left'====== Args={'priority': 0}
2024-04-23 20:39:37,457 : INFO : EventManager : Event: ======'zoidberg_right'====== Args={'priority': 0}
2024-04-23 20:39:42,457 : INFO : EventManager : Event: ======'zoidberg_left'====== Args={'priority': 0}
2024-04-23 20:39:47,460 : INFO : EventManager : Event: ======'zoidberg_right'====== Args={'priority': 0}
2024-04-23 20:39:52,457 : INFO : EventManager : Event: ======'zoidberg_left'====== Args={'priority': 0}
2024-04-23 20:39:57,457 : INFO : EventManager : Event: ======'zoidberg_right'====== Args={'priority': 0}
2024-04-23 20:40:00,428 : INFO : SwitchController : <<<<<<< 's_left_loop' active >>>>>>>
2024-04-23 20:40:00,429 : INFO : EventManager : Event: ======'s_left_loop_active'====== Args={}
2024-04-23 20:40:00,429 : INFO : EventManager : Event: ======'machine_var_audits_switches_s_left_loop'====== Args={'value': 9, 'prev_value': 8, 'change': 1}
2024-04-23 20:40:00,473 : INFO : SwitchController : <<<<<<< 's_left_loop' inactive >>>>>>>
2024-04-23 20:40:02,024 : INFO : SwitchController : <<<<<<< 's_right_loop' active >>>>>>>
2024-04-23 20:40:02,024 : INFO : EventManager : Event: ======'s_right_loop_active'====== Args={}
2024-04-23 20:40:02,024 : INFO : EventManager : Event: ======'machine_var_audits_switches_s_right_loop'====== Args={'value': 7, 'prev_value': 6, 'change': 1}
2024-04-23 20:40:02,025 : INFO : EventManager : Event: ======'left_loop_hit'====== Args={}
2024-04-23 20:40:02,026 : INFO : EventManager : Event: ======'player_score'====== Args={'value': 2098, 'prev_value': 1948, 'change': 150, 'player_num': 1}
2024-04-23 20:40:02,080 : INFO : SwitchController : <<<<<<< 's_right_loop' inactive >>>>>>>
2024-04-23 20:40:02,457 : INFO : EventManager : Event: ======'zoidberg_left'====== Args={'priority': 0}
2024-04-23 20:40:03,386 : INFO : SwitchController : <<<<<<< 's_left_loop' active >>>>>>>
2024-04-23 20:40:03,386 : INFO : EventManager : Event: ======'s_left_loop_active'====== Args={}
2024-04-23 20:40:03,387 : INFO : EventManager : Event: ======'machine_var_audits_switches_s_left_loop'====== Args={'value': 10, 'prev_value': 9, 'change': 1}
2024-04-23 20:40:03,387 : INFO : EventManager : Event: ======'right_loop_hit'====== Args={}
2024-04-23 20:40:03,388 : INFO : EventManager : Event: ======'player_score'====== Args={'value': 2248, 'prev_value': 2098, 'change': 150, 'player_num': 1}
2024-04-23 20:40:03,388 : INFO : EventManager : Event: ======'left_right_double_loop_hit'====== Args={}
2024-04-23 20:40:03,392 : INFO : EventManager : Event: ======'player_score'====== Args={'value': 2748, 'prev_value': 2248, 'change': 500, 'player_num': 1}
2024-04-23 20:40:03,440 : INFO : SwitchController : <<<<<<< 's_left_loop' inactive >>>>>>>
2024-04-23 20:40:04,237 : INFO : SwitchController : <<<<<<< 's_pe_platter' inactive >>>>>>>
2024-04-23 20:40:04,471 : INFO : SwitchController : <<<<<<< 's_right_loop' active >>>>>>>
2024-04-23 20:40:04,471 : INFO : EventManager : Event: ======'s_right_loop_active'====== Args={}
2024-04-23 20:40:04,471 : INFO : EventManager : Event: ======'machine_var_audits_switches_s_right_loop'====== Args={'value': 8, 'prev_value': 7, 'change': 1}
2024-04-23 20:40:04,478 : INFO : EventManager : Event: ======'left_loop_hit'====== Args={}
2024-04-23 20:40:04,478 : INFO : EventManager : Event: ======'player_score'====== Args={'value': 2898, 'prev_value': 2748, 'change': 150, 'player_num': 1}
2024-04-23 20:40:04,479 : INFO : EventManager : Event: ======'right_left_double_loop_hit'====== Args={}
2024-04-23 20:40:04,480 : INFO : EventManager : Event: ======'player_score'====== Args={'value': 3398, 'prev_value': 2898, 'change': 500, 'player_num': 1}
2024-04-23 20:40:04,506 : INFO : SwitchController : <<<<<<< 's_right_loop' inactive >>>>>>>
2024-04-23 20:40:05,587 : INFO : SwitchController : <<<<<<< 's_left_loop' active >>>>>>>
2024-04-23 20:40:05,588 : INFO : EventManager : Event: ======'s_left_loop_active'====== Args={}
2024-04-23 20:40:05,588 : INFO : EventManager : Event: ======'machine_var_audits_switches_s_left_loop'====== Args={'value': 11, 'prev_value': 10, 'change': 1}
2024-04-23 20:40:05,593 : INFO : EventManager : Event: ======'right_loop_hit'====== Args={}
2024-04-23 20:40:05,594 : INFO : EventManager : Event: ======'player_score'====== Args={'value': 3548, 'prev_value': 3398, 'change': 150, 'player_num': 1}
2024-04-23 20:40:05,594 : INFO : EventManager : Event: ======'left_right_double_loop_hit'====== Args={}
2024-04-23 20:40:05,594 : INFO : EventManager : Event: ======'player_score'====== Args={'value': 4048, 'prev_value': 3548, 'change': 500, 'player_num': 1}
2024-04-23 20:40:05,622 : INFO : SwitchController : <<<<<<< 's_left_loop' inactive >>>>>>>
2024-04-23 20:40:06,456 : INFO : SwitchController : <<<<<<< 's_right_loop' active >>>>>>>
2024-04-23 20:40:06,456 : INFO : EventManager : Event: ======'s_right_loop_active'====== Args={}
2024-04-23 20:40:06,456 : INFO : EventManager : Event: ======'machine_var_audits_switches_s_right_loop'====== Args={'value': 9, 'prev_value': 8, 'change': 1}
2024-04-23 20:40:06,457 : INFO : EventManager : Event: ======'left_loop_hit'====== Args={}
2024-04-23 20:40:06,457 : INFO : EventManager : Event: ======'player_score'====== Args={'value': 4198, 'prev_value': 4048, 'change': 150, 'player_num': 1}
2024-04-23 20:40:06,458 : INFO : EventManager : Event: ======'right_left_double_loop_hit'====== Args={}
2024-04-23 20:40:06,458 : INFO : EventManager : Event: ======'player_score'====== Args={'value': 4698, 'prev_value': 4198, 'change': 500, 'player_num': 1}
2024-04-23 20:40:06,492 : INFO : SwitchController : <<<<<<< 's_right_loop' inactive >>>>>>>
2024-04-23 20:40:07,033 : INFO : EventManager : Event: ======'double_left_loop_timeout'====== Args={}
2024-04-23 20:40:07,349 : INFO : SwitchController : <<<<<<< 's_pe_platter' active >>>>>>>
2024-04-23 20:40:07,349 : INFO : EventManager : Event: ======'s_pe_platter_active'====== Args={}
2024-04-23 20:40:07,349 : INFO : EventManager : Event: ======'sw_playfield_active'====== Args={}
2024-04-23 20:40:07,349 : INFO : EventManager : Event: ======'machine_var_audits_switches_s_pe_platter'====== Args={'value': 56, 'prev_value': 55, 'change': 1}
2024-04-23 20:40:07,350 : INFO : EventManager : Event: ======'player_score'====== Args={'value': 4731, 'prev_value': 4698, 'change': 33, 'player_num': 1}
2024-04-23 20:40:07,350 : INFO : EventManager : Event: ======'player_platter_short_counter'====== Args={'value': 7, 'prev_value': 6, 'change': 1, 'player_num': 1}
2024-04-23 20:40:07,350 : INFO : EventManager : Event: ======'player_platter_long_counter'====== Args={'value': 8, 'prev_value': 7, 'change': 1, 'player_num': 1}
2024-04-23 20:40:07,457 : INFO : EventManager : Event: ======'zoidberg_right'====== Args={'priority': 0}
2024-04-23 20:40:08,393 : INFO : EventManager : Event: ======'double_right_loop_timeout'====== Args={}
2024-04-23 20:40:08,671 : INFO : SwitchController : <<<<<<< 's_left_loop' active >>>>>>>
2024-04-23 20:40:08,671 : INFO : EventManager : Event: ======'s_left_loop_active'====== Args={}
2024-04-23 20:40:08,671 : INFO : EventManager : Event: ======'machine_var_audits_switches_s_left_loop'====== Args={'value': 12, 'prev_value': 11, 'change': 1}
2024-04-23 20:40:08,672 : INFO : EventManager : Event: ======'right_loop_hit'====== Args={}
2024-04-23 20:40:08,672 : INFO : EventManager : Event: ======'player_score'====== Args={'value': 4881, 'prev_value': 4731, 'change': 150, 'player_num': 1}
2024-04-23 20:40:08,679 : INFO : EventManager : Event: ======'left_right_double_loop_hit'====== Args={}
2024-04-23 20:40:08,679 : INFO : EventManager : Event: ======'player_score'====== Args={'value': 5381, 'prev_value': 4881, 'change': 500, 'player_num': 1}
2024-04-23 20:40:08,737 : INFO : SwitchController : <<<<<<< 's_left_loop' inactive >>>>>>>
2024-04-23 20:40:09,482 : INFO : EventManager : Event: ======'double_left_loop_timeout'====== Args={}
2024-04-23 20:40:09,527 : INFO : SwitchController : <<<<<<< 's_left_loop' active >>>>>>>
2024-04-23 20:40:09,527 : INFO : EventManager : Event: ======'s_left_loop_active'====== Args={}
2024-04-23 20:40:09,527 : INFO : EventManager : Event: ======'machine_var_audits_switches_s_left_loop'====== Args={'value': 13, 'prev_value': 12, 'change': 1}
2024-04-23 20:40:09,608 : INFO : SwitchController : <<<<<<< 's_left_loop' inactive >>>>>>>
2024-04-23 20:40:10,595 : INFO : EventManager : Event: ======'double_right_loop_timeout'====== Args={}
2024-04-23 20:40:10,777 : INFO : SwitchController : <<<<<<< 's_left_loop' active >>>>>>>
2024-04-23 20:40:10,777 : INFO : EventManager : Event: ======'s_left_loop_active'====== Args={}
2024-04-23 20:40:10,778 : INFO : EventManager : Event: ======'machine_var_audits_switches_s_left_loop'====== Args={'value': 14, 'prev_value': 13, 'change': 1}
2024-04-23 20:40:10,801 : INFO : SwitchController : <<<<<<< 's_left_loop' inactive >>>>>>>
2024-04-23 20:40:11,227 : INFO : SwitchController : <<<<<<< 's_pe_platter' inactive >>>>>>>
2024-04-23 20:40:11,322 : INFO : SwitchController : <<<<<<< 's_pe_platter' active >>>>>>>
2024-04-23 20:40:11,322 : INFO : EventManager : Event: ======'s_pe_platter_active'====== Args={}
2024-04-23 20:40:11,322 : INFO : EventManager : Event: ======'sw_playfield_active'====== Args={}
2024-04-23 20:40:11,322 : INFO : EventManager : Event: ======'machine_var_audits_switches_s_pe_platter'====== Args={'value': 57, 'prev_value': 56, 'change': 1}
2024-04-23 20:40:11,323 : INFO : EventManager : Event: ======'player_score'====== Args={'value': 5414, 'prev_value': 5381, 'change': 33, 'player_num': 1}
2024-04-23 20:40:11,323 : INFO : EventManager : Event: ======'player_platter_short_counter'====== Args={'value': 8, 'prev_value': 7, 'change': 1, 'player_num': 1}
2024-04-23 20:40:11,323 : INFO : EventManager : Event: ======'player_platter_long_counter'====== Args={'value': 9, 'prev_value': 8, 'change': 1, 'player_num': 1}
2024-04-23 20:40:11,423 : INFO : SwitchController : <<<<<<< 's_right_loop' active >>>>>>>
2024-04-23 20:40:11,423 : INFO : EventManager : Event: ======'s_right_loop_active'====== Args={}
2024-04-23 20:40:11,423 : INFO : EventManager : Event: ======'machine_var_audits_switches_s_right_loop'====== Args={'value': 10, 'prev_value': 9, 'change': 1}
2024-04-23 20:40:11,424 : INFO : EventManager : Event: ======'left_loop_hit'====== Args={}
2024-04-23 20:40:11,424 : INFO : EventManager : Event: ======'player_score'====== Args={'value': 5564, 'prev_value': 5414, 'change': 150, 'player_num': 1}
2024-04-23 20:40:11,425 : INFO : EventManager : Event: ======'right_left_double_loop_hit'====== Args={}
2024-04-23 20:40:11,425 : INFO : EventManager : Event: ======'player_score'====== Args={'value': 6064, 'prev_value': 5564, 'change': 500, 'player_num': 1}
2024-04-23 20:40:11,454 : INFO : SwitchController : <<<<<<< 's_right_loop' inactive >>>>>>>
2024-04-23 20:40:11,458 : INFO : EventManager : Event: ======'double_left_loop_timeout'====== Args={}
2024-04-23 20:40:12,083 : INFO : SwitchController : <<<<<<< 's_pe_platter' inactive >>>>>>>
2024-04-23 20:40:12,433 : INFO : SwitchController : <<<<<<< 's_left_loop' active >>>>>>>
2024-04-23 20:40:12,433 : INFO : EventManager : Event: ======'s_left_loop_active'====== Args={}
2024-04-23 20:40:12,433 : INFO : EventManager : Event: ======'machine_var_audits_switches_s_left_loop'====== Args={'value': 15, 'prev_value': 14, 'change': 1}
2024-04-23 20:40:12,435 : INFO : EventManager : Event: ======'right_loop_hit'====== Args={}
2024-04-23 20:40:12,435 : INFO : EventManager : Event: ======'player_score'====== Args={'value': 6214, 'prev_value': 6064, 'change': 150, 'player_num': 1}
2024-04-23 20:40:12,435 : INFO : EventManager : Event: ======'left_right_double_loop_hit'====== Args={}
2024-04-23 20:40:12,436 : INFO : EventManager : Event: ======'player_score'====== Args={'value': 6714, 'prev_value': 6214, 'change': 500, 'player_num': 1}
2024-04-23 20:40:12,467 : INFO : EventManager : Event: ======'zoidberg_left'====== Args={'priority': 0}
2024-04-23 20:40:12,469 : INFO : SwitchController : <<<<<<< 's_left_loop' inactive >>>>>>>
2024-04-23 20:40:12,530 : INFO : EventManager : Event: ======'left_loop_timeout'====== Args={}
2024-04-23 20:40:12,848 : INFO : SwitchController : <<<<<<< 's_pe_platter' active >>>>>>>
2024-04-23 20:40:12,848 : INFO : EventManager : Event: ======'s_pe_platter_active'====== Args={}
2024-04-23 20:40:12,848 : INFO : EventManager : Event: ======'sw_playfield_active'====== Args={}
2024-04-23 20:40:12,849 : INFO : EventManager : Event: ======'machine_var_audits_switches_s_pe_platter'====== Args={'value': 58, 'prev_value': 57, 'change': 1}
2024-04-23 20:40:12,849 : INFO : EventManager : Event: ======'player_score'====== Args={'value': 6747, 'prev_value': 6714, 'change': 33, 'player_num': 1}
2024-04-23 20:40:12,849 : INFO : EventManager : Event: ======'player_platter_short_counter'====== Args={'value': 9, 'prev_value': 8, 'change': 1, 'player_num': 1}
2024-04-23 20:40:12,850 : INFO : EventManager : Event: ======'player_platter_long_counter'====== Args={'value': 10, 'prev_value': 9, 'change': 1, 'player_num': 1}
2024-04-23 20:40:12,983 : INFO : SwitchController : <<<<<<< 's_right_loop' active >>>>>>>
2024-04-23 20:40:12,983 : INFO : EventManager : Event: ======'s_right_loop_active'====== Args={}
2024-04-23 20:40:12,983 : INFO : EventManager : Event: ======'machine_var_audits_switches_s_right_loop'====== Args={'value': 11, 'prev_value': 10, 'change': 1}
2024-04-23 20:40:12,984 : INFO : EventManager : Event: ======'left_loop_hit'====== Args={}
2024-04-23 20:40:12,985 : INFO : EventManager : Event: ======'player_score'====== Args={'value': 6897, 'prev_value': 6747, 'change': 150, 'player_num': 1}
2024-04-23 20:40:12,985 : INFO : EventManager : Event: ======'right_left_double_loop_hit'====== Args={}
2024-04-23 20:40:12,985 : INFO : EventManager : Event: ======'player_score'====== Args={'value': 7397, 'prev_value': 6897, 'change': 500, 'player_num': 1}
2024-04-23 20:40:13,018 : INFO : SwitchController : <<<<<<< 's_right_loop' inactive >>>>>>>
2024-04-23 20:40:13,680 : INFO : EventManager : Event: ======'double_right_loop_timeout'====== Args={}
2024-04-23 20:40:13,726 : INFO : SwitchController : <<<<<<< 's_pe_platter' inactive >>>>>>>
2024-04-23 20:40:14,167 : INFO : SwitchController : <<<<<<< 's_left_loop' active >>>>>>>
2024-04-23 20:40:14,168 : INFO : EventManager : Event: ======'s_left_loop_active'====== Args={}
2024-04-23 20:40:14,168 : INFO : EventManager : Event: ======'machine_var_audits_switches_s_left_loop'====== Args={'value': 16, 'prev_value': 15, 'change': 1}
2024-04-23 20:40:14,170 : INFO : EventManager : Event: ======'right_loop_hit'====== Args={}
2024-04-23 20:40:14,171 : INFO : EventManager : Event: ======'player_score'====== Args={'value': 7547, 'prev_value': 7397, 'change': 150, 'player_num': 1}
2024-04-23 20:40:14,171 : INFO : EventManager : Event: ======'left_right_double_loop_hit'====== Args={}
2024-04-23 20:40:14,172 : INFO : EventManager : Event: ======'player_score'====== Args={'value': 8047, 'prev_value': 7547, 'change': 500, 'player_num': 1}
2024-04-23 20:40:14,213 : INFO : SwitchController : <<<<<<< 's_left_loop' inactive >>>>>>>
2024-04-23 20:40:14,744 : INFO : SwitchController : <<<<<<< 's_right_loop' active >>>>>>>
2024-04-23 20:40:14,744 : INFO : EventManager : Event: ======'s_right_loop_active'====== Args={}
2024-04-23 20:40:14,745 : INFO : EventManager : Event: ======'machine_var_audits_switches_s_right_loop'====== Args={'value': 12, 'prev_value': 11, 'change': 1}
2024-04-23 20:40:14,745 : INFO : EventManager : Event: ======'left_loop_hit'====== Args={}
2024-04-23 20:40:14,746 : INFO : EventManager : Event: ======'player_score'====== Args={'value': 8197, 'prev_value': 8047, 'change': 150, 'player_num': 1}
2024-04-23 20:40:14,746 : INFO : EventManager : Event: ======'right_left_double_loop_hit'====== Args={}
2024-04-23 20:40:14,746 : INFO : EventManager : Event: ======'player_score'====== Args={'value': 8697, 'prev_value': 8197, 'change': 500, 'player_num': 1}
2024-04-23 20:40:14,779 : INFO : SwitchController : <<<<<<< 's_right_loop' inactive >>>>>>>
2024-04-23 20:40:14,805 : INFO : SwitchController : <<<<<<< 's_t_bender' active >>>>>>>
2024-04-23 20:40:14,806 : INFO : EventManager : Event: ======'s_t_bender_active'====== Args={}
2024-04-23 20:40:14,806 : INFO : EventManager : Event: ======'sw_playfield_active'====== Args={}
2024-04-23 20:40:14,806 : INFO : EventManager : Event: ======'machine_var_audits_switches_s_t_bender'====== Args={'value': 1, 'prev_value': 0, 'change': 1}
2024-04-23 20:40:14,807 : INFO : EventManager : Event: ======'player_score'====== Args={'value': 8797, 'prev_value': 8697, 'change': 100, 'player_num': 1}
2024-04-23 20:40:14,807 : INFO : EventManager : Event: ======'player_bender_xp'====== Args={'value': 1, 'prev_value': 0, 'change': 1, 'player_num': 1}
2024-04-23 20:40:14,847 : INFO : SwitchController : <<<<<<< 's_t_bender' inactive >>>>>>>
2024-04-23 20:40:14,944 : INFO : SwitchController : <<<<<<< 's_pe_platter' active >>>>>>>
2024-04-23 20:40:14,944 : INFO : EventManager : Event: ======'s_pe_platter_active'====== Args={}
2024-04-23 20:40:14,944 : INFO : EventManager : Event: ======'sw_playfield_active'====== Args={}
2024-04-23 20:40:14,944 : INFO : EventManager : Event: ======'machine_var_audits_switches_s_pe_platter'====== Args={'value': 59, 'prev_value': 58, 'change': 1}
2024-04-23 20:40:14,945 : INFO : EventManager : Event: ======'player_score'====== Args={'value': 8830, 'prev_value': 8797, 'change': 33, 'player_num': 1}
2024-04-23 20:40:14,945 : INFO : EventManager : Event: ======'player_platter_short_counter'====== Args={'value': 10, 'prev_value': 9, 'change': 1, 'player_num': 1}
2024-04-23 20:40:14,945 : INFO : EventManager : Event: ======'player_platter_long_counter'====== Args={'value': 11, 'prev_value': 10, 'change': 1, 'player_num': 1}
2024-04-23 20:40:16,426 : INFO : EventManager : Event: ======'double_left_loop_timeout'====== Args={}
2024-04-23 20:40:17,171 : INFO : EventManager : Event: ======'left_loop_timeout'====== Args={}
2024-04-23 20:40:17,437 : INFO : EventManager : Event: ======'double_right_loop_timeout'====== Args={}
2024-04-23 20:40:17,460 : INFO : EventManager : Event: ======'zoidberg_right'====== Args={'priority': 0}
2024-04-23 20:40:17,747 : INFO : EventManager : Event: ======'right_loop_timeout'====== Args={}
2024-04-23 20:40:17,986 : INFO : EventManager : Event: ======'double_left_loop_timeout'====== Args={}
2024-04-23 20:40:19,174 : INFO : EventManager : Event: ======'double_right_loop_timeout'====== Args={}
2024-04-23 20:40:19,752 : INFO : EventManager : Event: ======'left_right_double_loop_timeout'====== Args={}
2024-04-23 20:40:19,752 : INFO : EventManager : Event: ======'double_left_loop_timeout'====== Args={}
2024-04-23 20:40:22,457 : INFO : EventManager : Event: ======'zoidberg_left'====== Args={'priority': 0}
2024-04-23 20:40:27,457 : INFO : EventManager : Event: ======'zoidberg_right'====== Args={'priority': 0}
2024-04-23 20:40:27,478 : WARNING : SwitchController : Received duplicate switch state 0 for switch s_right_flipper from the platform interface. Log Code: Log-SwitchController-1 (https://docs.missionpinball.org/en/0.55/logs/Log-SwitchController-1.html)
2024-04-23 20:40:28,504 : WARNING : SwitchController : Received duplicate switch state 0 for switch s_right_flipper from the platform interface. Log Code: Log-SwitchController-1 (https://docs.missionpinball.org/en/0.55/logs/Log-SwitchController-1.html)
2024-04-23 20:40:28,528 : WARNING : SwitchController : Received duplicate switch state 0 for switch s_right_flipper from the platform interface. Log Code: Log-SwitchController-1 (https://docs.missionpinball.org/en/0.55/logs/Log-SwitchController-1.html)
2024-04-23 20:40:28,907 : INFO : SwitchController : <<<<<<< 's_right_flipper' active >>>>>>>
2024-04-23 20:40:28,908 : INFO : EventManager : Event: ======'machine_var_audits_switches_s_right_flipper'====== Args={'value': 15, 'prev_value': 14, 'change': 1}
2024-04-23 20:40:28,940 : INFO : SwitchController : <<<<<<< 's_right_flipper' inactive >>>>>>>
2024-04-23 20:40:29,702 : INFO : SwitchController : <<<<<<< 's_right_flipper' active >>>>>>>
2024-04-23 20:40:29,703 : INFO : EventManager : Event: ======'machine_var_audits_switches_s_right_flipper'====== Args={'value': 16, 'prev_value': 15, 'change': 1}
2024-04-23 20:40:29,737 : INFO : SwitchController : <<<<<<< 's_right_flipper' inactive >>>>>>>
2024-04-23 20:40:32,457 : INFO : EventManager : Event: ======'zoidberg_left'====== Args={'priority': 0}
2024-04-23 20:40:37,457 : INFO : EventManager : Event: ======'zoidberg_right'====== Args={'priority': 0}
2024-04-23 20:40:42,457 : INFO : EventManager : Event: ======'zoidberg_left'====== Args={'priority': 0}
2024-04-23 20:40:47,457 : INFO : EventManager : Event: ======'zoidberg_right'====== Args={'priority': 0}
2024-04-23 20:40:51,944 : INFO : SwitchController : <<<<<<< 's_left_loop' active >>>>>>>
2024-04-23 20:40:51,944 : INFO : EventManager : Event: ======'s_left_loop_active'====== Args={}
2024-04-23 20:40:51,945 : INFO : EventManager : Event: ======'machine_var_audits_switches_s_left_loop'====== Args={'value': 17, 'prev_value': 16, 'change': 1}
2024-04-23 20:40:51,977 : INFO : SwitchController : <<<<<<< 's_left_loop' inactive >>>>>>>
2024-04-23 20:40:52,266 : INFO : SwitchController : <<<<<<< 's_right_loop' active >>>>>>>
2024-04-23 20:40:52,267 : INFO : EventManager : Event: ======'s_right_loop_active'====== Args={}
2024-04-23 20:40:52,267 : INFO : EventManager : Event: ======'machine_var_audits_switches_s_right_loop'====== Args={'value': 13, 'prev_value': 12, 'change': 1}
2024-04-23 20:40:52,268 : INFO : EventManager : Event: ======'left_loop_hit'====== Args={}
2024-04-23 20:40:52,268 : INFO : EventManager : Event: ======'player_score'====== Args={'value': 8980, 'prev_value': 8830, 'change': 150, 'player_num': 1}
2024-04-23 20:40:52,298 : INFO : SwitchController : <<<<<<< 's_right_loop' inactive >>>>>>>
2024-04-23 20:40:52,351 : INFO : SwitchController : <<<<<<< 's_pe_platter' inactive >>>>>>>
2024-04-23 20:40:52,457 : INFO : EventManager : Event: ======'zoidberg_left'====== Args={'priority': 0}
2024-04-23 20:40:52,572 : INFO : SwitchController : <<<<<<< 's_pe_platter' active >>>>>>>
2024-04-23 20:40:52,573 : INFO : EventManager : Event: ======'s_pe_platter_active'====== Args={}
2024-04-23 20:40:52,573 : INFO : EventManager : Event: ======'sw_playfield_active'====== Args={}
2024-04-23 20:40:52,573 : INFO : EventManager : Event: ======'machine_var_audits_switches_s_pe_platter'====== Args={'value': 60, 'prev_value': 59, 'change': 1}
2024-04-23 20:40:52,574 : INFO : EventManager : Event: ======'player_score'====== Args={'value': 9013, 'prev_value': 8980, 'change': 33, 'player_num': 1}
2024-04-23 20:40:52,574 : INFO : EventManager : Event: ======'player_platter_short_counter'====== Args={'value': 11, 'prev_value': 10, 'change': 1, 'player_num': 1}
2024-04-23 20:40:52,574 : INFO : EventManager : Event: ======'player_platter_long_counter'====== Args={'value': 12, 'prev_value': 11, 'change': 1, 'player_num': 1}
2024-04-23 20:40:52,827 : INFO : SwitchController : <<<<<<< 's_pe_platter' inactive >>>>>>>
2024-04-23 20:40:53,231 : INFO : SwitchController : <<<<<<< 's_cap1' active >>>>>>>
2024-04-23 20:40:53,231 : INFO : EventManager : Event: ======'s_cap1_active'====== Args={}
2024-04-23 20:40:53,231 : INFO : EventManager : Event: ======'sw_playfield_active'====== Args={}
2024-04-23 20:40:53,231 : INFO : EventManager : Event: ======'machine_var_audits_switches_s_cap1'====== Args={'value': 3, 'prev_value': 2, 'change': 1}
2024-04-23 20:40:53,232 : INFO : EventManager : Event: ======'player_score'====== Args={'value': 9063, 'prev_value': 9013, 'change': 50, 'player_num': 1}
2024-04-23 20:40:53,232 : INFO : EventManager : Event: ======'player_slurm_caps'====== Args={'value': 3, 'prev_value': 2, 'change': 1, 'player_num': 1}
2024-04-23 20:40:53,291 : INFO : SwitchController : <<<<<<< 's_cap1' inactive >>>>>>>
2024-04-23 20:40:54,109 : INFO : SwitchController : <<<<<<< 's_left_loop' active >>>>>>>
2024-04-23 20:40:54,110 : INFO : EventManager : Event: ======'s_left_loop_active'====== Args={}
2024-04-23 20:40:54,110 : INFO : EventManager : Event: ======'machine_var_audits_switches_s_left_loop'====== Args={'value': 18, 'prev_value': 17, 'change': 1}
2024-04-23 20:40:54,111 : INFO : EventManager : Event: ======'right_loop_hit'====== Args={}
2024-04-23 20:40:54,111 : INFO : EventManager : Event: ======'player_score'====== Args={'value': 9213, 'prev_value': 9063, 'change': 150, 'player_num': 1}
2024-04-23 20:40:54,111 : INFO : EventManager : Event: ======'left_right_double_loop_hit'====== Args={}
2024-04-23 20:40:54,111 : INFO : EventManager : Event: ======'player_score'====== Args={'value': 9713, 'prev_value': 9213, 'change': 500, 'player_num': 1}
2024-04-23 20:40:54,146 : INFO : SwitchController : <<<<<<< 's_left_loop' inactive >>>>>>>
2024-04-23 20:40:54,573 : INFO : SwitchController : <<<<<<< 's_right_loop' active >>>>>>>
2024-04-23 20:40:54,574 : INFO : EventManager : Event: ======'s_right_loop_active'====== Args={}
2024-04-23 20:40:54,574 : INFO : EventManager : Event: ======'machine_var_audits_switches_s_right_loop'====== Args={'value': 14, 'prev_value': 13, 'change': 1}
2024-04-23 20:40:54,576 : INFO : EventManager : Event: ======'left_loop_hit'====== Args={}
2024-04-23 20:40:54,576 : INFO : EventManager : Event: ======'player_score'====== Args={'value': 9863, 'prev_value': 9713, 'change': 150, 'player_num': 1}
2024-04-23 20:40:54,576 : INFO : EventManager : Event: ======'right_left_double_loop_hit'====== Args={}
2024-04-23 20:40:54,577 : INFO : EventManager : Event: ======'player_score'====== Args={'value': 10363, 'prev_value': 9863, 'change': 500, 'player_num': 1}
2024-04-23 20:40:54,609 : INFO : SwitchController : <<<<<<< 's_right_loop' inactive >>>>>>>
2024-04-23 20:40:56,157 : INFO : SwitchController : <<<<<<< 's_left_loop' active >>>>>>>
2024-04-23 20:40:56,157 : INFO : EventManager : Event: ======'s_left_loop_active'====== Args={}
2024-04-23 20:40:56,157 : INFO : EventManager : Event: ======'machine_var_audits_switches_s_left_loop'====== Args={'value': 19, 'prev_value': 18, 'change': 1}
2024-04-23 20:40:56,158 : INFO : EventManager : Event: ======'right_loop_hit'====== Args={}
2024-04-23 20:40:56,159 : INFO : EventManager : Event: ======'player_score'====== Args={'value': 10513, 'prev_value': 10363, 'change': 150, 'player_num': 1}
2024-04-23 20:40:56,159 : INFO : EventManager : Event: ======'left_right_double_loop_hit'====== Args={}
2024-04-23 20:40:56,159 : INFO : EventManager : Event: ======'player_score'====== Args={'value': 11013, 'prev_value': 10513, 'change': 500, 'player_num': 1}
2024-04-23 20:40:56,194 : INFO : SwitchController : <<<<<<< 's_left_loop' inactive >>>>>>>
2024-04-23 20:40:56,527 : INFO : SwitchController : <<<<<<< 's_right_loop' active >>>>>>>
2024-04-23 20:40:56,527 : INFO : EventManager : Event: ======'s_right_loop_active'====== Args={}
2024-04-23 20:40:56,528 : INFO : EventManager : Event: ======'machine_var_audits_switches_s_right_loop'====== Args={'value': 15, 'prev_value': 14, 'change': 1}
2024-04-23 20:40:56,529 : INFO : EventManager : Event: ======'left_loop_hit'====== Args={}
2024-04-23 20:40:56,529 : INFO : EventManager : Event: ======'player_score'====== Args={'value': 11163, 'prev_value': 11013, 'change': 150, 'player_num': 1}
2024-04-23 20:40:56,529 : INFO : EventManager : Event: ======'right_left_double_loop_hit'====== Args={}
2024-04-23 20:40:56,529 : INFO : EventManager : Event: ======'player_score'====== Args={'value': 11663, 'prev_value': 11163, 'change': 500, 'player_num': 1}
2024-04-23 20:40:56,563 : INFO : SwitchController : <<<<<<< 's_right_loop' inactive >>>>>>>
2024-04-23 20:40:57,270 : INFO : EventManager : Event: ======'double_left_loop_timeout'====== Args={}
2024-04-23 20:40:57,459 : INFO : EventManager : Event: ======'zoidberg_right'====== Args={'priority': 0}
2024-04-23 20:40:59,112 : INFO : EventManager : Event: ======'double_right_loop_timeout'====== Args={}
2024-04-23 20:40:59,529 : INFO : EventManager : Event: ======'right_loop_timeout'====== Args={}
2024-04-23 20:40:59,577 : INFO : EventManager : Event: ======'double_left_loop_timeout'====== Args={}
2024-04-23 20:41:01,160 : INFO : EventManager : Event: ======'double_right_loop_timeout'====== Args={}
2024-04-23 20:41:01,530 : INFO : EventManager : Event: ======'left_right_double_loop_timeout'====== Args={}
2024-04-23 20:41:01,531 : INFO : EventManager : Event: ======'double_left_loop_timeout'====== Args={}
2024-04-23 20:41:02,459 : INFO : EventManager : Event: ======'zoidberg_left'====== Args={'priority': 0}
2024-04-23 20:41:07,456 : INFO : EventManager : Event: ======'zoidberg_right'====== Args={'priority': 0}
2024-04-23 20:41:12,457 : INFO : EventManager : Event: ======'zoidberg_left'====== Args={'priority': 0}
2024-04-23 20:41:17,457 : INFO : EventManager : Event: ======'zoidberg_right'====== Args={'priority': 0}
