2024-04-23 20:42:11,107 : INFO : root : Loading config.
2024-04-23 20:42:11,110 : INFO : YamlMultifileConfigLoader : Machine config file #1: config.yaml
2024-04-23 20:42:11,110 : WARNING : ConfigProcessor : Config file in cache changed: /home/mpfuser/pinball/Futurama31/config/config.yaml
2024-04-23 20:42:11,110 : INFO : ConfigProcessor : Loading config from file /usr/local/lib/python3.7/dist-packages/mpf/mpfconfig.yaml.
2024-04-23 20:42:11,204 : INFO : ConfigProcessor : Loading config: /usr/local/lib/python3.7/dist-packages/mpf/mpfconfig.yaml
2024-04-23 20:42:11,205 : INFO : ConfigProcessor : Loading config from file /home/mpfuser/pinball/Futurama31/config/config.yaml.
2024-04-23 20:42:11,359 : INFO : ConfigProcessor : Loading config: /home/mpfuser/pinball/Futurama31/config/config.yaml
2024-04-23 20:42:11,362 : INFO : ConfigProcessor : Config file cache created: /tmp/9f2098f750e45235613be58ba15b9646.mpf_cache
2024-04-23 20:42:11,387 : INFO : ConfigProcessor : Loading config from cache: /tmp/0488c24d6cb11f71168a087186f8afaf.mpf_cache
2024-04-23 20:42:11,387 : INFO : ConfigProcessor : Loading config from cache: /tmp/7559345efe69122f4d6fb5f65214b482.mpf_cache
2024-04-23 20:42:11,388 : INFO : ConfigProcessor : Loading config from cache: /tmp/ea6b25128768fa7bfd9e42011d34475f.mpf_cache
2024-04-23 20:42:11,388 : INFO : ConfigProcessor : Loading config from cache: /tmp/fecad1d527faf1d03547df1920e5db10.mpf_cache
2024-04-23 20:42:11,388 : INFO : ConfigProcessor : Loading config from cache: /tmp/fcc4c9d209c9a032c06d4f66ec129faa.mpf_cache
2024-04-23 20:42:11,388 : INFO : ConfigProcessor : Loading config from cache: /tmp/1589a8837fa04fabe2b0cb060c0683ab.mpf_cache
2024-04-23 20:42:11,389 : INFO : Machine : Mission Pinball Framework Core Engine v0.55.0
2024-04-23 20:42:11,389 : INFO : Machine : Command line arguments: {'no_load_cache': False, 'create_config_cache': True, 'bcp': True, 'configfile': ['config.yaml'], 'force_assets_load': False, 'jsonlogging': False, 'logfile': 'logs/2024-04-23-20-42-11-mpf-futurama.log', 'pause': False, 'production': False, 'text_ui': True, 'loglevel': 15, 'consoleloglevel': 20, 'force_platform': None, 'syslog_address': None, 'mc_file_name': None, 'no_sound': False}
2024-04-23 20:42:11,389 : INFO : Machine : MPF path: /usr/local/lib/python3.7/dist-packages/mpf
2024-04-23 20:42:11,389 : INFO : Machine : Machine path: /home/mpfuser/pinball/Futurama31
2024-04-23 20:42:11,389 : INFO : Machine : Platform: linux
2024-04-23 20:42:11,389 : INFO : Machine : Python executable location: /usr/bin/python3
2024-04-23 20:42:11,389 : INFO : Machine : Python version: 3.7.3 (64-bit)
2024-04-23 20:42:11,390 : INFO : Machine : Initialise MPF.
2024-04-23 20:42:11,417 : INFO : P-Roc : Connecting to P-ROC
2024-04-23 20:42:11,472 : INFO : P-Roc : Successfully connected to P-ROC/P3-ROC. Firmware Version: 2. Firmware Revision: 14. Hardware Board ID: 1
2024-04-23 20:42:11,484 : INFO : EventManager : Event: ======'machine_var_p_roc_version'====== Args={'value': 2, 'prev_value': None, 'change': True}
2024-04-23 20:42:11,484 : INFO : EventManager : Event: ======'machine_var_p_roc_revision'====== Args={'value': 14, 'prev_value': None, 'change': True}
2024-04-23 20:42:11,484 : INFO : EventManager : Event: ======'machine_var_p_roc_hardware_version'====== Args={'value': 1, 'prev_value': None, 'change': True}
2024-04-23 20:42:11,484 : INFO : EventManager : Event: ======'machine_var_credits_string'====== Args={'value': 'FREE PLAY', 'prev_value': None, 'change': True}
2024-04-23 20:42:11,514 : INFO : EventManager : Event: ======'machine_var_master_volume'====== Args={'value': 0.9, 'prev_value': None, 'change': True}
2024-04-23 20:42:11,514 : INFO : EventManager : Event: ======'machine_var_player1_score'====== Args={'value': 3376, 'prev_value': None, 'change': True}
2024-04-23 20:42:11,514 : INFO : EventManager : Event: ======'machine_var_mpf_version'====== Args={'value': 'MPF v0.55.0', 'prev_value': None, 'change': True}
2024-04-23 20:42:11,514 : INFO : EventManager : Event: ======'machine_var_mpf_extended_version'====== Args={'value': 'MPF v0.55.0, Config version:5, Show version: 5, BCP version:1.1', 'prev_value': None, 'change': True}
2024-04-23 20:42:11,514 : INFO : EventManager : Event: ======'machine_var_python_version'====== Args={'value': '3.7.3', 'prev_value': None, 'change': True}
2024-04-23 20:42:11,515 : INFO : EventManager : Event: ======'machine_var_platform'====== Args={'value': 'Linux-4.19.0-20-amd64-x86_64-with-debian-10.12', 'prev_value': None, 'change': True}
2024-04-23 20:42:11,515 : INFO : EventManager : Event: ======'machine_var_platform_system'====== Args={'value': 'Linux', 'prev_value': None, 'change': True}
2024-04-23 20:42:11,515 : INFO : EventManager : Event: ======'machine_var_platform_release'====== Args={'value': '4.19.0-20-amd64', 'prev_value': None, 'change': True}
2024-04-23 20:42:11,515 : INFO : EventManager : Event: ======'machine_var_platform_version'====== Args={'value': '#1 SMP Debian 4.19.235-1 (2022-03-17)', 'prev_value': None, 'change': True}
2024-04-23 20:42:11,515 : INFO : EventManager : Event: ======'machine_var_platform_machine'====== Args={'value': 'x86_64', 'prev_value': None, 'change': True}
2024-04-23 20:42:11,515 : INFO : EventManager : Event: ======'init_phase_1'====== Args={}
2024-04-23 20:42:11,541 : INFO : EventManager : Event: ======'drop_target_bank_crew_bank_up'====== Args={}
2024-04-23 20:42:11,559 : INFO : EventManager : Event: ======'init_phase_2'====== Args={}
2024-04-23 20:42:11,583 : INFO : EventManager : Event: ======'bcp_connection_attempt'====== Args={'name': 'local_display', 'host': 'localhost', 'port': 5050}
2024-04-23 20:42:11,585 : INFO : BCPClientSocket : Connecting BCP to 'local_display' at localhost:5050...
2024-04-23 20:42:12,727 : INFO : BCPClientSocket : Connected BCP to 'local_display' localhost:5050
2024-04-23 20:42:12,728 : INFO : EventManager : Event: ======'bcp_clients_connected'====== Args={}
2024-04-23 20:42:12,728 : INFO : ball_device.bd_trough : BCH: Initial count: 0
2024-04-23 20:42:12,729 : INFO : ball_device.bd_trough : State: idle
2024-04-23 20:42:12,729 : INFO : EventManager : Event: ======'machine_var_mc_version'====== Args={'value': 'MPF-MC v0.55.0', 'prev_value': None, 'change': True}
2024-04-23 20:42:12,729 : INFO : EventManager : Event: ======'machine_var_mc_extended_version'====== Args={'value': 'MPF-MC v0.55.0 (config_version=5, BCP v1.1, Requires MPF v0.55.0-dev.49)', 'prev_value': None, 'change': True}
2024-04-23 20:42:12,733 : INFO : ball_device.bd_plunger : BCH: Initial count: 0
2024-04-23 20:42:12,734 : INFO : ball_device.bd_plunger : State: idle
2024-04-23 20:42:12,734 : INFO : ball_device.bd_VUK : BCH: Initial count: 0
2024-04-23 20:42:12,734 : INFO : ball_device.bd_VUK : State: idle
2024-04-23 20:42:12,734 : INFO : ball_device.bd_left_post : BCH: Initial count: 0
2024-04-23 20:42:12,734 : INFO : ball_device.bd_left_post : State: idle
2024-04-23 20:42:12,735 : INFO : ball_device.bd_right_post : BCH: Initial count: 0
2024-04-23 20:42:12,735 : INFO : ball_device.bd_right_post : State: idle
2024-04-23 20:42:12,759 : INFO : EventManager : Event: ======'init_phase_3'====== Args={}
2024-04-23 20:42:12,774 : INFO : stepper.zoidberg_stepper : Homing stepper using hardware homing.
2024-04-23 20:42:12,774 : INFO : EventManager : Event: ======'init_phase_4'====== Args={}
2024-04-23 20:42:12,774 : INFO : EventManager : Event: ======'playfield_active'====== Args={}
2024-04-23 20:42:12,774 : INFO : EventManager : Event: ======'unexpected_ball_on_playfield'====== Args={}
2024-04-23 20:42:12,774 : INFO : EventManager : Event: ======'playfield_active'====== Args={}
2024-04-23 20:42:12,774 : INFO : EventManager : Event: ======'unexpected_ball_on_playfield'====== Args={}
2024-04-23 20:42:12,774 : INFO : EventManager : Event: ======'playfield_active'====== Args={}
2024-04-23 20:42:12,774 : INFO : EventManager : Event: ======'unexpected_ball_on_playfield'====== Args={}
2024-04-23 20:42:12,774 : INFO : EventManager : Event: ======'playfield_active'====== Args={}
2024-04-23 20:42:12,774 : INFO : EventManager : Event: ======'unexpected_ball_on_playfield'====== Args={}
2024-04-23 20:42:12,774 : INFO : EventManager : Event: ======'playfield_active'====== Args={}
2024-04-23 20:42:12,774 : INFO : EventManager : Event: ======'unexpected_ball_on_playfield'====== Args={}
2024-04-23 20:42:12,774 : INFO : BallController : Initial balls found: 0
2024-04-23 20:42:12,775 : INFO : EventManager : Event: ======'machine_var_audits_events_game_ended'====== Args={'value': 0, 'prev_value': None, 'change': True}
2024-04-23 20:42:12,776 : INFO : EventManager : Event: ======'machine_var_audits_events_game_started'====== Args={'value': 0, 'prev_value': None, 'change': True}
2024-04-23 20:42:12,776 : INFO : EventManager : Event: ======'machine_var_audits_player_score'====== Args={'value': {'average': 3376.0, 'top': [3376], 'total': 1}, 'prev_value': None, 'change': True}
2024-04-23 20:42:12,776 : INFO : EventManager : Event: ======'machine_var_audits_switches_s_VUK'====== Args={'value': 0, 'prev_value': None, 'change': True}
2024-04-23 20:42:12,778 : INFO : EventManager : Event: ======'machine_var_audits_switches_s_cap1'====== Args={'value': 3, 'prev_value': None, 'change': True}
2024-04-23 20:42:12,779 : INFO : EventManager : Event: ======'machine_var_audits_switches_s_cap2'====== Args={'value': 1, 'prev_value': None, 'change': True}
2024-04-23 20:42:12,779 : INFO : EventManager : Event: ======'machine_var_audits_switches_s_cap3'====== Args={'value': 2, 'prev_value': None, 'change': True}
2024-04-23 20:42:12,779 : INFO : EventManager : Event: ======'machine_var_audits_switches_s_cap4'====== Args={'value': 0, 'prev_value': None, 'change': True}
2024-04-23 20:42:12,779 : INFO : EventManager : Event: ======'machine_var_audits_switches_s_dt_amy'====== Args={'value': 1, 'prev_value': None, 'change': True}
2024-04-23 20:42:12,780 : INFO : EventManager : Event: ======'machine_var_audits_switches_s_dt_hermes'====== Args={'value': 3, 'prev_value': None, 'change': True}
2024-04-23 20:42:12,780 : INFO : EventManager : Event: ======'machine_var_audits_switches_s_dt_nibbler'====== Args={'value': 0, 'prev_value': None, 'change': True}
2024-04-23 20:42:12,780 : INFO : EventManager : Event: ======'machine_var_audits_switches_s_dt_professor'====== Args={'value': 0, 'prev_value': None, 'change': True}
2024-04-23 20:42:12,781 : INFO : EventManager : Event: ======'machine_var_audits_switches_s_dt_zoidberg'====== Args={'value': 1, 'prev_value': None, 'change': True}
2024-04-23 20:42:12,781 : INFO : EventManager : Event: ======'machine_var_audits_switches_s_hedonism_bot'====== Args={'value': 0, 'prev_value': None, 'change': True}
2024-04-23 20:42:12,781 : INFO : EventManager : Event: ======'machine_var_audits_switches_s_left_flipper'====== Args={'value': 12, 'prev_value': None, 'change': True}
2024-04-23 20:42:12,781 : INFO : EventManager : Event: ======'machine_var_audits_switches_s_left_inlane'====== Args={'value': 1, 'prev_value': None, 'change': True}
2024-04-23 20:42:12,782 : INFO : EventManager : Event: ======'machine_var_audits_switches_s_left_loop'====== Args={'value': 19, 'prev_value': None, 'change': True}
2024-04-23 20:42:12,782 : INFO : EventManager : Event: ======'machine_var_audits_switches_s_left_outlane'====== Args={'value': 0, 'prev_value': None, 'change': True}
2024-04-23 20:42:12,782 : INFO : EventManager : Event: ======'machine_var_audits_switches_s_left_ramp'====== Args={'value': 0, 'prev_value': None, 'change': True}
2024-04-23 20:42:12,782 : INFO : EventManager : Event: ======'machine_var_audits_switches_s_left_sling'====== Args={'value': 5, 'prev_value': None, 'change': True}
2024-04-23 20:42:12,782 : INFO : EventManager : Event: ======'machine_var_audits_switches_s_mag_button'====== Args={'value': 0, 'prev_value': None, 'change': True}
2024-04-23 20:42:12,783 : INFO : EventManager : Event: ======'machine_var_audits_switches_s_pe_platter'====== Args={'value': 60, 'prev_value': None, 'change': True}
2024-04-23 20:42:12,783 : INFO : EventManager : Event: ======'machine_var_audits_switches_s_pop_bumper'====== Args={'value': 4, 'prev_value': None, 'change': True}
2024-04-23 20:42:12,783 : INFO : EventManager : Event: ======'machine_var_audits_switches_s_r_orbit'====== Args={'value': 3, 'prev_value': None, 'change': True}
2024-04-23 20:42:12,783 : INFO : EventManager : Event: ======'machine_var_audits_switches_s_r_outlane'====== Args={'value': 2, 'prev_value': None, 'change': True}
2024-04-23 20:42:12,784 : INFO : EventManager : Event: ======'machine_var_audits_switches_s_right_flipper'====== Args={'value': 16, 'prev_value': None, 'change': True}
2024-04-23 20:42:12,784 : INFO : EventManager : Event: ======'machine_var_audits_switches_s_right_loop'====== Args={'value': 15, 'prev_value': None, 'change': True}
2024-04-23 20:42:12,784 : INFO : EventManager : Event: ======'machine_var_audits_switches_s_right_ramp'====== Args={'value': 0, 'prev_value': None, 'change': True}
2024-04-23 20:42:12,785 : INFO : EventManager : Event: ======'machine_var_audits_switches_s_right_sling'====== Args={'value': 6, 'prev_value': None, 'change': True}
2024-04-23 20:42:12,785 : INFO : EventManager : Event: ======'machine_var_audits_switches_s_shooter_lane'====== Args={'value': 7, 'prev_value': None, 'change': True}
2024-04-23 20:42:12,785 : INFO : EventManager : Event: ======'machine_var_audits_switches_s_start'====== Args={'value': 0, 'prev_value': None, 'change': True}
2024-04-23 20:42:12,785 : INFO : EventManager : Event: ======'machine_var_audits_switches_s_t_bender'====== Args={'value': 1, 'prev_value': None, 'change': True}
2024-04-23 20:42:12,786 : INFO : EventManager : Event: ======'machine_var_audits_switches_s_t_fry'====== Args={'value': 1, 'prev_value': None, 'change': True}
2024-04-23 20:42:12,786 : INFO : EventManager : Event: ======'machine_var_audits_switches_s_t_leela'====== Args={'value': 6, 'prev_value': None, 'change': True}
2024-04-23 20:42:12,786 : INFO : EventManager : Event: ======'machine_var_audits_switches_s_trough1'====== Args={'value': 5, 'prev_value': None, 'change': True}
2024-04-23 20:42:12,786 : INFO : EventManager : Event: ======'machine_var_audits_switches_s_trough2'====== Args={'value': 4, 'prev_value': None, 'change': True}
2024-04-23 20:42:12,787 : INFO : EventManager : Event: ======'machine_var_audits_switches_s_trough3'====== Args={'value': 4, 'prev_value': None, 'change': True}
2024-04-23 20:42:12,789 : INFO : EventManager : Event: ======'machine_var_audits_switches_s_trough_jam'====== Args={'value': 5, 'prev_value': None, 'change': True}
2024-04-23 20:42:12,790 : INFO : EventManager : Event: ======'init_phase_5'====== Args={}
2024-04-23 20:42:12,794 : INFO : EventManager : Event: ======'init_done'====== Args={}
2024-04-23 20:42:12,795 : INFO : EventManager : Event: ======'machine_reset_phase_1'====== Args={}
2024-04-23 20:42:12,806 : INFO : EventManager : Event: ======'slide_welcome_slide_removed'====== Args={'_from_bcp': True}
2024-04-23 20:42:12,851 : INFO : EventManager : Event: ======'slide_welcome_slide_created'====== Args={'_from_bcp': True}
2024-04-23 20:42:12,851 : INFO : EventManager : Event: ======'slide_welcome_slide_active'====== Args={'_from_bcp': True}
2024-04-23 20:42:12,851 : INFO : EventManager : Event: ======'machine_reset_phase_2'====== Args={}
2024-04-23 20:42:12,851 : INFO : EventManager : Event: ======'machine_reset_phase_3'====== Args={}
2024-04-23 20:42:12,851 : INFO : drop_target_bank.crew_bank : All targets are already up. Will not reset bank.
2024-04-23 20:42:12,851 : INFO : EventManager : Event: ======'diverter_post_left_deactivating'====== Args={}
2024-04-23 20:42:12,851 : INFO : coil.c_post_left : Disabling Driver
2024-04-23 20:42:12,852 : INFO : EventManager : Event: ======'diverter_post_right_deactivating'====== Args={}
2024-04-23 20:42:12,852 : INFO : coil.c_post_right : Disabling Driver
2024-04-23 20:42:12,852 : INFO : EventManager : Event: ======'reset_complete'====== Args={}
2024-04-23 20:42:12,852 : INFO : EventManager : Event: ======'mode_attract_will_start'====== Args={}
2024-04-23 20:42:12,853 : INFO : EventManager : Event: ======'mode_attract_starting'====== Args={}
2024-04-23 20:42:12,853 : INFO : Mode.attract : Started. Priority: 10
2024-04-23 20:42:12,853 : INFO : EventManager : Event: ======'modes_active_modes_changed'====== Args={}
2024-04-23 20:42:12,853 : INFO : EventManager : Event: ======'mode_attract_started'====== Args={}
2024-04-23 20:42:12,854 : INFO : EventManager : Event: ======'collecting_balls_complete'====== Args={}
2024-04-23 20:42:12,854 : INFO : Machine : Starting the main run loop.
2024-04-23 20:42:12,876 : INFO : EventManager : Event: ======'slide_attract_started_created'====== Args={'_from_bcp': True}
2024-04-23 20:42:12,908 : INFO : EventManager : Event: ======'slide_attract_started_active'====== Args={'_from_bcp': True}
2024-04-23 20:42:13,985 : INFO : SwitchController : <<<<<<< 's_trough3' active >>>>>>>
2024-04-23 20:42:14,027 : INFO : SwitchController : <<<<<<< 's_trough3' inactive >>>>>>>
2024-04-23 20:42:14,065 : INFO : SwitchController : <<<<<<< 's_trough2' active >>>>>>>
2024-04-23 20:42:14,093 : INFO : SwitchController : <<<<<<< 's_trough2' inactive >>>>>>>
2024-04-23 20:42:14,116 : INFO : SwitchController : <<<<<<< 's_trough1' active >>>>>>>
2024-04-23 20:42:14,618 : INFO : EventManager : Event: ======'balldevice_bd_trough_ball_count_changed'====== Args={'balls': 1}
2024-04-23 20:42:14,618 : INFO : ball_device.bd_trough : Received unexpected ball
2024-04-23 20:42:14,618 : INFO : EventManager : Event: ======'balldevice_captured_from_playfield'====== Args={'balls': 1}
2024-04-23 20:42:14,618 : INFO : EventManager : Event: ======'sw_playfield_active'====== Args={'balls': 1}
2024-04-23 20:42:14,618 : INFO : EventManager : Event: ======'playfield_active'====== Args={}
2024-04-23 20:42:14,618 : INFO : EventManager : Event: ======'unexpected_ball_on_playfield'====== Args={}
2024-04-23 20:42:14,618 : INFO : EventManager : Event: ======'playfield_ball_count_change'====== Args={'balls': -1, 'change': -1}
2024-04-23 20:42:14,618 : INFO : EventManager : Event: ======'balldevice_playfield_ball_enter'====== Args={'new_balls': 1, 'unclaimed_balls': 1, 'device': <playfield.playfield>}
2024-04-23 20:42:14,618 : INFO : EventManager : Event: ======'playfield_ball_count_change'====== Args={'balls': 0, 'change': 1}
2024-04-23 20:42:14,618 : INFO : BallController : Found a new ball which was captured from playfield. Known balls: 1
2024-04-23 20:42:14,618 : INFO : EventManager : Event: ======'found_new_ball'====== Args={}
2024-04-23 20:42:14,618 : INFO : EventManager : Event: ======'balldevice_bd_trough_ball_enter'====== Args={'new_balls': 1, 'unclaimed_balls': 1, 'new_available_balls': 1, 'device': <ball_device.bd_trough>}
2024-04-23 20:42:14,619 : INFO : EventManager : Event: ======'ball_drain'====== Args={'device': <ball_device.bd_trough>, 'balls': 1}
2024-04-23 20:42:14,619 : INFO : EventManager : Event: ======'balldevice_balls_available'====== Args={}
2024-04-23 20:42:14,619 : INFO : EventManager : Event: ======'balldevice_bd_trough_ball_entered'====== Args={'new_balls': 1, 'device': <ball_device.bd_trough>}
2024-04-23 20:42:44,677 : INFO : SwitchController : <<<<<<< 's_start' active >>>>>>>
2024-04-23 20:42:44,833 : INFO : SwitchController : <<<<<<< 's_start' inactive >>>>>>>
2024-04-23 20:42:44,833 : INFO : EventManager : Event: ======'request_to_start_game'====== Args={}
2024-04-23 20:42:44,834 : INFO : EventManager : Event: ======'game_start'====== Args={'buttons': [], 'hold_time': 0.15618084899983842}
2024-04-23 20:42:44,834 : INFO : EventManager : Event: ======'mode_game_will_start'====== Args={'buttons': [], 'hold_time': 0.15618084899983842}
2024-04-23 20:42:44,835 : INFO : EventManager : Event: ======'mode_game_starting'====== Args={'buttons': [], 'hold_time': 0.15618084899983842}
2024-04-23 20:42:44,835 : INFO : EventManager : Event: ======'mode_attract_will_stop'====== Args={}
2024-04-23 20:42:44,835 : INFO : EventManager : Event: ======'mode_attract_stopping'====== Args={}
2024-04-23 20:42:44,835 : INFO : Mode.attract : Stopped.
2024-04-23 20:42:44,835 : INFO : EventManager : Event: ======'modes_active_modes_changed'====== Args={}
2024-04-23 20:42:44,835 : INFO : EventManager : Event: ======'mode_attract_stopped'====== Args={}
2024-04-23 20:42:44,835 : INFO : EventManager : Event: ======'clear'====== Args={'key': 'attract'}
2024-04-23 20:42:44,836 : INFO : Mode.game : Started. Priority: 20
2024-04-23 20:42:44,836 : INFO : EventManager : Event: ======'modes_active_modes_changed'====== Args={}
2024-04-23 20:42:44,836 : INFO : EventManager : Event: ======'mode_game_started'====== Args={'buttons': [], 'hold_time': 0.15618084899983842}
2024-04-23 20:42:44,836 : INFO : EventManager : Event: ======'game_will_start'====== Args={}
2024-04-23 20:42:44,837 : INFO : EventManager : Event: ======'game_starting'====== Args={'game': <Mode.game>}
2024-04-23 20:42:44,837 : INFO : EventManager : Event: ======'player_add_request'====== Args={}
2024-04-23 20:42:44,837 : INFO : EventManager : Event: ======'player_will_add'====== Args={'number': 1}
2024-04-23 20:42:44,838 : INFO : EventManager : Event: ======'player_adding'====== Args={'player': <Player 1>, 'number': 1}
2024-04-23 20:42:44,838 : INFO : EventManager : Event: ======'player_added'====== Args={'player': <Player 1>, 'num': 1}
2024-04-23 20:42:44,838 : INFO : Mode.game : Player added successfully. Total players: 1
2024-04-23 20:42:44,838 : INFO : EventManager : Event: ======'player_index'====== Args={'value': 0, 'prev_value': 0, 'change': 0, 'player_num': 1}
2024-04-23 20:42:44,838 : INFO : EventManager : Event: ======'player_number'====== Args={'value': 1, 'prev_value': 1, 'change': 0, 'player_num': 1}
2024-04-23 20:42:44,839 : INFO : EventManager : Event: ======'player_leela_level'====== Args={'value': 0, 'prev_value': 0, 'change': 0, 'player_num': 1}
2024-04-23 20:42:44,839 : INFO : EventManager : Event: ======'player_leela_xp'====== Args={'value': 0, 'prev_value': 0, 'change': 0, 'player_num': 1}
2024-04-23 20:42:44,839 : INFO : EventManager : Event: ======'player_leela_multiplier'====== Args={'value': 1, 'prev_value': 1, 'change': 0, 'player_num': 1}
2024-04-23 20:42:44,839 : INFO : EventManager : Event: ======'player_fry_level'====== Args={'value': 0, 'prev_value': 0, 'change': 0, 'player_num': 1}
2024-04-23 20:42:44,839 : INFO : EventManager : Event: ======'player_fry_xp'====== Args={'value': 0, 'prev_value': 0, 'change': 0, 'player_num': 1}
2024-04-23 20:42:44,840 : INFO : EventManager : Event: ======'player_fry_multiplier'====== Args={'value': 1, 'prev_value': 1, 'change': 0, 'player_num': 1}
2024-04-23 20:42:44,840 : INFO : EventManager : Event: ======'player_bender_level'====== Args={'value': 0, 'prev_value': 0, 'change': 0, 'player_num': 1}
2024-04-23 20:42:44,840 : INFO : EventManager : Event: ======'player_bender_xp'====== Args={'value': 0, 'prev_value': 0, 'change': 0, 'player_num': 1}
2024-04-23 20:42:44,840 : INFO : EventManager : Event: ======'player_bender_multiplier'====== Args={'value': 1, 'prev_value': 1, 'change': 0, 'player_num': 1}
2024-04-23 20:42:44,841 : INFO : EventManager : Event: ======'player_amy_level'====== Args={'value': 0, 'prev_value': 0, 'change': 0, 'player_num': 1}
2024-04-23 20:42:44,841 : INFO : EventManager : Event: ======'player_amy_xp'====== Args={'value': 0, 'prev_value': 0, 'change': 0, 'player_num': 1}
2024-04-23 20:42:44,841 : INFO : EventManager : Event: ======'player_amy_multiplier'====== Args={'value': 1, 'prev_value': 1, 'change': 0, 'player_num': 1}
2024-04-23 20:42:44,841 : INFO : EventManager : Event: ======'player_hermes_level'====== Args={'value': 0, 'prev_value': 0, 'change': 0, 'player_num': 1}
2024-04-23 20:42:44,841 : INFO : EventManager : Event: ======'player_hermes_xp'====== Args={'value': 0, 'prev_value': 0, 'change': 0, 'player_num': 1}
2024-04-23 20:42:44,842 : INFO : EventManager : Event: ======'player_hermes_multiplier'====== Args={'value': 1, 'prev_value': 1, 'change': 0, 'player_num': 1}
2024-04-23 20:42:44,842 : INFO : EventManager : Event: ======'player_zoidberg_level'====== Args={'value': 0, 'prev_value': 0, 'change': 0, 'player_num': 1}
2024-04-23 20:42:44,842 : INFO : EventManager : Event: ======'player_zoidberg_xp'====== Args={'value': 0, 'prev_value': 0, 'change': 0, 'player_num': 1}
2024-04-23 20:42:44,842 : INFO : EventManager : Event: ======'player_zoidberg_multiplier'====== Args={'value': 1, 'prev_value': 1, 'change': 0, 'player_num': 1}
2024-04-23 20:42:44,842 : INFO : EventManager : Event: ======'player_nibbler_level'====== Args={'value': 0, 'prev_value': 0, 'change': 0, 'player_num': 1}
2024-04-23 20:42:44,842 : INFO : EventManager : Event: ======'player_nibbler_xp'====== Args={'value': 0, 'prev_value': 0, 'change': 0, 'player_num': 1}
2024-04-23 20:42:44,843 : INFO : EventManager : Event: ======'player_nibbler_multiplier'====== Args={'value': 1, 'prev_value': 1, 'change': 0, 'player_num': 1}
2024-04-23 20:42:44,843 : INFO : EventManager : Event: ======'player_professor_level'====== Args={'value': 0, 'prev_value': 0, 'change': 0, 'player_num': 1}
2024-04-23 20:42:44,843 : INFO : EventManager : Event: ======'player_professor_xp'====== Args={'value': 0, 'prev_value': 0, 'change': 0, 'player_num': 1}
2024-04-23 20:42:44,843 : INFO : EventManager : Event: ======'player_professor_multiplier'====== Args={'value': 1, 'prev_value': 1, 'change': 0, 'player_num': 1}
2024-04-23 20:42:44,843 : INFO : EventManager : Event: ======'player_dark_matter'====== Args={'value': 1, 'prev_value': 1, 'change': 0, 'player_num': 1}
2024-04-23 20:42:44,844 : INFO : EventManager : Event: ======'player_crew_multiplier'====== Args={'value': 1, 'prev_value': 1, 'change': 0, 'player_num': 1}
2024-04-23 20:42:44,844 : INFO : EventManager : Event: ======'player_platter_long_counter'====== Args={'value': 1, 'prev_value': 1, 'change': 0, 'player_num': 1}
2024-04-23 20:42:44,844 : INFO : EventManager : Event: ======'player_platter_short_counter'====== Args={'value': 1, 'prev_value': 1, 'change': 0, 'player_num': 1}
2024-04-23 20:42:44,844 : INFO : EventManager : Event: ======'player_slurm_caps'====== Args={'value': 0, 'prev_value': 0, 'change': 0, 'player_num': 1}
2024-04-23 20:42:44,844 : INFO : EventManager : Event: ======'player_pop_bumper_hits'====== Args={'value': 1, 'prev_value': 1, 'change': 0, 'player_num': 1}
2024-04-23 20:42:44,844 : INFO : EventManager : Event: ======'player_fuel_level'====== Args={'value': 'empty_gauge', 'prev_value': 'empty_gauge', 'change': False, 'player_num': 1}
2024-04-23 20:42:44,845 : INFO : EventManager : Event: ======'player_hypnotoad_saves'====== Args={'value': 0, 'prev_value': 0, 'change': 0, 'player_num': 1}
2024-04-23 20:42:44,845 : INFO : EventManager : Event: ======'player_score'====== Args={'value': 0, 'prev_value': 0, 'change': 0, 'player_num': 1}
2024-04-23 20:42:44,845 : INFO : EventManager : Event: ======'game_started'====== Args={}
2024-04-23 20:42:44,869 : INFO : EventManager : Event: ======'player_turn_will_start'====== Args={'player': <Player 1>, 'number': 1}
2024-04-23 20:42:44,870 : INFO : EventManager : Event: ======'player_turn_starting'====== Args={'player': <Player 1>, 'number': 1}
2024-04-23 20:42:44,870 : INFO : EventManager : Event: ======'player_ball'====== Args={'value': 1, 'prev_value': 0, 'change': 1, 'player_num': 1}
2024-04-23 20:42:44,872 : INFO : EventManager : Event: ======'player_turn_started'====== Args={'player': <Player 1>, 'number': 1}
2024-04-23 20:42:44,874 : INFO : EventManager : Event: ======'ball_will_start'====== Args={'player': 1, 'ball': 1, 'balls_remaining': 2, 'is_extra_ball': False}
2024-04-23 20:42:44,874 : INFO : EventManager : Event: ======'ball_starting'====== Args={'player': 1, 'ball': 1, 'balls_remaining': 2, 'is_extra_ball': False}
2024-04-23 20:42:44,874 : INFO : drop_target_bank.crew_bank : All targets are already up. Will not reset bank.
2024-04-23 20:42:44,875 : INFO : EventManager : Event: ======'balls_in_play'====== Args={'balls': 1}
2024-04-23 20:42:44,875 : INFO : EventManager : Event: ======'ball_started'====== Args={'player': 1, 'ball': 1, 'balls_remaining': 2, 'is_extra_ball': False}
2024-04-23 20:42:44,875 : INFO : EventManager : Event: ======'mode_base_will_start'====== Args={'player': 1, 'ball': 1, 'balls_remaining': 2, 'is_extra_ball': False}
2024-04-23 20:42:44,875 : INFO : EventManager : Event: ======'empty_tank'====== Args={}
2024-04-23 20:42:44,883 : INFO : EventManager : Event: ======'mode_base_starting'====== Args={'player': 1, 'ball': 1, 'balls_remaining': 2, 'is_extra_ball': False}
2024-04-23 20:42:44,886 : INFO : Mode.base : Started. Priority: 100
2024-04-23 20:42:44,886 : INFO : EventManager : Event: ======'modes_active_modes_changed'====== Args={}
2024-04-23 20:42:44,886 : INFO : EventManager : Event: ======'mode_base_started'====== Args={'player': 1, 'ball': 1, 'balls_remaining': 2, 'is_extra_ball': False}
2024-04-23 20:42:44,887 : INFO : EventManager : Event: ======'ball_save_ball_start_ball_save_enabled'====== Args={}
2024-04-23 20:42:44,887 : INFO : EventManager : Event: ======'zoidberg_left'====== Args={'priority': 0}
2024-04-23 20:42:44,887 : INFO : EventManager : Event: ======'player_platter_short_counter'====== Args={'value': 0, 'prev_value': 1, 'change': -1, 'player_num': 1}
2024-04-23 20:42:44,888 : INFO : EventManager : Event: ======'single_player_ball_started'====== Args={}
2024-04-23 20:42:44,914 : INFO : EventManager : Event: ======'ball_start_target'====== Args={'target': 'playfield'}
2024-04-23 20:42:44,915 : INFO : ball_device.bd_plunger : Setting up player-controlled eject. Balls: 1, Target: <playfield.playfield>, player_controlled_eject_event: None
2024-04-23 20:42:44,915 : INFO : EventManager : Event: ======'balldevice_balls_available'====== Args={}
2024-04-23 20:42:44,916 : INFO : ball_device.bd_trough : State: waiting_for_target_ready
2024-04-23 20:42:44,916 : INFO : EventManager : Event: ======'balldevice_bd_trough_ball_eject_attempt'====== Args={'balls': 1, 'target': <ball_device.bd_plunger>, 'source': <ball_device.bd_trough>, 'mechanical_eject': True, 'num_attempts': 0}
2024-04-23 20:42:44,916 : INFO : ball_device.bd_plunger : State: waiting_for_ball
2024-04-23 20:42:44,916 : INFO : ball_device.bd_trough : State: ejecting
2024-04-23 20:42:44,916 : INFO : ball_device.bd_trough : Ejecting ball to <ball_device.bd_plunger>
2024-04-23 20:42:44,916 : INFO : EventManager : Event: ======'balldevice_bd_trough_ejecting_ball'====== Args={'balls': 1, 'target': <ball_device.bd_plunger>, 'source': <ball_device.bd_trough>, 'mechanical_eject': True, 'num_attempts': 0}
2024-04-23 20:42:44,917 : INFO : ball_device.bd_trough : Wait for ball to leave device
2024-04-23 20:42:44,917 : INFO : coil.c_trough_eject : Pulsing Driver for 15ms (1.0 pulse_power)
2024-04-23 20:42:44,918 : INFO : EventManager : Event: ======'slide_base_slide_created'====== Args={'_from_bcp': True}
2024-04-23 20:42:44,949 : INFO : SwitchController : <<<<<<< 's_trough1' inactive >>>>>>>
2024-04-23 20:42:44,949 : INFO : SwitchController : <<<<<<< 's_trough_jam' active >>>>>>>
2024-04-23 20:42:44,949 : INFO : EventManager : Event: ======'machine_var_audits_switches_s_trough_jam'====== Args={'value': 6, 'prev_value': 5, 'change': 1}
2024-04-23 20:42:44,950 : INFO : SwitchController : <<<<<<< 's_trough1' active >>>>>>>
2024-04-23 20:42:44,950 : INFO : EventManager : Event: ======'machine_var_audits_switches_s_trough1'====== Args={'value': 6, 'prev_value': 5, 'change': 1}
2024-04-23 20:42:44,951 : INFO : EventManager : Event: ======'slide_base_slide_active'====== Args={'_from_bcp': True}
2024-04-23 20:42:44,951 : INFO : ball_device.bd_trough : State: ball_left
2024-04-23 20:42:44,951 : INFO : ball_device.bd_trough : Ball left
2024-04-23 20:42:44,951 : INFO : ball_device.bd_trough : Wait for confirm with timeout 3.0
2024-04-23 20:42:44,980 : INFO : SwitchController : <<<<<<< 's_trough_jam' inactive >>>>>>>
2024-04-23 20:42:44,980 : INFO : SwitchController : <<<<<<< 's_trough1' inactive >>>>>>>
2024-04-23 20:42:44,980 : WARNING : SwitchController : Received duplicate switch state 0 for switch s_trough1 from the platform interface. Log Code: Log-SwitchController-1 (https://docs.missionpinball.org/en/0.55/logs/Log-SwitchController-1.html)
2024-04-23 20:42:45,209 : INFO : SwitchController : <<<<<<< 's_shooter_lane' active >>>>>>>
2024-04-23 20:42:45,210 : INFO : EventManager : Event: ======'machine_var_audits_switches_s_shooter_lane'====== Args={'value': 8, 'prev_value': 7, 'change': 1}
2024-04-23 20:42:45,715 : INFO : ball_device.bd_plunger : Received ball from <ball_device.bd_trough>
2024-04-23 20:42:45,716 : INFO : EventManager : Event: ======'balldevice_bd_plunger_ball_enter'====== Args={'new_balls': 1, 'unclaimed_balls': 0, 'new_available_balls': 0, 'device': <ball_device.bd_plunger>}
2024-04-23 20:42:45,716 : INFO : EventManager : Event: ======'balldevice_bd_plunger_ball_entered'====== Args={'new_balls': 0, 'device': <ball_device.bd_plunger>}
2024-04-23 20:42:45,716 : INFO : EventManager : Event: ======'balldevice_bd_plunger_ball_count_changed'====== Args={'balls': 1}
2024-04-23 20:42:45,716 : INFO : ball_device.bd_trough : Got eject confirm
2024-04-23 20:42:45,716 : INFO : ball_device.bd_trough : Eject successful
2024-04-23 20:42:45,716 : INFO : EventManager : Event: ======'balldevice_bd_trough_ball_eject_success'====== Args={'balls': 1, 'target': <ball_device.bd_plunger>}
2024-04-23 20:42:45,716 : INFO : ball_device.bd_plunger : State: waiting_for_target_ready
2024-04-23 20:42:45,716 : INFO : EventManager : Event: ======'balldevice_bd_plunger_ball_eject_attempt'====== Args={'balls': 1, 'target': <playfield.playfield>, 'source': <ball_device.bd_plunger>, 'mechanical_eject': True, 'num_attempts': 0}
2024-04-23 20:42:45,716 : INFO : EventManager : Event: ======'balldevice_bd_trough_ball_count_changed'====== Args={'balls': 0}
2024-04-23 20:42:45,716 : INFO : ball_device.bd_trough : State: idle
2024-04-23 20:42:45,717 : INFO : ball_device.bd_plunger : State: ejecting
2024-04-23 20:42:45,717 : INFO : ball_device.bd_plunger : Ejecting ball to <playfield.playfield>
2024-04-23 20:42:45,717 : INFO : EventManager : Event: ======'balldevice_bd_plunger_ejecting_ball'====== Args={'balls': 1, 'target': <playfield.playfield>, 'source': <ball_device.bd_plunger>, 'mechanical_eject': True, 'num_attempts': 0}
2024-04-23 20:42:45,717 : INFO : ball_device.bd_plunger : Wait for ball to leave device
2024-04-23 20:42:47,747 : INFO : SwitchController : <<<<<<< 's_shooter_lane' inactive >>>>>>>
2024-04-23 20:42:47,748 : INFO : EventManager : Event: ======'s_shooter_lane_inactive'====== Args={}
2024-04-23 20:42:47,748 : INFO : EventManager : Event: ======'ball_save_ball_start_ball_save_timer_start'====== Args={}
2024-04-23 20:42:47,748 : INFO : ball_device.bd_plunger : State: ball_left
2024-04-23 20:42:47,748 : INFO : ball_device.bd_plunger : Ball left
2024-04-23 20:42:47,748 : INFO : ball_device.bd_plunger : Wait for confirm with timeout 3.0
2024-04-23 20:42:48,452 : INFO : SwitchController : <<<<<<< 's_cap3' active >>>>>>>
2024-04-23 20:42:48,453 : INFO : EventManager : Event: ======'s_cap3_active'====== Args={}
2024-04-23 20:42:48,453 : INFO : EventManager : Event: ======'sw_playfield_active'====== Args={}
2024-04-23 20:42:48,454 : INFO : EventManager : Event: ======'machine_var_audits_switches_s_cap3'====== Args={'value': 3, 'prev_value': 2, 'change': 1}
2024-04-23 20:42:48,456 : INFO : SwitchController : <<<<<<< 's_cap3' inactive >>>>>>>
2024-04-23 20:42:48,456 : INFO : EventManager : Event: ======'player_score'====== Args={'value': 50, 'prev_value': 0, 'change': 50, 'player_num': 1}
2024-04-23 20:42:48,462 : INFO : EventManager : Event: ======'player_slurm_caps'====== Args={'value': 1, 'prev_value': 0, 'change': 1, 'player_num': 1}
2024-04-23 20:42:48,469 : INFO : EventManager : Event: ======'playfield_active'====== Args={}
2024-04-23 20:42:48,487 : INFO : ball_device.bd_plunger : Got eject confirm
2024-04-23 20:42:48,487 : INFO : ball_device.bd_plunger : Eject successful
2024-04-23 20:42:48,487 : INFO : EventManager : Event: ======'balldevice_bd_plunger_ball_eject_success'====== Args={'balls': 1, 'target': <playfield.playfield>}
2024-04-23 20:42:48,487 : INFO : EventManager : Event: ======'balldevice_playfield_ball_enter'====== Args={'new_balls': 1, 'unclaimed_balls': 1, 'device': <playfield.playfield>}
2024-04-23 20:42:48,487 : INFO : EventManager : Event: ======'playfield_ball_count_change'====== Args={'balls': 1, 'change': 1}
2024-04-23 20:42:48,488 : INFO : EventManager : Event: ======'balldevice_bd_plunger_ball_count_changed'====== Args={'balls': 0}
2024-04-23 20:42:48,488 : INFO : ball_device.bd_plunger : State: idle
2024-04-23 20:42:49,888 : INFO : EventManager : Event: ======'zoidberg_right'====== Args={'priority': 0}
2024-04-23 20:42:50,343 : INFO : SwitchController : <<<<<<< 's_trough3' active >>>>>>>
2024-04-23 20:42:50,343 : INFO : EventManager : Event: ======'machine_var_audits_switches_s_trough3'====== Args={'value': 5, 'prev_value': 4, 'change': 1}
2024-04-23 20:42:50,394 : INFO : SwitchController : <<<<<<< 's_trough3' inactive >>>>>>>
2024-04-23 20:42:50,426 : INFO : SwitchController : <<<<<<< 's_trough2' active >>>>>>>
2024-04-23 20:42:50,426 : INFO : EventManager : Event: ======'machine_var_audits_switches_s_trough2'====== Args={'value': 5, 'prev_value': 4, 'change': 1}
2024-04-23 20:42:50,461 : INFO : SwitchController : <<<<<<< 's_trough2' inactive >>>>>>>
2024-04-23 20:42:50,491 : INFO : SwitchController : <<<<<<< 's_trough1' active >>>>>>>
2024-04-23 20:42:50,491 : INFO : EventManager : Event: ======'machine_var_audits_switches_s_trough1'====== Args={'value': 7, 'prev_value': 6, 'change': 1}
2024-04-23 20:42:50,992 : INFO : EventManager : Event: ======'balldevice_bd_trough_ball_count_changed'====== Args={'balls': 1}
2024-04-23 20:42:50,992 : INFO : ball_device.bd_trough : Received unexpected ball
2024-04-23 20:42:50,992 : INFO : EventManager : Event: ======'balldevice_captured_from_playfield'====== Args={'balls': 1}
2024-04-23 20:42:50,992 : INFO : EventManager : Event: ======'sw_playfield_active'====== Args={'balls': 1}
2024-04-23 20:42:50,993 : INFO : EventManager : Event: ======'playfield_ball_count_change'====== Args={'balls': 0, 'change': -1}
2024-04-23 20:42:50,993 : INFO : EventManager : Event: ======'balldevice_bd_trough_ball_enter'====== Args={'new_balls': 1, 'unclaimed_balls': 1, 'new_available_balls': 1, 'device': <ball_device.bd_trough>}
2024-04-23 20:42:50,993 : INFO : EventManager : Event: ======'ball_drain'====== Args={'device': <ball_device.bd_trough>, 'balls': 1}
2024-04-23 20:42:50,993 : INFO : EventManager : Event: ======'ball_save_ball_start_ball_save_saving_ball'====== Args={'balls': 1, 'early_save': False}
2024-04-23 20:42:50,993 : INFO : ball_device.bd_plunger : Adding 1 ball(s) to the eject_queue with target <playfield.playfield>.
2024-04-23 20:42:50,993 : INFO : EventManager : Event: ======'ball_save_ball_start_ball_save_disabled'====== Args={}
2024-04-23 20:42:50,994 : INFO : EventManager : Event: ======'balldevice_balls_available'====== Args={}
2024-04-23 20:42:50,994 : INFO : EventManager : Event: ======'balldevice_bd_trough_ball_entered'====== Args={'new_balls': 1, 'device': <ball_device.bd_trough>}
2024-04-23 20:42:50,994 : INFO : EventManager : Event: ======'balldevice_balls_available'====== Args={}
2024-04-23 20:42:50,994 : INFO : ball_device.bd_trough : State: waiting_for_target_ready
2024-04-23 20:42:50,995 : INFO : EventManager : Event: ======'balldevice_bd_trough_ball_eject_attempt'====== Args={'balls': 1, 'target': <ball_device.bd_plunger>, 'source': <ball_device.bd_trough>, 'mechanical_eject': False, 'num_attempts': 0}
2024-04-23 20:42:50,995 : INFO : ball_device.bd_plunger : State: waiting_for_ball
2024-04-23 20:42:50,995 : INFO : ball_device.bd_trough : State: ejecting
2024-04-23 20:42:50,995 : INFO : ball_device.bd_trough : Ejecting ball to <ball_device.bd_plunger>
2024-04-23 20:42:50,995 : INFO : EventManager : Event: ======'balldevice_bd_trough_ejecting_ball'====== Args={'balls': 1, 'target': <ball_device.bd_plunger>, 'source': <ball_device.bd_trough>, 'mechanical_eject': False, 'num_attempts': 0}
2024-04-23 20:42:50,995 : INFO : ball_device.bd_trough : Wait for ball to leave device
2024-04-23 20:42:50,995 : INFO : coil.c_trough_eject : Pulsing Driver for 15ms (1.0 pulse_power)
2024-04-23 20:42:51,028 : INFO : SwitchController : <<<<<<< 's_trough_jam' active >>>>>>>
2024-04-23 20:42:51,029 : INFO : EventManager : Event: ======'machine_var_audits_switches_s_trough_jam'====== Args={'value': 7, 'prev_value': 6, 'change': 1}
2024-04-23 20:42:51,063 : WARNING : SwitchController : Received duplicate switch state 1 for switch s_trough1 from the platform interface. Log Code: Log-SwitchController-1 (https://docs.missionpinball.org/en/0.55/logs/Log-SwitchController-1.html)
2024-04-23 20:42:51,064 : INFO : SwitchController : <<<<<<< 's_trough1' inactive >>>>>>>
2024-04-23 20:42:51,064 : INFO : SwitchController : <<<<<<< 's_trough_jam' inactive >>>>>>>
2024-04-23 20:42:51,064 : INFO : ball_device.bd_trough : State: ball_left
2024-04-23 20:42:51,064 : INFO : ball_device.bd_trough : Ball left
2024-04-23 20:42:51,064 : INFO : ball_device.bd_trough : Wait for confirm with timeout 3.0
2024-04-23 20:42:51,394 : INFO : SwitchController : <<<<<<< 's_shooter_lane' active >>>>>>>
2024-04-23 20:42:51,394 : INFO : EventManager : Event: ======'machine_var_audits_switches_s_shooter_lane'====== Args={'value': 9, 'prev_value': 8, 'change': 1}
2024-04-23 20:42:51,896 : INFO : ball_device.bd_plunger : Received ball from <ball_device.bd_trough>
2024-04-23 20:42:51,896 : INFO : EventManager : Event: ======'balldevice_bd_plunger_ball_enter'====== Args={'new_balls': 1, 'unclaimed_balls': 0, 'new_available_balls': 0, 'device': <ball_device.bd_plunger>}
2024-04-23 20:42:51,896 : INFO : EventManager : Event: ======'balldevice_bd_plunger_ball_entered'====== Args={'new_balls': 0, 'device': <ball_device.bd_plunger>}
2024-04-23 20:42:51,896 : INFO : EventManager : Event: ======'balldevice_bd_plunger_ball_count_changed'====== Args={'balls': 1}
2024-04-23 20:42:51,896 : INFO : ball_device.bd_trough : Got eject confirm
2024-04-23 20:42:51,896 : INFO : ball_device.bd_trough : Eject successful
2024-04-23 20:42:51,897 : INFO : EventManager : Event: ======'balldevice_bd_trough_ball_eject_success'====== Args={'balls': 1, 'target': <ball_device.bd_plunger>}
2024-04-23 20:42:51,897 : INFO : ball_device.bd_plunger : State: waiting_for_target_ready
2024-04-23 20:42:51,897 : INFO : EventManager : Event: ======'balldevice_bd_plunger_ball_eject_attempt'====== Args={'balls': 1, 'target': <playfield.playfield>, 'source': <ball_device.bd_plunger>, 'mechanical_eject': False, 'num_attempts': 0}
2024-04-23 20:42:51,897 : INFO : EventManager : Event: ======'balldevice_bd_trough_ball_count_changed'====== Args={'balls': 0}
2024-04-23 20:42:51,897 : INFO : ball_device.bd_trough : State: idle
2024-04-23 20:42:51,897 : INFO : ball_device.bd_plunger : State: ejecting
2024-04-23 20:42:51,897 : INFO : ball_device.bd_plunger : Ejecting ball to <playfield.playfield>
2024-04-23 20:42:51,897 : INFO : EventManager : Event: ======'balldevice_bd_plunger_ejecting_ball'====== Args={'balls': 1, 'target': <playfield.playfield>, 'source': <ball_device.bd_plunger>, 'mechanical_eject': False, 'num_attempts': 0}
2024-04-23 20:42:51,898 : INFO : ball_device.bd_plunger : Wait for ball to leave device
2024-04-23 20:42:51,898 : INFO : coil.c_plunger : Pulsing Driver for 20ms (1.0 pulse_power)
2024-04-23 20:42:51,942 : INFO : SwitchController : <<<<<<< 's_shooter_lane' inactive >>>>>>>
2024-04-23 20:42:51,942 : INFO : EventManager : Event: ======'s_shooter_lane_inactive'====== Args={}
2024-04-23 20:42:51,943 : INFO : ball_device.bd_plunger : State: ball_left
2024-04-23 20:42:51,943 : INFO : ball_device.bd_plunger : Ball left
2024-04-23 20:42:51,943 : INFO : ball_device.bd_plunger : Wait for confirm with timeout 3.0
2024-04-23 20:42:53,781 : INFO : SwitchController : <<<<<<< 's_pop_bumper' active >>>>>>>
2024-04-23 20:42:53,781 : INFO : EventManager : Event: ======'playfield_active'====== Args={}
2024-04-23 20:42:53,781 : INFO : EventManager : Event: ======'s_pop_bumper_active'====== Args={}
2024-04-23 20:42:53,782 : INFO : EventManager : Event: ======'machine_var_audits_switches_s_pop_bumper'====== Args={'value': 5, 'prev_value': 4, 'change': 1}
2024-04-23 20:42:53,782 : INFO : EventManager : Event: ======'player_score'====== Args={'value': 100, 'prev_value': 50, 'change': 50, 'player_num': 1}
2024-04-23 20:42:53,783 : INFO : EventManager : Event: ======'player_pop_bumper_hits'====== Args={'value': 2, 'prev_value': 1, 'change': 1, 'player_num': 1}
2024-04-23 20:42:53,788 : INFO : ball_device.bd_plunger : Got eject confirm
2024-04-23 20:42:53,788 : INFO : ball_device.bd_plunger : Eject successful
2024-04-23 20:42:53,788 : INFO : EventManager : Event: ======'balldevice_bd_plunger_ball_eject_success'====== Args={'balls': 1, 'target': <playfield.playfield>}
2024-04-23 20:42:53,788 : INFO : EventManager : Event: ======'balldevice_playfield_ball_enter'====== Args={'new_balls': 1, 'unclaimed_balls': 1, 'device': <playfield.playfield>}
2024-04-23 20:42:53,788 : INFO : EventManager : Event: ======'playfield_ball_count_change'====== Args={'balls': 1, 'change': 1}
2024-04-23 20:42:53,788 : INFO : EventManager : Event: ======'balldevice_bd_plunger_ball_count_changed'====== Args={'balls': 0}
2024-04-23 20:42:53,788 : INFO : ball_device.bd_plunger : State: idle
2024-04-23 20:42:53,823 : INFO : SwitchController : <<<<<<< 's_pop_bumper' inactive >>>>>>>
2024-04-23 20:42:53,932 : INFO : SwitchController : <<<<<<< 's_t_bender' active >>>>>>>
2024-04-23 20:42:53,933 : INFO : EventManager : Event: ======'s_t_bender_active'====== Args={}
2024-04-23 20:42:53,933 : INFO : EventManager : Event: ======'sw_playfield_active'====== Args={}
2024-04-23 20:42:53,933 : INFO : EventManager : Event: ======'machine_var_audits_switches_s_t_bender'====== Args={'value': 2, 'prev_value': 1, 'change': 1}
2024-04-23 20:42:53,934 : INFO : EventManager : Event: ======'player_score'====== Args={'value': 200, 'prev_value': 100, 'change': 100, 'player_num': 1}
2024-04-23 20:42:53,934 : INFO : EventManager : Event: ======'player_bender_xp'====== Args={'value': 1, 'prev_value': 0, 'change': 1, 'player_num': 1}
2024-04-23 20:42:53,964 : INFO : SwitchController : <<<<<<< 's_t_bender' inactive >>>>>>>
2024-04-23 20:42:54,455 : WARNING : SwitchController : Received duplicate switch state 0 for switch s_cap1 from the platform interface. Log Code: Log-SwitchController-1 (https://docs.missionpinball.org/en/0.55/logs/Log-SwitchController-1.html)
2024-04-23 20:42:54,888 : INFO : EventManager : Event: ======'zoidberg_left'====== Args={'priority': 0}
2024-04-23 20:42:56,661 : INFO : SwitchController : <<<<<<< 's_left_loop' active >>>>>>>
2024-04-23 20:42:56,661 : INFO : EventManager : Event: ======'s_left_loop_active'====== Args={}
2024-04-23 20:42:56,661 : INFO : EventManager : Event: ======'machine_var_audits_switches_s_left_loop'====== Args={'value': 20, 'prev_value': 19, 'change': 1}
2024-04-23 20:42:56,695 : INFO : SwitchController : <<<<<<< 's_left_loop' inactive >>>>>>>
2024-04-23 20:42:57,140 : INFO : SwitchController : <<<<<<< 's_right_loop' active >>>>>>>
2024-04-23 20:42:57,140 : INFO : EventManager : Event: ======'s_right_loop_active'====== Args={}
2024-04-23 20:42:57,141 : INFO : EventManager : Event: ======'machine_var_audits_switches_s_right_loop'====== Args={'value': 16, 'prev_value': 15, 'change': 1}
2024-04-23 20:42:57,142 : INFO : EventManager : Event: ======'left_loop_hit'====== Args={}
2024-04-23 20:42:57,143 : INFO : EventManager : Event: ======'player_score'====== Args={'value': 350, 'prev_value': 200, 'change': 150, 'player_num': 1}
2024-04-23 20:42:57,171 : INFO : SwitchController : <<<<<<< 's_right_loop' inactive >>>>>>>
2024-04-23 20:42:57,349 : INFO : SwitchController : <<<<<<< 's_pe_platter' active >>>>>>>
2024-04-23 20:42:57,350 : INFO : EventManager : Event: ======'s_pe_platter_active'====== Args={}
2024-04-23 20:42:57,350 : INFO : EventManager : Event: ======'sw_playfield_active'====== Args={}
2024-04-23 20:42:57,350 : INFO : EventManager : Event: ======'machine_var_audits_switches_s_pe_platter'====== Args={'value': 61, 'prev_value': 60, 'change': 1}
2024-04-23 20:42:57,351 : INFO : EventManager : Event: ======'player_score'====== Args={'value': 383, 'prev_value': 350, 'change': 33, 'player_num': 1}
2024-04-23 20:42:57,351 : INFO : EventManager : Event: ======'player_platter_short_counter'====== Args={'value': 1, 'prev_value': 0, 'change': 1, 'player_num': 1}
2024-04-23 20:42:57,351 : INFO : EventManager : Event: ======'player_platter_long_counter'====== Args={'value': 2, 'prev_value': 1, 'change': 1, 'player_num': 1}
2024-04-23 20:42:57,692 : INFO : SwitchController : <<<<<<< 's_pe_platter' inactive >>>>>>>
2024-04-23 20:42:57,732 : INFO : SwitchController : <<<<<<< 's_pe_platter' active >>>>>>>
2024-04-23 20:42:57,732 : INFO : EventManager : Event: ======'s_pe_platter_active'====== Args={}
2024-04-23 20:42:57,732 : INFO : EventManager : Event: ======'sw_playfield_active'====== Args={}
2024-04-23 20:42:57,732 : INFO : EventManager : Event: ======'machine_var_audits_switches_s_pe_platter'====== Args={'value': 62, 'prev_value': 61, 'change': 1}
2024-04-23 20:42:57,733 : INFO : EventManager : Event: ======'player_score'====== Args={'value': 416, 'prev_value': 383, 'change': 33, 'player_num': 1}
2024-04-23 20:42:57,733 : INFO : EventManager : Event: ======'player_platter_short_counter'====== Args={'value': 2, 'prev_value': 1, 'change': 1, 'player_num': 1}
2024-04-23 20:42:57,734 : INFO : EventManager : Event: ======'player_platter_long_counter'====== Args={'value': 3, 'prev_value': 2, 'change': 1, 'player_num': 1}
2024-04-23 20:42:58,278 : INFO : SwitchController : <<<<<<< 's_pe_platter' inactive >>>>>>>
2024-04-23 20:42:58,412 : INFO : SwitchController : <<<<<<< 's_pe_platter' active >>>>>>>
2024-04-23 20:42:58,412 : INFO : EventManager : Event: ======'s_pe_platter_active'====== Args={}
2024-04-23 20:42:58,412 : INFO : EventManager : Event: ======'sw_playfield_active'====== Args={}
2024-04-23 20:42:58,412 : INFO : EventManager : Event: ======'machine_var_audits_switches_s_pe_platter'====== Args={'value': 63, 'prev_value': 62, 'change': 1}
2024-04-23 20:42:58,413 : INFO : EventManager : Event: ======'player_score'====== Args={'value': 449, 'prev_value': 416, 'change': 33, 'player_num': 1}
2024-04-23 20:42:58,413 : INFO : EventManager : Event: ======'player_platter_short_counter'====== Args={'value': 3, 'prev_value': 2, 'change': 1, 'player_num': 1}
2024-04-23 20:42:58,413 : INFO : EventManager : Event: ======'player_platter_long_counter'====== Args={'value': 4, 'prev_value': 3, 'change': 1, 'player_num': 1}
2024-04-23 20:42:58,518 : INFO : SwitchController : <<<<<<< 's_left_loop' active >>>>>>>
2024-04-23 20:42:58,518 : INFO : EventManager : Event: ======'s_left_loop_active'====== Args={}
2024-04-23 20:42:58,518 : INFO : EventManager : Event: ======'machine_var_audits_switches_s_left_loop'====== Args={'value': 21, 'prev_value': 20, 'change': 1}
2024-04-23 20:42:58,519 : INFO : EventManager : Event: ======'right_loop_hit'====== Args={}
2024-04-23 20:42:58,519 : INFO : EventManager : Event: ======'player_score'====== Args={'value': 599, 'prev_value': 449, 'change': 150, 'player_num': 1}
2024-04-23 20:42:58,519 : INFO : EventManager : Event: ======'left_right_double_loop_hit'====== Args={}
2024-04-23 20:42:58,520 : INFO : EventManager : Event: ======'player_score'====== Args={'value': 1099, 'prev_value': 599, 'change': 500, 'player_num': 1}
2024-04-23 20:42:58,549 : INFO : SwitchController : <<<<<<< 's_left_loop' inactive >>>>>>>
2024-04-23 20:42:58,620 : INFO : SwitchController : <<<<<<< 's_pe_platter' inactive >>>>>>>
2024-04-23 20:42:58,660 : INFO : SwitchController : <<<<<<< 's_pe_platter' active >>>>>>>
2024-04-23 20:42:58,660 : INFO : EventManager : Event: ======'s_pe_platter_active'====== Args={}
2024-04-23 20:42:58,660 : INFO : EventManager : Event: ======'sw_playfield_active'====== Args={}
2024-04-23 20:42:58,660 : INFO : EventManager : Event: ======'machine_var_audits_switches_s_pe_platter'====== Args={'value': 64, 'prev_value': 63, 'change': 1}
2024-04-23 20:42:58,661 : INFO : EventManager : Event: ======'player_score'====== Args={'value': 1132, 'prev_value': 1099, 'change': 33, 'player_num': 1}
2024-04-23 20:42:58,661 : INFO : EventManager : Event: ======'player_platter_short_counter'====== Args={'value': 4, 'prev_value': 3, 'change': 1, 'player_num': 1}
2024-04-23 20:42:58,663 : INFO : EventManager : Event: ======'player_platter_long_counter'====== Args={'value': 5, 'prev_value': 4, 'change': 1, 'player_num': 1}
2024-04-23 20:42:58,703 : INFO : SwitchController : <<<<<<< 's_pe_platter' inactive >>>>>>>
2024-04-23 20:42:58,748 : INFO : SwitchController : <<<<<<< 's_pe_platter' active >>>>>>>
2024-04-23 20:42:58,748 : INFO : EventManager : Event: ======'s_pe_platter_active'====== Args={}
2024-04-23 20:42:58,748 : INFO : EventManager : Event: ======'sw_playfield_active'====== Args={}
2024-04-23 20:42:58,748 : INFO : EventManager : Event: ======'machine_var_audits_switches_s_pe_platter'====== Args={'value': 65, 'prev_value': 64, 'change': 1}
2024-04-23 20:42:58,749 : INFO : EventManager : Event: ======'player_score'====== Args={'value': 1165, 'prev_value': 1132, 'change': 33, 'player_num': 1}
2024-04-23 20:42:58,749 : INFO : EventManager : Event: ======'player_platter_short_counter'====== Args={'value': 5, 'prev_value': 4, 'change': 1, 'player_num': 1}
2024-04-23 20:42:58,749 : INFO : EventManager : Event: ======'player_platter_long_counter'====== Args={'value': 6, 'prev_value': 5, 'change': 1, 'player_num': 1}
2024-04-23 20:42:58,808 : INFO : SwitchController : <<<<<<< 's_pe_platter' inactive >>>>>>>
2024-04-23 20:42:58,848 : INFO : SwitchController : <<<<<<< 's_pe_platter' active >>>>>>>
2024-04-23 20:42:58,848 : INFO : EventManager : Event: ======'s_pe_platter_active'====== Args={}
2024-04-23 20:42:58,848 : INFO : EventManager : Event: ======'sw_playfield_active'====== Args={}
2024-04-23 20:42:58,848 : INFO : EventManager : Event: ======'machine_var_audits_switches_s_pe_platter'====== Args={'value': 66, 'prev_value': 65, 'change': 1}
2024-04-23 20:42:58,849 : INFO : EventManager : Event: ======'player_score'====== Args={'value': 1198, 'prev_value': 1165, 'change': 33, 'player_num': 1}
2024-04-23 20:42:58,849 : INFO : EventManager : Event: ======'player_platter_short_counter'====== Args={'value': 6, 'prev_value': 5, 'change': 1, 'player_num': 1}
2024-04-23 20:42:58,849 : INFO : EventManager : Event: ======'player_platter_long_counter'====== Args={'value': 7, 'prev_value': 6, 'change': 1, 'player_num': 1}
2024-04-23 20:42:59,031 : INFO : SwitchController : <<<<<<< 's_right_loop' active >>>>>>>
2024-04-23 20:42:59,031 : INFO : EventManager : Event: ======'s_right_loop_active'====== Args={}
2024-04-23 20:42:59,032 : INFO : EventManager : Event: ======'machine_var_audits_switches_s_right_loop'====== Args={'value': 17, 'prev_value': 16, 'change': 1}
2024-04-23 20:42:59,033 : INFO : SwitchController : <<<<<<< 's_pe_platter' inactive >>>>>>>
2024-04-23 20:42:59,037 : INFO : EventManager : Event: ======'left_loop_hit'====== Args={}
2024-04-23 20:42:59,038 : INFO : EventManager : Event: ======'player_score'====== Args={'value': 1348, 'prev_value': 1198, 'change': 150, 'player_num': 1}
2024-04-23 20:42:59,039 : INFO : EventManager : Event: ======'right_left_double_loop_hit'====== Args={}
2024-04-23 20:42:59,039 : INFO : EventManager : Event: ======'player_score'====== Args={'value': 1848, 'prev_value': 1348, 'change': 500, 'player_num': 1}
2024-04-23 20:42:59,067 : INFO : SwitchController : <<<<<<< 's_right_loop' inactive >>>>>>>
2024-04-23 20:42:59,887 : INFO : EventManager : Event: ======'zoidberg_right'====== Args={'priority': 0}
2024-04-23 20:43:00,265 : INFO : SwitchController : <<<<<<< 's_pe_platter' active >>>>>>>
2024-04-23 20:43:00,266 : INFO : EventManager : Event: ======'s_pe_platter_active'====== Args={}
2024-04-23 20:43:00,266 : INFO : EventManager : Event: ======'sw_playfield_active'====== Args={}
2024-04-23 20:43:00,266 : INFO : EventManager : Event: ======'machine_var_audits_switches_s_pe_platter'====== Args={'value': 67, 'prev_value': 66, 'change': 1}
2024-04-23 20:43:00,266 : INFO : EventManager : Event: ======'player_score'====== Args={'value': 1881, 'prev_value': 1848, 'change': 33, 'player_num': 1}
2024-04-23 20:43:00,267 : INFO : EventManager : Event: ======'player_platter_short_counter'====== Args={'value': 7, 'prev_value': 6, 'change': 1, 'player_num': 1}
2024-04-23 20:43:00,267 : INFO : EventManager : Event: ======'player_platter_long_counter'====== Args={'value': 8, 'prev_value': 7, 'change': 1, 'player_num': 1}
2024-04-23 20:43:00,366 : INFO : SwitchController : <<<<<<< 's_left_loop' active >>>>>>>
2024-04-23 20:43:00,366 : INFO : EventManager : Event: ======'s_left_loop_active'====== Args={}
2024-04-23 20:43:00,366 : INFO : EventManager : Event: ======'machine_var_audits_switches_s_left_loop'====== Args={'value': 22, 'prev_value': 21, 'change': 1}
2024-04-23 20:43:00,367 : INFO : EventManager : Event: ======'right_loop_hit'====== Args={}
2024-04-23 20:43:00,368 : INFO : EventManager : Event: ======'player_score'====== Args={'value': 2031, 'prev_value': 1881, 'change': 150, 'player_num': 1}
2024-04-23 20:43:00,368 : INFO : EventManager : Event: ======'left_right_double_loop_hit'====== Args={}
2024-04-23 20:43:00,368 : INFO : EventManager : Event: ======'player_score'====== Args={'value': 2531, 'prev_value': 2031, 'change': 500, 'player_num': 1}
2024-04-23 20:43:00,405 : INFO : SwitchController : <<<<<<< 's_left_loop' inactive >>>>>>>
2024-04-23 20:43:00,943 : INFO : SwitchController : <<<<<<< 's_right_loop' active >>>>>>>
2024-04-23 20:43:00,944 : INFO : EventManager : Event: ======'s_right_loop_active'====== Args={}
2024-04-23 20:43:00,944 : INFO : EventManager : Event: ======'machine_var_audits_switches_s_right_loop'====== Args={'value': 18, 'prev_value': 17, 'change': 1}
2024-04-23 20:43:00,947 : INFO : EventManager : Event: ======'left_loop_hit'====== Args={}
2024-04-23 20:43:00,947 : INFO : EventManager : Event: ======'player_score'====== Args={'value': 2681, 'prev_value': 2531, 'change': 150, 'player_num': 1}
2024-04-23 20:43:00,948 : INFO : EventManager : Event: ======'right_left_double_loop_hit'====== Args={}
2024-04-23 20:43:00,948 : INFO : EventManager : Event: ======'player_score'====== Args={'value': 3181, 'prev_value': 2681, 'change': 500, 'player_num': 1}
2024-04-23 20:43:00,980 : INFO : SwitchController : <<<<<<< 's_right_loop' inactive >>>>>>>
2024-04-23 20:43:01,008 : INFO : SwitchController : <<<<<<< 's_pe_platter' inactive >>>>>>>
2024-04-23 20:43:01,841 : INFO : SwitchController : <<<<<<< 's_pe_platter' active >>>>>>>
2024-04-23 20:43:01,841 : INFO : EventManager : Event: ======'s_pe_platter_active'====== Args={}
2024-04-23 20:43:01,841 : INFO : EventManager : Event: ======'sw_playfield_active'====== Args={}
2024-04-23 20:43:01,842 : INFO : EventManager : Event: ======'machine_var_audits_switches_s_pe_platter'====== Args={'value': 68, 'prev_value': 67, 'change': 1}
2024-04-23 20:43:01,843 : INFO : EventManager : Event: ======'player_score'====== Args={'value': 3214, 'prev_value': 3181, 'change': 33, 'player_num': 1}
2024-04-23 20:43:01,843 : INFO : EventManager : Event: ======'player_platter_short_counter'====== Args={'value': 8, 'prev_value': 7, 'change': 1, 'player_num': 1}
2024-04-23 20:43:01,844 : INFO : EventManager : Event: ======'player_platter_long_counter'====== Args={'value': 9, 'prev_value': 8, 'change': 1, 'player_num': 1}
2024-04-23 20:43:02,145 : INFO : EventManager : Event: ======'double_left_loop_timeout'====== Args={}
2024-04-23 20:43:03,521 : INFO : EventManager : Event: ======'double_right_loop_timeout'====== Args={}
2024-04-23 20:43:03,948 : INFO : EventManager : Event: ======'right_loop_timeout'====== Args={}
2024-04-23 20:43:04,040 : INFO : EventManager : Event: ======'double_left_loop_timeout'====== Args={}
2024-04-23 20:43:04,889 : INFO : EventManager : Event: ======'zoidberg_left'====== Args={'priority': 0}
2024-04-23 20:43:05,369 : INFO : EventManager : Event: ======'double_right_loop_timeout'====== Args={}
2024-04-23 20:43:05,957 : INFO : EventManager : Event: ======'left_right_double_loop_timeout'====== Args={}
2024-04-23 20:43:05,957 : INFO : EventManager : Event: ======'double_left_loop_timeout'====== Args={}
2024-04-23 20:43:09,893 : INFO : EventManager : Event: ======'zoidberg_right'====== Args={'priority': 0}
2024-04-23 20:43:14,887 : INFO : EventManager : Event: ======'zoidberg_left'====== Args={'priority': 0}
