2024-05-13 09:24:16,817 : INFO : root : Loading config.
2024-05-13 09:24:17,077 : INFO : ConfigProcessor : Config spec file cache created: /tmp/config_spec.mpf_cache
2024-05-13 09:24:17,077 : INFO : YamlMultifileConfigLoader : Machine config file #1: config.yaml
2024-05-13 09:24:17,077 : INFO : ConfigProcessor : Loading config from file /usr/local/lib/python3.7/dist-packages/mpf/mpfconfig.yaml.
2024-05-13 09:24:17,133 : INFO : ConfigProcessor : Loading config: /usr/local/lib/python3.7/dist-packages/mpf/mpfconfig.yaml
2024-05-13 09:24:17,134 : INFO : ConfigProcessor : Loading config from file /home/mpfuser/pinball/Futurama337/config/config.yaml.
2024-05-13 09:24:17,240 : INFO : ConfigProcessor : Loading config: /home/mpfuser/pinball/Futurama337/config/config.yaml
2024-05-13 09:24:17,242 : INFO : ConfigProcessor : Config file cache created: /tmp/a1ac3a016f6424d80551e58412719826.mpf_cache
2024-05-13 09:24:17,284 : INFO : ConfigProcessor : Loading config from file /usr/local/lib/python3.7/dist-packages/mpf/modes/attract/config/attract.yaml.
2024-05-13 09:24:17,285 : INFO : ConfigProcessor : Loading config: /usr/local/lib/python3.7/dist-packages/mpf/modes/attract/config/attract.yaml
2024-05-13 09:24:17,285 : INFO : ConfigProcessor : Loading config from file /home/mpfuser/pinball/Futurama337/modes/attract/config/attract.yaml.
2024-05-13 09:24:17,286 : INFO : ConfigProcessor : Loading config: /home/mpfuser/pinball/Futurama337/modes/attract/config/attract.yaml
2024-05-13 09:24:17,286 : INFO : ConfigProcessor : Config file cache created: /tmp/d2309f45f00263c22cb8c5b4ec4cc881.mpf_cache
2024-05-13 09:24:17,286 : INFO : ConfigProcessor : Loading config from file /usr/local/lib/python3.7/dist-packages/mpf/modes/game/config/game.yaml.
2024-05-13 09:24:17,288 : INFO : ConfigProcessor : Loading config: /usr/local/lib/python3.7/dist-packages/mpf/modes/game/config/game.yaml
2024-05-13 09:24:17,288 : INFO : ConfigProcessor : Config file cache created: /tmp/7559345efe69122f4d6fb5f65214b482.mpf_cache
2024-05-13 09:24:17,288 : INFO : ConfigProcessor : Loading config from file /home/mpfuser/pinball/Futurama337/modes/base/config/base.yaml.
2024-05-13 09:24:17,344 : INFO : ConfigProcessor : Loading config: /home/mpfuser/pinball/Futurama337/modes/base/config/base.yaml
2024-05-13 09:24:17,345 : INFO : ConfigProcessor : Config file cache created: /tmp/1705bafe70d7ed166ffa6fbc6eff32b6.mpf_cache
2024-05-13 09:24:17,346 : INFO : ConfigProcessor : Loading config from file /usr/local/lib/python3.7/dist-packages/mpf/modes/bonus/config/bonus.yaml.
2024-05-13 09:24:17,347 : INFO : ConfigProcessor : Loading config: /usr/local/lib/python3.7/dist-packages/mpf/modes/bonus/config/bonus.yaml
2024-05-13 09:24:17,347 : INFO : ConfigProcessor : Loading config from file /home/mpfuser/pinball/Futurama337/modes/bonus/config/bonus.yaml.
2024-05-13 09:24:17,359 : INFO : ConfigProcessor : Loading config: /home/mpfuser/pinball/Futurama337/modes/bonus/config/bonus.yaml
2024-05-13 09:24:17,360 : INFO : ConfigProcessor : Config file cache created: /tmp/f4afb52e5a81c0586c038bffbccda3a8.mpf_cache
2024-05-13 09:24:17,360 : INFO : ConfigProcessor : Loading config from file /home/mpfuser/pinball/Futurama337/shows/./hypnotoad_light_pulse_show.yaml.
2024-05-13 09:24:17,361 : INFO : ConfigProcessor : Loading config: /home/mpfuser/pinball/Futurama337/shows/./hypnotoad_light_pulse_show.yaml
2024-05-13 09:24:17,361 : INFO : ConfigProcessor : Config file cache created: /tmp/e673d636849e9b65d988aeeaedcc2308.mpf_cache
2024-05-13 09:24:17,361 : INFO : ConfigProcessor : Loading config from file /home/mpfuser/pinball/Futurama337/shows/./triple_pulse_show.yaml.
2024-05-13 09:24:17,364 : INFO : ConfigProcessor : Loading config: /home/mpfuser/pinball/Futurama337/shows/./triple_pulse_show.yaml
2024-05-13 09:24:17,364 : INFO : ConfigProcessor : Config file cache created: /tmp/1fd3fa5a2a3cce4d2f903ebd1f33b613.mpf_cache
2024-05-13 09:24:17,364 : INFO : ConfigProcessor : Loading config from file /home/mpfuser/pinball/Futurama337/shows/./tube_light_show.yaml.
2024-05-13 09:24:17,367 : INFO : ConfigProcessor : Loading config: /home/mpfuser/pinball/Futurama337/shows/./tube_light_show.yaml
2024-05-13 09:24:17,367 : INFO : ConfigProcessor : Config file cache created: /tmp/443b0f17029558a07eb16f1a5797ce25.mpf_cache
2024-05-13 09:24:17,368 : INFO : ConfigProcessor : Loading config from file /home/mpfuser/pinball/Futurama337/shows/./bender_level_up_show.yaml.
2024-05-13 09:24:17,371 : INFO : ConfigProcessor : Loading config: /home/mpfuser/pinball/Futurama337/shows/./bender_level_up_show.yaml
2024-05-13 09:24:17,372 : INFO : ConfigProcessor : Config file cache created: /tmp/2eca5affb57b5e78fb2953eb996a3c84.mpf_cache
2024-05-13 09:24:17,372 : INFO : ConfigProcessor : Loading config from file /home/mpfuser/pinball/Futurama337/shows/./pe_platter_rotary_show.yaml.
2024-05-13 09:24:17,374 : INFO : ConfigProcessor : Loading config: /home/mpfuser/pinball/Futurama337/shows/./pe_platter_rotary_show.yaml
2024-05-13 09:24:17,374 : INFO : ConfigProcessor : Config file cache created: /tmp/1addde10c9588a5a3f6d737fdd11a11e.mpf_cache
2024-05-13 09:24:17,375 : INFO : ConfigProcessor : Loading config from file /home/mpfuser/pinball/Futurama337/shows/./attract_show.yaml.
2024-05-13 09:24:17,387 : INFO : ConfigProcessor : Loading config: /home/mpfuser/pinball/Futurama337/shows/./attract_show.yaml
2024-05-13 09:24:17,387 : INFO : ConfigProcessor : Config file cache created: /tmp/1876950c274b9e7ea6a8c45d76a940cb.mpf_cache
2024-05-13 09:24:17,387 : INFO : ConfigProcessor : Loading config from file /home/mpfuser/pinball/Futurama337/shows/./shoot_the_ball_show.yaml.
2024-05-13 09:24:17,388 : INFO : ConfigProcessor : Loading config: /home/mpfuser/pinball/Futurama337/shows/./shoot_the_ball_show.yaml
2024-05-13 09:24:17,389 : INFO : ConfigProcessor : Config file cache created: /tmp/8f7509494fc9fc6e1004eca749828db1.mpf_cache
2024-05-13 09:24:17,389 : INFO : ConfigProcessor : Loading config from file /home/mpfuser/pinball/Futurama337/shows/./lrrr_pulse_show.yaml.
2024-05-13 09:24:17,390 : INFO : ConfigProcessor : Loading config: /home/mpfuser/pinball/Futurama337/shows/./lrrr_pulse_show.yaml
2024-05-13 09:24:17,390 : INFO : ConfigProcessor : Config file cache created: /tmp/cefc2bc6f058ed166b4a689d4941d80b.mpf_cache
2024-05-13 09:24:17,390 : INFO : ConfigProcessor : Loading config from file /home/mpfuser/pinball/Futurama337/shows/./leela_level_up_show.yaml.
2024-05-13 09:24:17,394 : INFO : ConfigProcessor : Loading config: /home/mpfuser/pinball/Futurama337/shows/./leela_level_up_show.yaml
2024-05-13 09:24:17,394 : INFO : ConfigProcessor : Config file cache created: /tmp/41a5583746daef48401a23ecf1a259ba.mpf_cache
2024-05-13 09:24:17,394 : INFO : ConfigProcessor : Loading config from file /home/mpfuser/pinball/Futurama337/shows/./fry_level_up_show.yaml.
2024-05-13 09:24:17,398 : INFO : ConfigProcessor : Loading config: /home/mpfuser/pinball/Futurama337/shows/./fry_level_up_show.yaml
2024-05-13 09:24:17,398 : INFO : ConfigProcessor : Config file cache created: /tmp/b23f0d2198bd0eb0d6e1b1a9a4c546b0.mpf_cache
2024-05-13 09:24:17,399 : INFO : ConfigProcessor : Loading config from file /home/mpfuser/pinball/Futurama337/modes/attract/shows/./attract_loop_show.yaml.
2024-05-13 09:24:17,473 : INFO : ConfigProcessor : Loading config: /home/mpfuser/pinball/Futurama337/modes/attract/shows/./attract_loop_show.yaml
2024-05-13 09:24:17,473 : INFO : ConfigProcessor : Config file cache created: /tmp/8b80e358850df47ca9876a78861d2157.mpf_cache
2024-05-13 09:24:17,474 : INFO : Machine : Mission Pinball Framework Core Engine v0.55.0
2024-05-13 09:24:17,474 : INFO : Machine : Command line arguments: {'no_load_cache': False, 'create_config_cache': True, 'bcp': True, 'configfile': ['config.yaml'], 'force_assets_load': False, 'jsonlogging': False, 'logfile': 'logs/2024-05-13-09-24-16-mpf-futurama.log', 'pause': False, 'production': False, 'text_ui': True, 'loglevel': 15, 'consoleloglevel': 20, 'force_platform': None, 'syslog_address': None, 'mc_file_name': None, 'no_sound': False}
2024-05-13 09:24:17,474 : INFO : Machine : MPF path: /usr/local/lib/python3.7/dist-packages/mpf
2024-05-13 09:24:17,474 : INFO : Machine : Machine path: /home/mpfuser/pinball/Futurama337
2024-05-13 09:24:17,474 : INFO : Machine : Platform: linux
2024-05-13 09:24:17,474 : INFO : Machine : Python executable location: /usr/bin/python3
2024-05-13 09:24:17,474 : INFO : Machine : Python version: 3.7.3 (64-bit)
2024-05-13 09:24:17,474 : INFO : Machine : Initialise MPF.
2024-05-13 09:24:17,530 : INFO : P-Roc : Connecting to P-ROC
2024-05-13 09:24:17,790 : INFO : P-Roc : Successfully connected to P-ROC/P3-ROC. Firmware Version: 2. Firmware Revision: 14. Hardware Board ID: 1
2024-05-13 09:24:17,822 : INFO : EventManager : Event: ======'machine_var_p_roc_version'====== Args={'value': 2, 'prev_value': None, 'change': True}
2024-05-13 09:24:17,822 : INFO : EventManager : Event: ======'machine_var_p_roc_revision'====== Args={'value': 14, 'prev_value': None, 'change': True}
2024-05-13 09:24:17,822 : INFO : EventManager : Event: ======'machine_var_p_roc_hardware_version'====== Args={'value': 1, 'prev_value': None, 'change': True}
2024-05-13 09:24:17,822 : INFO : EventManager : Event: ======'machine_var_credits_string'====== Args={'value': 'FREE PLAY', 'prev_value': None, 'change': True}
2024-05-13 09:24:17,862 : INFO : EventManager : Event: ======'machine_var_master_volume'====== Args={'value': 0.9, 'prev_value': None, 'change': True}
2024-05-13 09:24:17,862 : INFO : EventManager : Event: ======'machine_var_player1_score'====== Args={'value': 3376, 'prev_value': None, 'change': True}
2024-05-13 09:24:17,862 : INFO : EventManager : Event: ======'machine_var_mpf_version'====== Args={'value': 'MPF v0.55.0', 'prev_value': None, 'change': True}
2024-05-13 09:24:17,862 : INFO : EventManager : Event: ======'machine_var_mpf_extended_version'====== Args={'value': 'MPF v0.55.0, Config version:5, Show version: 5, BCP version:1.1', 'prev_value': None, 'change': True}
2024-05-13 09:24:17,862 : INFO : EventManager : Event: ======'machine_var_python_version'====== Args={'value': '3.7.3', 'prev_value': None, 'change': True}
2024-05-13 09:24:17,863 : INFO : EventManager : Event: ======'machine_var_platform'====== Args={'value': 'Linux-4.19.0-20-amd64-x86_64-with-debian-10.12', 'prev_value': None, 'change': True}
2024-05-13 09:24:17,863 : INFO : EventManager : Event: ======'machine_var_platform_system'====== Args={'value': 'Linux', 'prev_value': None, 'change': True}
2024-05-13 09:24:17,864 : INFO : EventManager : Event: ======'machine_var_platform_release'====== Args={'value': '4.19.0-20-amd64', 'prev_value': None, 'change': True}
2024-05-13 09:24:17,864 : INFO : EventManager : Event: ======'machine_var_platform_version'====== Args={'value': '#1 SMP Debian 4.19.235-1 (2022-03-17)', 'prev_value': None, 'change': True}
2024-05-13 09:24:17,864 : INFO : EventManager : Event: ======'machine_var_platform_machine'====== Args={'value': 'x86_64', 'prev_value': None, 'change': True}
2024-05-13 09:24:17,864 : INFO : EventManager : Event: ======'init_phase_1'====== Args={}
2024-05-13 09:24:17,882 : ERROR : ConfigValidator : Your config contains a value for the setting "mode:base:sequence_shots:ship_spinning:swtich_sequence", but this is not a valid setting name.
2024-05-13 09:24:17,883 : ERROR : asyncio : Exception in callback EventManager._async_handler_done(<QueuedEvent>)(<Task finishe...tting name.')>) at /usr/local/lib/python3.7/dist-packages/mpf/core/events.py:112
handle: <Handle EventManager._async_handler_done(<QueuedEvent>)(<Task finishe...tting name.')>) at /usr/local/lib/python3.7/dist-packages/mpf/core/events.py:112>
Traceback (most recent call last):
  File "/usr/lib/python3.7/asyncio/events.py", line 88, in _run
    self._context.run(self._callback, *self._args)
  File "/usr/local/lib/python3.7/dist-packages/mpf/core/events.py", line 115, in _async_handler_done
    future.result()
  File "/usr/local/lib/python3.7/dist-packages/mpf/core/device_manager.py", line 90, in _load_device_modules
    await self.machine.mode_controller.load_mode_devices()
  File "/usr/local/lib/python3.7/dist-packages/mpf/core/mode_controller.py", line 86, in load_mode_devices
    await mode.load_mode_devices()
  File "/usr/local/lib/python3.7/dist-packages/mpf/core/mode.py", line 431, in load_mode_devices
    settings = device.validate_and_parse_config(settings, True, "mode:" + self.name)
  File "/usr/local/lib/python3.7/dist-packages/mpf/core/device.py", line 109, in validate_and_parse_config
    self.config_section, config, self.name, "device", prefix=debug_prefix)
  File "/usr/local/lib/python3.7/dist-packages/mpf/core/config_validator.py", line 180, in validate_config
    validation_failure_info=validation_failure_info)
  File "/usr/local/lib/python3.7/dist-packages/mpf/core/config_validator.py", line 192, in _validate_config
    self.check_for_invalid_sections(this_spec, source, validation_failure_info)
  File "/usr/local/lib/python3.7/dist-packages/mpf/core/config_validator.py", line 359, in check_for_invalid_sections
    'setting name.', 2, self.log.name)
mpf.exceptions.config_file_error.ConfigFileError: Config File Error in ConfigValidator: Your config contains a value for the setting "mode:base:sequence_shots:ship_spinning:swtich_sequence", but this is not a valid setting name. Error Code: CFE-ConfigValidator-2 (https://docs.missionpinball.org/en/0.55/logs/CFE-ConfigValidator-2.html)
2024-05-13 09:24:17,885 : INFO : Machine : Starting the main run loop.
2024-05-13 09:24:17,885 : INFO : Machine : Shutting down...
2024-05-13 09:24:17,885 : INFO : EventManager : Event: ======'shutdown'====== Args={}
2024-05-13 09:24:17,886 : ERROR : Machine : Runtime Exception
Traceback (most recent call last):
  File "/usr/local/lib/python3.7/dist-packages/mpf/core/machine.py", line 769, in _run_loop
    raise self._exception['exception']
  File "/usr/lib/python3.7/asyncio/events.py", line 88, in _run
    self._context.run(self._callback, *self._args)
  File "/usr/local/lib/python3.7/dist-packages/mpf/core/events.py", line 115, in _async_handler_done
    future.result()
  File "/usr/local/lib/python3.7/dist-packages/mpf/core/device_manager.py", line 90, in _load_device_modules
    await self.machine.mode_controller.load_mode_devices()
  File "/usr/local/lib/python3.7/dist-packages/mpf/core/mode_controller.py", line 86, in load_mode_devices
    await mode.load_mode_devices()
  File "/usr/local/lib/python3.7/dist-packages/mpf/core/mode.py", line 431, in load_mode_devices
    settings = device.validate_and_parse_config(settings, True, "mode:" + self.name)
  File "/usr/local/lib/python3.7/dist-packages/mpf/core/device.py", line 109, in validate_and_parse_config
    self.config_section, config, self.name, "device", prefix=debug_prefix)
  File "/usr/local/lib/python3.7/dist-packages/mpf/core/config_validator.py", line 180, in validate_config
    validation_failure_info=validation_failure_info)
  File "/usr/local/lib/python3.7/dist-packages/mpf/core/config_validator.py", line 192, in _validate_config
    self.check_for_invalid_sections(this_spec, source, validation_failure_info)
  File "/usr/local/lib/python3.7/dist-packages/mpf/core/config_validator.py", line 359, in check_for_invalid_sections
    'setting name.', 2, self.log.name)
mpf.exceptions.config_file_error.ConfigFileError: Config File Error in ConfigValidator: Your config contains a value for the setting "mode:base:sequence_shots:ship_spinning:swtich_sequence", but this is not a valid setting name. Error Code: CFE-ConfigValidator-2 (https://docs.missionpinball.org/en/0.55/logs/CFE-ConfigValidator-2.html)
