2024-05-13 09:29:24,384 : kivy : Factory: 186 symbols loaded
2024-05-13 09:29:24,468 : kivy : ImageLoaderFFPy: Using ffpyplayer 4.3.2
2024-05-13 09:29:24,468 : kivy : Image: Providers: img_tex, img_dds, img_sdl2, img_pil, img_ffpyplayer 
2024-05-13 09:29:24,483 : kivy : VideoFFPy: Using ffpyplayer 4.3.2
2024-05-13 09:29:24,483 : kivy : Video: Provider: ffpyplayer(['video_ffmpeg'] ignored)
2024-05-13 09:29:24,609 : kivy : Loading MPF-MC controller
2024-05-13 09:29:24,611 : YamlMultifileConfigLoader : Machine config file #1: config
2024-05-13 09:29:24,611 : ConfigProcessor : Config file in cache changed: /home/mpfuser/pinball/Futurama337/config/config
2024-05-13 09:29:24,611 : ConfigProcessor : Loading config from file /usr/local/lib/python3.7/dist-packages/mpfmc/mcconfig.yaml.
2024-05-13 09:29:24,640 : ConfigProcessor : Loading config: /usr/local/lib/python3.7/dist-packages/mpfmc/mcconfig.yaml
2024-05-13 09:29:24,641 : ConfigProcessor : Loading config from file /home/mpfuser/pinball/Futurama337/config/config.
2024-05-13 09:29:24,768 : ConfigProcessor : Loading config: /home/mpfuser/pinball/Futurama337/config/config
2024-05-13 09:29:24,769 : ConfigProcessor : Config file cache created: /tmp/849869058eb403283a3d9f690d7cd3ef.mpf_cache
2024-05-13 09:29:24,770 : ConfigProcessor : Loading config from cache: /tmp/d2309f45f00263c22cb8c5b4ec4cc881.mpf_cache
2024-05-13 09:29:24,770 : ConfigProcessor : Loading config from cache: /tmp/7559345efe69122f4d6fb5f65214b482.mpf_cache
2024-05-13 09:29:24,770 : ConfigProcessor : Loading config from cache: /tmp/1705bafe70d7ed166ffa6fbc6eff32b6.mpf_cache
2024-05-13 09:29:24,770 : ConfigProcessor : Loading config from cache: /tmp/f4afb52e5a81c0586c038bffbccda3a8.mpf_cache
2024-05-13 09:29:24,770 : mpfmc : Mission Pinball Framework Media Controller v0.55.0
2024-05-13 09:29:24,770 : mpfmc : Mission Pinball Framework Game Engine v0.55.0
2024-05-13 09:29:24,770 : mpfmc : Machine path: /home/mpfuser/pinball/Futurama337
2024-05-13 09:29:24,771 : mpfmc : Starting clock at 60.0Hz
2024-05-13 09:29:24,775 : kivy : Text: Provider: sdl2
2024-05-13 09:29:24,793 : kivy : Window: Provider: sdl2
2024-05-13 09:29:24,865 : kivy : GL: Using the "OpenGL" graphics system
2024-05-13 09:29:24,867 : kivy : GL: Backend used <sdl2>
2024-05-13 09:29:24,867 : kivy : GL: OpenGL version <b'3.0 Mesa 18.3.6'>
2024-05-13 09:29:24,867 : kivy : GL: OpenGL vendor <b'Intel Open Source Technology Center'>
2024-05-13 09:29:24,867 : kivy : GL: OpenGL renderer <b'Mesa DRI Intel(R) UHD Graphics 610 (Coffeelake 2x6 GT1) '>
2024-05-13 09:29:24,867 : kivy : GL: OpenGL parsed version: 3, 0
2024-05-13 09:29:24,867 : kivy : GL: Shading version <b'1.30'>
2024-05-13 09:29:24,867 : kivy : GL: Texture max size <16384>
2024-05-13 09:29:24,867 : kivy : GL: Texture max units <32>
2024-05-13 09:29:24,887 : kivy : Window: auto add sdl2 input provider
2024-05-13 09:29:24,887 : kivy : Window: virtual keyboard not allowed, single mode, not docked
2024-05-13 09:29:24,891 : AudioInterface : NOTE: You may experience noise and other undesirable sound artifacts when you set your buffer at 1024 or smaller.
2024-05-13 09:29:25,150 : AudioInterface : Initialized
2024-05-13 09:29:25,150 : AudioInterface : Loaded SDL 2.0.9
2024-05-13 09:29:25,150 : AudioInterface : Loaded SDL_Mixer 2.0.4
2024-05-13 09:29:25,150 : AudioInterface : Loaded GStreamer 1.14.4.0
2024-05-13 09:29:25,150 : AudioInterface : Loaded GLib 2.58.3
2024-05-13 09:29:25,150 : AudioInterface : Settings requested - rate: 44100, channels: 1, buffer: 1024 samples
2024-05-13 09:29:25,150 : AudioInterface : Settings in use - rate: 44100, channels: 1, buffer: 1024 samples (2048 bytes @ 2 bytes per sample)
2024-05-13 09:29:25,151 : SoundSystem : Setting master volume to 0.0
2024-05-13 09:29:25,151 : SoundSystem : master_volume in sound_system is deprecated and will be removed in the future.
2024-05-13 09:29:25,151 : AudioInterface : Enabling audio playback
2024-05-13 09:29:25,157 : kivy : Base: Start application main loop
2024-05-13 09:29:25,158 : EventManager : Event: ======'display_window_initialized'====== Args={}
2024-05-13 09:29:25,170 : mpfmc : Display: Setting 'window' as default display
2024-05-13 09:29:25,176 : mpfmc : ASPECT RATIO MISMATCH: The on-screen window is not the same aspect ratio as the display called 'window'. The logical display will be scaled from 1920x1080 to the window size 800x600, and a black bar will make up the difference
2024-05-13 09:29:25,176 : EventManager : Event: ======'displays_initialized'====== Args={}
2024-05-13 09:29:25,177 : EventManager : Event: ======'slide_window_blank_created'====== Args={}
2024-05-13 09:29:25,177 : EventManager : Event: ======'display_window_ready'====== Args={}
2024-05-13 09:29:25,180 : EventManager : Event: ======'init_phase_1'====== Args={}
2024-05-13 09:29:25,185 : EventManager : Event: ======'mc_ready'====== Args={}
2024-05-13 09:29:25,185 : EventManager : Event: ======'init_phase_2'====== Args={}
2024-05-13 09:29:25,193 : EventManager : Event: ======'init_phase_3'====== Args={}
2024-05-13 09:29:25,199 : EventManager : Event: ======'init_phase_4'====== Args={}
2024-05-13 09:29:25,199 : EventManager : Event: ======'init_phase_5'====== Args={}
2024-05-13 09:29:25,246 : kivy : GL: NPOT texture support is available
2024-05-13 09:29:25,325 : EventManager : Event: ======'loading_assets'====== Args={'total': 13, 'loaded': 1, 'remaining': 12, 'percent': 8}
2024-05-13 09:29:25,326 : AssetManager : Loading assets: 1/13 (8%)
2024-05-13 09:29:25,712 : EventManager : Event: ======'loading_assets'====== Args={'total': 13, 'loaded': 13, 'remaining': 0, 'percent': 100}
2024-05-13 09:29:25,712 : AssetManager : Asset loading took: 0.5606575012207031
2024-05-13 09:29:25,712 : EventManager : Event: ======'asset_loading_complete'====== Args={}
2024-05-13 09:29:25,712 : AssetManager : Loading assets: 13/13 (100%)
2024-05-13 09:29:25,712 : EventManager : Event: ======'init_done'====== Args={}
2024-05-13 09:29:25,712 : MPF-MC BCP Server : Starting up on localhost port 5050
2024-05-13 09:29:25,712 : MPF-MC BCP Server : Waiting for a connection...
2024-05-13 09:29:25,712 : mpfmc : SlidePlayer: Play called with settings={'slides': {welcome_slide-None-None: {'priority': None, 'target': None, 'background_color': [0.0, 0.0, 0.0, 1.0], 'show': True, 'force': False, 'expire': None, 'slide': None, 'tokens': {}, 'action': 'play', 'transition': None, 'transition_out': None}}}
2024-05-13 09:29:25,722 : EventManager : Event: ======'slide_welcome_slide_created'====== Args={}
2024-05-13 09:29:25,723 : EventManager : Event: ======'slide_welcome_slide_active'====== Args={}
2024-05-13 09:29:25,727 : EventManager : Event: ======'client_disconnected'====== Args={'host': '127.0.0.1', 'port': 5050}
2024-05-13 09:29:25,774 : MPF-MC BCP Server : Received connection from: 127.0.0.1:55202
2024-05-13 09:29:25,776 : EventManager : Event: ======'client_connected'====== Args={'host': '127.0.0.1', 'port': 55202}
2024-05-13 09:29:25,789 : EventManager : Event: ======'machine_var_p_roc_version'====== Args={'value': 2, 'prev_value': None, 'change': True}
2024-05-13 09:29:25,789 : EventManager : Event: ======'machine_var_p_roc_revision'====== Args={'value': 14, 'prev_value': None, 'change': True}
2024-05-13 09:29:25,789 : EventManager : Event: ======'machine_var_p_roc_hardware_version'====== Args={'value': 1, 'prev_value': None, 'change': True}
2024-05-13 09:29:25,789 : EventManager : Event: ======'machine_var_credits_string'====== Args={'value': 'FREE PLAY', 'prev_value': None, 'change': True}
2024-05-13 09:29:25,789 : EventManager : Event: ======'machine_var_master_volume'====== Args={'value': 0.9, 'prev_value': None, 'change': True}
2024-05-13 09:29:25,789 : EventManager : Event: ======'machine_var_player1_score'====== Args={'value': 3376, 'prev_value': None, 'change': True}
2024-05-13 09:29:25,789 : EventManager : Event: ======'machine_var_mpf_version'====== Args={'value': 'MPF v0.55.0', 'prev_value': None, 'change': True}
2024-05-13 09:29:25,789 : EventManager : Event: ======'machine_var_mpf_extended_version'====== Args={'value': 'MPF v0.55.0, Config version:5, Show version: 5, BCP version:1.1', 'prev_value': None, 'change': True}
2024-05-13 09:29:25,789 : EventManager : Event: ======'machine_var_python_version'====== Args={'value': '3.7.3', 'prev_value': None, 'change': True}
2024-05-13 09:29:25,789 : EventManager : Event: ======'machine_var_platform'====== Args={'value': 'Linux-4.19.0-20-amd64-x86_64-with-debian-10.12', 'prev_value': None, 'change': True}
2024-05-13 09:29:25,789 : EventManager : Event: ======'machine_var_platform_system'====== Args={'value': 'Linux', 'prev_value': None, 'change': True}
2024-05-13 09:29:25,790 : EventManager : Event: ======'machine_var_platform_release'====== Args={'value': '4.19.0-20-amd64', 'prev_value': None, 'change': True}
2024-05-13 09:29:25,790 : EventManager : Event: ======'machine_var_platform_version'====== Args={'value': '#1 SMP Debian 4.19.235-1 (2022-03-17)', 'prev_value': None, 'change': True}
2024-05-13 09:29:25,790 : EventManager : Event: ======'machine_var_platform_machine'====== Args={'value': 'x86_64', 'prev_value': None, 'change': True}
2024-05-13 09:29:25,790 : EventManager : Event: ======'machine_var_mc_version'====== Args={'value': 'MPF-MC v0.55.0', 'prev_value': None, 'change': True}
2024-05-13 09:29:25,790 : EventManager : Event: ======'machine_var_mc_extended_version'====== Args={'value': 'MPF-MC v0.55.0 (config_version=5, BCP v1.1, Requires MPF v0.55.0-dev.49)', 'prev_value': None, 'change': True}
2024-05-13 09:29:25,790 : SoundSystem : Setting master volume to 0.9
2024-05-13 09:29:25,838 : EventManager : Event: ======'machine_var_audits_events_game_ended'====== Args={'value': 0, 'prev_value': None, 'change': True}
2024-05-13 09:29:25,838 : EventManager : Event: ======'machine_var_audits_events_game_started'====== Args={'value': 0, 'prev_value': None, 'change': True}
2024-05-13 09:29:25,838 : EventManager : Event: ======'machine_var_audits_player_score'====== Args={'value': {'average': 3376.0, 'top': [3376], 'total': 1}, 'prev_value': None, 'change': True}
2024-05-13 09:29:25,838 : EventManager : Event: ======'machine_var_audits_switches_s_VUK'====== Args={'value': 0, 'prev_value': None, 'change': True}
2024-05-13 09:29:25,850 : EventManager : Event: ======'machine_var_audits_switches_s_cap1'====== Args={'value': 3, 'prev_value': None, 'change': True}
2024-05-13 09:29:25,850 : EventManager : Event: ======'machine_var_audits_switches_s_cap2'====== Args={'value': 1, 'prev_value': None, 'change': True}
2024-05-13 09:29:25,850 : EventManager : Event: ======'machine_var_audits_switches_s_cap3'====== Args={'value': 3, 'prev_value': None, 'change': True}
2024-05-13 09:29:25,851 : EventManager : Event: ======'machine_var_audits_switches_s_cap4'====== Args={'value': 0, 'prev_value': None, 'change': True}
2024-05-13 09:29:25,851 : EventManager : Event: ======'machine_var_audits_switches_s_dt_amy'====== Args={'value': 1, 'prev_value': None, 'change': True}
2024-05-13 09:29:25,851 : EventManager : Event: ======'machine_var_audits_switches_s_dt_hermes'====== Args={'value': 3, 'prev_value': None, 'change': True}
2024-05-13 09:29:25,851 : EventManager : Event: ======'machine_var_audits_switches_s_dt_nibbler'====== Args={'value': 0, 'prev_value': None, 'change': True}
2024-05-13 09:29:25,851 : EventManager : Event: ======'machine_var_audits_switches_s_dt_professor'====== Args={'value': 0, 'prev_value': None, 'change': True}
2024-05-13 09:29:25,851 : EventManager : Event: ======'machine_var_audits_switches_s_dt_zoidberg'====== Args={'value': 1, 'prev_value': None, 'change': True}
2024-05-13 09:29:25,851 : EventManager : Event: ======'machine_var_audits_switches_s_hedonism_bot'====== Args={'value': 0, 'prev_value': None, 'change': True}
2024-05-13 09:29:25,851 : EventManager : Event: ======'machine_var_audits_switches_s_left_flipper'====== Args={'value': 12, 'prev_value': None, 'change': True}
2024-05-13 09:29:25,851 : EventManager : Event: ======'machine_var_audits_switches_s_left_inlane'====== Args={'value': 1, 'prev_value': None, 'change': True}
2024-05-13 09:29:25,851 : EventManager : Event: ======'machine_var_audits_switches_s_left_loop'====== Args={'value': 22, 'prev_value': None, 'change': True}
2024-05-13 09:29:25,851 : EventManager : Event: ======'machine_var_audits_switches_s_left_outlane'====== Args={'value': 0, 'prev_value': None, 'change': True}
2024-05-13 09:29:25,851 : EventManager : Event: ======'machine_var_audits_switches_s_left_ramp'====== Args={'value': 0, 'prev_value': None, 'change': True}
2024-05-13 09:29:25,851 : EventManager : Event: ======'machine_var_audits_switches_s_left_sling'====== Args={'value': 5, 'prev_value': None, 'change': True}
2024-05-13 09:29:25,851 : EventManager : Event: ======'machine_var_audits_switches_s_mag_button'====== Args={'value': 0, 'prev_value': None, 'change': True}
2024-05-13 09:29:25,851 : EventManager : Event: ======'machine_var_audits_switches_s_pe_platter'====== Args={'value': 68, 'prev_value': None, 'change': True}
2024-05-13 09:29:25,851 : EventManager : Event: ======'machine_var_audits_switches_s_pop_bumper'====== Args={'value': 5, 'prev_value': None, 'change': True}
2024-05-13 09:29:25,851 : EventManager : Event: ======'machine_var_audits_switches_s_r_orbit'====== Args={'value': 3, 'prev_value': None, 'change': True}
2024-05-13 09:29:25,851 : EventManager : Event: ======'machine_var_audits_switches_s_r_outlane'====== Args={'value': 2, 'prev_value': None, 'change': True}
2024-05-13 09:29:25,851 : EventManager : Event: ======'machine_var_audits_switches_s_right_flipper'====== Args={'value': 16, 'prev_value': None, 'change': True}
2024-05-13 09:29:25,851 : EventManager : Event: ======'machine_var_audits_switches_s_right_loop'====== Args={'value': 18, 'prev_value': None, 'change': True}
2024-05-13 09:29:25,851 : EventManager : Event: ======'machine_var_audits_switches_s_right_ramp'====== Args={'value': 0, 'prev_value': None, 'change': True}
2024-05-13 09:29:25,851 : EventManager : Event: ======'machine_var_audits_switches_s_right_sling'====== Args={'value': 6, 'prev_value': None, 'change': True}
2024-05-13 09:29:25,851 : EventManager : Event: ======'machine_var_audits_switches_s_shooter_lane'====== Args={'value': 9, 'prev_value': None, 'change': True}
2024-05-13 09:29:25,851 : EventManager : Event: ======'machine_var_audits_switches_s_start'====== Args={'value': 0, 'prev_value': None, 'change': True}
2024-05-13 09:29:25,851 : EventManager : Event: ======'machine_var_audits_switches_s_t_bender'====== Args={'value': 2, 'prev_value': None, 'change': True}
2024-05-13 09:29:25,852 : EventManager : Event: ======'machine_var_audits_switches_s_t_fry'====== Args={'value': 1, 'prev_value': None, 'change': True}
2024-05-13 09:29:25,852 : EventManager : Event: ======'machine_var_audits_switches_s_t_leela'====== Args={'value': 6, 'prev_value': None, 'change': True}
2024-05-13 09:29:25,852 : EventManager : Event: ======'machine_var_audits_switches_s_trough1'====== Args={'value': 7, 'prev_value': None, 'change': True}
2024-05-13 09:29:25,852 : EventManager : Event: ======'machine_var_audits_switches_s_trough2'====== Args={'value': 5, 'prev_value': None, 'change': True}
2024-05-13 09:29:25,852 : EventManager : Event: ======'machine_var_audits_switches_s_trough3'====== Args={'value': 5, 'prev_value': None, 'change': True}
2024-05-13 09:29:25,863 : EventManager : Event: ======'machine_var_audits_switches_s_trough_jam'====== Args={'value': 7, 'prev_value': None, 'change': True}
2024-05-13 09:29:25,863 : EventManager : Event: ======'slides_play'====== Args={'settings': {'welcome_slide': {'target': None, 'background_color': [0.0, 0.0, 0.0, 1.0], 'priority': None, 'show': True, 'force': False, 'expire': None, 'slide': None, 'tokens': {}, 'action': 'play'}}, 'context': '_global', 'calling_context': 'init_done', 'priority': 0}
2024-05-13 09:29:25,863 : EventManager : Event: ======'mc_reset_phase_1'====== Args={}
2024-05-13 09:29:25,863 : mpfmc : SlidePlayer: Play called with settings={'welcome_slide': {'target': None, 'background_color': [0.0, 0.0, 0.0, 1.0], 'priority': None, 'show': True, 'force': False, 'expire': None, 'slide': None, 'tokens': {}, 'action': 'play'}}
2024-05-13 09:29:25,863 : EventManager : Event: ======'slide_welcome_slide_removed'====== Args={}
2024-05-13 09:29:25,867 : EventManager : Event: ======'slide_welcome_slide_created'====== Args={}
2024-05-13 09:29:25,867 : EventManager : Event: ======'mc_reset_phase_2'====== Args={}
2024-05-13 09:29:25,867 : EventManager : Event: ======'mc_reset_phase_3'====== Args={}
2024-05-13 09:29:25,867 : EventManager : Event: ======'mc_reset_complete'====== Args={}
2024-05-13 09:29:25,868 : EventManager : Event: ======'slide_welcome_slide_active'====== Args={}
2024-05-13 09:29:25,924 : EventManager : Event: ======'slides_play'====== Args={'settings': {'attract_started': {'target': None, 'background_color': [0.0, 0.0, 0.0, 1.0], 'priority': None, 'show': True, 'force': False, 'expire': None, 'slide': None, 'tokens': {}, 'action': 'play'}}, 'context': '_global', 'calling_context': 'mode_attract_started', 'priority': 0}
2024-05-13 09:29:25,925 : mpfmc : SlidePlayer: Play called with settings={'attract_started': {'target': None, 'background_color': [0.0, 0.0, 0.0, 1.0], 'priority': None, 'show': True, 'force': False, 'expire': None, 'slide': None, 'tokens': {}, 'action': 'play'}}
2024-05-13 09:29:25,927 : EventManager : Event: ======'slide_attract_started_created'====== Args={}
2024-05-13 09:29:25,927 : EventManager : Event: ======'slide_attract_started_active'====== Args={}
2024-05-13 09:30:38,012 : EventManager : Event: ======'game_started'====== Args={}
2024-05-13 09:30:38,024 : EventManager : Event: ======'player_added'====== Args={'player': <Player 1>, 'num': 1}
2024-05-13 09:30:38,024 : EventManager : Event: ======'player_index'====== Args={'value': 0, 'prev_value': 0, 'change': 0, 'player_num': 1}
2024-05-13 09:30:38,024 : EventManager : Event: ======'player_number'====== Args={'value': 1, 'prev_value': 1, 'change': 0, 'player_num': 1}
2024-05-13 09:30:38,024 : EventManager : Event: ======'player_score'====== Args={'value': 0, 'prev_value': 0, 'change': 0, 'player_num': 1}
2024-05-13 09:30:38,024 : EventManager : Event: ======'player_leela_level'====== Args={'value': 0, 'prev_value': 0, 'change': 0, 'player_num': 1}
2024-05-13 09:30:38,024 : EventManager : Event: ======'player_leela_xp'====== Args={'value': 0, 'prev_value': 0, 'change': 0, 'player_num': 1}
2024-05-13 09:30:38,024 : EventManager : Event: ======'player_leela_multiplier'====== Args={'value': 1, 'prev_value': 0, 'change': 1, 'player_num': 1}
2024-05-13 09:30:38,024 : EventManager : Event: ======'player_fry_level'====== Args={'value': 0, 'prev_value': 0, 'change': 0, 'player_num': 1}
2024-05-13 09:30:38,024 : EventManager : Event: ======'player_fry_xp'====== Args={'value': 0, 'prev_value': 0, 'change': 0, 'player_num': 1}
2024-05-13 09:30:38,024 : EventManager : Event: ======'player_fry_multiplier'====== Args={'value': 1, 'prev_value': 0, 'change': 1, 'player_num': 1}
2024-05-13 09:30:38,024 : EventManager : Event: ======'player_bender_level'====== Args={'value': 0, 'prev_value': 0, 'change': 0, 'player_num': 1}
2024-05-13 09:30:38,024 : EventManager : Event: ======'player_bender_xp'====== Args={'value': 0, 'prev_value': 0, 'change': 0, 'player_num': 1}
2024-05-13 09:30:38,025 : EventManager : Event: ======'player_bender_multiplier'====== Args={'value': 1, 'prev_value': 0, 'change': 1, 'player_num': 1}
2024-05-13 09:30:38,025 : EventManager : Event: ======'player_amy_level'====== Args={'value': 0, 'prev_value': 0, 'change': 0, 'player_num': 1}
2024-05-13 09:30:38,025 : EventManager : Event: ======'player_amy_xp'====== Args={'value': 0, 'prev_value': 0, 'change': 0, 'player_num': 1}
2024-05-13 09:30:38,025 : EventManager : Event: ======'player_amy_multiplier'====== Args={'value': 1, 'prev_value': 0, 'change': 1, 'player_num': 1}
2024-05-13 09:30:38,025 : EventManager : Event: ======'player_hermes_level'====== Args={'value': 0, 'prev_value': 0, 'change': 0, 'player_num': 1}
2024-05-13 09:30:38,036 : EventManager : Event: ======'player_hermes_xp'====== Args={'value': 0, 'prev_value': 0, 'change': 0, 'player_num': 1}
2024-05-13 09:30:38,036 : EventManager : Event: ======'player_hermes_multiplier'====== Args={'value': 1, 'prev_value': 0, 'change': 1, 'player_num': 1}
2024-05-13 09:30:38,036 : EventManager : Event: ======'player_zoidberg_level'====== Args={'value': 0, 'prev_value': 0, 'change': 0, 'player_num': 1}
2024-05-13 09:30:38,037 : EventManager : Event: ======'player_zoidberg_xp'====== Args={'value': 0, 'prev_value': 0, 'change': 0, 'player_num': 1}
2024-05-13 09:30:38,037 : EventManager : Event: ======'player_zoidberg_multiplier'====== Args={'value': 1, 'prev_value': 0, 'change': 1, 'player_num': 1}
2024-05-13 09:30:38,037 : EventManager : Event: ======'player_nibbler_level'====== Args={'value': 0, 'prev_value': 0, 'change': 0, 'player_num': 1}
2024-05-13 09:30:38,037 : EventManager : Event: ======'player_nibbler_xp'====== Args={'value': 0, 'prev_value': 0, 'change': 0, 'player_num': 1}
2024-05-13 09:30:38,037 : EventManager : Event: ======'player_nibbler_multiplier'====== Args={'value': 1, 'prev_value': 0, 'change': 1, 'player_num': 1}
2024-05-13 09:30:38,037 : EventManager : Event: ======'player_professor_level'====== Args={'value': 0, 'prev_value': 0, 'change': 0, 'player_num': 1}
2024-05-13 09:30:38,037 : EventManager : Event: ======'player_professor_xp'====== Args={'value': 0, 'prev_value': 0, 'change': 0, 'player_num': 1}
2024-05-13 09:30:38,037 : EventManager : Event: ======'player_professor_multiplier'====== Args={'value': 1, 'prev_value': 0, 'change': 1, 'player_num': 1}
2024-05-13 09:30:38,037 : EventManager : Event: ======'player_dark_matter'====== Args={'value': 1, 'prev_value': 0, 'change': 1, 'player_num': 1}
2024-05-13 09:30:38,037 : EventManager : Event: ======'player_crew_multiplier'====== Args={'value': 1, 'prev_value': 0, 'change': 1, 'player_num': 1}
2024-05-13 09:30:38,037 : EventManager : Event: ======'player_platter_long_counter'====== Args={'value': 1, 'prev_value': 0, 'change': 1, 'player_num': 1}
2024-05-13 09:30:38,037 : EventManager : Event: ======'player_platter_short_counter'====== Args={'value': 1, 'prev_value': 0, 'change': 1, 'player_num': 1}
2024-05-13 09:30:38,037 : EventManager : Event: ======'player_slurm_caps'====== Args={'value': 0, 'prev_value': 0, 'change': 0, 'player_num': 1}
2024-05-13 09:30:38,037 : EventManager : Event: ======'player_pop_bumper_hits'====== Args={'value': 1, 'prev_value': 0, 'change': 1, 'player_num': 1}
2024-05-13 09:30:38,037 : EventManager : Event: ======'player_fuel_level'====== Args={'value': 'empty_gauge', 'prev_value': 0, 'change': True, 'player_num': 1}
2024-05-13 09:30:38,037 : EventManager : Event: ======'player_hypnotoad_saves'====== Args={'value': 0, 'prev_value': 0, 'change': 0, 'player_num': 1}
2024-05-13 09:30:38,037 : EventManager : Event: ======'player_ball'====== Args={'value': 1, 'prev_value': 0, 'change': 1, 'player_num': 1}
2024-05-13 09:30:38,037 : EventManager : Event: ======'player_turn_start'====== Args={'number': 1, 'player': <Player 1>}
2024-05-13 09:30:38,052 : EventManager : Event: ======'player_platter_short_counter'====== Args={'value': 0, 'prev_value': 1, 'change': -1, 'player_num': 1}
2024-05-13 09:30:38,052 : EventManager : Event: ======'slides_play'====== Args={'settings': {'base_slide': {'target': None, 'background_color': [0.0, 0.0, 0.0, 1.0], 'priority': None, 'show': True, 'force': False, 'expire': None, 'slide': None, 'tokens': {}, 'action': 'play'}}, 'context': 'base', 'calling_context': 'mode_base_started', 'priority': 100, 'player': 1, 'ball': 1, 'balls_remaining': 2, 'is_extra_ball': False}
2024-05-13 09:30:38,052 : EventManager : Event: ======'sounds_play'====== Args={'settings': {'theme_full': {'action': 'play', 'priority': None, 'block': False, 'delay': None, 'track': None, 'volume': None, 'pan': None, 'loops': None, 'start_at': None, 'fade_in': None, 'fade_out': None, 'about_to_finish_time': -1.0, 'max_queue_time': -1.0, 'events_when_played': ['use_sound_setting'], 'events_when_stopped': ['use_sound_setting'], 'events_when_looping': ['use_sound_setting'], 'events_when_about_to_finish': ['use_sound_setting'], 'mode_end_action': 'use_sound_setting', 'key': 'use_sound_setting'}}, 'context': 'base', 'calling_context': 'mode_base_started', 'priority': 100, 'player': 1, 'ball': 1, 'balls_remaining': 2, 'is_extra_ball': False}
2024-05-13 09:30:38,052 : EventManager : Event: ======'widgets_play'====== Args={'settings': {'empty_gauge': {'slide': 'base_slide', 'priority': 0, 'action': 'add', 'key': None, 'target': None}}, 'context': 'base', 'calling_context': 'mode_base_started', 'priority': 100, 'player': 1, 'ball': 1, 'balls_remaining': 2, 'is_extra_ball': False}
2024-05-13 09:30:38,052 : mpfmc : SlidePlayer: Play called with settings={'base_slide': {'target': None, 'background_color': [0.0, 0.0, 0.0, 1.0], 'priority': None, 'show': True, 'force': False, 'expire': None, 'slide': None, 'tokens': {}, 'action': 'play'}}
2024-05-13 09:30:38,071 : EventManager : Event: ======'slide_base_slide_created'====== Args={}
2024-05-13 09:30:38,102 : EventManager : Event: ======'slide_base_slide_active'====== Args={}
2024-05-13 09:30:38,106 : EventManager : Event: ======'loading_assets'====== Args={'total': 1, 'loaded': 1, 'remaining': 0, 'percent': 100}
2024-05-13 09:30:38,106 : AssetManager : Asset loading took: 72.95466923713684
2024-05-13 09:30:38,106 : EventManager : Event: ======'asset_loading_complete'====== Args={}
2024-05-13 09:30:38,106 : AssetManager : Loading assets: 1/1 (100%)
2024-05-13 09:30:38,118 : EventManager : Event: ======'machine_var_audits_switches_s_trough_jam'====== Args={'value': 8, 'prev_value': 7, 'change': 1}
2024-05-13 09:30:38,130 : EventManager : Event: ======'machine_var_audits_switches_s_trough1'====== Args={'value': 8, 'prev_value': 7, 'change': 1}
2024-05-13 09:30:38,377 : EventManager : Event: ======'machine_var_audits_switches_s_shooter_lane'====== Args={'value': 10, 'prev_value': 9, 'change': 1}
2024-05-13 09:30:51,258 : EventManager : Event: ======'machine_var_audits_switches_s_cap3'====== Args={'value': 4, 'prev_value': 3, 'change': 1}
2024-05-13 09:30:51,258 : EventManager : Event: ======'player_score'====== Args={'value': 50, 'prev_value': 0, 'change': 50, 'player_num': 1}
2024-05-13 09:30:51,259 : EventManager : Event: ======'player_slurm_caps'====== Args={'value': 1, 'prev_value': 0, 'change': 1, 'player_num': 1}
2024-05-13 09:30:52,247 : EventManager : Event: ======'machine_var_audits_switches_s_left_flipper'====== Args={'value': 13, 'prev_value': 12, 'change': 1}
2024-05-13 09:30:54,939 : EventManager : Event: ======'machine_var_audits_switches_s_trough3'====== Args={'value': 6, 'prev_value': 5, 'change': 1}
2024-05-13 09:30:55,026 : EventManager : Event: ======'machine_var_audits_switches_s_trough2'====== Args={'value': 6, 'prev_value': 5, 'change': 1}
2024-05-13 09:30:55,075 : EventManager : Event: ======'machine_var_audits_switches_s_trough1'====== Args={'value': 9, 'prev_value': 8, 'change': 1}
2024-05-13 09:30:55,586 : mpfmc : Stopping...
2024-05-13 09:30:55,586 : EventManager : Event: ======'shutdown'====== Args={}
2024-05-13 09:30:55,586 : AudioInterface : Disabling audio playback
2024-05-13 09:30:55,621 : mpfmc : Loop rate 80.42 Hz
2024-05-13 09:30:55,622 : kivy : Base: Leaving application in progress...
2024-05-13 09:30:55,622 : mpfmc : Stopping...
2024-05-13 09:30:55,622 : EventManager : Event: ======'shutdown'====== Args={}
2024-05-13 09:30:55,622 : mpfmc : Loop rate 80.42 Hz
2024-05-13 09:30:55,622 : kivy : MC run loop ended.
2024-05-13 09:30:55,622 : kivy : Stopping child threads... (2 remaining)
2024-05-13 09:30:56,372 : MPF-MC BCP Server : Stopping BCP sending thread
2024-05-13 09:30:56,427 : kivy : All child threads stopped.
