2024-05-19 12:12:50,700 : INFO : root : Loading config.
2024-05-19 12:12:50,702 : INFO : YamlMultifileConfigLoader : Machine config file #1: config.yaml
2024-05-19 12:12:50,702 : INFO : ConfigProcessor : Loading config from cache: /tmp/1fb8672a7b1f574d2a68cc1fd7061d4e.mpf_cache
2024-05-19 12:12:50,728 : INFO : ConfigProcessor : Loading config from cache: /tmp/fe71e392613673d9d3357950779c7123.mpf_cache
2024-05-19 12:12:50,729 : INFO : ConfigProcessor : Loading config from cache: /tmp/7559345efe69122f4d6fb5f65214b482.mpf_cache
2024-05-19 12:12:50,729 : INFO : ConfigProcessor : Loading config from cache: /tmp/6a69c4465e21725e3f8685a4d3753cc4.mpf_cache
2024-05-19 12:12:50,729 : INFO : ConfigProcessor : Loading config from cache: /tmp/50e83c0050a4a566a69a14c571796e91.mpf_cache
2024-05-19 12:12:50,729 : INFO : ConfigProcessor : Loading config from cache: /tmp/e03e7c37e48607d19a80cfced003c39b.mpf_cache
2024-05-19 12:12:50,730 : INFO : ConfigProcessor : Loading config from cache: /tmp/951d792a2bc4483363ca8f0610ac0552.mpf_cache
2024-05-19 12:12:50,730 : INFO : ConfigProcessor : Loading config from cache: /tmp/bef5b941d62667d3683d1d5627db689f.mpf_cache
2024-05-19 12:12:50,730 : INFO : ConfigProcessor : Loading config from cache: /tmp/ee9aee9b7d367fedcc24d98326938135.mpf_cache
2024-05-19 12:12:50,730 : INFO : ConfigProcessor : Loading config from file /home/mpfuser/pinball/Futurama34/shows/./moon_delivery_intro_show.yaml.
2024-05-19 12:12:50,731 : INFO : ConfigProcessor : Loading config: /home/mpfuser/pinball/Futurama34/shows/./moon_delivery_intro_show.yaml
2024-05-19 12:12:50,731 : INFO : ConfigProcessor : Config file cache created: /tmp/402eafd352fad3269e441185f5b29865.mpf_cache
2024-05-19 12:12:50,731 : INFO : ConfigProcessor : Loading config from file /home/mpfuser/pinball/Futurama34/shows/./right_post_lock_show.yaml.
2024-05-19 12:12:50,735 : INFO : ConfigProcessor : Loading config: /home/mpfuser/pinball/Futurama34/shows/./right_post_lock_show.yaml
2024-05-19 12:12:50,735 : INFO : ConfigProcessor : Config file cache created: /tmp/86836c98c4783c9760f5f2c4553fe6fa.mpf_cache
2024-05-19 12:12:50,735 : INFO : ConfigProcessor : Loading config from file /home/mpfuser/pinball/Futurama34/shows/./bender_level_up_show.yaml.
2024-05-19 12:12:50,739 : INFO : ConfigProcessor : Loading config: /home/mpfuser/pinball/Futurama34/shows/./bender_level_up_show.yaml
2024-05-19 12:12:50,739 : INFO : ConfigProcessor : Config file cache created: /tmp/c3e478d404a2fe64015a60a388a1a284.mpf_cache
2024-05-19 12:12:50,739 : INFO : ConfigProcessor : Loading config from file /home/mpfuser/pinball/Futurama34/shows/./pe_platter_rotary_show.yaml.
2024-05-19 12:12:50,742 : INFO : ConfigProcessor : Loading config: /home/mpfuser/pinball/Futurama34/shows/./pe_platter_rotary_show.yaml
2024-05-19 12:12:50,742 : INFO : ConfigProcessor : Config file cache created: /tmp/c47e6174fc3c00c0eaaf586b3220bf04.mpf_cache
2024-05-19 12:12:50,742 : INFO : ConfigProcessor : Loading config from file /home/mpfuser/pinball/Futurama34/shows/./attract_show.yaml.
2024-05-19 12:12:50,755 : INFO : ConfigProcessor : Loading config: /home/mpfuser/pinball/Futurama34/shows/./attract_show.yaml
2024-05-19 12:12:50,755 : INFO : ConfigProcessor : Config file cache created: /tmp/6d235cc25b27dc28cd3523766f817d81.mpf_cache
2024-05-19 12:12:50,755 : INFO : ConfigProcessor : Loading config from file /home/mpfuser/pinball/Futurama34/shows/./shoot_the_ball_show.yaml.
2024-05-19 12:12:50,756 : INFO : ConfigProcessor : Loading config: /home/mpfuser/pinball/Futurama34/shows/./shoot_the_ball_show.yaml
2024-05-19 12:12:50,756 : INFO : ConfigProcessor : Config file cache created: /tmp/4672cf996ad6aac44cea2925a22a9fbf.mpf_cache
2024-05-19 12:12:50,757 : INFO : ConfigProcessor : Loading config from file /home/mpfuser/pinball/Futurama34/shows/./lrrr_pulse_show.yaml.
2024-05-19 12:12:50,758 : INFO : ConfigProcessor : Loading config: /home/mpfuser/pinball/Futurama34/shows/./lrrr_pulse_show.yaml
2024-05-19 12:12:50,758 : INFO : ConfigProcessor : Config file cache created: /tmp/120ee016af294cf230aa86f0167a8cac.mpf_cache
2024-05-19 12:12:50,758 : INFO : ConfigProcessor : Loading config from file /home/mpfuser/pinball/Futurama34/shows/./synced_bells_attract_show.yaml.
