2024-04-23 20:42:11,292 : kivy : Factory: 186 symbols loaded
2024-04-23 20:42:11,364 : kivy : ImageLoaderFFPy: Using ffpyplayer 4.3.2
2024-04-23 20:42:11,365 : kivy : Image: Providers: img_tex, img_dds, img_sdl2, img_pil, img_ffpyplayer 
2024-04-23 20:42:11,379 : kivy : VideoFFPy: Using ffpyplayer 4.3.2
2024-04-23 20:42:11,379 : kivy : Video: Provider: ffpyplayer(['video_ffmpeg'] ignored)
2024-04-23 20:42:11,490 : kivy : Loading MPF-MC controller
2024-04-23 20:42:11,492 : YamlMultifileConfigLoader : Machine config file #1: config
2024-04-23 20:42:11,493 : ConfigProcessor : Config file in cache changed: /home/mpfuser/pinball/Futurama31/config/config
2024-04-23 20:42:11,493 : ConfigProcessor : Loading config from file /usr/local/lib/python3.7/dist-packages/mpfmc/mcconfig.yaml.
2024-04-23 20:42:11,527 : ConfigProcessor : Loading config: /usr/local/lib/python3.7/dist-packages/mpfmc/mcconfig.yaml
2024-04-23 20:42:11,528 : ConfigProcessor : Loading config from file /home/mpfuser/pinball/Futurama31/config/config.
2024-04-23 20:42:11,712 : ConfigProcessor : Loading config: /home/mpfuser/pinball/Futurama31/config/config
2024-04-23 20:42:11,714 : ConfigProcessor : Config file cache created: /tmp/46546096848bc82382f7230b5065944c.mpf_cache
2024-04-23 20:42:11,714 : ConfigProcessor : Loading config from cache: /tmp/0488c24d6cb11f71168a087186f8afaf.mpf_cache
2024-04-23 20:42:11,714 : ConfigProcessor : Loading config from cache: /tmp/7559345efe69122f4d6fb5f65214b482.mpf_cache
2024-04-23 20:42:11,714 : ConfigProcessor : Loading config from cache: /tmp/ea6b25128768fa7bfd9e42011d34475f.mpf_cache
2024-04-23 20:42:11,715 : ConfigProcessor : Loading config from cache: /tmp/fecad1d527faf1d03547df1920e5db10.mpf_cache
2024-04-23 20:42:11,715 : mpfmc : Mission Pinball Framework Media Controller v0.55.0
2024-04-23 20:42:11,715 : mpfmc : Mission Pinball Framework Game Engine v0.55.0
2024-04-23 20:42:11,715 : mpfmc : Machine path: /home/mpfuser/pinball/Futurama31
2024-04-23 20:42:11,715 : mpfmc : Starting clock at 60.0Hz
2024-04-23 20:42:11,720 : kivy : Text: Provider: sdl2
2024-04-23 20:42:11,739 : kivy : Window: Provider: sdl2
2024-04-23 20:42:11,803 : kivy : GL: Using the "OpenGL" graphics system
2024-04-23 20:42:11,803 : kivy : GL: Backend used <sdl2>
2024-04-23 20:42:11,804 : kivy : GL: OpenGL version <b'3.0 Mesa 18.3.6'>
2024-04-23 20:42:11,804 : kivy : GL: OpenGL vendor <b'Intel Open Source Technology Center'>
2024-04-23 20:42:11,804 : kivy : GL: OpenGL renderer <b'Mesa DRI Intel(R) UHD Graphics 610 (Coffeelake 2x6 GT1) '>
2024-04-23 20:42:11,804 : kivy : GL: OpenGL parsed version: 3, 0
2024-04-23 20:42:11,804 : kivy : GL: Shading version <b'1.30'>
2024-04-23 20:42:11,804 : kivy : GL: Texture max size <16384>
2024-04-23 20:42:11,804 : kivy : GL: Texture max units <32>
2024-04-23 20:42:11,823 : kivy : Window: auto add sdl2 input provider
2024-04-23 20:42:11,824 : kivy : Window: virtual keyboard not allowed, single mode, not docked
2024-04-23 20:42:11,828 : AudioInterface : NOTE: You may experience noise and other undesirable sound artifacts when you set your buffer at 1024 or smaller.
2024-04-23 20:42:12,082 : AudioInterface : Initialized
2024-04-23 20:42:12,082 : AudioInterface : Loaded SDL 2.0.9
2024-04-23 20:42:12,082 : AudioInterface : Loaded SDL_Mixer 2.0.4
2024-04-23 20:42:12,082 : AudioInterface : Loaded GStreamer 1.14.4.0
2024-04-23 20:42:12,082 : AudioInterface : Loaded GLib 2.58.3
2024-04-23 20:42:12,082 : AudioInterface : Settings requested - rate: 44100, channels: 1, buffer: 1024 samples
2024-04-23 20:42:12,082 : AudioInterface : Settings in use - rate: 44100, channels: 1, buffer: 1024 samples (2048 bytes @ 2 bytes per sample)
2024-04-23 20:42:12,082 : SoundSystem : Setting master volume to 0.0
2024-04-23 20:42:12,082 : SoundSystem : master_volume in sound_system is deprecated and will be removed in the future.
2024-04-23 20:42:12,082 : AudioInterface : Enabling audio playback
2024-04-23 20:42:12,091 : kivy : Base: Start application main loop
2024-04-23 20:42:12,092 : EventManager : Event: ======'display_window_initialized'====== Args={}
2024-04-23 20:42:12,104 : mpfmc : Display: Setting 'window' as default display
2024-04-23 20:42:12,111 : mpfmc : ASPECT RATIO MISMATCH: The on-screen window is not the same aspect ratio as the display called 'window'. The logical display will be scaled from 1920x1080 to the window size 800x600, and a black bar will make up the difference
2024-04-23 20:42:12,112 : EventManager : Event: ======'displays_initialized'====== Args={}
2024-04-23 20:42:12,113 : EventManager : Event: ======'slide_window_blank_created'====== Args={}
2024-04-23 20:42:12,113 : EventManager : Event: ======'display_window_ready'====== Args={}
2024-04-23 20:42:12,117 : EventManager : Event: ======'init_phase_1'====== Args={}
2024-04-23 20:42:12,124 : EventManager : Event: ======'mc_ready'====== Args={}
2024-04-23 20:42:12,124 : EventManager : Event: ======'init_phase_2'====== Args={}
2024-04-23 20:42:12,130 : EventManager : Event: ======'init_phase_3'====== Args={}
2024-04-23 20:42:12,136 : EventManager : Event: ======'init_phase_4'====== Args={}
2024-04-23 20:42:12,136 : EventManager : Event: ======'init_phase_5'====== Args={}
2024-04-23 20:42:12,189 : kivy : GL: NPOT texture support is available
2024-04-23 20:42:12,260 : EventManager : Event: ======'loading_assets'====== Args={'total': 13, 'loaded': 1, 'remaining': 12, 'percent': 8}
2024-04-23 20:42:12,260 : AssetManager : Loading assets: 1/13 (8%)
2024-04-23 20:42:12,652 : EventManager : Event: ======'loading_assets'====== Args={'total': 13, 'loaded': 13, 'remaining': 0, 'percent': 100}
2024-04-23 20:42:12,652 : AssetManager : Asset loading took: 0.5697765350341797
2024-04-23 20:42:12,653 : EventManager : Event: ======'asset_loading_complete'====== Args={}
2024-04-23 20:42:12,653 : AssetManager : Loading assets: 13/13 (100%)
2024-04-23 20:42:12,653 : EventManager : Event: ======'init_done'====== Args={}
2024-04-23 20:42:12,653 : MPF-MC BCP Server : Starting up on localhost port 5050
2024-04-23 20:42:12,654 : MPF-MC BCP Server : Waiting for a connection...
2024-04-23 20:42:12,654 : mpfmc : SlidePlayer: Play called with settings={'slides': {welcome_slide-None-None: {'priority': None, 'target': None, 'background_color': [0.0, 0.0, 0.0, 1.0], 'show': True, 'force': False, 'expire': None, 'slide': None, 'tokens': {}, 'action': 'play', 'transition': None, 'transition_out': None}}}
2024-04-23 20:42:12,661 : EventManager : Event: ======'slide_welcome_slide_created'====== Args={}
2024-04-23 20:42:12,662 : EventManager : Event: ======'slide_welcome_slide_active'====== Args={}
2024-04-23 20:42:12,665 : EventManager : Event: ======'client_disconnected'====== Args={'host': '127.0.0.1', 'port': 5050}
2024-04-23 20:42:12,727 : MPF-MC BCP Server : Received connection from: 127.0.0.1:33558
2024-04-23 20:42:12,728 : EventManager : Event: ======'client_connected'====== Args={'host': '127.0.0.1', 'port': 33558}
2024-04-23 20:42:12,740 : EventManager : Event: ======'machine_var_p_roc_version'====== Args={'value': 2, 'prev_value': None, 'change': True}
2024-04-23 20:42:12,740 : EventManager : Event: ======'machine_var_p_roc_revision'====== Args={'value': 14, 'prev_value': None, 'change': True}
2024-04-23 20:42:12,740 : EventManager : Event: ======'machine_var_p_roc_hardware_version'====== Args={'value': 1, 'prev_value': None, 'change': True}
2024-04-23 20:42:12,740 : EventManager : Event: ======'machine_var_credits_string'====== Args={'value': 'FREE PLAY', 'prev_value': None, 'change': True}
2024-04-23 20:42:12,740 : EventManager : Event: ======'machine_var_master_volume'====== Args={'value': 0.9, 'prev_value': None, 'change': True}
2024-04-23 20:42:12,741 : EventManager : Event: ======'machine_var_player1_score'====== Args={'value': 3376, 'prev_value': None, 'change': True}
2024-04-23 20:42:12,741 : EventManager : Event: ======'machine_var_mpf_version'====== Args={'value': 'MPF v0.55.0', 'prev_value': None, 'change': True}
2024-04-23 20:42:12,741 : EventManager : Event: ======'machine_var_mpf_extended_version'====== Args={'value': 'MPF v0.55.0, Config version:5, Show version: 5, BCP version:1.1', 'prev_value': None, 'change': True}
2024-04-23 20:42:12,741 : EventManager : Event: ======'machine_var_python_version'====== Args={'value': '3.7.3', 'prev_value': None, 'change': True}
2024-04-23 20:42:12,741 : EventManager : Event: ======'machine_var_platform'====== Args={'value': 'Linux-4.19.0-20-amd64-x86_64-with-debian-10.12', 'prev_value': None, 'change': True}
2024-04-23 20:42:12,741 : EventManager : Event: ======'machine_var_platform_system'====== Args={'value': 'Linux', 'prev_value': None, 'change': True}
2024-04-23 20:42:12,741 : EventManager : Event: ======'machine_var_platform_release'====== Args={'value': '4.19.0-20-amd64', 'prev_value': None, 'change': True}
2024-04-23 20:42:12,741 : EventManager : Event: ======'machine_var_platform_version'====== Args={'value': '#1 SMP Debian 4.19.235-1 (2022-03-17)', 'prev_value': None, 'change': True}
2024-04-23 20:42:12,741 : EventManager : Event: ======'machine_var_platform_machine'====== Args={'value': 'x86_64', 'prev_value': None, 'change': True}
2024-04-23 20:42:12,741 : EventManager : Event: ======'machine_var_mc_version'====== Args={'value': 'MPF-MC v0.55.0', 'prev_value': None, 'change': True}
2024-04-23 20:42:12,741 : EventManager : Event: ======'machine_var_mc_extended_version'====== Args={'value': 'MPF-MC v0.55.0 (config_version=5, BCP v1.1, Requires MPF v0.55.0-dev.49)', 'prev_value': None, 'change': True}
2024-04-23 20:42:12,741 : SoundSystem : Setting master volume to 0.9
2024-04-23 20:42:12,777 : EventManager : Event: ======'machine_var_audits_events_game_ended'====== Args={'value': 0, 'prev_value': None, 'change': True}
2024-04-23 20:42:12,778 : EventManager : Event: ======'machine_var_audits_events_game_started'====== Args={'value': 0, 'prev_value': None, 'change': True}
2024-04-23 20:42:12,778 : EventManager : Event: ======'machine_var_audits_player_score'====== Args={'value': {'average': 3376.0, 'top': [3376], 'total': 1}, 'prev_value': None, 'change': True}
2024-04-23 20:42:12,778 : EventManager : Event: ======'machine_var_audits_switches_s_VUK'====== Args={'value': 0, 'prev_value': None, 'change': True}
2024-04-23 20:42:12,790 : EventManager : Event: ======'machine_var_audits_switches_s_cap1'====== Args={'value': 3, 'prev_value': None, 'change': True}
2024-04-23 20:42:12,790 : EventManager : Event: ======'machine_var_audits_switches_s_cap2'====== Args={'value': 1, 'prev_value': None, 'change': True}
2024-04-23 20:42:12,790 : EventManager : Event: ======'machine_var_audits_switches_s_cap3'====== Args={'value': 2, 'prev_value': None, 'change': True}
2024-04-23 20:42:12,790 : EventManager : Event: ======'machine_var_audits_switches_s_cap4'====== Args={'value': 0, 'prev_value': None, 'change': True}
2024-04-23 20:42:12,790 : EventManager : Event: ======'machine_var_audits_switches_s_dt_amy'====== Args={'value': 1, 'prev_value': None, 'change': True}
2024-04-23 20:42:12,790 : EventManager : Event: ======'machine_var_audits_switches_s_dt_hermes'====== Args={'value': 3, 'prev_value': None, 'change': True}
2024-04-23 20:42:12,790 : EventManager : Event: ======'machine_var_audits_switches_s_dt_nibbler'====== Args={'value': 0, 'prev_value': None, 'change': True}
2024-04-23 20:42:12,790 : EventManager : Event: ======'machine_var_audits_switches_s_dt_professor'====== Args={'value': 0, 'prev_value': None, 'change': True}
2024-04-23 20:42:12,790 : EventManager : Event: ======'machine_var_audits_switches_s_dt_zoidberg'====== Args={'value': 1, 'prev_value': None, 'change': True}
2024-04-23 20:42:12,790 : EventManager : Event: ======'machine_var_audits_switches_s_hedonism_bot'====== Args={'value': 0, 'prev_value': None, 'change': True}
2024-04-23 20:42:12,790 : EventManager : Event: ======'machine_var_audits_switches_s_left_flipper'====== Args={'value': 12, 'prev_value': None, 'change': True}
2024-04-23 20:42:12,791 : EventManager : Event: ======'machine_var_audits_switches_s_left_inlane'====== Args={'value': 1, 'prev_value': None, 'change': True}
2024-04-23 20:42:12,791 : EventManager : Event: ======'machine_var_audits_switches_s_left_loop'====== Args={'value': 19, 'prev_value': None, 'change': True}
2024-04-23 20:42:12,791 : EventManager : Event: ======'machine_var_audits_switches_s_left_outlane'====== Args={'value': 0, 'prev_value': None, 'change': True}
2024-04-23 20:42:12,791 : EventManager : Event: ======'machine_var_audits_switches_s_left_ramp'====== Args={'value': 0, 'prev_value': None, 'change': True}
2024-04-23 20:42:12,791 : EventManager : Event: ======'machine_var_audits_switches_s_left_sling'====== Args={'value': 5, 'prev_value': None, 'change': True}
2024-04-23 20:42:12,791 : EventManager : Event: ======'machine_var_audits_switches_s_mag_button'====== Args={'value': 0, 'prev_value': None, 'change': True}
2024-04-23 20:42:12,791 : EventManager : Event: ======'machine_var_audits_switches_s_pe_platter'====== Args={'value': 60, 'prev_value': None, 'change': True}
2024-04-23 20:42:12,791 : EventManager : Event: ======'machine_var_audits_switches_s_pop_bumper'====== Args={'value': 4, 'prev_value': None, 'change': True}
2024-04-23 20:42:12,791 : EventManager : Event: ======'machine_var_audits_switches_s_r_orbit'====== Args={'value': 3, 'prev_value': None, 'change': True}
2024-04-23 20:42:12,791 : EventManager : Event: ======'machine_var_audits_switches_s_r_outlane'====== Args={'value': 2, 'prev_value': None, 'change': True}
2024-04-23 20:42:12,791 : EventManager : Event: ======'machine_var_audits_switches_s_right_flipper'====== Args={'value': 16, 'prev_value': None, 'change': True}
2024-04-23 20:42:12,791 : EventManager : Event: ======'machine_var_audits_switches_s_right_loop'====== Args={'value': 15, 'prev_value': None, 'change': True}
2024-04-23 20:42:12,791 : EventManager : Event: ======'machine_var_audits_switches_s_right_ramp'====== Args={'value': 0, 'prev_value': None, 'change': True}
2024-04-23 20:42:12,791 : EventManager : Event: ======'machine_var_audits_switches_s_right_sling'====== Args={'value': 6, 'prev_value': None, 'change': True}
2024-04-23 20:42:12,792 : EventManager : Event: ======'machine_var_audits_switches_s_shooter_lane'====== Args={'value': 7, 'prev_value': None, 'change': True}
2024-04-23 20:42:12,792 : EventManager : Event: ======'machine_var_audits_switches_s_start'====== Args={'value': 0, 'prev_value': None, 'change': True}
2024-04-23 20:42:12,792 : EventManager : Event: ======'machine_var_audits_switches_s_t_bender'====== Args={'value': 1, 'prev_value': None, 'change': True}
2024-04-23 20:42:12,792 : EventManager : Event: ======'machine_var_audits_switches_s_t_fry'====== Args={'value': 1, 'prev_value': None, 'change': True}
2024-04-23 20:42:12,792 : EventManager : Event: ======'machine_var_audits_switches_s_t_leela'====== Args={'value': 6, 'prev_value': None, 'change': True}
2024-04-23 20:42:12,792 : EventManager : Event: ======'machine_var_audits_switches_s_trough1'====== Args={'value': 5, 'prev_value': None, 'change': True}
2024-04-23 20:42:12,792 : EventManager : Event: ======'machine_var_audits_switches_s_trough2'====== Args={'value': 4, 'prev_value': None, 'change': True}
2024-04-23 20:42:12,792 : EventManager : Event: ======'machine_var_audits_switches_s_trough3'====== Args={'value': 4, 'prev_value': None, 'change': True}
2024-04-23 20:42:12,802 : EventManager : Event: ======'machine_var_audits_switches_s_trough_jam'====== Args={'value': 5, 'prev_value': None, 'change': True}
2024-04-23 20:42:12,802 : EventManager : Event: ======'slides_play'====== Args={'settings': {'welcome_slide': {'target': None, 'background_color': [0.0, 0.0, 0.0, 1.0], 'priority': None, 'show': True, 'force': False, 'expire': None, 'slide': None, 'tokens': {}, 'action': 'play'}}, 'context': '_global', 'calling_context': 'init_done', 'priority': 0}
2024-04-23 20:42:12,802 : EventManager : Event: ======'mc_reset_phase_1'====== Args={}
2024-04-23 20:42:12,802 : mpfmc : SlidePlayer: Play called with settings={'welcome_slide': {'target': None, 'background_color': [0.0, 0.0, 0.0, 1.0], 'priority': None, 'show': True, 'force': False, 'expire': None, 'slide': None, 'tokens': {}, 'action': 'play'}}
2024-04-23 20:42:12,803 : EventManager : Event: ======'slide_welcome_slide_removed'====== Args={}
2024-04-23 20:42:12,806 : EventManager : Event: ======'slide_welcome_slide_created'====== Args={}
2024-04-23 20:42:12,807 : EventManager : Event: ======'mc_reset_phase_2'====== Args={}
2024-04-23 20:42:12,807 : EventManager : Event: ======'mc_reset_phase_3'====== Args={}
2024-04-23 20:42:12,807 : EventManager : Event: ======'mc_reset_complete'====== Args={}
2024-04-23 20:42:12,807 : EventManager : Event: ======'slide_welcome_slide_active'====== Args={}
2024-04-23 20:42:12,864 : EventManager : Event: ======'slides_play'====== Args={'settings': {'attract_started': {'target': None, 'background_color': [0.0, 0.0, 0.0, 1.0], 'priority': None, 'show': True, 'force': False, 'expire': None, 'slide': None, 'tokens': {}, 'action': 'play'}}, 'context': '_global', 'calling_context': 'mode_attract_started', 'priority': 0}
2024-04-23 20:42:12,864 : mpfmc : SlidePlayer: Play called with settings={'attract_started': {'target': None, 'background_color': [0.0, 0.0, 0.0, 1.0], 'priority': None, 'show': True, 'force': False, 'expire': None, 'slide': None, 'tokens': {}, 'action': 'play'}}
2024-04-23 20:42:12,865 : EventManager : Event: ======'slide_attract_started_created'====== Args={}
2024-04-23 20:42:12,866 : EventManager : Event: ======'slide_attract_started_active'====== Args={}
2024-04-23 20:42:44,845 : EventManager : Event: ======'game_started'====== Args={}
2024-04-23 20:42:44,845 : EventManager : Event: ======'player_added'====== Args={'player': <Player 1>, 'num': 1}
2024-04-23 20:42:44,846 : EventManager : Event: ======'player_index'====== Args={'value': 0, 'prev_value': 0, 'change': 0, 'player_num': 1}
2024-04-23 20:42:44,846 : EventManager : Event: ======'player_number'====== Args={'value': 1, 'prev_value': 1, 'change': 0, 'player_num': 1}
2024-04-23 20:42:44,846 : EventManager : Event: ======'player_score'====== Args={'value': 0, 'prev_value': 0, 'change': 0, 'player_num': 1}
2024-04-23 20:42:44,846 : EventManager : Event: ======'player_leela_level'====== Args={'value': 0, 'prev_value': 0, 'change': 0, 'player_num': 1}
2024-04-23 20:42:44,846 : EventManager : Event: ======'player_leela_xp'====== Args={'value': 0, 'prev_value': 0, 'change': 0, 'player_num': 1}
2024-04-23 20:42:44,846 : EventManager : Event: ======'player_leela_multiplier'====== Args={'value': 1, 'prev_value': 0, 'change': 1, 'player_num': 1}
2024-04-23 20:42:44,846 : EventManager : Event: ======'player_fry_level'====== Args={'value': 0, 'prev_value': 0, 'change': 0, 'player_num': 1}
2024-04-23 20:42:44,846 : EventManager : Event: ======'player_fry_xp'====== Args={'value': 0, 'prev_value': 0, 'change': 0, 'player_num': 1}
2024-04-23 20:42:44,846 : EventManager : Event: ======'player_fry_multiplier'====== Args={'value': 1, 'prev_value': 0, 'change': 1, 'player_num': 1}
2024-04-23 20:42:44,846 : EventManager : Event: ======'player_bender_level'====== Args={'value': 0, 'prev_value': 0, 'change': 0, 'player_num': 1}
2024-04-23 20:42:44,846 : EventManager : Event: ======'player_bender_xp'====== Args={'value': 0, 'prev_value': 0, 'change': 0, 'player_num': 1}
2024-04-23 20:42:44,846 : EventManager : Event: ======'player_bender_multiplier'====== Args={'value': 1, 'prev_value': 0, 'change': 1, 'player_num': 1}
2024-04-23 20:42:44,846 : EventManager : Event: ======'player_amy_level'====== Args={'value': 0, 'prev_value': 0, 'change': 0, 'player_num': 1}
2024-04-23 20:42:44,846 : EventManager : Event: ======'player_amy_xp'====== Args={'value': 0, 'prev_value': 0, 'change': 0, 'player_num': 1}
2024-04-23 20:42:44,846 : EventManager : Event: ======'player_amy_multiplier'====== Args={'value': 1, 'prev_value': 0, 'change': 1, 'player_num': 1}
2024-04-23 20:42:44,846 : EventManager : Event: ======'player_hermes_level'====== Args={'value': 0, 'prev_value': 0, 'change': 0, 'player_num': 1}
2024-04-23 20:42:44,847 : EventManager : Event: ======'player_hermes_xp'====== Args={'value': 0, 'prev_value': 0, 'change': 0, 'player_num': 1}
2024-04-23 20:42:44,847 : EventManager : Event: ======'player_hermes_multiplier'====== Args={'value': 1, 'prev_value': 0, 'change': 1, 'player_num': 1}
2024-04-23 20:42:44,847 : EventManager : Event: ======'player_zoidberg_level'====== Args={'value': 0, 'prev_value': 0, 'change': 0, 'player_num': 1}
2024-04-23 20:42:44,847 : EventManager : Event: ======'player_zoidberg_xp'====== Args={'value': 0, 'prev_value': 0, 'change': 0, 'player_num': 1}
2024-04-23 20:42:44,847 : EventManager : Event: ======'player_zoidberg_multiplier'====== Args={'value': 1, 'prev_value': 0, 'change': 1, 'player_num': 1}
2024-04-23 20:42:44,847 : EventManager : Event: ======'player_nibbler_level'====== Args={'value': 0, 'prev_value': 0, 'change': 0, 'player_num': 1}
2024-04-23 20:42:44,847 : EventManager : Event: ======'player_nibbler_xp'====== Args={'value': 0, 'prev_value': 0, 'change': 0, 'player_num': 1}
2024-04-23 20:42:44,847 : EventManager : Event: ======'player_nibbler_multiplier'====== Args={'value': 1, 'prev_value': 0, 'change': 1, 'player_num': 1}
2024-04-23 20:42:44,847 : EventManager : Event: ======'player_professor_level'====== Args={'value': 0, 'prev_value': 0, 'change': 0, 'player_num': 1}
2024-04-23 20:42:44,847 : EventManager : Event: ======'player_professor_xp'====== Args={'value': 0, 'prev_value': 0, 'change': 0, 'player_num': 1}
2024-04-23 20:42:44,848 : EventManager : Event: ======'player_professor_multiplier'====== Args={'value': 1, 'prev_value': 0, 'change': 1, 'player_num': 1}
2024-04-23 20:42:44,848 : EventManager : Event: ======'player_dark_matter'====== Args={'value': 1, 'prev_value': 0, 'change': 1, 'player_num': 1}
2024-04-23 20:42:44,848 : EventManager : Event: ======'player_crew_multiplier'====== Args={'value': 1, 'prev_value': 0, 'change': 1, 'player_num': 1}
2024-04-23 20:42:44,848 : EventManager : Event: ======'player_platter_long_counter'====== Args={'value': 1, 'prev_value': 0, 'change': 1, 'player_num': 1}
2024-04-23 20:42:44,848 : EventManager : Event: ======'player_platter_short_counter'====== Args={'value': 1, 'prev_value': 0, 'change': 1, 'player_num': 1}
2024-04-23 20:42:44,848 : EventManager : Event: ======'player_slurm_caps'====== Args={'value': 0, 'prev_value': 0, 'change': 0, 'player_num': 1}
2024-04-23 20:42:44,848 : EventManager : Event: ======'player_pop_bumper_hits'====== Args={'value': 1, 'prev_value': 0, 'change': 1, 'player_num': 1}
2024-04-23 20:42:44,848 : EventManager : Event: ======'player_fuel_level'====== Args={'value': 'empty_gauge', 'prev_value': 0, 'change': True, 'player_num': 1}
2024-04-23 20:42:44,848 : EventManager : Event: ======'player_hypnotoad_saves'====== Args={'value': 0, 'prev_value': 0, 'change': 0, 'player_num': 1}
2024-04-23 20:42:44,882 : EventManager : Event: ======'player_ball'====== Args={'value': 1, 'prev_value': 0, 'change': 1, 'player_num': 1}
2024-04-23 20:42:44,882 : EventManager : Event: ======'player_turn_start'====== Args={'number': 1, 'player': <Player 1>}
2024-04-23 20:42:44,896 : EventManager : Event: ======'player_platter_short_counter'====== Args={'value': 0, 'prev_value': 1, 'change': -1, 'player_num': 1}
2024-04-23 20:42:44,896 : EventManager : Event: ======'slides_play'====== Args={'settings': {'base_slide': {'target': None, 'background_color': [0.0, 0.0, 0.0, 1.0], 'priority': None, 'show': True, 'force': False, 'expire': None, 'slide': None, 'tokens': {}, 'action': 'play'}}, 'context': 'base', 'calling_context': 'mode_base_started', 'priority': 100, 'player': 1, 'ball': 1, 'balls_remaining': 2, 'is_extra_ball': False}
2024-04-23 20:42:44,897 : EventManager : Event: ======'sounds_play'====== Args={'settings': {'theme_full': {'action': 'play', 'priority': None, 'block': False, 'delay': None, 'track': None, 'volume': None, 'pan': None, 'loops': None, 'start_at': None, 'fade_in': None, 'fade_out': None, 'about_to_finish_time': -1.0, 'max_queue_time': -1.0, 'events_when_played': ['use_sound_setting'], 'events_when_stopped': ['use_sound_setting'], 'events_when_looping': ['use_sound_setting'], 'events_when_about_to_finish': ['use_sound_setting'], 'mode_end_action': 'use_sound_setting', 'key': 'use_sound_setting'}}, 'context': 'base', 'calling_context': 'mode_base_started', 'priority': 100, 'player': 1, 'ball': 1, 'balls_remaining': 2, 'is_extra_ball': False}
2024-04-23 20:42:44,897 : EventManager : Event: ======'widgets_play'====== Args={'settings': {'empty_gauge': {'slide': 'base_slide', 'priority': 0, 'action': 'add', 'key': None, 'target': None}}, 'context': 'base', 'calling_context': 'mode_base_started', 'priority': 100, 'player': 1, 'ball': 1, 'balls_remaining': 2, 'is_extra_ball': False}
2024-04-23 20:42:44,897 : mpfmc : SlidePlayer: Play called with settings={'base_slide': {'target': None, 'background_color': [0.0, 0.0, 0.0, 1.0], 'priority': None, 'show': True, 'force': False, 'expire': None, 'slide': None, 'tokens': {}, 'action': 'play'}}
2024-04-23 20:42:44,916 : EventManager : Event: ======'slide_base_slide_created'====== Args={}
2024-04-23 20:42:44,950 : EventManager : Event: ======'slide_base_slide_active'====== Args={}
2024-04-23 20:42:44,953 : EventManager : Event: ======'machine_var_audits_switches_s_trough_jam'====== Args={'value': 6, 'prev_value': 5, 'change': 1}
2024-04-23 20:42:44,953 : EventManager : Event: ======'machine_var_audits_switches_s_trough1'====== Args={'value': 6, 'prev_value': 5, 'change': 1}
2024-04-23 20:42:44,953 : EventManager : Event: ======'loading_assets'====== Args={'total': 1, 'loaded': 1, 'remaining': 0, 'percent': 100}
2024-04-23 20:42:44,953 : AssetManager : Asset loading took: 32.87062644958496
2024-04-23 20:42:44,953 : EventManager : Event: ======'asset_loading_complete'====== Args={}
2024-04-23 20:42:44,953 : AssetManager : Loading assets: 1/1 (100%)
2024-04-23 20:42:45,212 : EventManager : Event: ======'machine_var_audits_switches_s_shooter_lane'====== Args={'value': 8, 'prev_value': 7, 'change': 1}
2024-04-23 20:42:48,462 : EventManager : Event: ======'machine_var_audits_switches_s_cap3'====== Args={'value': 3, 'prev_value': 2, 'change': 1}
2024-04-23 20:42:48,463 : EventManager : Event: ======'player_score'====== Args={'value': 50, 'prev_value': 0, 'change': 50, 'player_num': 1}
2024-04-23 20:42:48,474 : EventManager : Event: ======'player_slurm_caps'====== Args={'value': 1, 'prev_value': 0, 'change': 1, 'player_num': 1}
2024-04-23 20:42:50,352 : EventManager : Event: ======'machine_var_audits_switches_s_trough3'====== Args={'value': 5, 'prev_value': 4, 'change': 1}
2024-04-23 20:42:50,439 : EventManager : Event: ======'machine_var_audits_switches_s_trough2'====== Args={'value': 5, 'prev_value': 4, 'change': 1}
2024-04-23 20:42:50,500 : EventManager : Event: ======'machine_var_audits_switches_s_trough1'====== Args={'value': 7, 'prev_value': 6, 'change': 1}
2024-04-23 20:42:50,994 : EventManager : Event: ======'sounds_play'====== Args={'settings': {'ball_save_sounds': {'action': 'play', 'priority': None, 'block': False, 'delay': None, 'track': None, 'volume': None, 'pan': None, 'loops': None, 'start_at': None, 'fade_in': None, 'fade_out': None, 'about_to_finish_time': -1.0, 'max_queue_time': -1.0, 'events_when_played': ['use_sound_setting'], 'events_when_stopped': ['use_sound_setting'], 'events_when_looping': ['use_sound_setting'], 'events_when_about_to_finish': ['use_sound_setting'], 'mode_end_action': 'use_sound_setting', 'key': 'use_sound_setting'}}, 'context': 'base', 'calling_context': 'ball_save_ball_start_ball_save_saving_ball', 'priority': 100, 'balls': 1, 'early_save': False}
2024-04-23 20:42:51,007 : EventManager : Event: ======'loading_assets'====== Args={'total': 1, 'loaded': 1, 'remaining': 0, 'percent': 100}
2024-04-23 20:42:51,007 : AssetManager : Asset loading took: 38.92470669746399
2024-04-23 20:42:51,008 : EventManager : Event: ======'asset_loading_complete'====== Args={}
2024-04-23 20:42:51,008 : AssetManager : Loading assets: 1/1 (100%)
2024-04-23 20:42:51,032 : EventManager : Event: ======'machine_var_audits_switches_s_trough_jam'====== Args={'value': 7, 'prev_value': 6, 'change': 1}
2024-04-23 20:42:51,402 : EventManager : Event: ======'machine_var_audits_switches_s_shooter_lane'====== Args={'value': 9, 'prev_value': 8, 'change': 1}
2024-04-23 20:42:53,786 : EventManager : Event: ======'machine_var_audits_switches_s_pop_bumper'====== Args={'value': 5, 'prev_value': 4, 'change': 1}
2024-04-23 20:42:53,787 : EventManager : Event: ======'player_score'====== Args={'value': 100, 'prev_value': 50, 'change': 50, 'player_num': 1}
2024-04-23 20:42:53,787 : EventManager : Event: ======'player_pop_bumper_hits'====== Args={'value': 2, 'prev_value': 1, 'change': 1, 'player_num': 1}
2024-04-23 20:42:53,799 : EventManager : Event: ======'sounds_play'====== Args={'settings': {'lrrr_pop_bumper': {'action': 'play', 'priority': None, 'block': False, 'delay': None, 'track': None, 'volume': None, 'pan': None, 'loops': None, 'start_at': None, 'fade_in': None, 'fade_out': None, 'about_to_finish_time': -1.0, 'max_queue_time': -1.0, 'events_when_played': ['use_sound_setting'], 'events_when_stopped': ['use_sound_setting'], 'events_when_looping': ['use_sound_setting'], 'events_when_about_to_finish': ['use_sound_setting'], 'mode_end_action': 'use_sound_setting', 'key': 'use_sound_setting'}}, 'context': 'base', 'calling_context': 's_pop_bumper_active', 'priority': 100}
2024-04-23 20:42:53,811 : EventManager : Event: ======'loading_assets'====== Args={'total': 1, 'loaded': 1, 'remaining': 0, 'percent': 100}
2024-04-23 20:42:53,811 : AssetManager : Asset loading took: 41.72850441932678
2024-04-23 20:42:53,811 : EventManager : Event: ======'asset_loading_complete'====== Args={}
2024-04-23 20:42:53,811 : AssetManager : Loading assets: 1/1 (100%)
2024-04-23 20:42:53,934 : EventManager : Event: ======'machine_var_audits_switches_s_t_bender'====== Args={'value': 2, 'prev_value': 1, 'change': 1}
2024-04-23 20:42:53,935 : EventManager : Event: ======'player_score'====== Args={'value': 200, 'prev_value': 100, 'change': 100, 'player_num': 1}
2024-04-23 20:42:53,935 : EventManager : Event: ======'player_bender_xp'====== Args={'value': 1, 'prev_value': 0, 'change': 1, 'player_num': 1}
2024-04-23 20:42:53,935 : EventManager : Event: ======'sounds_play'====== Args={'settings': {'bender_short': {'action': 'play', 'priority': None, 'block': False, 'delay': None, 'track': None, 'volume': None, 'pan': None, 'loops': None, 'start_at': None, 'fade_in': None, 'fade_out': None, 'about_to_finish_time': -1.0, 'max_queue_time': -1.0, 'events_when_played': ['use_sound_setting'], 'events_when_stopped': ['use_sound_setting'], 'events_when_looping': ['use_sound_setting'], 'events_when_about_to_finish': ['use_sound_setting'], 'mode_end_action': 'use_sound_setting', 'key': 'use_sound_setting'}}, 'context': 'base', 'calling_context': 's_t_bender_active', 'priority': 100}
2024-04-23 20:42:53,947 : EventManager : Event: ======'loading_assets'====== Args={'total': 1, 'loaded': 1, 'remaining': 0, 'percent': 100}
2024-04-23 20:42:53,947 : AssetManager : Asset loading took: 41.864243030548096
2024-04-23 20:42:53,947 : EventManager : Event: ======'asset_loading_complete'====== Args={}
2024-04-23 20:42:53,947 : AssetManager : Loading assets: 1/1 (100%)
2024-04-23 20:42:56,665 : EventManager : Event: ======'machine_var_audits_switches_s_left_loop'====== Args={'value': 20, 'prev_value': 19, 'change': 1}
2024-04-23 20:42:56,665 : EventManager : Event: ======'sounds_play'====== Args={'settings': {'crew_whoa2': {'action': 'play', 'priority': None, 'block': False, 'delay': None, 'track': None, 'volume': None, 'pan': None, 'loops': None, 'start_at': None, 'fade_in': None, 'fade_out': None, 'about_to_finish_time': -1.0, 'max_queue_time': -1.0, 'events_when_played': ['use_sound_setting'], 'events_when_stopped': ['use_sound_setting'], 'events_when_looping': ['use_sound_setting'], 'events_when_about_to_finish': ['use_sound_setting'], 'mode_end_action': 'use_sound_setting', 'key': 'use_sound_setting'}}, 'context': 'base', 'calling_context': 's_left_loop_active', 'priority': 100}
2024-04-23 20:42:56,677 : EventManager : Event: ======'loading_assets'====== Args={'total': 1, 'loaded': 1, 'remaining': 0, 'percent': 100}
2024-04-23 20:42:56,677 : AssetManager : Asset loading took: 44.59460210800171
2024-04-23 20:42:56,677 : EventManager : Event: ======'asset_loading_complete'====== Args={}
2024-04-23 20:42:56,677 : AssetManager : Loading assets: 1/1 (100%)
2024-04-23 20:42:57,147 : EventManager : Event: ======'machine_var_audits_switches_s_right_loop'====== Args={'value': 16, 'prev_value': 15, 'change': 1}
2024-04-23 20:42:57,147 : EventManager : Event: ======'sounds_play'====== Args={'settings': {'crew_whoa1': {'action': 'play', 'priority': None, 'block': False, 'delay': None, 'track': None, 'volume': None, 'pan': None, 'loops': None, 'start_at': None, 'fade_in': None, 'fade_out': None, 'about_to_finish_time': -1.0, 'max_queue_time': -1.0, 'events_when_played': ['use_sound_setting'], 'events_when_stopped': ['use_sound_setting'], 'events_when_looping': ['use_sound_setting'], 'events_when_about_to_finish': ['use_sound_setting'], 'mode_end_action': 'use_sound_setting', 'key': 'use_sound_setting'}}, 'context': 'base', 'calling_context': 's_right_loop_active', 'priority': 100}
2024-04-23 20:42:57,147 : EventManager : Event: ======'player_score'====== Args={'value': 350, 'prev_value': 200, 'change': 150, 'player_num': 1}
2024-04-23 20:42:57,159 : EventManager : Event: ======'loading_assets'====== Args={'total': 1, 'loaded': 1, 'remaining': 0, 'percent': 100}
2024-04-23 20:42:57,159 : AssetManager : Asset loading took: 45.07669448852539
2024-04-23 20:42:57,159 : EventManager : Event: ======'asset_loading_complete'====== Args={}
2024-04-23 20:42:57,159 : AssetManager : Loading assets: 1/1 (100%)
2024-04-23 20:42:57,357 : EventManager : Event: ======'machine_var_audits_switches_s_pe_platter'====== Args={'value': 61, 'prev_value': 60, 'change': 1}
2024-04-23 20:42:57,357 : EventManager : Event: ======'player_score'====== Args={'value': 383, 'prev_value': 350, 'change': 33, 'player_num': 1}
2024-04-23 20:42:57,357 : EventManager : Event: ======'player_platter_short_counter'====== Args={'value': 1, 'prev_value': 0, 'change': 1, 'player_num': 1}
2024-04-23 20:42:57,357 : EventManager : Event: ======'player_platter_long_counter'====== Args={'value': 2, 'prev_value': 1, 'change': 1, 'player_num': 1}
2024-04-23 20:42:57,357 : EventManager : Event: ======'sounds_play'====== Args={'settings': {'ship_short': {'action': 'play', 'priority': None, 'block': False, 'delay': None, 'track': None, 'volume': None, 'pan': None, 'loops': None, 'start_at': None, 'fade_in': None, 'fade_out': None, 'about_to_finish_time': -1.0, 'max_queue_time': -1.0, 'events_when_played': ['use_sound_setting'], 'events_when_stopped': ['use_sound_setting'], 'events_when_looping': ['use_sound_setting'], 'events_when_about_to_finish': ['use_sound_setting'], 'mode_end_action': 'use_sound_setting', 'key': 'use_sound_setting'}}, 'context': 'base', 'calling_context': 's_pe_platter_active', 'priority': 100}
2024-04-23 20:42:57,369 : EventManager : Event: ======'loading_assets'====== Args={'total': 1, 'loaded': 1, 'remaining': 0, 'percent': 100}
2024-04-23 20:42:57,369 : AssetManager : Asset loading took: 45.28664255142212
2024-04-23 20:42:57,369 : EventManager : Event: ======'asset_loading_complete'====== Args={}
2024-04-23 20:42:57,369 : AssetManager : Loading assets: 1/1 (100%)
2024-04-23 20:42:57,740 : EventManager : Event: ======'machine_var_audits_switches_s_pe_platter'====== Args={'value': 62, 'prev_value': 61, 'change': 1}
2024-04-23 20:42:57,740 : EventManager : Event: ======'player_score'====== Args={'value': 416, 'prev_value': 383, 'change': 33, 'player_num': 1}
2024-04-23 20:42:57,740 : EventManager : Event: ======'player_platter_short_counter'====== Args={'value': 2, 'prev_value': 1, 'change': 1, 'player_num': 1}
2024-04-23 20:42:57,740 : EventManager : Event: ======'player_platter_long_counter'====== Args={'value': 3, 'prev_value': 2, 'change': 1, 'player_num': 1}
2024-04-23 20:42:57,740 : EventManager : Event: ======'sounds_play'====== Args={'settings': {'ship_short': {'action': 'play', 'priority': None, 'block': False, 'delay': None, 'track': None, 'volume': None, 'pan': None, 'loops': None, 'start_at': None, 'fade_in': None, 'fade_out': None, 'about_to_finish_time': -1.0, 'max_queue_time': -1.0, 'events_when_played': ['use_sound_setting'], 'events_when_stopped': ['use_sound_setting'], 'events_when_looping': ['use_sound_setting'], 'events_when_about_to_finish': ['use_sound_setting'], 'mode_end_action': 'use_sound_setting', 'key': 'use_sound_setting'}}, 'context': 'base', 'calling_context': 's_pe_platter_active', 'priority': 100}
2024-04-23 20:42:57,752 : EventManager : Event: ======'loading_assets'====== Args={'total': 1, 'loaded': 1, 'remaining': 0, 'percent': 100}
2024-04-23 20:42:57,752 : AssetManager : Asset loading took: 45.669585943222046
2024-04-23 20:42:57,752 : EventManager : Event: ======'asset_loading_complete'====== Args={}
2024-04-23 20:42:57,752 : AssetManager : Loading assets: 1/1 (100%)
2024-04-23 20:42:58,419 : EventManager : Event: ======'machine_var_audits_switches_s_pe_platter'====== Args={'value': 63, 'prev_value': 62, 'change': 1}
2024-04-23 20:42:58,419 : EventManager : Event: ======'player_score'====== Args={'value': 449, 'prev_value': 416, 'change': 33, 'player_num': 1}
2024-04-23 20:42:58,419 : EventManager : Event: ======'player_platter_short_counter'====== Args={'value': 3, 'prev_value': 2, 'change': 1, 'player_num': 1}
2024-04-23 20:42:58,419 : EventManager : Event: ======'player_platter_long_counter'====== Args={'value': 4, 'prev_value': 3, 'change': 1, 'player_num': 1}
2024-04-23 20:42:58,420 : EventManager : Event: ======'sounds_play'====== Args={'settings': {'ship_short': {'action': 'play', 'priority': None, 'block': False, 'delay': None, 'track': None, 'volume': None, 'pan': None, 'loops': None, 'start_at': None, 'fade_in': None, 'fade_out': None, 'about_to_finish_time': -1.0, 'max_queue_time': -1.0, 'events_when_played': ['use_sound_setting'], 'events_when_stopped': ['use_sound_setting'], 'events_when_looping': ['use_sound_setting'], 'events_when_about_to_finish': ['use_sound_setting'], 'mode_end_action': 'use_sound_setting', 'key': 'use_sound_setting'}}, 'context': 'base', 'calling_context': 's_pe_platter_active', 'priority': 100}
2024-04-23 20:42:58,431 : EventManager : Event: ======'loading_assets'====== Args={'total': 1, 'loaded': 1, 'remaining': 0, 'percent': 100}
2024-04-23 20:42:58,431 : AssetManager : Asset loading took: 46.348780393600464
2024-04-23 20:42:58,432 : EventManager : Event: ======'asset_loading_complete'====== Args={}
2024-04-23 20:42:58,432 : AssetManager : Loading assets: 1/1 (100%)
2024-04-23 20:42:58,530 : EventManager : Event: ======'machine_var_audits_switches_s_left_loop'====== Args={'value': 21, 'prev_value': 20, 'change': 1}
2024-04-23 20:42:58,530 : EventManager : Event: ======'sounds_play'====== Args={'settings': {'crew_whoa2': {'action': 'play', 'priority': None, 'block': False, 'delay': None, 'track': None, 'volume': None, 'pan': None, 'loops': None, 'start_at': None, 'fade_in': None, 'fade_out': None, 'about_to_finish_time': -1.0, 'max_queue_time': -1.0, 'events_when_played': ['use_sound_setting'], 'events_when_stopped': ['use_sound_setting'], 'events_when_looping': ['use_sound_setting'], 'events_when_about_to_finish': ['use_sound_setting'], 'mode_end_action': 'use_sound_setting', 'key': 'use_sound_setting'}}, 'context': 'base', 'calling_context': 's_left_loop_active', 'priority': 100}
2024-04-23 20:42:58,530 : EventManager : Event: ======'player_score'====== Args={'value': 599, 'prev_value': 449, 'change': 150, 'player_num': 1}
2024-04-23 20:42:58,530 : EventManager : Event: ======'player_score'====== Args={'value': 1099, 'prev_value': 599, 'change': 500, 'player_num': 1}
2024-04-23 20:42:58,666 : EventManager : Event: ======'machine_var_audits_switches_s_pe_platter'====== Args={'value': 64, 'prev_value': 63, 'change': 1}
2024-04-23 20:42:58,666 : EventManager : Event: ======'player_score'====== Args={'value': 1132, 'prev_value': 1099, 'change': 33, 'player_num': 1}
2024-04-23 20:42:58,666 : EventManager : Event: ======'player_platter_short_counter'====== Args={'value': 4, 'prev_value': 3, 'change': 1, 'player_num': 1}
2024-04-23 20:42:58,666 : EventManager : Event: ======'player_platter_long_counter'====== Args={'value': 5, 'prev_value': 4, 'change': 1, 'player_num': 1}
2024-04-23 20:42:58,666 : EventManager : Event: ======'sounds_play'====== Args={'settings': {'ship_short': {'action': 'play', 'priority': None, 'block': False, 'delay': None, 'track': None, 'volume': None, 'pan': None, 'loops': None, 'start_at': None, 'fade_in': None, 'fade_out': None, 'about_to_finish_time': -1.0, 'max_queue_time': -1.0, 'events_when_played': ['use_sound_setting'], 'events_when_stopped': ['use_sound_setting'], 'events_when_looping': ['use_sound_setting'], 'events_when_about_to_finish': ['use_sound_setting'], 'mode_end_action': 'use_sound_setting', 'key': 'use_sound_setting'}}, 'context': 'base', 'calling_context': 's_pe_platter_active', 'priority': 100}
2024-04-23 20:42:58,678 : EventManager : Event: ======'loading_assets'====== Args={'total': 1, 'loaded': 1, 'remaining': 0, 'percent': 100}
2024-04-23 20:42:58,678 : AssetManager : Asset loading took: 46.595540285110474
2024-04-23 20:42:58,678 : EventManager : Event: ======'asset_loading_complete'====== Args={}
2024-04-23 20:42:58,678 : AssetManager : Loading assets: 1/1 (100%)
2024-04-23 20:42:58,752 : EventManager : Event: ======'machine_var_audits_switches_s_pe_platter'====== Args={'value': 65, 'prev_value': 64, 'change': 1}
2024-04-23 20:42:58,752 : EventManager : Event: ======'player_score'====== Args={'value': 1165, 'prev_value': 1132, 'change': 33, 'player_num': 1}
2024-04-23 20:42:58,752 : EventManager : Event: ======'player_platter_short_counter'====== Args={'value': 5, 'prev_value': 4, 'change': 1, 'player_num': 1}
2024-04-23 20:42:58,752 : EventManager : Event: ======'player_platter_long_counter'====== Args={'value': 6, 'prev_value': 5, 'change': 1, 'player_num': 1}
2024-04-23 20:42:58,752 : EventManager : Event: ======'sounds_play'====== Args={'settings': {'ship_short': {'action': 'play', 'priority': None, 'block': False, 'delay': None, 'track': None, 'volume': None, 'pan': None, 'loops': None, 'start_at': None, 'fade_in': None, 'fade_out': None, 'about_to_finish_time': -1.0, 'max_queue_time': -1.0, 'events_when_played': ['use_sound_setting'], 'events_when_stopped': ['use_sound_setting'], 'events_when_looping': ['use_sound_setting'], 'events_when_about_to_finish': ['use_sound_setting'], 'mode_end_action': 'use_sound_setting', 'key': 'use_sound_setting'}}, 'context': 'base', 'calling_context': 's_pe_platter_active', 'priority': 100}
2024-04-23 20:42:58,765 : EventManager : Event: ======'loading_assets'====== Args={'total': 1, 'loaded': 1, 'remaining': 0, 'percent': 100}
2024-04-23 20:42:58,765 : AssetManager : Asset loading took: 46.68199276924133
2024-04-23 20:42:58,765 : EventManager : Event: ======'asset_loading_complete'====== Args={}
2024-04-23 20:42:58,765 : AssetManager : Loading assets: 1/1 (100%)
2024-04-23 20:42:58,851 : EventManager : Event: ======'machine_var_audits_switches_s_pe_platter'====== Args={'value': 66, 'prev_value': 65, 'change': 1}
2024-04-23 20:42:58,851 : EventManager : Event: ======'player_score'====== Args={'value': 1198, 'prev_value': 1165, 'change': 33, 'player_num': 1}
2024-04-23 20:42:58,851 : EventManager : Event: ======'player_platter_short_counter'====== Args={'value': 6, 'prev_value': 5, 'change': 1, 'player_num': 1}
2024-04-23 20:42:58,851 : EventManager : Event: ======'player_platter_long_counter'====== Args={'value': 7, 'prev_value': 6, 'change': 1, 'player_num': 1}
2024-04-23 20:42:58,851 : EventManager : Event: ======'sounds_play'====== Args={'settings': {'ship_short': {'action': 'play', 'priority': None, 'block': False, 'delay': None, 'track': None, 'volume': None, 'pan': None, 'loops': None, 'start_at': None, 'fade_in': None, 'fade_out': None, 'about_to_finish_time': -1.0, 'max_queue_time': -1.0, 'events_when_played': ['use_sound_setting'], 'events_when_stopped': ['use_sound_setting'], 'events_when_looping': ['use_sound_setting'], 'events_when_about_to_finish': ['use_sound_setting'], 'mode_end_action': 'use_sound_setting', 'key': 'use_sound_setting'}}, 'context': 'base', 'calling_context': 's_pe_platter_active', 'priority': 100}
2024-04-23 20:42:59,037 : EventManager : Event: ======'machine_var_audits_switches_s_right_loop'====== Args={'value': 17, 'prev_value': 16, 'change': 1}
2024-04-23 20:42:59,037 : EventManager : Event: ======'sounds_play'====== Args={'settings': {'crew_whoa1': {'action': 'play', 'priority': None, 'block': False, 'delay': None, 'track': None, 'volume': None, 'pan': None, 'loops': None, 'start_at': None, 'fade_in': None, 'fade_out': None, 'about_to_finish_time': -1.0, 'max_queue_time': -1.0, 'events_when_played': ['use_sound_setting'], 'events_when_stopped': ['use_sound_setting'], 'events_when_looping': ['use_sound_setting'], 'events_when_about_to_finish': ['use_sound_setting'], 'mode_end_action': 'use_sound_setting', 'key': 'use_sound_setting'}}, 'context': 'base', 'calling_context': 's_right_loop_active', 'priority': 100}
2024-04-23 20:42:59,049 : EventManager : Event: ======'player_score'====== Args={'value': 1348, 'prev_value': 1198, 'change': 150, 'player_num': 1}
2024-04-23 20:42:59,049 : EventManager : Event: ======'player_score'====== Args={'value': 1848, 'prev_value': 1348, 'change': 500, 'player_num': 1}
2024-04-23 20:43:00,272 : EventManager : Event: ======'machine_var_audits_switches_s_pe_platter'====== Args={'value': 67, 'prev_value': 66, 'change': 1}
2024-04-23 20:43:00,272 : EventManager : Event: ======'player_score'====== Args={'value': 1881, 'prev_value': 1848, 'change': 33, 'player_num': 1}
2024-04-23 20:43:00,272 : EventManager : Event: ======'player_platter_short_counter'====== Args={'value': 7, 'prev_value': 6, 'change': 1, 'player_num': 1}
2024-04-23 20:43:00,272 : EventManager : Event: ======'player_platter_long_counter'====== Args={'value': 8, 'prev_value': 7, 'change': 1, 'player_num': 1}
2024-04-23 20:43:00,272 : EventManager : Event: ======'sounds_play'====== Args={'settings': {'ship_short': {'action': 'play', 'priority': None, 'block': False, 'delay': None, 'track': None, 'volume': None, 'pan': None, 'loops': None, 'start_at': None, 'fade_in': None, 'fade_out': None, 'about_to_finish_time': -1.0, 'max_queue_time': -1.0, 'events_when_played': ['use_sound_setting'], 'events_when_stopped': ['use_sound_setting'], 'events_when_looping': ['use_sound_setting'], 'events_when_about_to_finish': ['use_sound_setting'], 'mode_end_action': 'use_sound_setting', 'key': 'use_sound_setting'}}, 'context': 'base', 'calling_context': 's_pe_platter_active', 'priority': 100}
2024-04-23 20:43:00,371 : EventManager : Event: ======'machine_var_audits_switches_s_left_loop'====== Args={'value': 22, 'prev_value': 21, 'change': 1}
2024-04-23 20:43:00,371 : EventManager : Event: ======'sounds_play'====== Args={'settings': {'crew_whoa2': {'action': 'play', 'priority': None, 'block': False, 'delay': None, 'track': None, 'volume': None, 'pan': None, 'loops': None, 'start_at': None, 'fade_in': None, 'fade_out': None, 'about_to_finish_time': -1.0, 'max_queue_time': -1.0, 'events_when_played': ['use_sound_setting'], 'events_when_stopped': ['use_sound_setting'], 'events_when_looping': ['use_sound_setting'], 'events_when_about_to_finish': ['use_sound_setting'], 'mode_end_action': 'use_sound_setting', 'key': 'use_sound_setting'}}, 'context': 'base', 'calling_context': 's_left_loop_active', 'priority': 100}
2024-04-23 20:43:00,371 : EventManager : Event: ======'player_score'====== Args={'value': 2031, 'prev_value': 1881, 'change': 150, 'player_num': 1}
2024-04-23 20:43:00,371 : EventManager : Event: ======'player_score'====== Args={'value': 2531, 'prev_value': 2031, 'change': 500, 'player_num': 1}
2024-04-23 20:43:00,951 : EventManager : Event: ======'machine_var_audits_switches_s_right_loop'====== Args={'value': 18, 'prev_value': 17, 'change': 1}
2024-04-23 20:43:00,951 : EventManager : Event: ======'sounds_play'====== Args={'settings': {'crew_whoa1': {'action': 'play', 'priority': None, 'block': False, 'delay': None, 'track': None, 'volume': None, 'pan': None, 'loops': None, 'start_at': None, 'fade_in': None, 'fade_out': None, 'about_to_finish_time': -1.0, 'max_queue_time': -1.0, 'events_when_played': ['use_sound_setting'], 'events_when_stopped': ['use_sound_setting'], 'events_when_looping': ['use_sound_setting'], 'events_when_about_to_finish': ['use_sound_setting'], 'mode_end_action': 'use_sound_setting', 'key': 'use_sound_setting'}}, 'context': 'base', 'calling_context': 's_right_loop_active', 'priority': 100}
2024-04-23 20:43:00,952 : EventManager : Event: ======'player_score'====== Args={'value': 2681, 'prev_value': 2531, 'change': 150, 'player_num': 1}
2024-04-23 20:43:00,952 : EventManager : Event: ======'player_score'====== Args={'value': 3181, 'prev_value': 2681, 'change': 500, 'player_num': 1}
2024-04-23 20:43:01,853 : EventManager : Event: ======'machine_var_audits_switches_s_pe_platter'====== Args={'value': 68, 'prev_value': 67, 'change': 1}
2024-04-23 20:43:01,853 : EventManager : Event: ======'player_score'====== Args={'value': 3214, 'prev_value': 3181, 'change': 33, 'player_num': 1}
2024-04-23 20:43:01,854 : EventManager : Event: ======'player_platter_short_counter'====== Args={'value': 8, 'prev_value': 7, 'change': 1, 'player_num': 1}
2024-04-23 20:43:01,854 : EventManager : Event: ======'player_platter_long_counter'====== Args={'value': 9, 'prev_value': 8, 'change': 1, 'player_num': 1}
2024-04-23 20:43:01,854 : EventManager : Event: ======'sounds_play'====== Args={'settings': {'ship_short': {'action': 'play', 'priority': None, 'block': False, 'delay': None, 'track': None, 'volume': None, 'pan': None, 'loops': None, 'start_at': None, 'fade_in': None, 'fade_out': None, 'about_to_finish_time': -1.0, 'max_queue_time': -1.0, 'events_when_played': ['use_sound_setting'], 'events_when_stopped': ['use_sound_setting'], 'events_when_looping': ['use_sound_setting'], 'events_when_about_to_finish': ['use_sound_setting'], 'mode_end_action': 'use_sound_setting', 'key': 'use_sound_setting'}}, 'context': 'base', 'calling_context': 's_pe_platter_active', 'priority': 100}
