2024-04-23 20:32:30,840 : kivy : Factory: 186 symbols loaded
2024-04-23 20:32:30,920 : kivy : ImageLoaderFFPy: Using ffpyplayer 4.3.2
2024-04-23 20:32:30,920 : kivy : Image: Providers: img_tex, img_dds, img_sdl2, img_pil, img_ffpyplayer 
2024-04-23 20:32:30,939 : kivy : VideoFFPy: Using ffpyplayer 4.3.2
2024-04-23 20:32:30,940 : kivy : Video: Provider: ffpyplayer(['video_ffmpeg'] ignored)
2024-04-23 20:32:31,073 : kivy : Loading MPF-MC controller
2024-04-23 20:32:31,074 : YamlMultifileConfigLoader : Machine config file #1: config
2024-04-23 20:32:31,074 : ConfigProcessor : Config file in cache changed: /home/mpfuser/pinball/Futurama31/config/config
2024-04-23 20:32:31,075 : ConfigProcessor : Loading config from file /usr/local/lib/python3.7/dist-packages/mpfmc/mcconfig.yaml.
2024-04-23 20:32:31,099 : ConfigProcessor : Loading config: /usr/local/lib/python3.7/dist-packages/mpfmc/mcconfig.yaml
2024-04-23 20:32:31,100 : ConfigProcessor : Loading config from file /home/mpfuser/pinball/Futurama31/config/config.
2024-04-23 20:32:31,231 : ConfigProcessor : Loading config: /home/mpfuser/pinball/Futurama31/config/config
2024-04-23 20:32:31,233 : ConfigProcessor : Config file cache created: /tmp/46546096848bc82382f7230b5065944c.mpf_cache
2024-04-23 20:32:31,233 : ConfigProcessor : Loading config from cache: /tmp/0488c24d6cb11f71168a087186f8afaf.mpf_cache
2024-04-23 20:32:31,233 : ConfigProcessor : Loading config from cache: /tmp/7559345efe69122f4d6fb5f65214b482.mpf_cache
2024-04-23 20:32:31,233 : ConfigProcessor : Loading config from cache: /tmp/ea6b25128768fa7bfd9e42011d34475f.mpf_cache
2024-04-23 20:32:31,233 : ConfigProcessor : Loading config from cache: /tmp/fecad1d527faf1d03547df1920e5db10.mpf_cache
2024-04-23 20:32:31,234 : mpfmc : Mission Pinball Framework Media Controller v0.55.0
2024-04-23 20:32:31,234 : mpfmc : Mission Pinball Framework Game Engine v0.55.0
2024-04-23 20:32:31,234 : mpfmc : Machine path: /home/mpfuser/pinball/Futurama31
2024-04-23 20:32:31,234 : mpfmc : Starting clock at 60.0Hz
2024-04-23 20:32:31,238 : kivy : Text: Provider: sdl2
2024-04-23 20:32:31,252 : kivy : Window: Provider: sdl2
2024-04-23 20:32:31,319 : kivy : GL: Using the "OpenGL" graphics system
2024-04-23 20:32:31,319 : kivy : GL: Backend used <sdl2>
2024-04-23 20:32:31,319 : kivy : GL: OpenGL version <b'3.0 Mesa 18.3.6'>
2024-04-23 20:32:31,319 : kivy : GL: OpenGL vendor <b'Intel Open Source Technology Center'>
2024-04-23 20:32:31,319 : kivy : GL: OpenGL renderer <b'Mesa DRI Intel(R) UHD Graphics 610 (Coffeelake 2x6 GT1) '>
2024-04-23 20:32:31,319 : kivy : GL: OpenGL parsed version: 3, 0
2024-04-23 20:32:31,320 : kivy : GL: Shading version <b'1.30'>
2024-04-23 20:32:31,320 : kivy : GL: Texture max size <16384>
2024-04-23 20:32:31,320 : kivy : GL: Texture max units <32>
2024-04-23 20:32:31,336 : kivy : Window: auto add sdl2 input provider
2024-04-23 20:32:31,336 : kivy : Window: virtual keyboard not allowed, single mode, not docked
2024-04-23 20:32:31,339 : AudioInterface : NOTE: You may experience noise and other undesirable sound artifacts when you set your buffer at 1024 or smaller.
2024-04-23 20:32:31,610 : AudioInterface : Initialized
2024-04-23 20:32:31,610 : AudioInterface : Loaded SDL 2.0.9
2024-04-23 20:32:31,610 : AudioInterface : Loaded SDL_Mixer 2.0.4
2024-04-23 20:32:31,610 : AudioInterface : Loaded GStreamer 1.14.4.0
2024-04-23 20:32:31,611 : AudioInterface : Loaded GLib 2.58.3
2024-04-23 20:32:31,611 : AudioInterface : Settings requested - rate: 44100, channels: 1, buffer: 1024 samples
2024-04-23 20:32:31,611 : AudioInterface : Settings in use - rate: 44100, channels: 1, buffer: 1024 samples (2048 bytes @ 2 bytes per sample)
2024-04-23 20:32:31,611 : SoundSystem : Setting master volume to 0.0
2024-04-23 20:32:31,611 : SoundSystem : master_volume in sound_system is deprecated and will be removed in the future.
2024-04-23 20:32:31,611 : AudioInterface : Enabling audio playback
2024-04-23 20:32:31,618 : kivy : Base: Start application main loop
2024-04-23 20:32:31,618 : EventManager : Event: ======'display_window_initialized'====== Args={}
2024-04-23 20:32:31,631 : mpfmc : Display: Setting 'window' as default display
2024-04-23 20:32:31,635 : mpfmc : ASPECT RATIO MISMATCH: The on-screen window is not the same aspect ratio as the display called 'window'. The logical display will be scaled from 1920x1080 to the window size 800x600, and a black bar will make up the difference
2024-04-23 20:32:31,635 : EventManager : Event: ======'displays_initialized'====== Args={}
2024-04-23 20:32:31,636 : EventManager : Event: ======'slide_window_blank_created'====== Args={}
2024-04-23 20:32:31,636 : EventManager : Event: ======'display_window_ready'====== Args={}
2024-04-23 20:32:31,640 : EventManager : Event: ======'init_phase_1'====== Args={}
2024-04-23 20:32:31,645 : EventManager : Event: ======'mc_ready'====== Args={}
2024-04-23 20:32:31,645 : EventManager : Event: ======'init_phase_2'====== Args={}
2024-04-23 20:32:31,649 : EventManager : Event: ======'init_phase_3'====== Args={}
2024-04-23 20:32:31,653 : EventManager : Event: ======'init_phase_4'====== Args={}
2024-04-23 20:32:31,654 : EventManager : Event: ======'init_phase_5'====== Args={}
2024-04-23 20:32:31,703 : kivy : GL: NPOT texture support is available
2024-04-23 20:32:31,797 : EventManager : Event: ======'loading_assets'====== Args={'total': 13, 'loaded': 1, 'remaining': 12, 'percent': 8}
2024-04-23 20:32:31,797 : AssetManager : Loading assets: 1/13 (8%)
2024-04-23 20:32:32,122 : EventManager : Event: ======'loading_assets'====== Args={'total': 13, 'loaded': 13, 'remaining': 0, 'percent': 100}
2024-04-23 20:32:32,122 : AssetManager : Asset loading took: 0.5106384754180908
2024-04-23 20:32:32,122 : EventManager : Event: ======'asset_loading_complete'====== Args={}
2024-04-23 20:32:32,122 : AssetManager : Loading assets: 13/13 (100%)
2024-04-23 20:32:32,122 : EventManager : Event: ======'init_done'====== Args={}
2024-04-23 20:32:32,123 : MPF-MC BCP Server : Starting up on localhost port 5050
2024-04-23 20:32:32,123 : MPF-MC BCP Server : Waiting for a connection...
2024-04-23 20:32:32,123 : mpfmc : SlidePlayer: Play called with settings={'slides': {welcome_slide-None-None: {'priority': None, 'target': None, 'background_color': [0.0, 0.0, 0.0, 1.0], 'show': True, 'force': False, 'expire': None, 'slide': None, 'tokens': {}, 'action': 'play', 'transition': None, 'transition_out': None}}}
2024-04-23 20:32:32,129 : EventManager : Event: ======'slide_welcome_slide_created'====== Args={}
2024-04-23 20:32:32,130 : EventManager : Event: ======'slide_welcome_slide_active'====== Args={}
2024-04-23 20:32:32,133 : EventManager : Event: ======'client_disconnected'====== Args={'host': '127.0.0.1', 'port': 5050}
